0 0 2 1
0 0 3 0
0 0 4 0
0 0 5 0
0 0 6 0
0 0 7 0
0 0 8 0
0 0 9 0
0 0 10 0
0 0 11 0
0 0 12 0
0 0 13 0
0 0 14 0
0 0 15 0
0 1 1 6
0 1 2 16
0 1 3 16
0 1 4 0
0 1 5 0
0 1 6 0
0 1 7 0
0 1 8 0
0 1 9 0
0 1 10 0
0 1 11 0
0 1 12 0
0 1 13 0
0 1 14 0
0 1 15 0
0 2 0 1
0 2 1 16
0 2 2 96
0 2 3 256
0 2 4 256
0 2 5 0
0 2 6 0
0 2 7 0
0 2 8 0
0 2 9 0
0 2 10 0
0 2 11 0
0 2 12 0
0 2 13 0
0 2 14 0
0 2 15 0
0 3 0 0
0 3 1 16
0 3 2 256
0 3 3 1536
0 3 4 4096
0 3 5 4096
0 3 6 0
0 3 7 0
0 3 8 0
0 3 9 0
0 3 10 0
0 3 11 0
0 3 12 0
0 3 13 0
0 3 14 0
0 3 15 0
0 4 0 0
0 4 1 0
0 4 2 256
0 4 3 4096
0 4 4 24576
0 4 5 65536
0 4 6 65536
0 4 7 0
0 4 8 0
0 4 9 0
0 4 10 0
0 4 11 0
0 4 12 0
0 4 13 0
0 4 14 0
0 4 15 0
0 5 0 0
0 5 1 0
0 5 2 0
0 5 3 4096
0 5 4 65536
0 5 5 393216
0 5 6 1048576
0 5 7 1048576
0 5 8 0
0 5 9 0
0 5 10 0
0 5 11 0
0 5 12 0
0 5 13 0
0 5 14 0
0 5 15 0
0 6 0 0
0 6 1 0
0 6 2 0
0 6 3 0
0 6 4 65536
0 6 5 1048576
0 6 6 6291456
0 6 7 16777216
0 6 8 16777216
0 6 9 0
0 6 10 0
0 6 11 0
0 6 12 0
0 6 13 0
0 6 14 0
0 6 15 0
0 7 0 0
0 7 1 0
0 7 2 0
0 7 3 0
0 7 4 0
0 7 5 1048576
0 7 6 16777216
0 7 7 100663296
0 7 8 268435456
0 7 9 268435456
0 7 10 0
0 7 11 0
0 7 12 0
0 7 13 0
0 7 14 0
0 7 15 0
0 8 0 0
0 8 1 0
0 8 2 0
0 8 3 0
0 8 4 0
0 8 5 0
0 8 6 16777216
0 8 7 268435456
0 8 8 610612729
0 8 9 294967268
0 8 10 294967268
0 8 11 0
0 8 12 0
0 8 13 0
0 8 14 0
0 8 15 0
0 9 0 0
0 9 1 0
0 9 2 0
0 9 3 0
0 9 4 0
0 9 5 0
0 9 6 0
0 9 7 268435456
0 9 8 294967268
0 9 9 769803601
0 9 10 719476260
0 9 11 719476260
0 9 12 0
0 9 13 0
0 9 14 0
0 9 15 0
0 10 0 0
0 10 1 0
0 10 2 0
0 10 3 0
0 10 4 0
0 10 5 0
0 10 6 0
0 10 7 0
0 10 8 294967268
0 10 9 719476260
0 10 10 316857532
0 10 11 511620083
0 10 12 511620083
0 10 13 0
0 10 14 0
0 10 15 0
0 11 0 0
0 11 1 0
0 11 2 0
0 11 3 0
0 11 4 0
0 11 5 0
0 11 6 0
0 11 7 0
0 11 8 0
0 11 9 719476260
0 11 10 511620083
0 11 11 69720477
0 11 12 185921272
0 11 13 185921272
0 11 14 0
0 11 15 0
0 12 0 0
0 12 1 0
0 12 2 0
0 12 3 0
0 12 4 0
0 12 5 0
0 12 6 0
0 12 7 0
0 12 8 0
0 12 9 0
0 12 10 511620083
0 12 11 185921272
0 12 12 115527625
0 12 13 974740338
0 12 14 974740338
0 12 15 0
0 13 0 0
0 13 1 0
0 13 2 0
0 13 3 0
0 13 4 0
0 13 5 0
0 13 6 0
0 13 7 0
0 13 8 0
0 13 9 0
0 13 10 0
0 13 11 185921272
0 13 12 974740338
0 13 13 848441993
0 13 14 595845303
0 13 15 595845303
0 14 0 0
0 14 1 0
0 14 2 0
0 14 3 0
0 14 4 0
0 14 5 0
0 14 6 0
0 14 7 0
0 14 8 0
0 14 9 0
0 14 10 0
0 14 11 0
0 14 12 974740338
0 14 13 595845303
0 14 14 575071797
0 14 15 533524785
0 15 0 0
0 15 1 0
0 15 2 0
0 15 3 0
0 15 4 0
0 15 5 0
0 15 6 0
0 15 7 0
0 15 8 0
0 15 9 0
0 15 10 0
0 15 11 0
0 15 12 0
0 15 13 595845303
0 15 14 533524785
0 15 15 201148689
1 0 1 6
1 0 2 16
1 0 3 16
1 0 4 0
1 0 5 0
1 0 6 0
1 0 7 0
1 0 8 0
1 0 9 0
1 0 10 0
1 0 11 0
1 0 12 0
1 0 13 0
1 0 14 0
1 0 15 0
1 1 0 6
1 1 1 72
1 1 2 376
1 1 3 944
1 1 4 944
1 1 5 0
1 1 6 0
1 1 7 0
1 1 8 0
1 1 9 0
1 1 10 0
1 1 11 0
1 1 12 0
1 1 13 0
1 1 14 0
1 1 15 0
1 2 0 16
1 2 1 376
1 2 2 3584
1 2 3 17264
1 2 4 42240
1 2 5 42240
1 2 6 0
1 2 7 0
1 2 8 0
1 2 9 0
1 2 10 0
1 2 11 0
1 2 12 0
1 2 13 0
1 2 14 0
1 2 15 0
1 3 0 16
1 3 1 944
1 3 2 17264
1 3 3 150400
1 3 4 699264
1 3 5 1692928
1 3 6 1692928
1 3 7 0
1 3 8 0
1 3 9 0
1 3 10 0
1 3 11 0
1 3 12 0
1 3 13 0
1 3 14 0
1 3 15 0
1 4 0 0
1 4 1 944
1 4 2 42240
1 4 3 699264
1 4 4 5839872
1 4 5 26705152
1 4 6 64354304
1 4 7 64354304
1 4 8 0
1 4 9 0
1 4 10 0
1 4 11 0
1 4 12 0
1 4 13 0
1 4 14 0
1 4 15 0
1 5 0 0
1 5 1 0
1 5 2 42240
1 5 3 1692928
1 5 4 26705152
1 5 5 218359808
1 5 6 990482432
1 5 7 381770738
1 5 8 381770738
1 5 9 0
1 5 10 0
1 5 11 0
1 5 12 0
1 5 13 0
1 5 14 0
1 5 15 0
1 6 0 0
1 6 1 0
1 6 2 0
1 6 3 1692928
1 6 4 64354304
1 6 5 990482432
1 6 6 11939784
1 6 7 196331268
1 6 8 951722406
1 6 9 951722406
1 6 10 0
1 6 11 0
1 6 12 0
1 6 13 0
1 6 14 0
1 6 15 0
1 7 0 0
1 7 1 0
1 7 2 0
1 7 3 0
1 7 4 64354304
1 7 5 381770738
1 7 6 196331268
1 7 7 181262859
1 7 8 865803296
1 7 9 273779152
1 7 10 273779152
1 7 11 0
1 7 12 0
1 7 13 0
1 7 14 0
1 7 15 0
1 8 0 0
1 8 1 0
1 8 2 0
1 8 3 0
1 8 4 0
1 8 5 381770738
1 8 6 951722406
1 8 7 865803296
1 8 8 917455371
1 8 9 725639902
1 8 10 993300020
1 8 11 993300020
1 8 12 0
1 8 13 0
1 8 14 0
1 8 15 0
1 9 0 0
1 9 1 0
1 9 2 0
1 9 3 0
1 9 4 0
1 9 5 0
1 9 6 951722406
1 9 7 273779152
1 9 8 725639902
1 9 9 201191089
1 9 10 679074687
1 9 11 146427053
1 9 12 146427053
1 9 13 0
1 9 14 0
1 9 15 0
1 10 0 0
1 10 1 0
1 10 2 0
1 10 3 0
1 10 4 0
1 10 5 0
1 10 6 0
1 10 7 273779152
1 10 8 993300020
1 10 9 679074687
1 10 10 403463116
1 10 11 709786431
1 10 12 577017074
1 10 13 577017074
1 10 14 0
1 10 15 0
1 11 0 0
1 11 1 0
1 11 2 0
1 11 3 0
1 11 4 0
1 11 5 0
1 11 6 0
1 11 7 0
1 11 8 993300020
1 11 9 146427053
1 11 10 709786431
1 11 11 351582847
1 11 12 587865655
1 11 13 471786763
1 11 14 471786763
1 11 15 0
1 12 0 0
1 12 1 0
1 12 2 0
1 12 3 0
1 12 4 0
1 12 5 0
1 12 6 0
1 12 7 0
1 12 8 0
1 12 9 146427053
1 12 10 577017074
1 12 11 587865655
1 12 12 706643441
1 12 13 796853054
1 12 14 717155933
1 12 15 717155933
1 13 0 0
1 13 1 0
1 13 2 0
1 13 3 0
1 13 4 0
1 13 5 0
1 13 6 0
1 13 7 0
1 13 8 0
1 13 9 0
1 13 10 577017074
1 13 11 471786763
1 13 12 796853054
1 13 13 131200026
1 13 14 258893383
1 13 15 696081300
1 14 0 0
1 14 1 0
1 14 2 0
1 14 3 0
1 14 4 0
1 14 5 0
1 14 6 0
1 14 7 0
1 14 8 0
1 14 9 0
1 14 10 0
1 14 11 471786763
1 14 12 717155933
1 14 13 258893383
1 14 14 323300841
1 14 15 989577218
1 15 0 0
1 15 1 0
1 15 2 0
1 15 3 0
1 15 4 0
1 15 5 0
1 15 6 0
1 15 7 0
1 15 8 0
1 15 9 0
1 15 10 0
1 15 11 0
1 15 12 717155933
1 15 13 696081300
1 15 14 989577218
1 15 15 353375694
2 0 0 1
2 0 1 16
2 0 2 96
2 0 3 256
2 0 4 256
2 0 5 0
2 0 6 0
2 0 7 0
2 0 8 0
2 0 9 0
2 0 10 0
2 0 11 0
2 0 12 0
2 0 13 0
2 0 14 0
2 0 15 0
2 1 0 16
2 1 1 376
2 1 2 3584
2 1 3 17264
2 1 4 42240
2 1 5 42240
2 1 6 0
2 1 7 0
2 1 8 0
2 1 9 0
2 1 10 0
2 1 11 0
2 1 12 0
2 1 13 0
2 1 14 0
2 1 15 0
2 2 0 96
2 2 1 3584
2 2 2 53760
2 2 3 422208
2 2 4 1857984
2 2 5 4391808
2 2 6 4391808
2 2 7 0
2 2 8 0
2 2 9 0
2 2 10 0
2 2 11 0
2 2 12 0
2 2 13 0
2 2 14 0
2 2 15 0
2 3 0 256
2 3 1 17264
2 3 2 422208
2 3 3 5274880
2 3 4 37841536
2 3 5 159503616
2 3 6 371070976
2 3 7 371070976
2 3 8 0
2 3 9 0
2 3 10 0
2 3 11 0
2 3 12 0
2 3 13 0
2 3 14 0
2 3 15 0
2 4 0 256
2 4 1 42240
2 4 2 1857984
2 4 3 37841536
2 4 4 430974208
2 4 5 947970034
2 4 6 149304236
2 4 7 39427900
2 4 8 39427900
2 4 9 0
2 4 10 0
2 4 11 0
2 4 12 0
2 4 13 0
2 4 14 0
2 4 15 0
2 5 0 0
2 5 1 42240
2 5 2 4391808
2 5 3 159503616
2 5 4 947970034
2 5 5 881658151
2 5 6 308247092
2 5 7 163756128
2 5 8 987725753
2 5 9 987725753
2 5 10 0
2 5 11 0
2 5 12 0
2 5 13 0
2 5 14 0
2 5 15 0
2 6 0 0
2 6 1 0
2 6 2 4391808
2 6 3 371070976
2 6 4 149304236
2 6 5 308247092
2 6 6 237688091
2 6 7 681926856
2 6 8 235696768
2 6 9 600757895
2 6 10 600757895
2 6 11 0
2 6 12 0
2 6 13 0
2 6 14 0
2 6 15 0
2 7 0 0
2 7 1 0
2 7 2 0
2 7 3 371070976
2 7 4 39427900
2 7 5 163756128
2 7 6 681926856
2 7 7 538211382
2 7 8 419878753
2 7 9 119187038
2 7 10 972461909
2 7 11 972461909
2 7 12 0
2 7 13 0
2 7 14 0
2 7 15 0
2 8 0 0
2 8 1 0
2 8 2 0
2 8 3 0
2 8 4 39427900
2 8 5 987725753
2 8 6 235696768
2 8 7 419878753
2 8 8 795528704
2 8 9 958755168
2 8 10 556199051
2 8 11 758093578
2 8 12 758093578
2 8 13 0
2 8 14 0
2 8 15 0
2 9 0 0
2 9 1 0
2 9 2 0
2 9 3 0
2 9 4 0
2 9 5 987725753
2 9 6 600757895
2 9 7 119187038
2 9 8 958755168
2 9 9 410182280
2 9 10 559417040
2 9 11 59874209
2 9 12 405892145
2 9 13 405892145
2 9 14 0
2 9 15 0
2 10 0 0
2 10 1 0
2 10 2 0
2 10 3 0
2 10 4 0
2 10 5 0
2 10 6 600757895
2 10 7 972461909
2 10 8 556199051
2 10 9 559417040
2 10 10 66895738
2 10 11 242129576
2 10 12 839026333
2 10 13 773599476
2 10 14 773599476
2 10 15 0
2 11 0 0
2 11 1 0
2 11 2 0
2 11 3 0
2 11 4 0
2 11 5 0
2 11 6 0
2 11 7 972461909
2 11 8 758093578
2 11 9 59874209
2 11 10 242129576
2 11 11 507701171
2 11 12 173738255
2 11 13 731080053
2 11 14 917411619
2 11 15 917411619
2 12 0 0
2 12 1 0
2 12 2 0
2 12 3 0
2 12 4 0
2 12 5 0
2 12 6 0
2 12 7 0
2 12 8 758093578
2 12 9 405892145
2 12 10 839026333
2 12 11 173738255
2 12 12 403468442
2 12 13 718533308
2 12 14 940691259
2 12 15 301041391
2 13 0 0
2 13 1 0
2 13 2 0
2 13 3 0
2 13 4 0
2 13 5 0
2 13 6 0
2 13 7 0
2 13 8 0
2 13 9 405892145
2 13 10 773599476
2 13 11 731080053
2 13 12 718533308
2 13 13 727733712
2 13 14 804097021
2 13 15 705938332
2 14 0 0
2 14 1 0
2 14 2 0
2 14 3 0
2 14 4 0
2 14 5 0
2 14 6 0
2 14 7 0
2 14 8 0
2 14 9 0
2 14 10 773599476
2 14 11 917411619
2 14 12 940691259
2 14 13 804097021
2 14 14 416694480
2 14 15 589724207
2 15 0 0
2 15 1 0
2 15 2 0
2 15 3 0
2 15 4 0
2 15 5 0
2 15 6 0
2 15 7 0
2 15 8 0
2 15 9 0
2 15 10 0
2 15 11 917411619
2 15 12 301041391
2 15 13 705938332
2 15 14 589724207
2 15 15 851888472
3 0 0 0
3 0 1 16
3 0 2 256
3 0 3 1536
3 0 4 4096
3 0 5 4096
3 0 6 0
3 0 7 0
3 0 8 0
3 0 9 0
3 0 10 0
3 0 11 0
3 0 12 0
3 0 13 0
3 0 14 0
3 0 15 0
3 1 0 16
3 1 1 944
3 1 2 17264
3 1 3 150400
3 1 4 699264
3 1 5 1692928
3 1 6 1692928
3 1 7 0
3 1 8 0
3 1 9 0
3 1 10 0
3 1 11 0
3 1 12 0
3 1 13 0
3 1 14 0
3 1 15 0
3 2 0 256
3 2 1 17264
3 2 2 422208
3 2 3 5274880
3 2 4 37841536
3 2 5 159503616
3 2 6 371070976
3 2 7 371070976
3 2 8 0
3 2 9 0
3 2 10 0
3 2 11 0
3 2 12 0
3 2 13 0
3 2 14 0
3 2 15 0
3 3 0 1536
3 3 1 150400
3 3 2 5274880
3 3 3 94947840
3 3 4 4520697
3 3 5 570140630
3 3 6 389699402
3 3 7 200818268
3 3 8 200818268
3 3 9 0
3 3 10 0
3 3 11 0
3 3 12 0
3 3 13 0
3 3 14 0
3 3 15 0
3 4 0 4096
3 4 1 699264
3 4 2 37841536
3 4 3 4520697
3 4 4 502042007
3 4 5 32924646
3 4 6 742336132
3 4 7 468079680
3 4 8 417476819
3 4 9 417476819
3 4 10 0
3 4 11 0
3 4 12 0
3 4 13 0
3 4 14 0
3 4 15 0
3 5 0 4096
3 5 1 1692928
3 5 2 159503616
3 5 3 570140630
3 5 4 32924646
3 5 5 211677199
3 5 6 645456868
3 5 7 291538392
3 5 8 472341217
3 5 9 947611040
3 5 10 947611040
3 5 11 0
3 5 12 0
3 5 13 0
3 5 14 0
3 5 15 0
3 6 0 0
3 6 1 1692928
3 6 2 371070976
3 6 3 389699402
3 6 4 742336132
3 6 5 645456868
3 6 6 597739438
3 6 7 894514971
3 6 8 656544302
3 6 9 509500558
3 6 10 107237696
3 6 11 107237696
3 6 12 0
3 6 13 0
3 6 14 0
3 6 15 0
3 7 0 0
3 7 1 0
3 7 2 371070976
3 7 3 200818268
3 7 4 468079680
3 7 5 291538392
3 7 6 894514971
3 7 7 269138874
3 7 8 239685695
3 7 9 941739810
3 7 10 322211007
3 7 11 221113203
3 7 12 221113203
3 7 13 0
3 7 14 0
3 7 15 0
3 8 0 0
3 8 1 0
3 8 2 0
3 8 3 200818268
3 8 4 417476819
3 8 5 472341217
3 8 6 656544302
3 8 7 239685695
3 8 8 604687499
3 8 9 914453846
3 8 10 247086246
3 8 11 135055428
3 8 12 643114327
3 8 13 643114327
3 8 14 0
3 8 15 0
3 9 0 0
3 9 1 0
3 9 2 0
3 9 3 0
3 9 4 417476819
3 9 5 947611040
3 9 6 509500558
3 9 7 941739810
3 9 8 914453846
3 9 9 356727066
3 9 10 142162714
3 9 11 846578446
3 9 12 851499214
3 9 13 63768769
3 9 14 63768769
3 9 15 0
3 10 0 0
3 10 1 0
3 10 2 0
3 10 3 0
3 10 4 0
3 10 5 947611040
3 10 6 107237696
3 10 7 322211007
3 10 8 247086246
3 10 9 142162714
3 10 10 43867307
3 10 11 230106676
3 10 12 190999560
3 10 13 939705423
3 10 14 83485813
3 10 15 83485813
3 11 0 0
3 11 1 0
3 11 2 0
3 11 3 0
3 11 4 0
3 11 5 0
3 11 6 107237696
3 11 7 221113203
3 11 8 135055428
3 11 9 846578446
3 11 10 230106676
3 11 11 930705783
3 11 12 986505637
3 11 13 9587001
3 11 14 715423634
3 11 15 118407310
3 12 0 0
3 12 1 0
3 12 2 0
3 12 3 0
3 12 4 0
3 12 5 0
3 12 6 0
3 12 7 221113203
3 12 8 643114327
3 12 9 851499214
3 12 10 190999560
3 12 11 986505637
3 12 12 521310105
3 12 13 636992092
3 12 14 729329950
3 12 15 381773120
3 13 0 0
3 13 1 0
3 13 2 0
3 13 3 0
3 13 4 0
3 13 5 0
3 13 6 0
3 13 7 0
3 13 8 643114327
3 13 9 63768769
3 13 10 939705423
3 13 11 9587001
3 13 12 636992092
3 13 13 564981434
3 13 14 640836184
3 13 15 383802817
3 14 0 0
3 14 1 0
3 14 2 0
3 14 3 0
3 14 4 0
3 14 5 0
3 14 6 0
3 14 7 0
3 14 8 0
3 14 9 63768769
3 14 10 83485813
3 14 11 715423634
3 14 12 729329950
3 14 13 640836184
3 14 14 357479515
3 14 15 576019150
3 15 0 0
3 15 1 0
3 15 2 0
3 15 3 0
3 15 4 0
3 15 5 0
3 15 6 0
3 15 7 0
3 15 8 0
3 15 9 0
3 15 10 83485813
3 15 11 118407310
3 15 12 381773120
3 15 13 383802817
3 15 14 576019150
3 15 15 468883736
4 0 0 0
4 0 1 0
4 0 2 256
4 0 3 4096
4 0 4 24576
4 0 5 65536
4 0 6 65536
4 0 7 0
4 0 8 0
4 0 9 0
4 0 10 0
4 0 11 0
4 0 12 0
4 0 13 0
4 0 14 0
4 0 15 0
4 1 0 0
4 1 1 944
4 1 2 42240
4 1 3 699264
4 1 4 5839872
4 1 5 26705152
4 1 6 64354304
4 1 7 64354304
4 1 8 0
4 1 9 0
4 1 10 0
4 1 11 0
4 1 12 0
4 1 13 0
4 1 14 0
4 1 15 0
4 2 0 256
4 2 1 42240
4 2 2 1857984
4 2 3 37841536
4 2 4 430974208
4 2 5 947970034
4 2 6 149304236
4 2 7 39427900
4 2 8 39427900
4 2 9 0
4 2 10 0
4 2 11 0
4 2 12 0
4 2 13 0
4 2 14 0
4 2 15 0
4 3 0 4096
4 3 1 699264
4 3 2 37841536
4 3 3 4520697
4 3 4 502042007
4 3 5 32924646
4 3 6 742336132
4 3 7 468079680
4 3 8 417476819
4 3 9 417476819
4 3 10 0
4 3 11 0
4 3 12 0
4 3 13 0
4 3 14 0
4 3 15 0
4 4 0 24576
4 4 1 5839872
4 4 2 430974208
4 4 3 502042007
4 4 4 542882077
4 4 5 784086777
4 4 6 282484142
4 4 7 491530098
4 4 8 659080242
4 4 9 337604063
4 4 10 337604063
4 4 11 0
4 4 12 0
4 4 13 0
4 4 14 0
4 4 15 0
4 5 0 65536
4 5 1 26705152
4 5 2 947970034
4 5 3 32924646
4 5 4 784086777
4 5 5 882309585
4 5 6 8299228
4 5 7 672189285
4 5 8 947654066
4 5 9 875550285
4 5 10 68903753
4 5 11 68903753
4 5 12 0
4 5 13 0
4 5 14 0
4 5 15 0
4 6 0 65536
4 6 1 64354304
4 6 2 149304236
4 6 3 742336132
4 6 4 282484142
4 6 5 8299228
4 6 6 691322968
4 6 7 259631600
4 6 8 362120394
4 6 9 336992119
4 6 10 377483059
4 6 11 297614269
4 6 12 297614269
4 6 13 0
4 6 14 0
4 6 15 0
4 7 0 0
4 7 1 64354304
4 7 2 39427900
4 7 3 468079680
4 7 4 491530098
4 7 5 672189285
4 7 6 259631600
4 7 7 133647713
4 7 8 54449111
4 7 9 431271657
4 7 10 655293260
4 7 11 998561134
4 7 12 548531087
4 7 13 548531087
4 7 14 0
4 7 15 0
4 8 0 0
4 8 1 0
4 8 2 39427900
4 8 3 417476819
4 8 4 659080242
4 8 5 947654066
4 8 6 362120394
4 8 7 54449111
4 8 8 832599976
4 8 9 77034487
4 8 10 483277887
4 8 11 349720494
4 8 12 302175519
4 8 13 49010482
4 8 14 49010482
4 8 15 0
4 9 0 0
4 9 1 0
4 9 2 0
4 9 3 417476819
4 9 4 337604063
4 9 5 875550285
4 9 6 336992119
4 9 7 431271657
4 9 8 77034487
4 9 9 142842891
4 9 10 282209245
4 9 11 643521005
4 9 12 625823336
4 9 13 755729438
4 9 14 502497557
4 9 15 502497557
4 10 0 0
4 10 1 0
4 10 2 0
4 10 3 0
4 10 4 337604063
4 10 5 68903753
4 10 6 377483059
4 10 7 655293260
4 10 8 483277887
4 10 9 282209245
4 10 10 784408235
4 10 11 456750872
4 10 12 927155067
4 10 13 939433737
4 10 14 265947967
4 10 15 565526074
4 11 0 0
4 11 1 0
4 11 2 0
4 11 3 0
4 11 4 0
4 11 5 68903753
4 11 6 297614269
4 11 7 998561134
4 11 8 349720494
4 11 9 643521005
4 11 10 456750872
4 11 11 939333476
4 11 12 756365168
4 11 13 457230412
4 11 14 658568387
4 11 15 156674648
4 12 0 0
4 12 1 0
4 12 2 0
4 12 3 0
4 12 4 0
4 12 5 0
4 12 6 297614269
4 12 7 548531087
4 12 8 302175519
4 12 9 625823336
4 12 10 927155067
4 12 11 756365168
4 12 12 579244613
4 12 13 421121028
4 12 14 265969191
4 12 15 556724280
4 13 0 0
4 13 1 0
4 13 2 0
4 13 3 0
4 13 4 0
4 13 5 0
4 13 6 0
4 13 7 548531087
4 13 8 49010482
4 13 9 755729438
4 13 10 939433737
4 13 11 457230412
4 13 12 421121028
4 13 13 20230102
4 13 14 910874798
4 13 15 927568436
4 14 0 0
4 14 1 0
4 14 2 0
4 14 3 0
4 14 4 0
4 14 5 0
4 14 6 0
4 14 7 0
4 14 8 49010482
4 14 9 502497557
4 14 10 265947967
4 14 11 658568387
4 14 12 265969191
4 14 13 910874798
4 14 14 404193923
4 14 15 974247051
4 15 0 0
4 15 1 0
4 15 2 0
4 15 3 0
4 15 4 0
4 15 5 0
4 15 6 0
4 15 7 0
4 15 8 0
4 15 9 502497557
4 15 10 565526074
4 15 11 156674648
4 15 12 556724280
4 15 13 927568436
4 15 14 974247051
4 15 15 237086869
5 0 0 0
5 0 1 0
5 0 2 0
5 0 3 4096
5 0 4 65536
5 0 5 393216
5 0 6 1048576
5 0 7 1048576
5 0 8 0
5 0 9 0
5 0 10 0
5 0 11 0
5 0 12 0
5 0 13 0
5 0 14 0
5 0 15 0
5 1 0 0
5 1 1 0
5 1 2 42240
5 1 3 1692928
5 1 4 26705152
5 1 5 218359808
5 1 6 990482432
5 1 7 381770738
5 1 8 381770738
5 1 9 0
5 1 10 0
5 1 11 0
5 1 12 0
5 1 13 0
5 1 14 0
5 1 15 0
5 2 0 0
5 2 1 42240
5 2 2 4391808
5 2 3 159503616
5 2 4 947970034
5 2 5 881658151
5 2 6 308247092
5 2 7 163756128
5 2 8 987725753
5 2 9 987725753
5 2 10 0
5 2 11 0
5 2 12 0
5 2 13 0
5 2 14 0
5 2 15 0
5 3 0 4096
5 3 1 1692928
5 3 2 159503616
5 3 3 570140630
5 3 4 32924646
5 3 5 211677199
5 3 6 645456868
5 3 7 291538392
5 3 8 472341217
5 3 9 947611040
5 3 10 947611040
5 3 11 0
5 3 12 0
5 3 13 0
5 3 14 0
5 3 15 0
5 4 0 65536
5 4 1 26705152
5 4 2 947970034
5 4 3 32924646
5 4 4 784086777
5 4 5 882309585
5 4 6 8299228
5 4 7 672189285
5 4 8 947654066
5 4 9 875550285
5 4 10 68903753
5 4 11 68903753
5 4 12 0
5 4 13 0
5 4 14 0
5 4 15 0
5 5 0 393216
5 5 1 218359808
5 5 2 881658151
5 5 3 211677199
5 5 4 882309585
5 5 5 175429893
5 5 6 377395348
5 5 7 708157683
5 5 8 389177699
5 5 9 569917482
5 5 10 501250003
5 5 11 931805076
5 5 12 931805076
5 5 13 0
5 5 14 0
5 5 15 0
5 6 0 1048576
5 6 1 990482432
5 6 2 308247092
5 6 3 645456868
5 6 4 8299228
5 6 5 377395348
5 6 6 951555164
5 6 7 890252790
5 6 8 578738367
5 6 9 543681593
5 6 10 474489143
5 6 11 1147326
5 6 12 809393901
5 6 13 809393901
5 6 14 0
5 6 15 0
5 7 0 1048576
5 7 1 381770738
5 7 2 163756128
5 7 3 291538392
5 7 4 672189285
5 7 5 708157683
5 7 6 890252790
5 7 7 847817091
5 7 8 851203306
5 7 9 581838852
5 7 10 957973614
5 7 11 822640379
5 7 12 315070175
5 7 13 835214383
5 7 14 835214383
5 7 15 0
5 8 0 0
5 8 1 381770738
5 8 2 987725753
5 8 3 472341217
5 8 4 947654066
5 8 5 389177699
5 8 6 578738367
5 8 7 851203306
5 8 8 275652385
5 8 9 321633612
5 8 10 241983871
5 8 11 204211810
5 8 12 36848612
5 8 13 899531896
5 8 14 472274696
5 8 15 472274696
5 9 0 0
5 9 1 0
5 9 2 987725753
5 9 3 947611040
5 9 4 875550285
5 9 5 569917482
5 9 6 543681593
5 9 7 581838852
5 9 8 321633612
5 9 9 431623999
5 9 10 996779934
5 9 11 606175661
5 9 12 326856316
5 9 13 216396587
5 9 14 341209387
5 9 15 349210646
5 10 0 0
5 10 1 0
5 10 2 0
5 10 3 947611040
5 10 4 68903753
5 10 5 501250003
5 10 6 474489143
5 10 7 957973614
5 10 8 241983871
5 10 9 996779934
5 10 10 67826964
5 10 11 608636167
5 10 12 463481327
5 10 13 425877401
5 10 14 648877445
5 10 15 493470302
5 11 0 0
5 11 1 0
5 11 2 0
5 11 3 0
5 11 4 68903753
5 11 5 931805076
5 11 6 1147326
5 11 7 822640379
5 11 8 204211810
5 11 9 606175661
5 11 10 608636167
5 11 11 524847996
5 11 12 728936282
5 11 13 691460640
5 11 14 742027821
5 11 15 649946376
5 12 0 0
5 12 1 0
5 12 2 0
5 12 3 0
5 12 4 0
5 12 5 931805076
5 12 6 809393901
5 12 7 315070175
5 12 8 36848612
5 12 9 326856316
5 12 10 463481327
5 12 11 728936282
5 12 12 406361830
5 12 13 753462088
5 12 14 324311196
5 12 15 689072962
5 13 0 0
5 13 1 0
5 13 2 0
5 13 3 0
5 13 4 0
5 13 5 0
5 13 6 809393901
5 13 7 835214383
5 13 8 899531896
5 13 9 216396587
5 13 10 425877401
5 13 11 691460640
5 13 12 753462088
5 13 13 540915772
5 13 14 477080915
5 13 15 869994215
5 14 0 0
5 14 1 0
5 14 2 0
5 14 3 0
5 14 4 0
5 14 5 0
5 14 6 0
5 14 7 835214383
5 14 8 472274696
5 14 9 341209387
5 14 10 648877445
5 14 11 742027821
5 14 12 324311196
5 14 13 477080915
5 14 14 142336512
5 14 15 130973651
5 15 0 0
5 15 1 0
5 15 2 0
5 15 3 0
5 15 4 0
5 15 5 0
5 15 6 0
5 15 7 0
5 15 8 472274696
5 15 9 349210646
5 15 10 493470302
5 15 11 649946376
5 15 12 689072962
5 15 13 869994215
5 15 14 130973651
5 15 15 734010692
6 0 0 0
6 0 1 0
6 0 2 0
6 0 3 0
6 0 4 65536
6 0 5 1048576
6 0 6 6291456
6 0 7 16777216
6 0 8 16777216
6 0 9 0
6 0 10 0
6 0 11 0
6 0 12 0
6 0 13 0
6 0 14 0
6 0 15 0
6 1 0 0
6 1 1 0
6 1 2 0
6 1 3 1692928
6 1 4 64354304
6 1 5 990482432
6 1 6 11939784
6 1 7 196331268
6 1 8 951722406
6 1 9 951722406
6 1 10 0
6 1 11 0
6 1 12 0
6 1 13 0
6 1 14 0
6 1 15 0
6 2 0 0
6 2 1 0
6 2 2 4391808
6 2 3 371070976
6 2 4 149304236
6 2 5 308247092
6 2 6 237688091
6 2 7 681926856
6 2 8 235696768
6 2 9 600757895
6 2 10 600757895
6 2 11 0
6 2 12 0
6 2 13 0
6 2 14 0
6 2 15 0
6 3 0 0
6 3 1 1692928
6 3 2 371070976
6 3 3 389699402
6 3 4 742336132
6 3 5 645456868
6 3 6 597739438
6 3 7 894514971
6 3 8 656544302
6 3 9 509500558
6 3 10 107237696
6 3 11 107237696
6 3 12 0
6 3 13 0
6 3 14 0
6 3 15 0
6 4 0 65536
6 4 1 64354304
6 4 2 149304236
6 4 3 742336132
6 4 4 282484142
6 4 5 8299228
6 4 6 691322968
6 4 7 259631600
6 4 8 362120394
6 4 9 336992119
6 4 10 377483059
6 4 11 297614269
6 4 12 297614269
6 4 13 0
6 4 14 0
6 4 15 0
6 5 0 1048576
6 5 1 990482432
6 5 2 308247092
6 5 3 645456868
6 5 4 8299228
6 5 5 377395348
6 5 6 951555164
6 5 7 890252790
6 5 8 578738367
6 5 9 543681593
6 5 10 474489143
6 5 11 1147326
6 5 12 809393901
6 5 13 809393901
6 5 14 0
6 5 15 0
6 6 0 6291456
6 6 1 11939784
6 6 2 237688091
6 6 3 597739438
6 6 4 691322968
6 6 5 951555164
6 6 6 691989253
6 6 7 340969663
6 6 8 119031610
6 6 9 762547801
6 6 10 149456611
6 6 11 629951572
6 6 12 171671564
6 6 13 243947778
6 6 14 243947778
6 6 15 0
6 7 0 16777216
6 7 1 196331268
6 7 2 681926856
6 7 3 894514971
6 7 4 259631600
6 7 5 890252790
6 7 6 340969663
6 7 7 463441830
6 7 8 112290307
6 7 9 737962924
6 7 10 632887339
6 7 11 693412655
6 7 12 218175246
6 7 13 512386793
6 7 14 961796795
6 7 15 961796795
6 8 0 16777216
6 8 1 951722406
6 8 2 235696768
6 8 3 656544302
6 8 4 362120394
6 8 5 578738367
6 8 6 119031610
6 8 7 112290307
6 8 8 604706496
6 8 9 720151664
6 8 10 632580337
6 8 11 383822737
6 8 12 381818252
6 8 13 892262070
6 8 14 76957177
6 8 15 988156826
6 9 0 0
6 9 1 951722406
6 9 2 600757895
6 9 3 509500558
6 9 4 336992119
6 9 5 543681593
6 9 6 762547801
6 9 7 737962924
6 9 8 720151664
6 9 9 437089804
6 9 10 771000571
6 9 11 924040208
6 9 12 9473848
6 9 13 758311198
6 9 14 934832940
6 9 15 960274608
6 10 0 0
6 10 1 0
6 10 2 600757895
6 10 3 107237696
6 10 4 377483059
6 10 5 474489143
6 10 6 149456611
6 10 7 632887339
6 10 8 632580337
6 10 9 771000571
6 10 10 31068561
6 10 11 444401434
6 10 12 21167495
6 10 13 744287247
6 10 14 500690597
6 10 15 302953362
6 11 0 0
6 11 1 0
6 11 2 0
6 11 3 107237696
6 11 4 297614269
6 11 5 1147326
6 11 6 629951572
6 11 7 693412655
6 11 8 383822737
6 11 9 924040208
6 11 10 444401434
6 11 11 971337617
6 11 12 561101372
6 11 13 635542579
6 11 14 146154518
6 11 15 617932811
6 12 0 0
6 12 1 0
6 12 2 0
6 12 3 0
6 12 4 297614269
6 12 5 809393901
6 12 6 171671564
6 12 7 218175246
6 12 8 381818252
6 12 9 9473848
6 12 10 21167495
6 12 11 561101372
6 12 12 633423000
6 12 13 998975537
6 12 14 59685853
6 12 15 311059770
6 13 0 0
6 13 1 0
6 13 2 0
6 13 3 0
6 13 4 0
6 13 5 809393901
6 13 6 243947778
6 13 7 512386793
6 13 8 892262070
6 13 9 758311198
6 13 10 744287247
6 13 11 635542579
6 13 12 998975537
6 13 13 422622212
6 13 14 427778081
6 13 15 165959216
6 14 0 0
6 14 1 0
6 14 2 0
6 14 3 0
6 14 4 0
6 14 5 0
6 14 6 243947778
6 14 7 961796795
6 14 8 76957177
6 14 9 934832940
6 14 10 500690597
6 14 11 146154518
6 14 12 59685853
6 14 13 427778081
6 14 14 258418181
6 14 15 132252485
6 15 0 0
6 15 1 0
6 15 2 0
6 15 3 0
6 15 4 0
6 15 5 0
6 15 6 0
6 15 7 961796795
6 15 8 988156826
6 15 9 960274608
6 15 10 302953362
6 15 11 617932811
6 15 12 311059770
6 15 13 165959216
6 15 14 132252485
6 15 15 198833260
7 0 0 0
7 0 1 0
7 0 2 0
7 0 3 0
7 0 4 0
7 0 5 1048576
7 0 6 16777216
7 0 7 100663296
7 0 8 268435456
7 0 9 268435456
7 0 10 0
7 0 11 0
7 0 12 0
7 0 13 0
7 0 14 0
7 0 15 0
7 1 0 0
7 1 1 0
7 1 2 0
7 1 3 0
7 1 4 64354304
7 1 5 381770738
7 1 6 196331268
7 1 7 181262859
7 1 8 865803296
7 1 9 273779152
7 1 10 273779152
7 1 11 0
7 1 12 0
7 1 13 0
7 1 14 0
7 1 15 0
7 2 0 0
7 2 1 0
7 2 2 0
7 2 3 371070976
7 2 4 39427900
7 2 5 163756128
7 2 6 681926856
7 2 7 538211382
7 2 8 419878753
7 2 9 119187038
7 2 10 972461909
7 2 11 972461909
7 2 12 0
7 2 13 0
7 2 14 0
7 2 15 0
7 3 0 0
7 3 1 0
7 3 2 371070976
7 3 3 200818268
7 3 4 468079680
7 3 5 291538392
7 3 6 894514971
7 3 7 269138874
7 3 8 239685695
7 3 9 941739810
7 3 10 322211007
7 3 11 221113203
7 3 12 221113203
7 3 13 0
7 3 14 0
7 3 15 0
7 4 0 0
7 4 1 64354304
7 4 2 39427900
7 4 3 468079680
7 4 4 491530098
7 4 5 672189285
7 4 6 259631600
7 4 7 133647713
7 4 8 54449111
7 4 9 431271657
7 4 10 655293260
7 4 11 998561134
7 4 12 548531087
7 4 13 548531087
7 4 14 0
7 4 15 0
7 5 0 1048576
7 5 1 381770738
7 5 2 163756128
7 5 3 291538392
7 5 4 672189285
7 5 5 708157683
7 5 6 890252790
7 5 7 847817091
7 5 8 851203306
7 5 9 581838852
7 5 10 957973614
7 5 11 822640379
7 5 12 315070175
7 5 13 835214383
7 5 14 835214383
7 5 15 0
7 6 0 16777216
7 6 1 196331268
7 6 2 681926856
7 6 3 894514971
7 6 4 259631600
7 6 5 890252790
7 6 6 340969663
7 6 7 463441830
7 6 8 112290307
7 6 9 737962924
7 6 10 632887339
7 6 11 693412655
7 6 12 218175246
7 6 13 512386793
7 6 14 961796795
7 6 15 961796795
7 7 0 100663296
7 7 1 181262859
7 7 2 538211382
7 7 3 269138874
7 7 4 133647713
7 7 5 847817091
7 7 6 463441830
7 7 7 903254809
7 7 8 599679965
7 7 9 508549742
7 7 10 14918868
7 7 11 505067415
7 7 12 70594392
7 7 13 678754832
7 7 14 737355288
7 7 15 99394944
7 8 0 268435456
7 8 1 865803296
7 8 2 419878753
7 8 3 239685695
7 8 4 54449111
7 8 5 851203306
7 8 6 112290307
7 8 7 599679965
7 8 8 250077119
7 8 9 206712746
7 8 10 688853032
7 8 11 145188555
7 8 12 968544801
7 8 13 192501465
7 8 14 952919563
7 8 15 323452270
7 9 0 268435456
7 9 1 273779152
7 9 2 119187038
7 9 3 941739810
7 9 4 431271657
7 9 5 581838852
7 9 6 737962924
7 9 7 508549742
7 9 8 206712746
7 9 9 253512106
7 9 10 424000724
7 9 11 918911647
7 9 12 184519225
7 9 13 451737305
7 9 14 314305592
7 9 15 637950673
7 10 0 0
7 10 1 273779152
7 10 2 972461909
7 10 3 322211007
7 10 4 655293260
7 10 5 957973614
7 10 6 632887339
7 10 7 14918868
7 10 8 688853032
7 10 9 424000724
7 10 10 977111400
7 10 11 456854913
7 10 12 250084872
7 10 13 764636615
7 10 14 1909785
7 10 15 940829517
7 11 0 0
7 11 1 0
7 11 2 972461909
7 11 3 221113203
7 11 4 998561134
7 11 5 822640379
7 11 6 693412655
7 11 7 505067415
7 11 8 145188555
7 11 9 918911647
7 11 10 456854913
7 11 11 621175184
7 11 12 2436183
7 11 13 905980277
7 11 14 435933959
7 11 15 381738631
7 12 0 0
7 12 1 0
7 12 2 0
7 12 3 221113203
7 12 4 548531087
7 12 5 315070175
7 12 6 218175246
7 12 7 70594392
7 12 8 968544801
7 12 9 184519225
7 12 10 250084872
7 12 11 2436183
7 12 12 717183576
7 12 13 398921249
7 12 14 735666203
7 12 15 266640215
7 13 0 0
7 13 1 0
7 13 2 0
7 13 3 0
7 13 4 548531087
7 13 5 835214383
7 13 6 512386793
7 13 7 678754832
7 13 8 192501465
7 13 9 451737305
7 13 10 764636615
7 13 11 905980277
7 13 12 398921249
7 13 13 276113525
7 13 14 416245681
7 13 15 512669142
7 14 0 0
7 14 1 0
7 14 2 0
7 14 3 0
7 14 4 0
7 14 5 835214383
7 14 6 961796795
7 14 7 737355288
7 14 8 952919563
7 14 9 314305592
7 14 10 1909785
7 14 11 435933959
7 14 12 735666203
7 14 13 416245681
7 14 14 526949866
7 14 15 688221390
7 15 0 0
7 15 1 0
7 15 2 0
7 15 3 0
7 15 4 0
7 15 5 0
7 15 6 961796795
7 15 7 99394944
7 15 8 323452270
7 15 9 637950673
7 15 10 940829517
7 15 11 381738631
7 15 12 266640215
7 15 13 512669142
7 15 14 688221390
7 15 15 934092434
8 0 0 0
8 0 1 0
8 0 2 0
8 0 3 0
8 0 4 0
8 0 5 0
8 0 6 16777216
8 0 7 268435456
8 0 8 610612729
8 0 9 294967268
8 0 10 294967268
8 0 11 0
8 0 12 0
8 0 13 0
8 0 14 0
8 0 15 0
8 1 0 0
8 1 1 0
8 1 2 0
8 1 3 0
8 1 4 0
8 1 5 381770738
8 1 6 951722406
8 1 7 865803296
8 1 8 917455371
8 1 9 725639902
8 1 10 993300020
8 1 11 993300020
8 1 12 0
8 1 13 0
8 1 14 0
8 1 15 0
8 2 0 0
8 2 1 0
8 2 2 0
8 2 3 0
8 2 4 39427900
8 2 5 987725753
8 2 6 235696768
8 2 7 419878753
8 2 8 795528704
8 2 9 958755168
8 2 10 556199051
8 2 11 758093578
8 2 12 758093578
8 2 13 0
8 2 14 0
8 2 15 0
8 3 0 0
8 3 1 0
8 3 2 0
8 3 3 200818268
8 3 4 417476819
8 3 5 472341217
8 3 6 656544302
8 3 7 239685695
8 3 8 604687499
8 3 9 914453846
8 3 10 247086246
8 3 11 135055428
8 3 12 643114327
8 3 13 643114327
8 3 14 0
8 3 15 0
8 4 0 0
8 4 1 0
8 4 2 39427900
8 4 3 417476819
8 4 4 659080242
8 4 5 947654066
8 4 6 362120394
8 4 7 54449111
8 4 8 832599976
8 4 9 77034487
8 4 10 483277887
8 4 11 349720494
8 4 12 302175519
8 4 13 49010482
8 4 14 49010482
8 4 15 0
8 5 0 0
8 5 1 381770738
8 5 2 987725753
8 5 3 472341217
8 5 4 947654066
8 5 5 389177699
8 5 6 578738367
8 5 7 851203306
8 5 8 275652385
8 5 9 321633612
8 5 10 241983871
8 5 11 204211810
8 5 12 36848612
8 5 13 899531896
8 5 14 472274696
8 5 15 472274696
8 6 0 16777216
8 6 1 951722406
8 6 2 235696768
8 6 3 656544302
8 6 4 362120394
8 6 5 578738367
8 6 6 119031610
8 6 7 112290307
8 6 8 604706496
8 6 9 720151664
8 6 10 632580337
8 6 11 383822737
8 6 12 381818252
8 6 13 892262070
8 6 14 76957177
8 6 15 988156826
8 7 0 268435456
8 7 1 865803296
8 7 2 419878753
8 7 3 239685695
8 7 4 54449111
8 7 5 851203306
8 7 6 112290307
8 7 7 599679965
8 7 8 250077119
8 7 9 206712746
8 7 10 688853032
8 7 11 145188555
8 7 12 968544801
8 7 13 192501465
8 7 14 952919563
8 7 15 323452270
8 8 0 610612729
8 8 1 917455371
8 8 2 795528704
8 8 3 604687499
8 8 4 832599976
8 8 5 275652385
8 8 6 604706496
8 8 7 250077119
8 8 8 252544871
8 8 9 486554565
8 8 10 289169763
8 8 11 378637602
8 8 12 706807027
8 8 13 400888972
8 8 14 403709764
8 8 15 259120685
8 9 0 294967268
8 9 1 725639902
8 9 2 958755168
8 9 3 914453846
8 9 4 77034487
8 9 5 321633612
8 9 6 720151664
8 9 7 206712746
8 9 8 486554565
8 9 9 999857717
8 9 10 404624329
8 9 11 347582338
8 9 12 628264577
8 9 13 90720678
8 9 14 661180864
8 9 15 832018619
8 10 0 294967268
8 10 1 993300020
8 10 2 556199051
8 10 3 247086246
8 10 4 483277887
8 10 5 241983871
8 10 6 632580337
8 10 7 688853032
8 10 8 289169763
8 10 9 404624329
8 10 10 558406077
8 10 11 64727315
8 10 12 1428069
8 10 13 44973009
8 10 14 268809868
8 10 15 741747221
8 11 0 0
8 11 1 993300020
8 11 2 758093578
8 11 3 135055428
8 11 4 349720494
8 11 5 204211810
8 11 6 383822737
8 11 7 145188555
8 11 8 378637602
8 11 9 347582338
8 11 10 64727315
8 11 11 983978981
8 11 12 900777869
8 11 13 905275026
8 11 14 724217407
8 11 15 212241247
8 12 0 0
8 12 1 0
8 12 2 758093578
8 12 3 643114327
8 12 4 302175519
8 12 5 36848612
8 12 6 381818252
8 12 7 968544801
8 12 8 706807027
8 12 9 628264577
8 12 10 1428069
8 12 11 900777869
8 12 12 443600831
8 12 13 277733441
8 12 14 363417334
8 12 15 744800783
8 13 0 0
8 13 1 0
8 13 2 0
8 13 3 643114327
8 13 4 49010482
8 13 5 899531896
8 13 6 892262070
8 13 7 192501465
8 13 8 400888972
8 13 9 90720678
8 13 10 44973009
8 13 11 905275026
8 13 12 277733441
8 13 13 908519650
8 13 14 603609336
8 13 15 906284287
8 14 0 0
8 14 1 0
8 14 2 0
8 14 3 0
8 14 4 49010482
8 14 5 472274696
8 14 6 76957177
8 14 7 952919563
8 14 8 403709764
8 14 9 661180864
8 14 10 268809868
8 14 11 724217407
8 14 12 363417334
8 14 13 603609336
8 14 14 399252135
8 14 15 385245937
8 15 0 0
8 15 1 0
8 15 2 0
8 15 3 0
8 15 4 0
8 15 5 472274696
8 15 6 988156826
8 15 7 323452270
8 15 8 259120685
8 15 9 832018619
8 15 10 741747221
8 15 11 212241247
8 15 12 744800783
8 15 13 906284287
8 15 14 385245937
8 15 15 827721247
9 0 0 0
9 0 1 0
9 0 2 0
9 0 3 0
9 0 4 0
9 0 5 0
9 0 6 0
9 0 7 268435456
9 0 8 294967268
9 0 9 769803601
9 0 10 719476260
9 0 11 719476260
9 0 12 0
9 0 13 0
9 0 14 0
9 0 15 0
9 1 0 0
9 1 1 0
9 1 2 0
9 1 3 0
9 1 4 0
9 1 5 0
9 1 6 951722406
9 1 7 273779152
9 1 8 725639902
9 1 9 201191089
9 1 10 679074687
9 1 11 146427053
9 1 12 146427053
9 1 13 0
9 1 14 0
9 1 15 0
9 2 0 0
9 2 1 0
9 2 2 0
9 2 3 0
9 2 4 0
9 2 5 987725753
9 2 6 600757895
9 2 7 119187038
9 2 8 958755168
9 2 9 410182280
9 2 10 559417040
9 2 11 59874209
9 2 12 405892145
9 2 13 405892145
9 2 14 0
9 2 15 0
9 3 0 0
9 3 1 0
9 3 2 0
9 3 3 0
9 3 4 417476819
9 3 5 947611040
9 3 6 509500558
9 3 7 941739810
9 3 8 914453846
9 3 9 356727066
9 3 10 142162714
9 3 11 846578446
9 3 12 851499214
9 3 13 63768769
9 3 14 63768769
9 3 15 0
9 4 0 0
9 4 1 0
9 4 2 0
9 4 3 417476819
9 4 4 337604063
9 4 5 875550285
9 4 6 336992119
9 4 7 431271657
9 4 8 77034487
9 4 9 142842891
9 4 10 282209245
9 4 11 643521005
9 4 12 625823336
9 4 13 755729438
9 4 14 502497557
9 4 15 502497557
9 5 0 0
9 5 1 0
9 5 2 987725753
9 5 3 947611040
9 5 4 875550285
9 5 5 569917482
9 5 6 543681593
9 5 7 581838852
9 5 8 321633612
9 5 9 431623999
9 5 10 996779934
9 5 11 606175661
9 5 12 326856316
9 5 13 216396587
9 5 14 341209387
9 5 15 349210646
9 6 0 0
9 6 1 951722406
9 6 2 600757895
9 6 3 509500558
9 6 4 336992119
9 6 5 543681593
9 6 6 762547801
9 6 7 737962924
9 6 8 720151664
9 6 9 437089804
9 6 10 771000571
9 6 11 924040208
9 6 12 9473848
9 6 13 758311198
9 6 14 934832940
9 6 15 960274608
9 7 0 268435456
9 7 1 273779152
9 7 2 119187038
9 7 3 941739810
9 7 4 431271657
9 7 5 581838852
9 7 6 737962924
9 7 7 508549742
9 7 8 206712746
9 7 9 253512106
9 7 10 424000724
9 7 11 918911647
9 7 12 184519225
9 7 13 451737305
9 7 14 314305592
9 7 15 637950673
9 8 0 294967268
9 8 1 725639902
9 8 2 958755168
9 8 3 914453846
9 8 4 77034487
9 8 5 321633612
9 8 6 720151664
9 8 7 206712746
9 8 8 486554565
9 8 9 999857717
9 8 10 404624329
9 8 11 347582338
9 8 12 628264577
9 8 13 90720678
9 8 14 661180864
9 8 15 832018619
9 9 0 769803601
9 9 1 201191089
9 9 2 410182280
9 9 3 356727066
9 9 4 142842891
9 9 5 431623999
9 9 6 437089804
9 9 7 253512106
9 9 8 999857717
9 9 9 994877567
9 9 10 463885644
9 9 11 371161806
9 9 12 188393410
9 9 13 410208948
9 9 14 351611837
9 9 15 62341082
9 10 0 719476260
9 10 1 679074687
9 10 2 559417040
9 10 3 142162714
9 10 4 282209245
9 10 5 996779934
9 10 6 771000571
9 10 7 424000724
9 10 8 404624329
9 10 9 463885644
9 10 10 950940408
9 10 11 256357579
9 10 12 223932599
9 10 13 933068708
9 10 14 928916561
9 10 15 655411373
9 11 0 719476260
9 11 1 146427053
9 11 2 59874209
9 11 3 846578446
9 11 4 643521005
9 11 5 606175661
9 11 6 924040208
9 11 7 918911647
9 11 8 347582338
9 11 9 371161806
9 11 10 256357579
9 11 11 896245445
9 11 12 83047259
9 11 13 188384760
9 11 14 389341785
9 11 15 846141069
9 12 0 0
9 12 1 146427053
9 12 2 405892145
9 12 3 851499214
9 12 4 625823336
9 12 5 326856316
9 12 6 9473848
9 12 7 184519225
9 12 8 628264577
9 12 9 188393410
9 12 10 223932599
9 12 11 83047259
9 12 12 977949111
9 12 13 483377354
9 12 14 552905091
9 12 15 309078066
9 13 0 0
9 13 1 0
9 13 2 405892145
9 13 3 63768769
9 13 4 755729438
9 13 5 216396587
9 13 6 758311198
9 13 7 451737305
9 13 8 90720678
9 13 9 410208948
9 13 10 933068708
9 13 11 188384760
9 13 12 483377354
9 13 13 771449293
9 13 14 349504266
9 13 15 760389709
9 14 0 0
9 14 1 0
9 14 2 0
9 14 3 63768769
9 14 4 502497557
9 14 5 341209387
9 14 6 934832940
9 14 7 314305592
9 14 8 661180864
9 14 9 351611837
9 14 10 928916561
9 14 11 389341785
9 14 12 552905091
9 14 13 349504266
9 14 14 171649235
9 14 15 633864213
9 15 0 0
9 15 1 0
9 15 2 0
9 15 3 0
9 15 4 502497557
9 15 5 349210646
9 15 6 960274608
9 15 7 637950673
9 15 8 832018619
9 15 9 62341082
9 15 10 655411373
9 15 11 846141069
9 15 12 309078066
9 15 13 760389709
9 15 14 633864213
9 15 15 78050795
10 0 0 0
10 0 1 0
10 0 2 0
10 0 3 0
10 0 4 0
10 0 5 0
10 0 6 0
10 0 7 0
10 0 8 294967268
10 0 9 719476260
10 0 10 316857532
10 0 11 511620083
10 0 12 511620083
10 0 13 0
10 0 14 0
10 0 15 0
10 1 0 0
10 1 1 0
10 1 2 0
10 1 3 0
10 1 4 0
10 1 5 0
10 1 6 0
10 1 7 273779152
10 1 8 993300020
10 1 9 679074687
10 1 10 403463116
10 1 11 709786431
10 1 12 577017074
10 1 13 577017074
10 1 14 0
10 1 15 0
10 2 0 0
10 2 1 0
10 2 2 0
10 2 3 0
10 2 4 0
10 2 5 0
10 2 6 600757895
10 2 7 972461909
10 2 8 556199051
10 2 9 559417040
10 2 10 66895738
10 2 11 242129576
10 2 12 839026333
10 2 13 773599476
10 2 14 773599476
10 2 15 0
10 3 0 0
10 3 1 0
10 3 2 0
10 3 3 0
10 3 4 0
10 3 5 947611040
10 3 6 107237696
10 3 7 322211007
10 3 8 247086246
10 3 9 142162714
10 3 10 43867307
10 3 11 230106676
10 3 12 190999560
10 3 13 939705423
10 3 14 83485813
10 3 15 83485813
10 4 0 0
10 4 1 0
10 4 2 0
10 4 3 0
10 4 4 337604063
10 4 5 68903753
10 4 6 377483059
10 4 7 655293260
10 4 8 483277887
10 4 9 282209245
10 4 10 784408235
10 4 11 456750872
10 4 12 927155067
10 4 13 939433737
10 4 14 265947967
10 4 15 565526074
10 5 0 0
10 5 1 0
10 5 2 0
10 5 3 947611040
10 5 4 68903753
10 5 5 501250003
10 5 6 474489143
10 5 7 957973614
10 5 8 241983871
10 5 9 996779934
10 5 10 67826964
10 5 11 608636167
10 5 12 463481327
10 5 13 425877401
10 5 14 648877445
10 5 15 493470302
10 6 0 0
10 6 1 0
10 6 2 600757895
10 6 3 107237696
10 6 4 377483059
10 6 5 474489143
10 6 6 149456611
10 6 7 632887339
10 6 8 632580337
10 6 9 771000571
10 6 10 31068561
10 6 11 444401434
10 6 12 21167495
10 6 13 744287247
10 6 14 500690597
10 6 15 302953362
10 7 0 0
10 7 1 273779152
10 7 2 972461909
10 7 3 322211007
10 7 4 655293260
10 7 5 957973614
10 7 6 632887339
10 7 7 14918868
10 7 8 688853032
10 7 9 424000724
10 7 10 977111400
10 7 11 456854913
10 7 12 250084872
10 7 13 764636615
10 7 14 1909785
10 7 15 940829517
10 8 0 294967268
10 8 1 993300020
10 8 2 556199051
10 8 3 247086246
10 8 4 483277887
10 8 5 241983871
10 8 6 632580337
10 8 7 688853032
10 8 8 289169763
10 8 9 404624329
10 8 10 558406077
10 8 11 64727315
10 8 12 1428069
10 8 13 44973009
10 8 14 268809868
10 8 15 741747221
10 9 0 719476260
10 9 1 679074687
10 9 2 559417040
10 9 3 142162714
10 9 4 282209245
10 9 5 996779934
10 9 6 771000571
10 9 7 424000724
10 9 8 404624329
10 9 9 463885644
10 9 10 950940408
10 9 11 256357579
10 9 12 223932599
10 9 13 933068708
10 9 14 928916561
10 9 15 655411373
10 10 0 316857532
10 10 1 403463116
10 10 2 66895738
10 10 3 43867307
10 10 4 784408235
10 10 5 67826964
10 10 6 31068561
10 10 7 977111400
10 10 8 558406077
10 10 9 950940408
10 10 10 86675653
10 10 11 218119992
10 10 12 117297819
10 10 13 31176629
10 10 14 863752518
10 10 15 504829362
10 11 0 511620083
10 11 1 709786431
10 11 2 242129576
10 11 3 230106676
10 11 4 456750872
10 11 5 608636167
10 11 6 444401434
10 11 7 456854913
10 11 8 64727315
10 11 9 256357579
10 11 10 218119992
10 11 11 114801334
10 11 12 348541590
10 11 13 504147796
10 11 14 869670203
10 11 15 485811068
10 12 0 511620083
10 12 1 577017074
10 12 2 839026333
10 12 3 190999560
10 12 4 927155067
10 12 5 463481327
10 12 6 21167495
10 12 7 250084872
10 12 8 1428069
10 12 9 223932599
10 12 10 117297819
10 12 11 348541590
10 12 12 687216052
10 12 13 5453972
10 12 14 610243305
10 12 15 56971318
10 13 0 0
10 13 1 577017074
10 13 2 773599476
10 13 3 939705423
10 13 4 939433737
10 13 5 425877401
10 13 6 744287247
10 13 7 764636615
10 13 8 44973009
10 13 9 933068708
10 13 10 31176629
10 13 11 504147796
10 13 12 5453972
10 13 13 799339741
10 13 14 125568307
10 13 15 204004910
10 14 0 0
10 14 1 0
10 14 2 773599476
10 14 3 83485813
10 14 4 265947967
10 14 5 648877445
10 14 6 500690597
10 14 7 1909785
10 14 8 268809868
10 14 9 928916561
10 14 10 863752518
10 14 11 869670203
10 14 12 610243305
10 14 13 125568307
10 14 14 869409875
10 14 15 233999737
10 15 0 0
10 15 1 0
10 15 2 0
10 15 3 83485813
10 15 4 565526074
10 15 5 493470302
10 15 6 302953362
10 15 7 940829517
10 15 8 741747221
10 15 9 655411373
10 15 10 504829362
10 15 11 485811068
10 15 12 56971318
10 15 13 204004910
10 15 14 233999737
10 15 15 879161398
11 0 0 0
11 0 1 0
11 0 2 0
11 0 3 0
11 0 4 0
11 0 5 0
11 0 6 0
11 0 7 0
11 0 8 0
11 0 9 719476260
11 0 10 511620083
11 0 11 69720477
11 0 12 185921272
11 0 13 185921272
11 0 14 0
11 0 15 0
11 1 0 0
11 1 1 0
11 1 2 0
11 1 3 0
11 1 4 0
11 1 5 0
11 1 6 0
11 1 7 0
11 1 8 993300020
11 1 9 146427053
11 1 10 709786431
11 1 11 351582847
11 1 12 587865655
11 1 13 471786763
11 1 14 471786763
11 1 15 0
11 2 0 0
11 2 1 0
11 2 2 0
11 2 3 0
11 2 4 0
11 2 5 0
11 2 6 0
11 2 7 972461909
11 2 8 758093578
11 2 9 59874209
11 2 10 242129576
11 2 11 507701171
11 2 12 173738255
11 2 13 731080053
11 2 14 917411619
11 2 15 917411619
11 3 0 0
11 3 1 0
11 3 2 0
11 3 3 0
11 3 4 0
11 3 5 0
11 3 6 107237696
11 3 7 221113203
11 3 8 135055428
11 3 9 846578446
11 3 10 230106676
11 3 11 930705783
11 3 12 986505637
11 3 13 9587001
11 3 14 715423634
11 3 15 118407310
11 4 0 0
11 4 1 0
11 4 2 0
11 4 3 0
11 4 4 0
11 4 5 68903753
11 4 6 297614269
11 4 7 998561134
11 4 8 349720494
11 4 9 643521005
11 4 10 456750872
11 4 11 939333476
11 4 12 756365168
11 4 13 457230412
11 4 14 658568387
11 4 15 156674648
11 5 0 0
11 5 1 0
11 5 2 0
11 5 3 0
11 5 4 68903753
11 5 5 931805076
11 5 6 1147326
11 5 7 822640379
11 5 8 204211810
11 5 9 606175661
11 5 10 608636167
11 5 11 524847996
11 5 12 728936282
11 5 13 691460640
11 5 14 742027821
11 5 15 649946376
11 6 0 0
11 6 1 0
11 6 2 0
11 6 3 107237696
11 6 4 297614269
11 6 5 1147326
11 6 6 629951572
11 6 7 693412655
11 6 8 383822737
11 6 9 924040208
11 6 10 444401434
11 6 11 971337617
11 6 12 561101372
11 6 13 635542579
11 6 14 146154518
11 6 15 617932811
11 7 0 0
11 7 1 0
11 7 2 972461909
11 7 3 221113203
11 7 4 998561134
11 7 5 822640379
11 7 6 693412655
11 7 7 505067415
11 7 8 145188555
11 7 9 918911647
11 7 10 456854913
11 7 11 621175184
11 7 12 2436183
11 7 13 905980277
11 7 14 435933959
11 7 15 381738631
11 8 0 0
11 8 1 993300020
11 8 2 758093578
11 8 3 135055428
11 8 4 349720494
11 8 5 204211810
11 8 6 383822737
11 8 7 145188555
11 8 8 378637602
11 8 9 347582338
11 8 10 64727315
11 8 11 983978981
11 8 12 900777869
11 8 13 905275026
11 8 14 724217407
11 8 15 212241247
11 9 0 719476260
11 9 1 146427053
11 9 2 59874209
11 9 3 846578446
11 9 4 643521005
11 9 5 606175661
11 9 6 924040208
11 9 7 918911647
11 9 8 347582338
11 9 9 371161806
11 9 10 256357579
11 9 11 896245445
11 9 12 83047259
11 9 13 188384760
11 9 14 389341785
11 9 15 846141069
11 10 0 511620083
11 10 1 709786431
11 10 2 242129576
11 10 3 230106676
11 10 4 456750872
11 10 5 608636167
11 10 6 444401434
11 10 7 456854913
11 10 8 64727315
11 10 9 256357579
11 10 10 218119992
11 10 11 114801334
11 10 12 348541590
11 10 13 504147796
11 10 14 869670203
11 10 15 485811068
11 11 0 69720477
11 11 1 351582847
11 11 2 507701171
11 11 3 930705783
11 11 4 939333476
11 11 5 524847996
11 11 6 971337617
11 11 7 621175184
11 11 8 983978981
11 11 9 896245445
11 11 10 114801334
11 11 11 821656000
11 11 12 137775553
11 11 13 786035989
11 11 14 215182515
11 11 15 641023465
11 12 0 185921272
11 12 1 587865655
11 12 2 173738255
11 12 3 986505637
11 12 4 756365168
11 12 5 728936282
11 12 6 561101372
11 12 7 2436183
11 12 8 900777869
11 12 9 83047259
11 12 10 348541590
11 12 11 137775553
11 12 12 853172218
11 12 13 974496039
11 12 14 121252016
11 12 15 313626032
11 13 0 185921272
11 13 1 471786763
11 13 2 731080053
11 13 3 9587001
11 13 4 457230412
11 13 5 691460640
11 13 6 635542579
11 13 7 905980277
11 13 8 905275026
11 13 9 188384760
11 13 10 504147796
11 13 11 786035989
11 13 12 974496039
11 13 13 674004143
11 13 14 966631848
11 13 15 697696748
11 14 0 0
11 14 1 471786763
11 14 2 917411619
11 14 3 715423634
11 14 4 658568387
11 14 5 742027821
11 14 6 146154518
11 14 7 435933959
11 14 8 724217407
11 14 9 389341785
11 14 10 869670203
11 14 11 215182515
11 14 12 121252016
11 14 13 966631848
11 14 14 453888936
11 14 15 280001718
11 15 0 0
11 15 1 0
11 15 2 917411619
11 15 3 118407310
11 15 4 156674648
11 15 5 649946376
11 15 6 617932811
11 15 7 381738631
11 15 8 212241247
11 15 9 846141069
11 15 10 485811068
11 15 11 641023465
11 15 12 313626032
11 15 13 697696748
11 15 14 280001718
11 15 15 181598671
12 0 0 0
12 0 1 0
12 0 2 0
12 0 3 0
12 0 4 0
12 0 5 0
12 0 6 0
12 0 7 0
12 0 8 0
12 0 9 0
12 0 10 511620083
12 0 11 185921272
12 0 12 115527625
12 0 13 974740338
12 0 14 974740338
12 0 15 0
12 1 0 0
12 1 1 0
12 1 2 0
12 1 3 0
12 1 4 0
12 1 5 0
12 1 6 0
12 1 7 0
12 1 8 0
12 1 9 146427053
12 1 10 577017074
12 1 11 587865655
12 1 12 706643441
12 1 13 796853054
12 1 14 717155933
12 1 15 717155933
12 2 0 0
12 2 1 0
12 2 2 0
12 2 3 0
12 2 4 0
12 2 5 0
12 2 6 0
12 2 7 0
12 2 8 758093578
12 2 9 405892145
12 2 10 839026333
12 2 11 173738255
12 2 12 403468442
12 2 13 718533308
12 2 14 940691259
12 2 15 301041391
12 3 0 0
12 3 1 0
12 3 2 0
12 3 3 0
12 3 4 0
12 3 5 0
12 3 6 0
12 3 7 221113203
12 3 8 643114327
12 3 9 851499214
12 3 10 190999560
12 3 11 986505637
12 3 12 521310105
12 3 13 636992092
12 3 14 729329950
12 3 15 381773120
12 4 0 0
12 4 1 0
12 4 2 0
12 4 3 0
12 4 4 0
12 4 5 0
12 4 6 297614269
12 4 7 548531087
12 4 8 302175519
12 4 9 625823336
12 4 10 927155067
12 4 11 756365168
12 4 12 579244613
12 4 13 421121028
12 4 14 265969191
12 4 15 556724280
12 5 0 0
12 5 1 0
12 5 2 0
12 5 3 0
12 5 4 0
12 5 5 931805076
12 5 6 809393901
12 5 7 315070175
12 5 8 36848612
12 5 9 326856316
12 5 10 463481327
12 5 11 728936282
12 5 12 406361830
12 5 13 753462088
12 5 14 324311196
12 5 15 689072962
12 6 0 0
12 6 1 0
12 6 2 0
12 6 3 0
12 6 4 297614269
12 6 5 809393901
12 6 6 171671564
12 6 7 218175246
12 6 8 381818252
12 6 9 9473848
12 6 10 21167495
12 6 11 561101372
12 6 12 633423000
12 6 13 998975537
12 6 14 59685853
12 6 15 311059770
12 7 0 0
12 7 1 0
12 7 2 0
12 7 3 221113203
12 7 4 548531087
12 7 5 315070175
12 7 6 218175246
12 7 7 70594392
12 7 8 968544801
12 7 9 184519225
12 7 10 250084872
12 7 11 2436183
12 7 12 717183576
12 7 13 398921249
12 7 14 735666203
12 7 15 266640215
12 8 0 0
12 8 1 0
12 8 2 758093578
12 8 3 643114327
12 8 4 302175519
12 8 5 36848612
12 8 6 381818252
12 8 7 968544801
12 8 8 706807027
12 8 9 628264577
12 8 10 1428069
12 8 11 900777869
12 8 12 443600831
12 8 13 277733441
12 8 14 363417334
12 8 15 744800783
12 9 0 0
12 9 1 146427053
12 9 2 405892145
12 9 3 851499214
12 9 4 625823336
12 9 5 326856316
12 9 6 9473848
12 9 7 184519225
12 9 8 628264577
12 9 9 188393410
12 9 10 223932599
12 9 11 83047259
12 9 12 977949111
12 9 13 483377354
12 9 14 552905091
12 9 15 309078066
12 10 0 511620083
12 10 1 577017074
12 10 2 839026333
12 10 3 190999560
12 10 4 927155067
12 10 5 463481327
12 10 6 21167495
12 10 7 250084872
12 10 8 1428069
12 10 9 223932599
12 10 10 117297819
12 10 11 348541590
12 10 12 687216052
12 10 13 5453972
12 10 14 610243305
12 10 15 56971318
12 11 0 185921272
12 11 1 587865655
12 11 2 173738255
12 11 3 986505637
12 11 4 756365168
12 11 5 728936282
12 11 6 561101372
12 11 7 2436183
12 11 8 900777869
12 11 9 83047259
12 11 10 348541590
12 11 11 137775553
12 11 12 853172218
12 11 13 974496039
12 11 14 121252016
12 11 15 313626032
12 12 0 115527625
12 12 1 706643441
12 12 2 403468442
12 12 3 521310105
12 12 4 579244613
12 12 5 406361830
12 12 6 633423000
12 12 7 717183576
12 12 8 443600831
12 12 9 977949111
12 12 10 687216052
12 12 11 853172218
12 12 12 392749544
12 12 13 682366612
12 12 14 993334416
12 12 15 210549983
12 13 0 974740338
12 13 1 796853054
12 13 2 718533308
12 13 3 636992092
12 13 4 421121028
12 13 5 753462088
12 13 6 998975537
12 13 7 398921249
12 13 8 277733441
12 13 9 483377354
12 13 10 5453972
12 13 11 974496039
12 13 12 682366612
12 13 13 929068574
12 13 14 299683634
12 13 15 731475025
12 14 0 974740338
12 14 1 717155933
12 14 2 940691259
12 14 3 729329950
12 14 4 265969191
12 14 5 324311196
12 14 6 59685853
12 14 7 735666203
12 14 8 363417334
12 14 9 552905091
12 14 10 610243305
12 14 11 121252016
12 14 12 993334416
12 14 13 299683634
12 14 14 614398685
12 14 15 905216175
12 15 0 0
12 15 1 717155933
12 15 2 301041391
12 15 3 381773120
12 15 4 556724280
12 15 5 689072962
12 15 6 311059770
12 15 7 266640215
12 15 8 744800783
12 15 9 309078066
12 15 10 56971318
12 15 11 313626032
12 15 12 210549983
12 15 13 731475025
12 15 14 905216175
12 15 15 970057131
13 0 0 0
13 0 1 0
13 0 2 0
13 0 3 0
13 0 4 0
13 0 5 0
13 0 6 0
13 0 7 0
13 0 8 0
13 0 9 0
13 0 10 0
13 0 11 185921272
13 0 12 974740338
13 0 13 848441993
13 0 14 595845303
13 0 15 595845303
13 1 0 0
13 1 1 0
13 1 2 0
13 1 3 0
13 1 4 0
13 1 5 0
13 1 6 0
13 1 7 0
13 1 8 0
13 1 9 0
13 1 10 577017074
13 1 11 471786763
13 1 12 796853054
13 1 13 131200026
13 1 14 258893383
13 1 15 696081300
13 2 0 0
13 2 1 0
13 2 2 0
13 2 3 0
13 2 4 0
13 2 5 0
13 2 6 0
13 2 7 0
13 2 8 0
13 2 9 405892145
13 2 10 773599476
13 2 11 731080053
13 2 12 718533308
13 2 13 727733712
13 2 14 804097021
13 2 15 705938332
13 3 0 0
13 3 1 0
13 3 2 0
13 3 3 0
13 3 4 0
13 3 5 0
13 3 6 0
13 3 7 0
13 3 8 643114327
13 3 9 63768769
13 3 10 939705423
13 3 11 9587001
13 3 12 636992092
13 3 13 564981434
13 3 14 640836184
13 3 15 383802817
13 4 0 0
13 4 1 0
13 4 2 0
13 4 3 0
13 4 4 0
13 4 5 0
13 4 6 0
13 4 7 548531087
13 4 8 49010482
13 4 9 755729438
13 4 10 939433737
13 4 11 457230412
13 4 12 421121028
13 4 13 20230102
13 4 14 910874798
13 4 15 927568436
13 5 0 0
13 5 1 0
13 5 2 0
13 5 3 0
13 5 4 0
13 5 5 0
13 5 6 809393901
13 5 7 835214383
13 5 8 899531896
13 5 9 216396587
13 5 10 425877401
13 5 11 691460640
13 5 12 753462088
13 5 13 540915772
13 5 14 477080915
13 5 15 869994215
13 6 0 0
13 6 1 0
13 6 2 0
13 6 3 0
13 6 4 0
13 6 5 809393901
13 6 6 243947778
13 6 7 512386793
13 6 8 892262070
13 6 9 758311198
13 6 10 744287247
13 6 11 635542579
13 6 12 998975537
13 6 13 422622212
13 6 14 427778081
13 6 15 165959216
13 7 0 0
13 7 1 0
13 7 2 0
13 7 3 0
13 7 4 548531087
13 7 5 835214383
13 7 6 512386793
13 7 7 678754832
13 7 8 192501465
13 7 9 451737305
13 7 10 764636615
13 7 11 905980277
13 7 12 398921249
13 7 13 276113525
13 7 14 416245681
13 7 15 512669142
13 8 0 0
13 8 1 0
13 8 2 0
13 8 3 643114327
13 8 4 49010482
13 8 5 899531896
13 8 6 892262070
13 8 7 192501465
13 8 8 400888972
13 8 9 90720678
13 8 10 44973009
13 8 11 905275026
13 8 12 277733441
13 8 13 908519650
13 8 14 603609336
13 8 15 906284287
13 9 0 0
13 9 1 0
13 9 2 405892145
13 9 3 63768769
13 9 4 755729438
13 9 5 216396587
13 9 6 758311198
13 9 7 451737305
13 9 8 90720678
13 9 9 410208948
13 9 10 933068708
13 9 11 188384760
13 9 12 483377354
13 9 13 771449293
13 9 14 349504266
13 9 15 760389709
13 10 0 0
13 10 1 577017074
13 10 2 773599476
13 10 3 939705423
13 10 4 939433737
13 10 5 425877401
13 10 6 744287247
13 10 7 764636615
13 10 8 44973009
13 10 9 933068708
13 10 10 31176629
13 10 11 504147796
13 10 12 5453972
13 10 13 799339741
13 10 14 125568307
13 10 15 204004910
13 11 0 185921272
13 11 1 471786763
13 11 2 731080053
13 11 3 9587001
13 11 4 457230412
13 11 5 691460640
13 11 6 635542579
13 11 7 905980277
13 11 8 905275026
13 11 9 188384760
13 11 10 504147796
13 11 11 786035989
13 11 12 974496039
13 11 13 674004143
13 11 14 966631848
13 11 15 697696748
13 12 0 974740338
13 12 1 796853054
13 12 2 718533308
13 12 3 636992092
13 12 4 421121028
13 12 5 753462088
13 12 6 998975537
13 12 7 398921249
13 12 8 277733441
13 12 9 483377354
13 12 10 5453972
13 12 11 974496039
13 12 12 682366612
13 12 13 929068574
13 12 14 299683634
13 12 15 731475025
13 13 0 848441993
13 13 1 131200026
13 13 2 727733712
13 13 3 564981434
13 13 4 20230102
13 13 5 540915772
13 13 6 422622212
13 13 7 276113525
13 13 8 908519650
13 13 9 771449293
13 13 10 799339741
13 13 11 674004143
13 13 12 929068574
13 13 13 595291244
13 13 14 118612083
13 13 15 993669873
13 14 0 595845303
13 14 1 258893383
13 14 2 804097021
13 14 3 640836184
13 14 4 910874798
13 14 5 477080915
13 14 6 427778081
13 14 7 416245681
13 14 8 603609336
13 14 9 349504266
13 14 10 125568307
13 14 11 966631848
13 14 12 299683634
13 14 13 118612083
13 14 14 854762888
13 14 15 912938164
13 15 0 595845303
13 15 1 696081300
13 15 2 705938332
13 15 3 383802817
13 15 4 927568436
13 15 5 869994215
13 15 6 165959216
13 15 7 512669142
13 15 8 906284287
13 15 9 760389709
13 15 10 204004910
13 15 11 697696748
13 15 12 731475025
13 15 13 993669873
13 15 14 912938164
13 15 15 615163532
14 0 0 0
14 0 1 0
14 0 2 0
14 0 3 0
14 0 4 0
14 0 5 0
14 0 6 0
14 0 7 0
14 0 8 0
14 0 9 0
14 0 10 0
14 0 11 0
14 0 12 974740338
14 0 13 595845303
14 0 14 575071797
14 0 15 533524785
14 1 0 0
14 1 1 0
14 1 2 0
14 1 3 0
14 1 4 0
14 1 5 0
14 1 6 0
14 1 7 0
14 1 8 0
14 1 9 0
14 1 10 0
14 1 11 471786763
14 1 12 717155933
14 1 13 258893383
14 1 14 323300841
14 1 15 989577218
14 2 0 0
14 2 1 0
14 2 2 0
14 2 3 0
14 2 4 0
14 2 5 0
14 2 6 0
14 2 7 0
14 2 8 0
14 2 9 0
14 2 10 773599476
14 2 11 917411619
14 2 12 940691259
14 2 13 804097021
14 2 14 416694480
14 2 15 589724207
14 3 0 0
14 3 1 0
14 3 2 0
14 3 3 0
14 3 4 0
14 3 5 0
14 3 6 0
14 3 7 0
14 3 8 0
14 3 9 63768769
14 3 10 83485813
14 3 11 715423634
14 3 12 729329950
14 3 13 640836184
14 3 14 357479515
14 3 15 576019150
14 4 0 0
14 4 1 0
14 4 2 0
14 4 3 0
14 4 4 0
14 4 5 0
14 4 6 0
14 4 7 0
14 4 8 49010482
14 4 9 502497557
14 4 10 265947967
14 4 11 658568387
14 4 12 265969191
14 4 13 910874798
14 4 14 404193923
14 4 15 974247051
14 5 0 0
14 5 1 0
14 5 2 0
14 5 3 0
14 5 4 0
14 5 5 0
14 5 6 0
14 5 7 835214383
14 5 8 472274696
14 5 9 341209387
14 5 10 648877445
14 5 11 742027821
14 5 12 324311196
14 5 13 477080915
14 5 14 142336512
14 5 15 130973651
14 6 0 0
14 6 1 0
14 6 2 0
14 6 3 0
14 6 4 0
14 6 5 0
14 6 6 243947778
14 6 7 961796795
14 6 8 76957177
14 6 9 934832940
14 6 10 500690597
14 6 11 146154518
14 6 12 59685853
14 6 13 427778081
14 6 14 258418181
14 6 15 132252485
14 7 0 0
14 7 1 0
14 7 2 0
14 7 3 0
14 7 4 0
14 7 5 835214383
14 7 6 961796795
14 7 7 737355288
14 7 8 952919563
14 7 9 314305592
14 7 10 1909785
14 7 11 435933959
14 7 12 735666203
14 7 13 416245681
14 7 14 526949866
14 7 15 688221390
14 8 0 0
14 8 1 0
14 8 2 0
14 8 3 0
14 8 4 49010482
14 8 5 472274696
14 8 6 76957177
14 8 7 952919563
14 8 8 403709764
14 8 9 661180864
14 8 10 268809868
14 8 11 724217407
14 8 12 363417334
14 8 13 603609336
14 8 14 399252135
14 8 15 385245937
14 9 0 0
14 9 1 0
14 9 2 0
14 9 3 63768769
14 9 4 502497557
14 9 5 341209387
14 9 6 934832940
14 9 7 314305592
14 9 8 661180864
14 9 9 351611837
14 9 10 928916561
14 9 11 389341785
14 9 12 552905091
14 9 13 349504266
14 9 14 171649235
14 9 15 633864213
14 10 0 0
14 10 1 0
14 10 2 773599476
14 10 3 83485813
14 10 4 265947967
14 10 5 648877445
14 10 6 500690597
14 10 7 1909785
14 10 8 268809868
14 10 9 928916561
14 10 10 863752518
14 10 11 869670203
14 10 12 610243305
14 10 13 125568307
14 10 14 869409875
14 10 15 233999737
14 11 0 0
14 11 1 471786763
14 11 2 917411619
14 11 3 715423634
14 11 4 658568387
14 11 5 742027821
14 11 6 146154518
14 11 7 435933959
14 11 8 724217407
14 11 9 389341785
14 11 10 869670203
14 11 11 215182515
14 11 12 121252016
14 11 13 966631848
14 11 14 453888936
14 11 15 280001718
14 12 0 974740338
14 12 1 717155933
14 12 2 940691259
14 12 3 729329950
14 12 4 265969191
14 12 5 324311196
14 12 6 59685853
14 12 7 735666203
14 12 8 363417334
14 12 9 552905091
14 12 10 610243305
14 12 11 121252016
14 12 12 993334416
14 12 13 299683634
14 12 14 614398685
14 12 15 905216175
14 13 0 595845303
14 13 1 258893383
14 13 2 804097021
14 13 3 640836184
14 13 4 910874798
14 13 5 477080915
14 13 6 427778081
14 13 7 416245681
14 13 8 603609336
14 13 9 349504266
14 13 10 125568307
14 13 11 966631848
14 13 12 299683634
14 13 13 118612083
14 13 14 854762888
14 13 15 912938164
14 14 0 575071797
14 14 1 323300841
14 14 2 416694480
14 14 3 357479515
14 14 4 404193923
14 14 5 142336512
14 14 6 258418181
14 14 7 526949866
14 14 8 399252135
14 14 9 171649235
14 14 10 869409875
14 14 11 453888936
14 14 12 614398685
14 14 13 854762888
14 14 14 592906987
14 14 15 352285402
14 15 0 533524785
14 15 1 989577218
14 15 2 589724207
14 15 3 576019150
14 15 4 974247051
14 15 5 130973651
14 15 6 132252485
14 15 7 688221390
14 15 8 385245937
14 15 9 633864213
14 15 10 233999737
14 15 11 280001718
14 15 12 905216175
14 15 13 912938164
14 15 14 352285402
14 15 15 665810615
15 0 0 0
15 0 1 0
15 0 2 0
15 0 3 0
15 0 4 0
15 0 5 0
15 0 6 0
15 0 7 0
15 0 8 0
15 0 9 0
15 0 10 0
15 0 11 0
15 0 12 0
15 0 13 595845303
15 0 14 533524785
15 0 15 201148689
15 1 0 0
15 1 1 0
15 1 2 0
15 1 3 0
15 1 4 0
15 1 5 0
15 1 6 0
15 1 7 0
15 1 8 0
15 1 9 0
15 1 10 0
15 1 11 0
15 1 12 717155933
15 1 13 696081300
15 1 14 989577218
15 1 15 353375694
15 2 0 0
15 2 1 0
15 2 2 0
15 2 3 0
15 2 4 0
15 2 5 0
15 2 6 0
15 2 7 0
15 2 8 0
15 2 9 0
15 2 10 0
15 2 11 917411619
15 2 12 301041391
15 2 13 705938332
15 2 14 589724207
15 2 15 851888472
15 3 0 0
15 3 1 0
15 3 2 0
15 3 3 0
15 3 4 0
15 3 5 0
15 3 6 0
15 3 7 0
15 3 8 0
15 3 9 0
15 3 10 83485813
15 3 11 118407310
15 3 12 381773120
15 3 13 383802817
15 3 14 576019150
15 3 15 468883736
15 4 0 0
15 4 1 0
15 4 2 0
15 4 3 0
15 4 4 0
15 4 5 0
15 4 6 0
15 4 7 0
15 4 8 0
15 4 9 502497557
15 4 10 565526074
15 4 11 156674648
15 4 12 556724280
15 4 13 927568436
15 4 14 974247051
15 4 15 237086869
15 5 0 0
15 5 1 0
15 5 2 0
15 5 3 0
15 5 4 0
15 5 5 0
15 5 6 0
15 5 7 0
15 5 8 472274696
15 5 9 349210646
15 5 10 493470302
15 5 11 649946376
15 5 12 689072962
15 5 13 869994215
15 5 14 130973651
15 5 15 734010692
15 6 0 0
15 6 1 0
15 6 2 0
15 6 3 0
15 6 4 0
15 6 5 0
15 6 6 0
15 6 7 961796795
15 6 8 988156826
15 6 9 960274608
15 6 10 302953362
15 6 11 617932811
15 6 12 311059770
15 6 13 165959216
15 6 14 132252485
15 6 15 198833260
15 7 0 0
15 7 1 0
15 7 2 0
15 7 3 0
15 7 4 0
15 7 5 0
15 7 6 961796795
15 7 7 99394944
15 7 8 323452270
15 7 9 637950673
15 7 10 940829517
15 7 11 381738631
15 7 12 266640215
15 7 13 512669142
15 7 14 688221390
15 7 15 934092434
15 8 0 0
15 8 1 0
15 8 2 0
15 8 3 0
15 8 4 0
15 8 5 472274696
15 8 6 988156826
15 8 7 323452270
15 8 8 259120685
15 8 9 832018619
15 8 10 741747221
15 8 11 212241247
15 8 12 744800783
15 8 13 906284287
15 8 14 385245937
15 8 15 827721247
15 9 0 0
15 9 1 0
15 9 2 0
15 9 3 0
15 9 4 502497557
15 9 5 349210646
15 9 6 960274608
15 9 7 637950673
15 9 8 832018619
15 9 9 62341082
15 9 10 655411373
15 9 11 846141069
15 9 12 309078066
15 9 13 760389709
15 9 14 633864213
15 9 15 78050795
15 10 0 0
15 10 1 0
15 10 2 0
15 10 3 83485813
15 10 4 565526074
15 10 5 493470302
15 10 6 302953362
15 10 7 940829517
15 10 8 741747221
15 10 9 655411373
15 10 10 504829362
15 10 11 485811068
15 10 12 56971318
15 10 13 204004910
15 10 14 233999737
15 10 15 879161398
15 11 0 0
15 11 1 0
15 11 2 917411619
15 11 3 118407310
15 11 4 156674648
15 11 5 649946376
15 11 6 617932811
15 11 7 381738631
15 11 8 212241247
15 11 9 846141069
15 11 10 485811068
15 11 11 641023465
15 11 12 313626032
15 11 13 697696748
15 11 14 280001718
15 11 15 181598671
15 12 0 0
15 12 1 717155933
15 12 2 301041391
15 12 3 381773120
15 12 4 556724280
15 12 5 689072962
15 12 6 311059770
15 12 7 266640215
15 12 8 744800783
15 12 9 309078066
15 12 10 56971318
15 12 11 313626032
15 12 12 210549983
15 12 13 731475025
15 12 14 905216175
15 12 15 970057131
15 13 0 595845303
15 13 1 696081300
15 13 2 705938332
15 13 3 383802817
15 13 4 927568436
15 13 5 869994215
15 13 6 165959216
15 13 7 512669142
15 13 8 906284287
15 13 9 760389709
15 13 10 204004910
15 13 11 697696748
15 13 12 731475025
15 13 13 993669873
15 13 14 912938164
15 13 15 615163532
15 14 0 533524785
15 14 1 989577218
15 14 2 589724207
15 14 3 576019150
15 14 4 974247051
15 14 5 130973651
15 14 6 132252485
15 14 7 688221390
15 14 8 385245937
15 14 9 633864213
15 14 10 233999737
15 14 11 280001718
15 14 12 905216175
15 14 13 912938164
15 14 14 352285402
15 14 15 665810615
15 15 0 201148689
15 15 1 353375694
15 15 2 851888472
15 15 3 468883736
15 15 4 237086869
15 15 5 734010692
15 15 6 198833260
15 15 7 934092434
15 15 8 827721247
15 15 9 78050795
15 15 10 879161398
15 15 11 181598671
15 15 12 970057131
15 15 13 615163532
15 15 14 665810615
15 15 15 953772965
72
16
94
