4 5 6 7 8 8 8 9 9 9
3 4 5 6 7 7 7 8 8 8
3 4 5 6 7 7 7 8 8 8 9 9 9
3 4 5 6 6 6 7 8 8 8 9 9 9
3 3 3 4 5 6 7 8 8 8
3 3 3 4 5 5 5 6 7 8 9 9 9
2 3 4 5 6 7 8 9 9 9
2 3 4 5 6 7 7 8 8 8 9 9 9
2 3 4 5 6 6 6 7 7 7
2 3 4 5 6 6 6 7 7 7 9 9 9
2 3 4 5 6 6 6 7 7 7 8 8 8
2 3 4 5 6 6 6 7 7 7 8 8 8 9 9 9
2 3 4 5 5 5 6 7 7 7 8 8 8
2 3 4 5 5 5 6 7 7 7 8 8 8 9 9 9
2 3 4 4 5 6 7 8 8 8
2 3 4 4 5 5 5 6 7 8 9 9 9
2 3 3 4 4 5 5 6 7 7 8 8 8 9 9 9
2 2 2 4 5 6 7 8 8 8 9 9 9
2 2 2 3 4 5 6 7 7 7
2 2 2 3 4 5 6 7 7 7 9 9 9
2 2 2 3 4 5 6 6 6 7 8 8 8 9 9 9
2 2 2 3 4 4 4 5 6 7 8 8 8
2 2 2 3 4 4 4 5 6 7 8 8 8 9 9 9
2 2 2 3 3 3 4 5 6 7 8 8 8
2 2 2 3 3 3 4 5 5 5 6 7 8 9 9 9
1 2 3 4 5 6 7 8 8 8
1 2 3 4 5 5 5 6 7 8 9 9 9
1 2 3 3 4 5 6 7 7 7 8 8 8
1 2 3 3 4 5 6 7 7 7 8 8 8 9 9 9
1 2 3 3 4 5 6 6 6 7 8 8 8 9 9 9
1 2 3 3 4 4 5 5 6 7 8 8 8 9 9 9
1 2 3 3 4 4 5 5 6 6 7 7 8 9 9 9
1 2 2 3 3 4 4 5 6 7 8 8 8 9 9 9
1 1 1 4 5 6 7 8 8 8 9 9 9
1 1 1 3 4 5 6 7 7 7 8 8 8
1 1 1 3 4 5 6 7 7 7 8 8 8 9 9 9
1 1 1 3 4 5 6 6 6 7 8 8 8 9 9 9
1 1 1 3 3 3 4 5 6 7 8 8 8
1 1 1 3 3 3 4 5 5 5 6 7 8 9 9 9
1 1 1 2 3 4 5 6 7 8 9 9 9
1 1 1 2 3 4 5 6 7 7 8 8 8 9 9 9
1 1 1 2 3 4 5 6 6 6 7 7 7
1 1 1 2 3 4 5 6 6 6 7 7 7 9 9 9
1 1 1 2 3 4 5 6 6 6 7 7 7 8 8 8
1 1 1 2 3 4 5 6 6 6 7 7 7 8 8 8 9 9 9
1 1 1 2 3 4 5 5 5 6 7 7 7 8 8 8
1 1 1 2 3 4 5 5 5 6 7 7 7 8 8 8 9 9 9
1 1 1 2 3 4 4 5 6 7 8 8 8
1 1 1 2 3 4 4 5 5 5 6 7 8 9 9 9
1 1 1 2 3 3 4 4 5 5 6 7 7 8 8 8 9 9 9
1 1 1 2 2 2 4 5 6 7 8 8 8 9 9 9
1 1 1 2 2 2 3 4 5 6 7 7 7
1 1 1 2 2 2 3 4 5 6 7 7 7 9 9 9
1 1 1 2 2 2 3 4 5 6 6 6 7 8 8 8 9 9 9
1 1 1 2 2 2 3 4 4 4 5 6 7 8 8 8
1 1 1 2 2 2 3 4 4 4 5 6 7 8 8 8 9 9 9
1 1 1 2 2 2 3 3 3 4 5 6 7 8 8 8
1 1 1 2 2 2 3 3 3 4 5 5 5 6 7 8 9 9 9
