1 1 0
2 1 0
3 1 3
4 0 0
5 1 0
6 0 3
7 1 6
8 0 0
9 0 12
10 0 0
11 1 9
12 0 3
13 1 6
14 0 6
15 0 15
16 0 0
17 1 9
18 0 12
19 1 15
20 0 0
21 0 33
22 0 9
23 1 18
24 0 3
25 0 12
26 0 6
27 0 39
28 0 6
29 1 18
30 0 15
31 1 24
32 0 0
33 0 48
34 0 9
35 0 30
36 0 12
37 1 24
38 0 15
39 0 45
40 0 0
41 1 27
42 0 33
43 1 33
44 0 9
45 0 60
46 0 18
47 1 36
48 0 3
49 0 48
50 0 12
51 0 60
52 0 6
53 1 36
54 0 39
55 0 45
56 0 6
57 0 78
58 0 18
59 1 45
60 0 15
61 1 42
62 0 24
63 0 114
64 0 0
65 0 36
66 0 48
67 1 51
68 0 9
69 0 93
70 0 30
71 1 54
72 0 12
73 1 51
74 0 24
75 0 87
76 0 15
77 0 87
78 0 45
79 1 60
80 0 0
81 0 120
82 0 27
83 1 63
84 0 33
85 0 51
86 0 33
87 0 105
88 0 9
89 1 63
90 0 60
91 0 84
92 0 18
93 0 123
94 0 36
95 0 75
96 0 3
97 1 69
98 0 48
99 0 165
100 0 12
101 1 72
102 0 60
103 1 78
104 0 6
105 0 165
106 0 36
107 1 81
108 0 39
109 1 78
