1 1 0
2 1 0
3 1 3
4 0 0
5 1 0
6 0 3
7 1 6
8 0 0
9 0 12
10 0 0
11 1 9
12 0 3
13 1 6
14 0 6
15 0 15
16 0 0
17 1 9
18 0 12
19 1 15
20 0 0
21 0 33
22 0 9
23 1 18
24 0 3
25 0 12
26 0 6
27 0 39
28 0 6
29 1 18
30 0 15
31 1 24
32 0 0
33 0 48
34 0 9
35 0 30
36 0 12
37 1 24
38 0 15
39 0 45
40 0 0
41 1 27
42 0 33
43 1 33
44 0 9
45 0 60
46 0 18
47 1 36
48 0 3
49 0 48
50 0 12
51 0 60
52 0 6
53 1 36
54 0 39
55 0 45
56 0 6
57 0 78
58 0 18
59 1 45
60 0 15
61 1 42
62 0 24
63 0 114
64 0 0
65 0 36
66 0 48
67 1 51
68 0 9
69 0 93
70 0 30
71 1 54
72 0 12
73 1 51
74 0 24
75 0 87
76 0 15
77 0 87
78 0 45
79 1 60
80 0 0
81 0 120
82 0 27
83 1 63
84 0 33
85 0 51
86 0 33
87 0 105
88 0 9
89 1 63
90 0 60
91 0 84
92 0 18
93 0 123
94 0 36
95 0 75
96 0 3
97 1 69
98 0 48
99 0 165
100 0 12
101 1 72
102 0 60
103 1 78
104 0 6
105 0 165
106 0 36
107 1 81
108 0 39
109 1 78
110 0 45
111 0 135
112 0 6
113 1 81
114 0 78
115 0 90
116 0 18
117 0 162
118 0 45
119 0 111
120 0 15
121 0 108
122 0 42
123 0 150
124 0 24
125 0 84
126 0 114
127 1 96
128 0 0
129 0 168
130 0 36
131 1 99
132 0 48
133 0 141
134 0 51
135 0 195
136 0 9
137 1 99
138 0 93
139 1 105
140 0 30
141 0 183
142 0 54
143 0 123
144 0 12
145 0 96
146 0 51
147 0 243
148 0 24
149 1 108
150 0 87
151 1 114
152 0 15
153 0 213
154 0 87
155 0 120
156 0 45
157 1 114
158 0 60
159 0 195
160 0 0
161 0 168
162 0 120
163 1 123
164 0 27
165 0 240
166 0 63
167 1 126
168 0 33
169 0 120
170 0 51
171 0 267
172 0 33
173 1 126
174 0 105
175 0 162
176 0 9
177 0 228
178 0 63
179 1 135
180 0 60
181 1 132
182 0 84
183 0 225
184 0 18
185 0 126
186 0 123
187 0 162
188 0 36
189 0 357
190 0 75
191 1 144
192 0 3
193 1 141
194 0 69
195 0 231
196 0 48
197 1 144
198 0 165
199 1 150
200 0 12
201 0 258
202 0 72
203 0 192
204 0 60
205 0 141
206 0 78
207 0 318
208 0 6
209 0 204
210 0 165
211 1 159
212 0 36
213 0 273
214 0 81
215 0 165
216 0 39
217 0 222
218 0 78
219 0 270
220 0 45
221 0 153
222 0 135
223 1 168
224 0 6
225 0 312
226 0 81
227 1 171
228 0 78
229 1 168
230 0 90
231 0 438
232 0 18
233 1 171
234 0 162
235 0 180
236 0 45
237 0 303
238 0 111
239 1 180
240 0 15
241 1 177
242 0 108
243 0 363
244 0 42
245 0 240
246 0 150
247 0 201
248 0 24
249 0 318
250 0 84
251 1 189
252 0 114
253 0 243
254 0 96
255 0 306
256 0 0
257 1 189
258 0 168
259 0 246
260 0 36
261 0 366
262 0 99
263 1 198
264 0 48
265 0 186
266 0 141
267 0 330
268 0 51
269 1 198
270 0 195
271 1 204
272 0 9
273 0 435
274 0 99
275 0 237
276 0 93
277 1 204
278 0 105
279 0 420
280 0 30
281 1 207
282 0 183
283 1 213
284 0 54
285 0 390
286 0 123
287 0 273
288 0 12
289 0 210
290 0 96
291 0 360
292 0 51
293 1 216
294 0 243
295 0 225
296 0 24
297 0 516
298 0 108
299 0 240
300 0 87
301 0 303
302 0 114
303 0 375
304 0 15
305 0 216
306 0 213
307 1 231
308 0 87
309 0 393
310 0 120
311 1 234
312 0 45
313 1 231
314 0 114
315 0 570
316 0 60
317 1 234
318 0 195
319 0 279
320 0 0
321 0 408
322 0 168
323 0 264
324 0 120
325 0 222
326 0 123
327 0 405
328 0 27
329 0 330
330 0 240
331 1 249
332 0 63
333 0 468
334 0 126
335 0 255
336 0 33
337 1 249
338 0 120
339 0 420
340 0 51
341 0 321
342 0 267
343 0 342
344 0 33
345 0 465
346 0 126
347 1 261
348 0 105
349 1 258
350 0 162
351 0 513
352 0 9
353 1 261
354 0 228
355 0 270
356 0 63
357 0 570
358 0 135
359 1 270
360 0 60
361 0 300
362 0 132
363 0 543
364 0 84
365 0 261
366 0 225
367 1 276
368 0 18
369 0 519
370 0 126
371 0 354
372 0 123
373 1 276
374 0 162
375 0 459
376 0 36
377 0 270
378 0 357
379 1 285
380 0 75
381 0 483
382 0 144
383 1 288
384 0 3
385 0 435
386 0 141
387 0 573
388 0 69
389 1 288
390 0 231
391 0 315
392 0 48
393 0 498
394 0 144
395 0 300
396 0 165
397 1 294
398 0 150
399 0 708
400 0 12
401 1 297
402 0 258
403 0 318
404 0 72
405 0 600
406 0 192
407 0 357
408 0 60
409 1 303
410 0 141
411 0 510
412 0 78
413 0 411
414 0 318
415 0 315
416 0 6
417 0 528
418 0 204
419 1 315
420 0 165
421 1 312
422 0 159
423 0 624
424 0 36
425 0 297
426 0 273
427 0 408
428 0 81
429 0 630
430 0 165
431 1 324
432 0 39
433 1 321
434 0 222
435 0 531
436 0 78
437 0 393
438 0 270
439 1 330
440 0 45
441 0 828
442 0 153
443 1 333
444 0 135
445 0 321
446 0 168
447 0 555
448 0 6
449 1 333
450 0 312
451 0 396
452 0 81
453 0 573
454 0 171
455 0 426
456 0 78
457 1 339
458 0 168
459 0 672
460 0 90
461 1 342
462 0 438
463 1 348
464 0 18
465 0 615
466 0 171
467 1 351
468 0 162
469 0 465
470 0 180
471 0 585
472 0 45
473 0 438
474 0 303
475 0 387
476 0 111
477 0 672
478 0 180
479 1 360
480 0 15
481 0 348
482 0 177
483 0 843
484 0 108
485 0 351
486 0 363
487 1 366
488 0 42
489 0 618
490 0 240
491 1 369
492 0 150
493 0 357
494 0 201
495 0 825
496 0 24
497 0 492
498 0 318
499 1 375
500 0 84
501 0 633
502 0 189
503 1 378
504 0 114
505 0 366
506 0 243
507 0 627
508 0 96
509 1 378
510 0 306
511 0 489
512 0 0
513 0 834
514 0 189
515 0 390
516 0 168
517 0 477
518 0 246
519 0 645
520 0 36
521 1 387
522 0 366
523 1 393
524 0 99
525 0 837
526 0 198
527 0 417
528 0 48
529 0 432
530 0 186
531 0 777
532 0 141
533 0 387
534 0 330
535 0 405
536 0 51
537 0 678
538 0 198
539 0 633
540 0 195
541 1 402
542 0 204
543 0 675
544 0 9
545 0 396
546 0 435
547 1 411
548 0 99
549 0 774
550 0 237
551 0 453
552 0 93
553 0 546
554 0 204
555 0 681
556 0 105
557 1 414
558 0 420
559 0 435
560 0 30
561 0 825
562 0 207
563 1 423
564 0 183
565 0 411
566 0 213
567 0 1086
568 0 54
569 1 423
570 0 390
571 1 429
572 0 123
573 0 723
574 0 273
575 0 462
576 0 12
577 1 429
578 0 210
579 0 720
580 0 96
581 0 573
582 0 360
583 0 513
584 0 51
585 0 816
586 0 216
587 1 441
588 0 243
589 0 519
590 0 225
591 0 735
592 0 24
593 1 441
594 0 516
595 0 561
596 0 108
597 0 753
598 0 240
599 1 450
600 0 87
601 1 447
602 0 303
603 0 879
604 0 114
605 0 540
606 0 375
607 1 456
608 0 15
609 0 975
610 0 216
611 0 474
612 0 213
613 1 456
614 0 231
615 0 756
616 0 87
617 1 459
618 0 393
619 1 465
620 0 120
621 0 993
622 0 234
623 0 597
624 0 45
625 0 456
626 0 231
627 0 1023
628 0 114
629 0 459
630 0 570
631 1 474
632 0 60
633 0 798
634 0 234
635 0 480
636 0 195
637 0 630
638 0 279
639 0 930
640 0 0
641 1 477
642 0 408
643 1 483
644 0 168
645 0 840
646 0 264
647 1 486
648 0 120
649 0 594
650 0 222
651 0 1113
652 0 123
653 1 486
654 0 405
655 0 495
656 0 27
657 0 927
658 0 330
659 1 495
660 0 240
661 1 492
662 0 249
663 0 816
664 0 63
665 0 705
666 0 468
667 0 540
668 0 126
669 0 843
670 0 255
671 0 591
672 0 33
673 1 501
674 0 249
675 0 987
676 0 120
677 1 504
678 0 420
679 0 651
680 0 51
681 0 858
682 0 321
683 1 513
684 0 267
685 0 501
686 0 342
687 0 855
688 0 33
689 0 504
690 0 465
691 1 519
692 0 126
693 0 1491
694 0 261
695 0 525
696 0 105
697 0 510
698 0 258
699 0 870
700 0 162
701 1 522
702 0 513
703 0 579
704 0 9
705 0 915
706 0 261
707 0 678
708 0 228
709 1 528
710 0 270
711 0 1032
712 0 63
713 0 618
714 0 570
715 0 621
716 0 135
717 0 903
718 0 270
719 1 540
720 0 60
721 0 708
722 0 300
723 0 900
724 0 132
725 0 522
726 0 543
727 1 546
728 0 84
729 0 1092
730 0 261
731 0 570
732 0 225
733 1 546
734 0 276
735 0 1215
736 0 18
737 0 672
738 0 519
739 1 555
740 0 126
741 0 1020
742 0 354
743 1 558
744 0 123
745 0 546
746 0 276
747 0 1083
748 0 162
749 0 735
750 0 459
751 1 564
752 0 36
753 0 948
754 0 270
755 0 570
756 0 357
757 1 564
758 0 285
759 0 1218
760 0 75
761 1 567
762 0 483
763 0 732
764 0 144
765 0 1071
766 0 288
767 0 591
768 0 3
769 1 573
770 0 435
771 0 960
772 0 141
773 1 576
774 0 573
775 0 612
776 0 69
777 0 1245
778 0 288
779 0 642
780 0 231
781 0 711
782 0 315
783 0 1149
784 0 48
785 0 576
786 0 498
787 1 591
788 0 144
789 0 993
790 0 300
791 0 759
792 0 165
793 0 582
794 0 294
795 0 981
796 0 150
797 1 594
798 0 708
799 0 621
800 0 12
801 0 1131
802 0 297
803 0 708
804 0 258
805 0 840
806 0 318
807 0 1005
808 0 72
809 1 603
810 0 600
811 1 609
812 0 192
813 0 1023
814 0 357
815 0 615
816 0 60
817 0 708
818 0 303
819 0 1488
820 0 141
821 1 612
822 0 510
823 1 618
824 0 78
825 0 1212
826 0 411
827 1 621
828 0 318
829 1 618
830 0 315
831 0 1035
832 0 6
833 0 825
834 0 528
835 0 630
836 0 204
837 0 1311
838 0 315
839 1 630
840 0 165
841 0 624
842 0 312
843 0 1050
844 0 159
845 0 612
846 0 624
847 0 978
848 0 36
849 0 1068
850 0 297
851 0 690
852 0 273
853 1 636
854 0 408
855 0 1335
856 0 81
857 1 639
858 0 630
859 1 645
860 0 165
861 0 1380
862 0 324
863 1 648
864 0 39
865 0 636
866 0 321
867 0 1077
868 0 222
869 0 789
870 0 531
871 0 669
872 0 78
873 0 1233
874 0 393
875 0 834
876 0 270
877 1 654
878 0 330
879 0 1095
880 0 45
881 1 657
882 0 828
883 1 663
884 0 153
885 0 1140
886 0 333
887 1 666
888 0 135
889 0 870
890 0 321
891 0 1569
892 0 168
893 0 771
894 0 555
895 0 675
896 0 6
897 0 1215
898 0 333
899 0 714
900 0 312
901 0 663
902 0 396
903 0 1518
904 0 81
905 0 666
906 0 573
907 1 681
908 0 171
909 0 1284
910 0 426
911 1 684
912 0 78
913 0 828
914 0 339
915 0 1131
916 0 168
917 0 897
918 0 672
919 1 690
920 0 90
921 0 1158
922 0 342
923 0 708
924 0 438
925 0 672
926 0 348
927 0 1338
928 0 18
929 1 693
930 0 615
931 0 1023
932 0 171
933 0 1173
934 0 351
935 0 816
936 0 162
937 1 699
938 0 465
939 0 1170
940 0 180
941 1 702
942 0 585
943 0 765
944 0 45
945 0 1785
946 0 438
947 1 711
948 0 303
949 0 699
950 0 387
951 0 1185
952 0 111
953 1 711
954 0 672
955 0 720
956 0 180
957 0 1410
958 0 360
959 0 921
960 0 15
961 0 768
962 0 348
963 0 1389
964 0 177
965 0 711
966 0 843
967 1 726
968 0 108
969 0 1335
970 0 351
971 1 729
972 0 363
973 0 951
974 0 366
975 0 1197
976 0 42
977 1 729
978 0 618
979 0 864
980 0 240
981 0 1386
982 0 369
983 1 738
984 0 150
985 0 726
986 0 357
987 0 1653
988 0 201
989 0 843
990 0 825
991 1 744
992 0 24
993 0 1248
994 0 492
995 0 750
996 0 318
997 1 744
998 0 375
999 0 1467
1000 0 84
1001 0 1137
1002 0 633
1003 0 774
1004 0 189
1005 0 1290
1006 0 378
1007 0 831
1008 0 114
1009 1 753
