1 1 0
2 1 0
3 1 6
4 0 3
5 1 9
6 0 6
7 1 9
8 0 3
9 0 15
10 0 9
11 1 12
12 0 6
13 1 15
14 0 9
15 0 24
16 0 3
17 1 18
18 0 15
19 1 18
20 0 9
21 0 36
22 0 12
23 1 21
24 0 6
25 0 27
26 0 15
27 0 42 
28 0 9
29 1 27
30 0 24
31 1 27
32 0 3
33 0 51
34 0 18
35 0 39
36 0 15
37 1 33
38 0 18
39 0 54
40 0 9
41 1 36
42 0 36
43 1 36
44 0 12
45 0 69
46 0 21
47 1 39
48 0 6
49 0 51
50 0 27
51 0 69
52 0 15
53 1 45
54 0 42
55 0 54
56 0 9
57 0 81
58 0 27
59 1 48
60 0 24
61 1 51
62 0 27
63 0 117
64 0 3
65 0 63
66 0 51
67 1 54
68 0 18
69 0 96
70 0 39
71 1 57
72 0 15
73 1 60
74 0 33
75 0 102
76 0 18
77 0 90
78 0 54
79 1 63
80 0 9
81 0 123
82 0 36
83 1 66
84 0 36
85 0 78
86 0 36
87 0 114
88 0 12
89 1 72
90 0 69
91 0 93
92 0 21
93 0 126
94 0 39
95 0 84
96 0 6
97 1 78
98 0 51
99 0 168
100 0 27
101 1 81
102 0 69
103 1 81
104 0 15
105 0 174
106 0 45
107 1 84
108 0 42
109 1 87
110 0 54
111 0 144
112 0 9
113 1 90
114 0 81
115 0 99
116 0 27
117 0 171
118 0 48
119 0 120
120 0 24
121 0 111
122 0 51
123 0 159
124 0 27
125 0 105
126 0 117
127 1 99
128 0 3
129 0 171
130 0 63
131 1 102
132 0 51
133 0 144
134 0 54
135 0 204
136 0 18
137 1 108
138 0 96
139 1 108
140 0 39
141 0 186
142 0 57
143 0 132
144 0 15
145 0 123
146 0 60
147 0 246
148 0 33
149 1 117
150 0 102
151 1 117
152 0 18
153 0 222
154 0 90
155 0 129
156 0 54
157 1 123
158 0 63
159 0 204
160 0 9
161 0 171
162 0 123
163 1 126
164 0 36
165 0 249
166 0 66
167 1 129
168 0 36
169 0 135
170 0 78
171 0 270
172 0 36
173 1 135
174 0 114
175 0 177
176 0 12
177 0 231
178 0 72
179 1 138
180 0 69
181 1 141
182 0 93
183 0 234
184 0 21
185 0 153
186 0 126
187 0 171
188 0 39
189 0 360
190 0 84
191 1 147
192 0 6
193 1 150
194 0 78
195 0 258
196 0 51
197 1 153
198 0 168
199 1 153
200 0 27
201 0 261
202 0 81
203 0 201
204 0 69
205 0 168
206 0 81
207 0 321
208 0 15
209 0 207
210 0 174
211 1 162
212 0 45
213 0 276
214 0 84
215 0 174
216 0 42
217 0 225
218 0 87
219 0 279
220 0 54
221 0 180
222 0 144
223 1 171
224 0 9
225 0 327
226 0 90
227 1 174
228 0 81
229 1 177
230 0 99
231 0 441
232 0 27
233 1 180
234 0 171
235 0 189
236 0 48
237 0 306
238 0 120
239 1 183
240 0 24
241 1 186
242 0 111
243 0 366
244 0 51
245 0 249
246 0 159
247 0 210
248 0 27
249 0 321
250 0 105
251 1 192
252 0 117
253 0 246
254 0 99
255 0 333
256 0 3
257 1 198
258 0 171
259 0 255
260 0 63
261 0 375
262 0 102
263 1 201
264 0 51
265 0 213
266 0 144
267 0 339
268 0 54
269 1 207
270 0 204
271 1 207
272 0 18
273 0 444
274 0 108
275 0 252
276 0 96
277 1 213
278 0 108
279 0 423
280 0 39
281 1 216
282 0 186
283 1 216
284 0 57
285 0 399
286 0 132
287 0 282
288 0 15
289 0 225
290 0 123
291 0 369
292 0 60
293 1 225
294 0 246
295 0 234
296 0 33
297 0 519
298 0 117
299 0 249
300 0 102
301 0 306
302 0 117
303 0 384
304 0 18
305 0 243
306 0 222
307 1 234
308 0 90
309 0 396
310 0 129
311 1 237
312 0 54
313 1 240
314 0 123
315 0 579
316 0 63
317 1 243
318 0 204
319 0 288
320 0 9
321 0 411
322 0 171
323 0 273
324 0 123
325 0 267
326 0 126
327 0 414
328 0 36
329 0 333
330 0 249
331 1 252
332 0 66
333 0 477
334 0 129
335 0 264
336 0 36
337 1 258
338 0 135
339 0 429
340 0 78
341 0 324
342 0 270
343 0 345
344 0 36
345 0 474
346 0 135
347 1 264
348 0 114
349 1 267
350 0 177
351 0 522
352 0 12
353 1 270
354 0 231
355 0 279
356 0 72
357 0 579
358 0 138
359 1 273
360 0 69
361 0 303
362 0 141
363 0 546
364 0 93
365 0 288
366 0 234
367 1 279
368 0 21
369 0 528
370 0 153
371 0 363
372 0 126
373 1 285
374 0 171
375 0 480
376 0 39
377 0 297
378 0 360
379 1 288
380 0 84
381 0 486
382 0 147
383 1 291
384 0 6
385 0 444
386 0 150
387 0 576
388 0 78
389 1 297
390 0 258
391 0 324
392 0 51
393 0 501
394 0 153
395 0 309
396 0 168
397 1 303
398 0 153
399 0 711
400 0 27
401 1 306
402 0 261
403 0 327
404 0 81
405 0 609
406 0 201
407 0 366
408 0 69
409 1 312
410 0 168
411 0 519
412 0 81
413 0 414
414 0 321
415 0 324
416 0 15
417 0 531
418 0 207
419 1 318
420 0 174
421 1 321
422 0 162
423 0 627
424 0 45
425 0 342
426 0 276
427 0 417
428 0 84
429 0 639
430 0 174
431 1 327
432 0 42
433 1 330
434 0 225
435 0 558
436 0 87
437 0 396
438 0 279
439 1 333
440 0 54
441 0 831
442 0 180
443 1 336
444 0 144
445 0 348
446 0 171
447 0 564
448 0 9
449 1 342
450 0 327
451 0 405
452 0 90
453 0 576
454 0 174
455 0 453
456 0 81
457 1 348
458 0 177
459 0 681
460 0 99
461 1 351
462 0 441
463 1 351
464 0 27
465 0 624
466 0 180
467 1 354
468 0 171
469 0 468
470 0 189
471 0 594
472 0 48
473 0 441
474 0 306
475 0 402
476 0 120
477 0 681
478 0 183
479 1 363
480 0 24
481 0 375
482 0 186
483 0 846
484 0 111
485 0 378
486 0 366
487 1 369
488 0 51
489 0 621
490 0 249
491 1 372
492 0 159
493 0 384
494 0 210
495 0 834
496 0 27
497 0 495
498 0 321
499 1 378
500 0 105
501 0 636
502 0 192
503 1 381
504 0 117
505 0 393
506 0 246
507 0 642
508 0 99
509 1 387
510 0 333
511 0 498
512 0 3
513 0 837
514 0 198
515 0 399
516 0 171
517 0 480
518 0 255
519 0 654
520 0 63
521 1 396
522 0 375
523 1 396
524 0 102
525 0 852
526 0 201
527 0 426
528 0 51
529 0 435
530 0 213
531 0 780
532 0 144
533 0 414
534 0 339
535 0 414
536 0 54
537 0 681
538 0 207
539 0 636
540 0 204
541 1 411
542 0 207
543 0 684
544 0 18
545 0 423
546 0 444
547 1 414
548 0 108
549 0 783
550 0 252
551 0 462
552 0 96
553 0 549
554 0 213
555 0 708
556 0 108
557 1 423
558 0 423
559 0 444
560 0 39
561 0 834
562 0 216
563 1 426
564 0 186
565 0 438
566 0 216
567 0 1089
568 0 57
569 1 432
570 0 399
571 1 432
572 0 132
573 0 726
574 0 282
575 0 477
576 0 15
577 1 438
578 0 225
579 0 729
580 0 123
581 0 576
582 0 369
583 0 522
584 0 60
585 0 843
586 0 225
587 1 444
588 0 246
589 0 522
590 0 234
591 0 744
592 0 33
593 1 450
594 0 519
595 0 588
596 0 117
597 0 756
598 0 249
599 1 453
600 0 102
601 1 456
602 0 306
603 0 882
604 0 117
605 0 549
606 0 384
607 1 459
608 0 18
609 0 984
610 0 243
611 0 483
612 0 222
613 1 465
614 0 234
615 0 783
616 0 90
617 1 468
618 0 396
619 1 468
620 0 129
621 0 996
622 0 237
623 0 606
624 0 54
625 0 483
626 0 240
627 0 1026
628 0 123
629 0 486
630 0 579
631 1 477
632 0 63
633 0 801
634 0 243
635 0 489
636 0 204
637 0 639
638 0 288
639 0 933
640 0 9
641 1 486
642 0 411
643 1 486
644 0 171
645 0 849
646 0 273
647 1 489
648 0 123
649 0 597
650 0 267
651 0 1116
652 0 126
653 1 495
654 0 414
655 0 504
656 0 36
657 0 936
658 0 333
659 1 498
660 0 249
661 1 501
662 0 252
663 0 843
664 0 66
665 0 714
666 0 477
667 0 549
668 0 129
669 0 846
670 0 264
671 0 600
672 0 36
673 1 510
674 0 258
675 0 1002
676 0 135
677 1 513
678 0 429
679 0 660
680 0 78
681 0 861
682 0 324
683 1 516
684 0 270
685 0 528
686 0 345
687 0 864
688 0 36
689 0 531
690 0 474
691 1 522
692 0 135
693 0 1494
694 0 264
695 0 534
696 0 114
697 0 537
698 0 267
699 0 879
700 0 177
701 1 531
702 0 522
703 0 588
704 0 12
705 0 924
706 0 270
707 0 687
708 0 231
709 1 537
710 0 279
711 0 1035
712 0 72
713 0 621
714 0 579
715 0 648
716 0 138
717 0 906
718 0 273
719 1 543
720 0 69
721 0 711
722 0 303
723 0 909
724 0 141
725 0 567
726 0 546
727 1 549
728 0 93
729 0 1095
730 0 288
731 0 579
732 0 234
733 1 555
734 0 279
735 0 1224
736 0 21
737 0 675
738 0 528
739 1 558
740 0 153
741 0 1029
742 0 363
743 1 561
744 0 126
745 0 573
746 0 285
747 0 1086
748 0 171
749 0 738
750 0 480
751 1 567
752 0 39
753 0 951
754 0 297
755 0 579
756 0 360
757 1 573
758 0 288
759 0 1221
760 0 84
761 1 576
762 0 486
763 0 741
764 0 147
765 0 1098
766 0 291
767 0 600
768 0 6
769 1 582
770 0 444
771 0 969
772 0 150
773 1 585
774 0 576
775 0 627
776 0 78
777 0 1254
778 0 297
779 0 651
780 0 258
781 0 714
782 0 324
783 0 1158
784 0 51
785 0 603
786 0 501
787 1 594
788 0 153
789 0 996
790 0 309
791 0 768
792 0 168
793 0 609
794 0 303
795 0 1008
796 0 153
797 1 603
798 0 711
799 0 630
800 0 27
801 0 1140
802 0 306
803 0 717
804 0 261
805 0 849
806 0 327
807 0 1014
808 0 81
809 1 612
810 0 609
811 1 612
812 0 201
813 0 1026
814 0 366
815 0 624
816 0 69
817 0 711
818 0 312
819 0 1497
820 0 168
821 1 621
822 0 519
823 1 621
824 0 81
825 0 1227
826 0 414
827 1 624
828 0 321
829 1 627
830 0 324
831 0 1044
832 0 15
833 0 834
834 0 531
835 0 639
836 0 207
837 0 1314
838 0 318
839 1 633
840 0 174
841 0 639
842 0 321
843 0 1059
844 0 162
845 0 657
846 0 627
847 0 981
848 0 45
849 0 1071
850 0 342
851 0 699
852 0 276
853 1 645
854 0 417
855 0 1344
856 0 84
857 1 648
858 0 639
859 1 648
860 0 174
861 0 1389
862 0 327
863 1 651
864 0 42
865 0 663
866 0 330
867 0 1092
868 0 225
869 0 792
870 0 558
871 0 678
872 0 87
873 0 1242
874 0 396
875 0 855
876 0 279
877 1 663
878 0 333
879 0 1104
880 0 54
881 1 666
882 0 831
883 1 666
884 0 180
885 0 1149
886 0 336
887 1 669
888 0 144
889 0 873
890 0 348
891 0 1572
892 0 171
893 0 774
894 0 564
895 0 684
896 0 9
897 0 1224
898 0 342
899 0 723
900 0 327
901 0 690
902 0 405
903 0 1521
904 0 90
905 0 693
906 0 576
907 1 684
908 0 174
909 0 1293
910 0 453
911 1 687
912 0 81
913 0 831
914 0 348
915 0 1158
916 0 177
917 0 900
918 0 681
919 1 693
920 0 99
921 0 1161
922 0 351
923 0 717
924 0 441
925 0 717
926 0 351
927 0 1341
928 0 27
929 1 702
930 0 624
931 0 1026
932 0 180
933 0 1176
934 0 354
935 0 843
936 0 171
937 1 708
938 0 468
939 0 1179
940 0 189
941 1 711
942 0 594
943 0 774
944 0 48
945 0 1794
946 0 441
947 1 714
948 0 306
949 0 726
950 0 402
951 0 1194
952 0 120
953 1 720
954 0 681
955 0 729
956 0 183
957 0 1419
958 0 363
959 0 930
960 0 24
961 0 771
962 0 375
963 0 1392
964 0 186
965 0 738
966 0 846
967 1 729
968 0 111
969 0 1344
970 0 378
971 1 732
972 0 366
973 0 954
974 0 369
975 0 1242
976 0 51
977 1 738
978 0 621
979 0 873
980 0 249
981 0 1395
982 0 372
983 1 741
984 0 159
985 0 753
986 0 384
987 0 1656
988 0 210
989 0 846
990 0 834
991 1 747
992 0 27
993 0 1251
994 0 495
995 0 759
996 0 321
997 1 753
998 0 378
999 0 1476
1000 0 105
1001 0 1146
1002 0 636
1003 0 783
1004 0 192
1005 0 1299
1006 0 381
1007 0 840
1008 0 117
1009 1 762
