-58 -13 1
-58 -12 2
-58 -11 3
-58 -10 3
-58 -9 3
-58 -8 3
-58 -7 3
-58 -6 3
-58 -5 3
-58 -4 3
-58 -3 3
-58 -2 3
-58 -1 3
-58 0 3
-58 1 3
-58 2 3
-58 3 3
-58 4 3
-58 5 3
-58 6 3
-58 7 3
-58 8 3
-58 9 3
-58 10 3
-58 11 3
-58 12 2
-58 13 1
-57 -16 1
-57 -15 2
-57 -14 4
-57 -13 7
-57 -12 1
-57 -11 3
-57 -10 4
-57 -9 5
-57 -8 6
-57 -7 6
-57 -6 6
-57 -5 6
-57 -4 6
-57 -3 6
-57 -2 6
-57 -1 6
-57 0 6
-57 1 6
-57 2 6
-57 3 6
-57 4 6
-57 5 6
-57 6 6
-57 7 6
-57 8 6
-57 9 5
-57 10 4
-57 11 3
-57 12 1
-57 13 7
-57 14 4
-57 15 2
-57 16 1
-56 -19 1
-56 -18 2
-56 -17 4
-56 -16 7
-56 -15 2
-56 -14 7
-56 -13 4
-56 -12 0
-56 -11 4
-56 -10 7
-56 -9 1
-56 -8 4
-56 -7 5
-56 -6 6
-56 -5 6
-56 -4 6
-56 -3 6
-56 -2 6
-56 -1 6
-56 0 6
-56 1 6
-56 2 6
-56 3 6
-56 4 6
-56 5 6
-56 6 6
-56 7 5
-56 8 4
-56 9 1
-56 10 7
-56 11 4
-56 12 0
-56 13 4
-56 14 7
-56 15 2
-56 16 7
-56 17 4
-56 18 2
-56 19 1
-55 -22 1
-55 -21 2
-55 -20 4
-55 -19 7
-55 -18 2
-55 -17 7
-55 -16 5
-55 -15 4
-55 -14 4
-55 -13 3
-55 -12 1
-55 -11 7
-55 -10 4
-55 -9 1
-55 -8 7
-55 -7 2
-55 -6 5
-55 -5 6
-55 -4 6
-55 -3 6
-55 -2 6
-55 -1 6
-55 0 6
-55 1 6
-55 2 6
-55 3 6
-55 4 6
-55 5 6
-55 6 5
-55 7 2
-55 8 7
-55 9 1
-55 10 4
-55 11 7
-55 12 1
-55 13 3
-55 14 4
-55 15 4
-55 16 5
-55 17 7
-55 18 2
-55 19 7
-55 20 4
-55 21 2
-55 22 1
-54 -24 1
-54 -23 3
-54 -22 7
-54 -21 2
-54 -20 7
-54 -19 5
-54 -18 4
-54 -17 5
-54 -16 7
-54 -15 1
-54 -14 4
-54 -13 5
-54 -12 6
-54 -11 6
-54 -10 7
-54 -9 7
-54 -8 7
-54 -7 5
-54 -6 2
-54 -5 5
-54 -4 6
-54 -3 6
-54 -2 6
-54 -1 6
-54 0 6
-54 1 6
-54 2 6
-54 3 6
-54 4 6
-54 5 5
-54 6 2
-54 7 5
-54 8 7
-54 9 7
-54 10 7
-54 11 6
-54 12 6
-54 13 5
-54 14 4
-54 15 1
-54 16 7
-54 17 5
-54 18 4
-54 19 5
-54 20 7
-54 21 2
-54 22 7
-54 23 3
-54 24 1
-53 -27 1
-53 -26 2
-53 -25 4
-53 -24 7
-53 -23 4
-53 -22 4
-53 -21 4
-53 -20 5
-53 -19 7
-53 -18 2
-53 -17 7
-53 -16 4
-53 -15 1
-53 -14 7
-53 -13 2
-53 -12 7
-53 -11 2
-53 -10 7
-53 -9 1
-53 -8 4
-53 -7 5
-53 -6 5
-53 -5 2
-53 -4 5
-53 -3 6
-53 -2 6
-53 -1 6
-53 0 6
-53 1 6
-53 2 6
-53 3 6
-53 4 5
-53 5 2
-53 6 5
-53 7 5
-53 8 4
-53 9 1
-53 10 7
-53 11 2
-53 12 7
-53 13 2
-53 14 7
-53 15 1
-53 16 4
-53 17 7
-53 18 2
-53 19 7
-53 20 5
-53 21 4
-53 22 4
-53 23 4
-53 24 7
-53 25 4
-53 26 2
-53 27 1
-52 -29 1
-52 -28 3
-52 -27 7
-52 -26 2
-52 -25 7
-52 -24 5
-52 -23 7
-52 -22 4
-52 -21 1
-52 -20 7
-52 -19 5
-52 -18 4
-52 -17 5
-52 -16 5
-52 -15 6
-52 -14 6
-52 -13 6
-52 -12 6
-52 -11 5
-52 -10 4
-52 -9 1
-52 -8 7
-52 -7 2
-52 -6 5
-52 -5 5
-52 -4 2
-52 -3 5
-52 -2 6
-52 -1 6
-52 0 6
-52 1 6
-52 2 6
-52 3 5
-52 4 2
-52 5 5
-52 6 5
-52 7 2
-52 8 7
-52 9 1
-52 10 4
-52 11 5
-52 12 6
-52 13 6
-52 14 6
-52 15 6
-52 16 5
-52 17 5
-52 18 4
-52 19 5
-52 20 7
-52 21 1
-52 22 4
-52 23 7
-52 24 5
-52 25 7
-52 26 2
-52 27 7
-52 28 3
-52 29 1
-51 -31 1
-51 -30 3
-51 -29 7
-51 -28 4
-51 -27 4
-51 -26 4
-51 -25 5
-51 -24 7
-51 -23 5
-51 -22 7
-51 -21 1
-51 -20 4
-51 -19 7
-51 -18 2
-51 -17 7
-51 -16 2
-51 -15 7
-51 -14 2
-51 -13 7
-51 -12 2
-51 -11 5
-51 -10 7
-51 -9 7
-51 -8 7
-51 -7 5
-51 -6 2
-51 -5 5
-51 -4 5
-51 -3 2
-51 -2 5
-51 -1 6
-51 0 6
-51 1 6
-51 2 5
-51 3 2
-51 4 5
-51 5 5
-51 6 2
-51 7 5
-51 8 7
-51 9 7
-51 10 7
-51 11 5
-51 12 2
-51 13 7
-51 14 2
-51 15 7
-51 16 2
-51 17 7
-51 18 2
-51 19 7
-51 20 4
-51 21 1
-51 22 7
-51 23 5
-51 24 7
-51 25 5
-51 26 4
-51 27 4
-51 28 4
-51 29 7
-51 30 3
-51 31 1
-50 -33 1
-50 -32 3
-50 -31 7
-50 -30 4
-50 -29 4
-50 -28 7
-50 -27 3
-50 -26 0
-50 -25 6
-50 -24 5
-50 -23 7
-50 -22 5
-50 -21 5
-50 -20 5
-50 -19 5
-50 -18 5
-50 -17 6
-50 -16 6
-50 -15 6
-50 -14 6
-50 -13 6
-50 -12 5
-50 -11 2
-50 -10 7
-50 -9 2
-50 -8 5
-50 -7 7
-50 -6 7
-50 -5 4
-50 -4 6
-50 -3 5
-50 -2 2
-50 -1 5
-50 0 6
-50 1 5
-50 2 2
-50 3 5
-50 4 6
-50 5 4
-50 6 7
-50 7 7
-50 8 5
-50 9 2
-50 10 7
-50 11 2
-50 12 5
-50 13 6
-50 14 6
-50 15 6
-50 16 6
-50 17 6
-50 18 5
-50 19 5
-50 20 5
-50 21 5
-50 22 5
-50 23 7
-50 24 5
-50 25 6
-50 26 0
-50 27 3
-50 28 7
-50 29 4
-50 30 4
-50 31 7
-50 32 3
-50 33 1
-49 -34 1
-49 -33 4
-49 -32 1
-49 -31 1
-49 -30 4
-49 -29 1
-49 -28 1
-49 -27 3
-49 -26 6
-49 -25 1
-49 -24 6
-49 -23 5
-49 -22 7
-49 -21 4
-49 -20 1
-49 -19 7
-49 -18 4
-49 -17 1
-49 -16 7
-49 -15 2
-49 -14 7
-49 -13 2
-49 -12 5
-49 -11 6
-49 -10 6
-49 -9 5
-49 -8 2
-49 -7 7
-49 -6 1
-49 -5 1
-49 -4 5
-49 -3 6
-49 -2 5
-49 -1 1
-49 0 3
-49 1 1
-49 2 5
-49 3 6
-49 4 5
-49 5 1
-49 6 1
-49 7 7
-49 8 2
-49 9 5
-49 10 6
-49 11 6
-49 12 5
-49 13 2
-49 14 7
-49 15 2
-49 16 7
-49 17 1
-49 18 4
-49 19 7
-49 20 1
-49 21 4
-49 22 7
-49 23 5
-49 24 6
-49 25 1
-49 26 6
-49 27 3
-49 28 1
-49 29 1
-49 30 4
-49 31 1
-49 32 1
-49 33 4
-49 34 1
-48 -35 1
-48 -34 5
-48 -33 4
-48 -32 7
-48 -31 4
-48 -30 4
-48 -29 7
-48 -28 4
-48 -27 3
-48 -26 4
-48 -25 6
-48 -24 1
-48 -23 6
-48 -22 5
-48 -21 7
-48 -20 1
-48 -19 4
-48 -18 7
-48 -17 1
-48 -16 4
-48 -15 4
-48 -14 5
-48 -13 4
-48 -12 2
-48 -11 7
-48 -10 2
-48 -9 6
-48 -8 7
-48 -7 7
-48 -6 4
-48 -5 7
-48 -4 4
-48 -3 6
-48 -2 6
-48 -1 3
-48 0 6
-48 1 3
-48 2 6
-48 3 6
-48 4 4
-48 5 7
-48 6 4
-48 7 7
-48 8 7
-48 9 6
-48 10 2
-48 11 7
-48 12 2
-48 13 4
-48 14 5
-48 15 4
-48 16 4
-48 17 1
-48 18 7
-48 19 4
-48 20 1
-48 21 7
-48 22 5
-48 23 6
-48 24 1
-48 25 6
-48 26 4
-48 27 3
-48 28 4
-48 29 7
-48 30 4
-48 31 4
-48 32 7
-48 33 4
-48 34 5
-48 35 1
-47 -36 1
-47 -35 5
-47 -34 6
-47 -33 3
-47 -32 4
-47 -31 7
-47 -30 4
-47 -29 4
-47 -28 7
-47 -27 4
-47 -26 3
-47 -25 4
-47 -24 6
-47 -23 1
-47 -22 7
-47 -21 6
-47 -20 6
-47 -19 6
-47 -18 6
-47 -17 6
-47 -16 5
-47 -15 2
-47 -14 7
-47 -13 2
-47 -12 5
-47 -11 7
-47 -10 7
-47 -9 6
-47 -8 2
-47 -7 5
-47 -6 5
-47 -5 1
-47 -4 1
-47 -3 5
-47 -2 6
-47 -1 3
-47 0 6
-47 1 3
-47 2 6
-47 3 5
-47 4 1
-47 5 1
-47 6 5
-47 7 5
-47 8 2
-47 9 6
-47 10 7
-47 11 7
-47 12 5
-47 13 2
-47 14 7
-47 15 2
-47 16 5
-47 17 6
-47 18 6
-47 19 6
-47 20 6
-47 21 6
-47 22 7
-47 23 1
-47 24 6
-47 25 4
-47 26 3
-47 27 4
-47 28 7
-47 29 4
-47 30 4
-47 31 7
-47 32 4
-47 33 3
-47 34 6
-47 35 5
-47 36 1
-46 -37 1
-46 -36 5
-46 -35 6
-46 -34 5
-46 -33 1
-46 -32 0
-46 -31 1
-46 -30 5
-46 -29 3
-46 -28 4
-46 -27 7
-46 -26 4
-46 -25 3
-46 -24 4
-46 -23 7
-46 -22 3
-46 -21 0
-46 -20 6
-46 -19 4
-46 -18 1
-46 -17 7
-46 -16 2
-46 -15 5
-46 -14 7
-46 -13 7
-46 -12 7
-46 -11 5
-46 -10 2
-46 -9 5
-46 -8 5
-46 -7 2
-46 -6 5
-46 -5 4
-46 -4 7
-46 -3 4
-46 -2 6
-46 -1 3
-46 0 6
-46 1 3
-46 2 6
-46 3 4
-46 4 7
-46 5 4
-46 6 5
-46 7 2
-46 8 5
-46 9 5
-46 10 2
-46 11 5
-46 12 7
-46 13 7
-46 14 7
-46 15 5
-46 16 2
-46 17 7
-46 18 1
-46 19 4
-46 20 6
-46 21 0
-46 22 3
-46 23 7
-46 24 4
-46 25 3
-46 26 4
-46 27 7
-46 28 4
-46 29 3
-46 30 5
-46 31 1
-46 32 0
-46 33 1
-46 34 5
-46 35 6
-46 36 5
-46 37 1
-45 -38 1
-45 -37 5
-45 -36 6
-45 -35 6
-45 -34 4
-45 -33 7
-45 -32 4
-45 -31 3
-45 -30 6
-45 -29 2
-45 -28 1
-45 -27 2
-45 -26 6
-45 -25 4
-45 -24 4
-45 -23 7
-45 -22 2
-45 -21 7
-45 -20 2
-45 -19 7
-45 -18 1
-45 -17 4
-45 -16 5
-45 -15 6
-45 -14 5
-45 -13 2
-45 -12 7
-45 -11 2
-45 -10 4
-45 -9 2
-45 -8 6
-45 -7 7
-45 -6 4
-45 -5 5
-45 -4 1
-45 -3 1
-45 -2 5
-45 -1 3
-45 0 6
-45 1 3
-45 2 5
-45 3 1
-45 4 1
-45 5 5
-45 6 4
-45 7 7
-45 8 6
-45 9 2
-45 10 4
-45 11 2
-45 12 7
-45 13 2
-45 14 5
-45 15 6
-45 16 5
-45 17 4
-45 18 1
-45 19 7
-45 20 2
-45 21 7
-45 22 2
-45 23 7
-45 24 4
-45 25 4
-45 26 6
-45 27 2
-45 28 1
-45 29 2
-45 30 6
-45 31 3
-45 32 4
-45 33 7
-45 34 4
-45 35 6
-45 36 6
-45 37 5
-45 38 1
-44 -39 1
-44 -38 5
-44 -37 6
-44 -36 6
-44 -35 5
-44 -34 1
-44 -33 1
-44 -32 5
-44 -31 3
-44 -30 5
-44 -29 0
-44 -28 7
-44 -27 7
-44 -26 1
-44 -25 7
-44 -24 7
-44 -23 0
-44 -22 3
-44 -21 7
-44 -20 1
-44 -19 4
-44 -18 5
-44 -17 6
-44 -16 6
-44 -15 5
-44 -14 2
-44 -13 5
-44 -12 7
-44 -11 7
-44 -10 5
-44 -9 7
-44 -8 6
-44 -7 1
-44 -6 1
-44 -5 5
-44 -4 4
-44 -3 7
-44 -2 4
-44 -1 4
-44 0 7
-44 1 4
-44 2 4
-44 3 7
-44 4 4
-44 5 5
-44 6 1
-44 7 1
-44 8 6
-44 9 7
-44 10 5
-44 11 7
-44 12 7
-44 13 5
-44 14 2
-44 15 5
-44 16 6
-44 17 6
-44 18 5
-44 19 4
-44 20 1
-44 21 7
-44 22 3
-44 23 0
-44 24 7
-44 25 7
-44 26 1
-44 27 7
-44 28 7
-44 29 0
-44 30 5
-44 31 3
-44 32 5
-44 33 1
-44 34 1
-44 35 5
-44 36 6
-44 37 6
-44 38 5
-44 39 1
-43 -40 1
-43 -39 5
-43 -38 6
-43 -37 6
-43 -36 5
-43 -35 2
-43 -34 5
-43 -33 3
-43 -32 6
-43 -31 3
-43 -30 4
-43 -29 7
-43 -28 4
-43 -27 4
-43 -26 7
-43 -25 4
-43 -24 4
-43 -23 5
-43 -22 7
-43 -21 0
-43 -20 2
-43 -19 3
-43 -18 3
-43 -17 3
-43 -16 3
-43 -15 1
-43 -14 5
-43 -13 6
-43 -12 5
-43 -11 2
-43 -10 4
-43 -9 2
-43 -8 5
-43 -7 4
-43 -6 7
-43 -5 5
-43 -4 7
-43 -3 4
-43 -2 4
-43 -1 6
-43 0 1
-43 1 6
-43 2 4
-43 3 4
-43 4 7
-43 5 5
-43 6 7
-43 7 4
-43 8 5
-43 9 2
-43 10 4
-43 11 2
-43 12 5
-43 13 6
-43 14 5
-43 15 1
-43 16 3
-43 17 3
-43 18 3
-43 19 3
-43 20 2
-43 21 0
-43 22 7
-43 23 5
-43 24 4
-43 25 4
-43 26 7
-43 27 4
-43 28 4
-43 29 7
-43 30 4
-43 31 3
-43 32 6
-43 33 3
-43 34 5
-43 35 2
-43 36 5
-43 37 6
-43 38 6
-43 39 5
-43 40 1
-42 -41 1
-42 -40 5
-42 -39 6
-42 -38 6
-42 -37 5
-42 -36 2
-42 -35 5
-42 -34 6
-42 -33 4
-42 -32 7
-42 -31 4
-42 -30 4
-42 -29 7
-42 -28 4
-42 -27 4
-42 -26 7
-42 -25 4
-42 -24 3
-42 -23 3
-42 -22 4
-42 -21 5
-42 -20 6
-42 -19 6
-42 -18 6
-42 -17 6
-42 -16 6
-42 -15 3
-42 -14 6
-42 -13 6
-42 -12 4
-42 -11 7
-42 -10 5
-42 -9 7
-42 -8 5
-42 -7 7
-42 -6 5
-42 -5 7
-42 -4 5
-42 -3 5
-42 -2 7
-42 -1 1
-42 0 5
-42 1 1
-42 2 7
-42 3 5
-42 4 5
-42 5 7
-42 6 5
-42 7 7
-42 8 5
-42 9 7
-42 10 5
-42 11 7
-42 12 4
-42 13 6
-42 14 6
-42 15 3
-42 16 6
-42 17 6
-42 18 6
-42 19 6
-42 20 6
-42 21 5
-42 22 4
-42 23 3
-42 24 3
-42 25 4
-42 26 7
-42 27 4
-42 28 4
-42 29 7
-42 30 4
-42 31 4
-42 32 7
-42 33 4
-42 34 6
-42 35 5
-42 36 2
-42 37 5
-42 38 6
-42 39 6
-42 40 5
-42 41 1
-41 -42 1
-41 -41 5
-41 -40 6
-41 -39 6
-41 -38 5
-41 -37 2
-41 -36 5
-41 -35 6
-41 -34 6
-41 -33 5
-41 -32 0
-41 -31 7
-41 -30 7
-41 -29 1
-41 -28 7
-41 -27 7
-41 -26 1
-41 -25 7
-41 -24 6
-41 -23 6
-41 -22 6
-41 -21 6
-41 -20 6
-41 -19 6
-41 -18 6
-41 -17 6
-41 -16 6
-41 -15 3
-41 -14 6
-41 -13 6
-41 -12 3
-41 -11 4
-41 -10 7
-41 -9 5
-41 -8 7
-41 -7 5
-41 -6 7
-41 -5 5
-41 -4 7
-41 -3 1
-41 -2 4
-41 -1 7
-41 0 2
-41 1 7
-41 2 4
-41 3 1
-41 4 7
-41 5 5
-41 6 7
-41 7 5
-41 8 7
-41 9 5
-41 10 7
-41 11 4
-41 12 3
-41 13 6
-41 14 6
-41 15 3
-41 16 6
-41 17 6
-41 18 6
-41 19 6
-41 20 6
-41 21 6
-41 22 6
-41 23 6
-41 24 6
-41 25 7
-41 26 1
-41 27 7
-41 28 7
-41 29 1
-41 30 7
-41 31 7
-41 32 0
-41 33 5
-41 34 6
-41 35 6
-41 36 5
-41 37 2
-41 38 5
-41 39 6
-41 40 6
-41 41 5
-41 42 1
-40 -43 1
-40 -42 5
-40 -41 6
-40 -40 6
-40 -39 5
-40 -38 2
-40 -37 5
-40 -36 6
-40 -35 6
-40 -34 6
-40 -33 6
-40 -32 2
-40 -31 1
-40 -30 2
-40 -29 6
-40 -28 4
-40 -27 4
-40 -26 7
-40 -25 4
-40 -24 3
-40 -23 3
-40 -22 4
-40 -21 5
-40 -20 6
-40 -19 6
-40 -18 6
-40 -17 6
-40 -16 6
-40 -15 3
-40 -14 6
-40 -13 6
-40 -12 2
-40 -11 1
-40 -10 2
-40 -9 6
-40 -8 5
-40 -7 7
-40 -6 5
-40 -5 7
-40 -4 4
-40 -3 0
-40 -2 4
-40 -1 7
-40 0 2
-40 1 7
-40 2 4
-40 3 0
-40 4 4
-40 5 7
-40 6 5
-40 7 7
-40 8 5
-40 9 6
-40 10 2
-40 11 1
-40 12 2
-40 13 6
-40 14 6
-40 15 3
-40 16 6
-40 17 6
-40 18 6
-40 19 6
-40 20 6
-40 21 5
-40 22 4
-40 23 3
-40 24 3
-40 25 4
-40 26 7
-40 27 4
-40 28 4
-40 29 6
-40 30 2
-40 31 1
-40 32 2
-40 33 6
-40 34 6
-40 35 6
-40 36 6
-40 37 5
-40 38 2
-40 39 5
-40 40 6
-40 41 6
-40 42 5
-40 43 1
-39 -44 1
-39 -43 5
-39 -42 6
-39 -41 6
-39 -40 5
-39 -39 2
-39 -38 5
-39 -37 6
-39 -36 6
-39 -35 6
-39 -34 6
-39 -33 6
-39 -32 3
-39 -31 4
-39 -30 6
-39 -29 2
-39 -28 1
-39 -27 2
-39 -26 6
-39 -25 3
-39 -24 3
-39 -23 4
-39 -22 7
-39 -21 1
-39 -20 4
-39 -19 5
-39 -18 6
-39 -17 6
-39 -16 6
-39 -15 3
-39 -14 6
-39 -13 5
-39 -12 0
-39 -11 7
-39 -10 7
-39 -9 1
-39 -8 6
-39 -7 5
-39 -6 7
-39 -5 4
-39 -4 3
-39 -3 1
-39 -2 7
-39 -1 2
-39 0 7
-39 1 2
-39 2 7
-39 3 1
-39 4 3
-39 5 4
-39 6 7
-39 7 5
-39 8 6
-39 9 1
-39 10 7
-39 11 7
-39 12 0
-39 13 5
-39 14 6
-39 15 3
-39 16 6
-39 17 6
-39 18 6
-39 19 5
-39 20 4
-39 21 1
-39 22 7
-39 23 4
-39 24 3
-39 25 3
-39 26 6
-39 27 2
-39 28 1
-39 29 2
-39 30 6
-39 31 4
-39 32 3
-39 33 6
-39 34 6
-39 35 6
-39 36 6
-39 37 6
-39 38 5
-39 39 2
-39 40 5
-39 41 6
-39 42 6
-39 43 5
-39 44 1
-38 -45 1
-38 -44 5
-38 -43 6
-38 -42 6
-38 -41 5
-38 -40 2
-38 -39 5
-38 -38 6
-38 -37 6
-38 -36 6
-38 -35 6
-38 -34 6
-38 -33 6
-38 -32 3
-38 -31 5
-38 -30 0
-38 -29 7
-38 -28 7
-38 -27 0
-38 -26 5
-38 -25 3
-38 -24 4
-38 -23 7
-38 -22 4
-38 -21 1
-38 -20 7
-38 -19 1
-38 -18 4
-38 -17 5
-38 -16 6
-38 -15 3
-38 -14 6
-38 -13 4
-38 -12 7
-38 -11 4
-38 -10 4
-38 -9 6
-38 -8 1
-38 -7 6
-38 -6 4
-38 -5 4
-38 -4 5
-38 -3 5
-38 -2 4
-38 -1 1
-38 0 7
-38 1 1
-38 2 4
-38 3 5
-38 4 5
-38 5 4
-38 6 4
-38 7 6
-38 8 1
-38 9 6
-38 10 4
-38 11 4
-38 12 7
-38 13 4
-38 14 6
-38 15 3
-38 16 6
-38 17 5
-38 18 4
-38 19 1
-38 20 7
-38 21 1
-38 22 4
-38 23 7
-38 24 4
-38 25 3
-38 26 5
-38 27 0
-38 28 7
-38 29 7
-38 30 0
-38 31 5
-38 32 3
-38 33 6
-38 34 6
-38 35 6
-38 36 6
-38 37 6
-38 38 6
-38 39 5
-38 40 2
-38 41 5
-38 42 6
-38 43 6
-38 44 5
-38 45 1
-37 -46 1
-37 -45 5
-37 -44 6
-37 -43 6
-37 -42 5
-37 -41 2
-37 -40 5
-37 -39 6
-37 -38 6
-37 -37 6
-37 -36 6
-37 -35 6
-37 -34 6
-37 -33 6
-37 -32 4
-37 -31 7
-37 -30 3
-37 -29 2
-37 -28 3
-37 -27 7
-37 -26 4
-37 -25 4
-37 -24 7
-37 -23 5
-37 -22 5
-37 -21 5
-37 -20 4
-37 -19 1
-37 -18 7
-37 -17 2
-37 -16 5
-37 -15 3
-37 -14 6
-37 -13 4
-37 -12 7
-37 -11 4
-37 -10 3
-37 -9 4
-37 -8 6
-37 -7 0
-37 -6 3
-37 -5 7
-37 -4 2
-37 -3 5
-37 -2 6
-37 -1 5
-37 0 2
-37 1 5
-37 2 6
-37 3 5
-37 4 2
-37 5 7
-37 6 3
-37 7 0
-37 8 6
-37 9 4
-37 10 3
-37 11 4
-37 12 7
-37 13 4
-37 14 6
-37 15 3
-37 16 5
-37 17 2
-37 18 7
-37 19 1
-37 20 4
-37 21 5
-37 22 5
-37 23 5
-37 24 7
-37 25 4
-37 26 4
-37 27 7
-37 28 3
-37 29 2
-37 30 3
-37 31 7
-37 32 4
-37 33 6
-37 34 6
-37 35 6
-37 36 6
-37 37 6
-37 38 6
-37 39 6
-37 40 5
-37 41 2
-37 42 5
-37 43 6
-37 44 6
-37 45 5
-37 46 1
-36 -47 1
-36 -46 5
-36 -45 6
-36 -44 6
-36 -43 5
-36 -42 2
-36 -41 5
-36 -40 6
-36 -39 6
-36 -38 6
-36 -37 6
-36 -36 6
-36 -35 6
-36 -34 6
-36 -33 6
-36 -32 5
-36 -31 0
-36 -30 7
-36 -29 7
-36 -28 0
-36 -27 5
-36 -26 4
-36 -25 7
-36 -24 5
-36 -23 7
-36 -22 1
-36 -21 4
-36 -20 5
-36 -19 6
-36 -18 6
-36 -17 5
-36 -16 1
-36 -15 1
-36 -14 6
-36 -13 6
-36 -12 1
-36 -11 7
-36 -10 6
-36 -9 6
-36 -8 7
-36 -7 7
-36 -6 7
-36 -5 6
-36 -4 5
-36 -3 2
-36 -2 5
-36 -1 6
-36 0 3
-36 1 6
-36 2 5
-36 3 2
-36 4 5
-36 5 6
-36 6 7
-36 7 7
-36 8 7
-36 9 6
-36 10 6
-36 11 7
-36 12 1
-36 13 6
-36 14 6
-36 15 1
-36 16 1
-36 17 5
-36 18 6
-36 19 6
-36 20 5
-36 21 4
-36 22 1
-36 23 7
-36 24 5
-36 25 7
-36 26 4
-36 27 5
-36 28 0
-36 29 7
-36 30 7
-36 31 0
-36 32 5
-36 33 6
-36 34 6
-36 35 6
-36 36 6
-36 37 6
-36 38 6
-36 39 6
-36 40 6
-36 41 5
-36 42 2
-36 43 5
-36 44 6
-36 45 6
-36 46 5
-36 47 1
-35 -48 1
-35 -47 5
-35 -46 6
-35 -45 6
-35 -44 5
-35 -43 2
-35 -42 5
-35 -41 6
-35 -40 6
-35 -39 6
-35 -38 6
-35 -37 6
-35 -36 6
-35 -35 6
-35 -34 6
-35 -33 6
-35 -32 6
-35 -31 2
-35 -30 1
-35 -29 2
-35 -28 6
-35 -27 5
-35 -26 7
-35 -25 5
-35 -24 7
-35 -23 4
-35 -22 1
-35 -21 7
-35 -20 2
-35 -19 7
-35 -18 2
-35 -17 5
-35 -16 4
-35 -15 7
-35 -14 6
-35 -13 0
-35 -12 6
-35 -11 4
-35 -10 3
-35 -9 3
-35 -8 3
-35 -7 1
-35 -6 7
-35 -5 2
-35 -4 6
-35 -3 7
-35 -2 4
-35 -1 6
-35 0 3
-35 1 6
-35 2 4
-35 3 7
-35 4 6
-35 5 2
-35 6 7
-35 7 1
-35 8 3
-35 9 3
-35 10 3
-35 11 4
-35 12 6
-35 13 0
-35 14 6
-35 15 7
-35 16 4
-35 17 5
-35 18 2
-35 19 7
-35 20 2
-35 21 7
-35 22 1
-35 23 4
-35 24 7
-35 25 5
-35 26 7
-35 27 5
-35 28 6
-35 29 2
-35 30 1
-35 31 2
-35 32 6
-35 33 6
-35 34 6
-35 35 6
-35 36 6
-35 37 6
-35 38 6
-35 39 6
-35 40 6
-35 41 6
-35 42 5
-35 43 2
-35 44 5
-35 45 6
-35 46 6
-35 47 5
-35 48 1
-34 -49 1
-34 -48 5
-34 -47 6
-34 -46 5
-34 -45 4
-34 -44 1
-34 -43 5
-34 -42 6
-34 -41 6
-34 -40 6
-34 -39 6
-34 -38 6
-34 -37 6
-34 -36 6
-34 -35 6
-34 -34 6
-34 -33 6
-34 -32 6
-34 -31 3
-34 -30 4
-34 -29 7
-34 -28 5
-34 -27 7
-34 -26 5
-34 -25 7
-34 -24 5
-34 -23 5
-34 -22 6
-34 -21 6
-34 -20 6
-34 -19 6
-34 -18 5
-34 -17 2
-34 -16 4
-34 -15 2
-34 -14 5
-34 -13 3
-34 -12 3
-34 -11 4
-34 -10 5
-34 -9 6
-34 -8 6
-34 -7 3
-34 -6 7
-34 -5 7
-34 -4 6
-34 -3 1
-34 -2 1
-34 -1 5
-34 0 3
-34 1 5
-34 2 1
-34 3 1
-34 4 6
-34 5 7
-34 6 7
-34 7 3
-34 8 6
-34 9 6
-34 10 5
-34 11 4
-34 12 3
-34 13 3
-34 14 5
-34 15 2
-34 16 4
-34 17 2
-34 18 5
-34 19 6
-34 20 6
-34 21 6
-34 22 6
-34 23 5
-34 24 5
-34 25 7
-34 26 5
-34 27 7
-34 28 5
-34 29 7
-34 30 4
-34 31 3
-34 32 6
-34 33 6
-34 34 6
-34 35 6
-34 36 6
-34 37 6
-34 38 6
-34 39 6
-34 40 6
-34 41 6
-34 42 6
-34 43 5
-34 44 1
-34 45 4
-34 46 5
-34 47 6
-34 48 5
-34 49 1
-33 -50 1
-33 -49 4
-33 -48 4
-33 -47 3
-33 -46 1
-33 -45 7
-33 -44 1
-33 -43 3
-33 -42 4
-33 -41 5
-33 -40 6
-33 -39 6
-33 -38 6
-33 -37 6
-33 -36 6
-33 -35 6
-33 -34 6
-33 -33 6
-33 -32 6
-33 -31 4
-33 -30 7
-33 -29 5
-33 -28 7
-33 -27 5
-33 -26 7
-33 -25 5
-33 -24 7
-33 -23 2
-33 -22 7
-33 -21 2
-33 -20 7
-33 -19 2
-33 -18 6
-33 -17 7
-33 -16 5
-33 -15 7
-33 -14 5
-33 -13 7
-33 -12 2
-33 -11 7
-33 -10 1
-33 -9 4
-33 -8 5
-33 -7 3
-33 -6 5
-33 -5 2
-33 -4 5
-33 -3 4
-33 -2 7
-33 -1 4
-33 0 3
-33 1 4
-33 2 7
-33 3 4
-33 4 5
-33 5 2
-33 6 5
-33 7 3
-33 8 5
-33 9 4
-33 10 1
-33 11 7
-33 12 2
-33 13 7
-33 14 5
-33 15 7
-33 16 5
-33 17 7
-33 18 6
-33 19 2
-33 20 7
-33 21 2
-33 22 7
-33 23 2
-33 24 7
-33 25 5
-33 26 7
-33 27 5
-33 28 7
-33 29 5
-33 30 7
-33 31 4
-33 32 6
-33 33 6
-33 34 6
-33 35 6
-33 36 6
-33 37 6
-33 38 6
-33 39 6
-33 40 6
-33 41 5
-33 42 4
-33 43 3
-33 44 1
-33 45 7
-33 46 1
-33 47 3
-33 48 4
-33 49 4
-33 50 1
-32 -50 3
-32 -49 1
-32 -48 7
-32 -47 4
-32 -46 0
-32 -45 4
-32 -44 5
-32 -43 6
-32 -42 7
-32 -41 0
-32 -40 2
-32 -39 3
-32 -38 3
-32 -37 4
-32 -36 5
-32 -35 6
-32 -34 6
-32 -33 6
-32 -32 6
-32 -31 5
-32 -30 2
-32 -29 4
-32 -28 2
-32 -27 4
-32 -26 2
-32 -25 5
-32 -24 3
-32 -23 3
-32 -22 4
-32 -21 5
-32 -20 7
-32 -19 7
-32 -18 7
-32 -17 4
-32 -16 7
-32 -15 5
-32 -14 7
-32 -13 5
-32 -12 4
-32 -11 4
-32 -10 1
-32 -9 7
-32 -8 1
-32 -7 0
-32 -6 2
-32 -5 6
-32 -4 5
-32 -3 7
-32 -2 4
-32 -1 3
-32 0 3
-32 1 3
-32 2 4
-32 3 7
-32 4 5
-32 5 6
-32 6 2
-32 7 0
-32 8 1
-32 9 7
-32 10 1
-32 11 4
-32 12 4
-32 13 5
-32 14 7
-32 15 5
-32 16 7
-32 17 4
-32 18 7
-32 19 7
-32 20 7
-32 21 5
-32 22 4
-32 23 3
-32 24 3
-32 25 5
-32 26 2
-32 27 4
-32 28 2
-32 29 4
-32 30 2
-32 31 5
-32 32 6
-32 33 6
-32 34 6
-32 35 6
-32 36 5
-32 37 4
-32 38 3
-32 39 3
-32 40 2
-32 41 0
-32 42 7
-32 43 6
-32 44 5
-32 45 4
-32 46 0
-32 47 4
-32 48 7
-32 49 1
-32 50 3
-31 -51 1
-31 -50 7
-31 -49 1
-31 -48 4
-31 -47 7
-31 -46 1
-31 -45 3
-31 -44 3
-31 -43 3
-31 -42 4
-31 -41 7
-31 -40 1
-31 -39 4
-31 -38 5
-31 -37 7
-31 -36 0
-31 -35 2
-31 -34 3
-31 -33 4
-31 -32 5
-31 -31 6
-31 -30 5
-31 -29 2
-31 -28 5
-31 -27 4
-31 -26 7
-31 -25 6
-31 -24 0
-31 -23 6
-31 -22 4
-31 -21 3
-31 -20 3
-31 -19 1
-31 -18 7
-31 -17 1
-31 -16 1
-31 -15 5
-31 -14 4
-31 -13 7
-31 -12 2
-31 -11 6
-31 -10 7
-31 -9 7
-31 -8 3
-31 -7 4
-31 -6 7
-31 -5 2
-31 -4 7
-31 -3 5
-31 -2 5
-31 -1 6
-31 0 6
-31 1 6
-31 2 5
-31 3 5
-31 4 7
-31 5 2
-31 6 7
-31 7 4
-31 8 3
-31 9 7
-31 10 7
-31 11 6
-31 12 2
-31 13 7
-31 14 4
-31 15 5
-31 16 1
-31 17 1
-31 18 7
-31 19 1
-31 20 3
-31 21 3
-31 22 4
-31 23 6
-31 24 0
-31 25 6
-31 26 7
-31 27 4
-31 28 5
-31 29 2
-31 30 5
-31 31 6
-31 32 5
-31 33 4
-31 34 3
-31 35 2
-31 36 0
-31 37 7
-31 38 5
-31 39 4
-31 40 1
-31 41 7
-31 42 4
-31 43 3
-31 44 3
-31 45 3
-31 46 1
-31 47 7
-31 48 4
-31 49 1
-31 50 7
-31 51 1
-30 -51 3
-30 -50 4
-30 -49 4
-30 -48 4
-30 -47 4
-30 -46 5
-30 -45 6
-30 -44 5
-30 -43 4
-30 -42 4
-30 -41 7
-30 -40 2
-30 -39 6
-30 -38 0
-30 -37 3
-30 -36 7
-30 -35 1
-30 -34 4
-30 -33 7
-30 -32 2
-30 -31 5
-30 -30 7
-30 -29 7
-30 -28 6
-30 -27 1
-30 -26 1
-30 -25 6
-30 -24 6
-30 -23 1
-30 -22 7
-30 -21 6
-30 -20 5
-30 -19 1
-30 -18 4
-30 -17 5
-30 -16 3
-30 -15 6
-30 -14 3
-30 -13 4
-30 -12 5
-30 -11 5
-30 -10 2
-30 -9 5
-30 -8 4
-30 -7 7
-30 -6 4
-30 -5 0
-30 -4 4
-30 -3 7
-30 -2 2
-30 -1 5
-30 0 6
-30 1 5
-30 2 2
-30 3 7
-30 4 4
-30 5 0
-30 6 4
-30 7 7
-30 8 4
-30 9 5
-30 10 2
-30 11 5
-30 12 5
-30 13 4
-30 14 3
-30 15 6
-30 16 3
-30 17 5
-30 18 4
-30 19 1
-30 20 5
-30 21 6
-30 22 7
-30 23 1
-30 24 6
-30 25 6
-30 26 1
-30 27 1
-30 28 6
-30 29 7
-30 30 7
-30 31 5
-30 32 2
-30 33 7
-30 34 4
-30 35 1
-30 36 7
-30 37 3
-30 38 0
-30 39 6
-30 40 2
-30 41 7
-30 42 4
-30 43 4
-30 44 5
-30 45 6
-30 46 5
-30 47 4
-30 48 4
-30 49 4
-30 50 4
-30 51 3
-29 -52 1
-29 -51 7
-29 -50 4
-29 -49 1
-29 -48 7
-29 -47 4
-29 -46 3
-29 -45 2
-29 -44 0
-29 -43 7
-29 -42 7
-29 -41 1
-29 -40 6
-29 -39 2
-29 -38 7
-29 -37 2
-29 -36 7
-29 -35 2
-29 -34 7
-29 -33 5
-29 -32 4
-29 -31 2
-29 -30 7
-29 -29 2
-29 -28 6
-29 -27 7
-29 -26 4
-29 -25 6
-29 -24 4
-29 -23 7
-29 -22 4
-29 -21 3
-29 -20 1
-29 -19 5
-29 -18 6
-29 -17 6
-29 -16 4
-29 -15 7
-29 -14 4
-29 -13 3
-29 -12 3
-29 -11 1
-29 -10 5
-29 -9 4
-29 -8 7
-29 -7 5
-29 -6 5
-29 -5 3
-29 -4 6
-29 -3 7
-29 -2 7
-29 -1 4
-29 0 6
-29 1 4
-29 2 7
-29 3 7
-29 4 6
-29 5 3
-29 6 5
-29 7 5
-29 8 7
-29 9 4
-29 10 5
-29 11 1
-29 12 3
-29 13 3
-29 14 4
-29 15 7
-29 16 4
-29 17 6
-29 18 6
-29 19 5
-29 20 1
-29 21 3
-29 22 4
-29 23 7
-29 24 4
-29 25 6
-29 26 4
-29 27 7
-29 28 6
-29 29 2
-29 30 7
-29 31 2
-29 32 4
-29 33 5
-29 34 7
-29 35 2
-29 36 7
-29 37 2
-29 38 7
-29 39 2
-29 40 6
-29 41 1
-29 42 7
-29 43 7
-29 44 0
-29 45 2
-29 46 3
-29 47 4
-29 48 7
-29 49 1
-29 50 4
-29 51 7
-29 52 1
-28 -52 3
-28 -51 4
-28 -50 7
-28 -49 1
-28 -48 4
-28 -47 7
-28 -46 4
-28 -45 1
-28 -44 7
-28 -43 4
-28 -42 4
-28 -41 7
-28 -40 4
-28 -39 1
-28 -38 7
-28 -37 3
-28 -36 0
-28 -35 6
-28 -34 5
-28 -33 7
-28 -32 2
-28 -31 5
-28 -30 6
-28 -29 6
-28 -28 5
-28 -27 2
-28 -26 5
-28 -25 6
-28 -24 3
-28 -23 6
-28 -22 3
-28 -21 3
-28 -20 0
-28 -19 4
-28 -18 5
-28 -17 7
-28 -16 6
-28 -15 1
-28 -14 7
-28 -13 6
-28 -12 6
-28 -11 4
-28 -10 7
-28 -9 4
-28 -8 4
-28 -7 7
-28 -6 1
-28 -5 1
-28 -4 5
-28 -3 5
-28 -2 1
-28 -1 1
-28 0 4
-28 1 1
-28 2 1
-28 3 5
-28 4 5
-28 5 1
-28 6 1
-28 7 7
-28 8 4
-28 9 4
-28 10 7
-28 11 4
-28 12 6
-28 13 6
-28 14 7
-28 15 1
-28 16 6
-28 17 7
-28 18 5
-28 19 4
-28 20 0
-28 21 3
-28 22 3
-28 23 6
-28 24 3
-28 25 6
-28 26 5
-28 27 2
-28 28 5
-28 29 6
-28 30 6
-28 31 5
-28 32 2
-28 33 7
-28 34 5
-28 35 6
-28 36 0
-28 37 3
-28 38 7
-28 39 1
-28 40 4
-28 41 7
-28 42 4
-28 43 4
-28 44 7
-28 45 1
-28 46 4
-28 47 7
-28 48 4
-28 49 1
-28 50 7
-28 51 4
-28 52 3
-27 -53 1
-27 -52 7
-27 -51 4
-27 -50 3
-27 -49 3
-27 -48 3
-27 -47 4
-27 -46 7
-27 -45 2
-27 -44 7
-27 -43 4
-27 -42 4
-27 -41 7
-27 -40 4
-27 -39 2
-27 -38 0
-27 -37 7
-27 -36 5
-27 -35 5
-27 -34 7
-27 -33 5
-27 -32 4
-27 -31 4
-27 -30 1
-27 -29 7
-27 -28 2
-27 -27 5
-27 -26 6
-27 -25 6
-27 -24 4
-27 -23 7
-27 -22 4
-27 -21 3
-27 -20 1
-27 -19 7
-27 -18 2
-27 -17 7
-27 -16 0
-27 -15 6
-27 -14 5
-27 -13 5
-27 -12 7
-27 -11 6
-27 -10 1
-27 -9 7
-27 -8 6
-27 -7 6
-27 -6 4
-27 -5 6
-27 -4 2
-27 -3 1
-27 -2 3
-27 -1 7
-27 0 2
-27 1 7
-27 2 3
-27 3 1
-27 4 2
-27 5 6
-27 6 4
-27 7 6
-27 8 6
-27 9 7
-27 10 1
-27 11 6
-27 12 7
-27 13 5
-27 14 5
-27 15 6
-27 16 0
-27 17 7
-27 18 2
-27 19 7
-27 20 1
-27 21 3
-27 22 4
-27 23 7
-27 24 4
-27 25 6
-27 26 6
-27 27 5
-27 28 2
-27 29 7
-27 30 1
-27 31 4
-27 32 4
-27 33 5
-27 34 7
-27 35 5
-27 36 5
-27 37 7
-27 38 0
-27 39 2
-27 40 4
-27 41 7
-27 42 4
-27 43 4
-27 44 7
-27 45 2
-27 46 7
-27 47 4
-27 48 3
-27 49 3
-27 50 3
-27 51 4
-27 52 7
-27 53 1
-26 -53 2
-26 -52 2
-26 -51 4
-26 -50 0
-26 -49 6
-26 -48 4
-26 -47 3
-26 -46 4
-26 -45 6
-26 -44 1
-26 -43 7
-26 -42 7
-26 -41 1
-26 -40 7
-26 -39 6
-26 -38 5
-26 -37 4
-26 -36 4
-26 -35 7
-26 -34 5
-26 -33 7
-26 -32 2
-26 -31 7
-26 -30 1
-26 -29 4
-26 -28 5
-26 -27 6
-26 -26 6
-26 -25 6
-26 -24 5
-26 -23 0
-26 -22 7
-26 -21 6
-26 -20 6
-26 -19 7
-26 -18 7
-26 -17 7
-26 -16 3
-26 -15 4
-26 -14 7
-26 -13 2
-26 -12 7
-26 -11 0
-26 -10 6
-26 -9 4
-26 -8 3
-26 -7 1
-26 -6 4
-26 -5 0
-26 -4 7
-26 -3 6
-26 -2 6
-26 -1 6
-26 0 3
-26 1 6
-26 2 6
-26 3 6
-26 4 7
-26 5 0
-26 6 4
-26 7 1
-26 8 3
-26 9 4
-26 10 6
-26 11 0
-26 12 7
-26 13 2
-26 14 7
-26 15 4
-26 16 3
-26 17 7
-26 18 7
-26 19 7
-26 20 6
-26 21 6
-26 22 7
-26 23 0
-26 24 5
-26 25 6
-26 26 6
-26 27 6
-26 28 5
-26 29 4
-26 30 1
-26 31 7
-26 32 2
-26 33 7
-26 34 5
-26 35 7
-26 36 4
-26 37 4
-26 38 5
-26 39 6
-26 40 7
-26 41 1
-26 42 7
-26 43 7
-26 44 1
-26 45 6
-26 46 4
-26 47 3
-26 48 4
-26 49 6
-26 50 0
-26 51 4
-26 52 2
-26 53 2
-25 -53 4
-25 -52 7
-25 -51 5
-25 -50 6
-25 -49 1
-25 -48 6
-25 -47 4
-25 -46 3
-25 -45 4
-25 -44 7
-25 -43 4
-25 -42 4
-25 -41 7
-25 -40 4
-25 -39 3
-25 -38 3
-25 -37 4
-25 -36 7
-25 -35 5
-25 -34 7
-25 -33 5
-25 -32 5
-25 -31 6
-25 -30 6
-25 -29 6
-25 -28 6
-25 -27 6
-25 -26 6
-25 -25 6
-25 -24 6
-25 -23 2
-25 -22 2
-25 -21 3
-25 -20 7
-25 -19 4
-25 -18 1
-25 -17 6
-25 -16 7
-25 -15 4
-25 -14 4
-25 -13 5
-25 -12 7
-25 -11 5
-25 -10 6
-25 -9 7
-25 -8 7
-25 -7 4
-25 -6 4
-25 -5 5
-25 -4 6
-25 -3 6
-25 -2 5
-25 -1 1
-25 0 0
-25 1 1
-25 2 5
-25 3 6
-25 4 6
-25 5 5
-25 6 4
-25 7 4
-25 8 7
-25 9 7
-25 10 6
-25 11 5
-25 12 7
-25 13 5
-25 14 4
-25 15 4
-25 16 7
-25 17 6
-25 18 1
-25 19 4
-25 20 7
-25 21 3
-25 22 2
-25 23 2
-25 24 6
-25 25 6
-25 26 6
-25 27 6
-25 28 6
-25 29 6
-25 30 6
-25 31 6
-25 32 5
-25 33 5
-25 34 7
-25 35 5
-25 36 7
-25 37 4
-25 38 3
-25 39 3
-25 40 4
-25 41 7
-25 42 4
-25 43 4
-25 44 7
-25 45 4
-25 46 3
-25 47 4
-25 48 6
-25 49 1
-25 50 6
-25 51 5
-25 52 7
-25 53 4
-24 -54 1
-24 -53 7
-24 -52 5
-24 -51 7
-24 -50 5
-24 -49 6
-24 -48 1
-24 -47 6
-24 -46 4
-24 -45 4
-24 -44 7
-24 -43 4
-24 -42 3
-24 -41 6
-24 -40 3
-24 -39 3
-24 -38 4
-24 -37 7
-24 -36 5
-24 -35 7
-24 -34 5
-24 -33 7
-24 -32 3
-24 -31 0
-24 -30 6
-24 -29 4
-24 -28 3
-24 -27 4
-24 -26 5
-24 -25 6
-24 -24 6
-24 -23 4
-24 -22 7
-24 -21 4
-24 -20 4
-24 -19 7
-24 -18 1
-24 -17 3
-24 -16 2
-24 -15 7
-24 -14 6
-24 -13 6
-24 -12 6
-24 -11 3
-24 -10 1
-24 -9 7
-24 -8 0
-24 -7 7
-24 -6 6
-24 -5 6
-24 -4 4
-24 -3 7
-24 -2 5
-24 -1 5
-24 0 6
-24 1 5
-24 2 5
-24 3 7
-24 4 4
-24 5 6
-24 6 6
-24 7 7
-24 8 0
-24 9 7
-24 10 1
-24 11 3
-24 12 6
-24 13 6
-24 14 6
-24 15 7
-24 16 2
-24 17 3
-24 18 1
-24 19 7
-24 20 4
-24 21 4
-24 22 7
-24 23 4
-24 24 6
-24 25 6
-24 26 5
-24 27 4
-24 28 3
-24 29 4
-24 30 6
-24 31 0
-24 32 3
-24 33 7
-24 34 5
-24 35 7
-24 36 5
-24 37 7
-24 38 4
-24 39 3
-24 40 3
-24 41 6
-24 42 3
-24 43 4
-24 44 7
-24 45 4
-24 46 4
-24 47 6
-24 48 1
-24 49 6
-24 50 5
-24 51 7
-24 52 5
-24 53 7
-24 54 1
-23 -54 3
-23 -53 4
-23 -52 7
-23 -51 5
-23 -50 7
-23 -49 5
-23 -48 6
-23 -47 1
-23 -46 7
-23 -45 7
-23 -44 0
-23 -43 5
-23 -42 3
-23 -41 6
-23 -40 3
-23 -39 4
-23 -38 7
-23 -37 5
-23 -36 7
-23 -35 4
-23 -34 5
-23 -33 2
-23 -32 3
-23 -31 6
-23 -30 1
-23 -29 7
-23 -28 6
-23 -27 7
-23 -26 0
-23 -25 2
-23 -24 4
-23 -23 4
-23 -22 2
-23 -21 5
-23 -20 3
-23 -19 4
-23 -18 5
-23 -17 7
-23 -16 7
-23 -15 4
-23 -14 4
-23 -13 5
-23 -12 6
-23 -11 3
-23 -10 1
-23 -9 6
-23 -8 5
-23 -7 6
-23 -6 6
-23 -5 6
-23 -4 2
-23 -3 0
-23 -2 6
-23 -1 1
-23 0 3
-23 1 1
-23 2 6
-23 3 0
-23 4 2
-23 5 6
-23 6 6
-23 7 6
-23 8 5
-23 9 6
-23 10 1
-23 11 3
-23 12 6
-23 13 5
-23 14 4
-23 15 4
-23 16 7
-23 17 7
-23 18 5
-23 19 4
-23 20 3
-23 21 5
-23 22 2
-23 23 4
-23 24 4
-23 25 2
-23 26 0
-23 27 7
-23 28 6
-23 29 7
-23 30 1
-23 31 6
-23 32 3
-23 33 2
-23 34 5
-23 35 4
-23 36 7
-23 37 5
-23 38 7
-23 39 4
-23 40 3
-23 41 6
-23 42 3
-23 43 5
-23 44 0
-23 45 7
-23 46 7
-23 47 1
-23 48 6
-23 49 5
-23 50 7
-23 51 5
-23 52 7
-23 53 4
-23 54 3
-22 -55 1
-22 -54 7
-22 -53 4
-22 -52 4
-22 -51 7
-22 -50 5
-22 -49 7
-22 -48 5
-22 -47 7
-22 -46 3
-22 -45 2
-22 -44 3
-22 -43 7
-22 -42 4
-22 -41 6
-22 -40 4
-22 -39 7
-22 -38 4
-22 -37 5
-22 -36 1
-22 -35 1
-22 -34 6
-22 -33 7
-22 -32 4
-22 -31 4
-22 -30 7
-22 -29 4
-22 -28 3
-22 -27 4
-22 -26 7
-22 -25 2
-22 -24 7
-22 -23 2
-22 -22 5
-22 -21 6
-22 -20 3
-22 -19 3
-22 -18 4
-22 -17 7
-22 -16 2
-22 -15 3
-22 -14 7
-22 -13 2
-22 -12 6
-22 -11 5
-22 -10 5
-22 -9 2
-22 -8 2
-22 -7 1
-22 -6 6
-22 -5 7
-22 -4 2
-22 -3 4
-22 -2 2
-22 -1 3
-22 0 7
-22 1 3
-22 2 2
-22 3 4
-22 4 2
-22 5 7
-22 6 6
-22 7 1
-22 8 2
-22 9 2
-22 10 5
-22 11 5
-22 12 6
-22 13 2
-22 14 7
-22 15 3
-22 16 2
-22 17 7
-22 18 4
-22 19 3
-22 20 3
-22 21 6
-22 22 5
-22 23 2
-22 24 7
-22 25 2
-22 26 7
-22 27 4
-22 28 3
-22 29 4
-22 30 7
-22 31 4
-22 32 4
-22 33 7
-22 34 6
-22 35 1
-22 36 1
-22 37 5
-22 38 4
-22 39 7
-22 40 4
-22 41 6
-22 42 4
-22 43 7
-22 44 3
-22 45 2
-22 46 3
-22 47 7
-22 48 5
-22 49 7
-22 50 5
-22 51 7
-22 52 4
-22 53 4
-22 54 7
-22 55 1
-21 -55 2
-21 -54 2
-21 -53 4
-21 -52 1
-21 -51 1
-21 -50 5
-21 -49 4
-21 -48 7
-21 -47 6
-21 -46 0
-21 -45 7
-21 -44 7
-21 -43 0
-21 -42 5
-21 -41 6
-21 -40 5
-21 -39 1
-21 -38 1
-21 -37 5
-21 -36 4
-21 -35 7
-21 -34 6
-21 -33 2
-21 -32 5
-21 -31 3
-21 -30 6
-21 -29 3
-21 -28 3
-21 -27 3
-21 -26 6
-21 -25 3
-21 -24 4
-21 -23 5
-21 -22 6
-21 -21 6
-21 -20 3
-21 -19 4
-21 -18 7
-21 -17 5
-21 -16 5
-21 -15 3
-21 -14 4
-21 -13 5
-21 -12 6
-21 -11 1
-21 -10 6
-21 -9 7
-21 -8 2
-21 -7 3
-21 -6 7
-21 -5 3
-21 -4 7
-21 -3 7
-21 -2 7
-21 -1 6
-21 0 2
-21 1 6
-21 2 7
-21 3 7
-21 4 7
-21 5 3
-21 6 7
-21 7 3
-21 8 2
-21 9 7
-21 10 6
-21 11 1
-21 12 6
-21 13 5
-21 14 4
-21 15 3
-21 16 5
-21 17 5
-21 18 7
-21 19 4
-21 20 3
-21 21 6
-21 22 6
-21 23 5
-21 24 4
-21 25 3
-21 26 6
-21 27 3
-21 28 3
-21 29 3
-21 30 6
-21 31 3
-21 32 5
-21 33 2
-21 34 6
-21 35 7
-21 36 4
-21 37 5
-21 38 1
-21 39 1
-21 40 5
-21 41 6
-21 42 5
-21 43 0
-21 44 7
-21 45 7
-21 46 0
-21 47 6
-21 48 7
-21 49 4
-21 50 5
-21 51 1
-21 52 1
-21 53 4
-21 54 2
-21 55 2
-20 -55 4
-20 -54 7
-20 -53 5
-20 -52 7
-20 -51 4
-20 -50 5
-20 -49 1
-20 -48 1
-20 -47 6
-20 -46 6
-20 -45 2
-20 -44 1
-20 -43 2
-20 -42 6
-20 -41 6
-20 -40 6
-20 -39 4
-20 -38 7
-20 -37 4
-20 -36 5
-20 -35 2
-20 -34 6
-20 -33 7
-20 -32 7
-20 -31 3
-20 -30 5
-20 -29 1
-20 -28 0
-20 -27 1
-20 -26 6
-20 -25 7
-20 -24 4
-20 -23 3
-20 -22 3
-20 -21 3
-20 -20 1
-20 -19 5
-20 -18 4
-20 -17 7
-20 -16 4
-20 -15 1
-20 -14 2
-20 -13 4
-20 -12 5
-20 -11 1
-20 -10 5
-20 -9 5
-20 -8 7
-20 -7 5
-20 -6 3
-20 -5 7
-20 -4 6
-20 -3 5
-20 -2 0
-20 -1 7
-20 0 6
-20 1 7
-20 2 0
-20 3 5
-20 4 6
-20 5 7
-20 6 3
-20 7 5
-20 8 7
-20 9 5
-20 10 5
-20 11 1
-20 12 5
-20 13 4
-20 14 2
-20 15 1
-20 16 4
-20 17 7
-20 18 4
-20 19 5
-20 20 1
-20 21 3
-20 22 3
-20 23 3
-20 24 4
-20 25 7
-20 26 6
-20 27 1
-20 28 0
-20 29 1
-20 30 5
-20 31 3
-20 32 7
-20 33 7
-20 34 6
-20 35 2
-20 36 5
-20 37 4
-20 38 7
-20 39 4
-20 40 6
-20 41 6
-20 42 6
-20 43 2
-20 44 1
-20 45 2
-20 46 6
-20 47 6
-20 48 1
-20 49 1
-20 50 5
-20 51 4
-20 52 7
-20 53 5
-20 54 7
-20 55 4
-19 -56 1
-19 -55 7
-19 -54 5
-19 -53 7
-19 -52 5
-19 -51 7
-19 -50 5
-19 -49 7
-19 -48 4
-19 -47 6
-19 -46 4
-19 -45 7
-19 -44 4
-19 -43 3
-19 -42 6
-19 -41 6
-19 -40 6
-19 -39 5
-19 -38 1
-19 -37 1
-19 -36 6
-19 -35 7
-19 -34 6
-19 -33 2
-19 -32 7
-19 -31 1
-19 -30 1
-19 -29 5
-19 -28 4
-19 -27 7
-19 -26 7
-19 -25 4
-19 -24 7
-19 -23 4
-19 -22 3
-19 -21 4
-19 -20 5
-19 -19 5
-19 -18 1
-19 -17 2
-19 -16 7
-19 -15 5
-19 -14 0
-19 -13 6
-19 -12 2
-19 -11 2
-19 -10 2
-19 -9 6
-19 -8 2
-19 -7 1
-19 -6 7
-19 -5 6
-19 -4 3
-19 -3 4
-19 -2 4
-19 -1 2
-19 0 4
-19 1 2
-19 2 4
-19 3 4
-19 4 3
-19 5 6
-19 6 7
-19 7 1
-19 8 2
-19 9 6
-19 10 2
-19 11 2
-19 12 2
-19 13 6
-19 14 0
-19 15 5
-19 16 7
-19 17 2
-19 18 1
-19 19 5
-19 20 5
-19 21 4
-19 22 3
-19 23 4
-19 24 7
-19 25 4
-19 26 7
-19 27 7
-19 28 4
-19 29 5
-19 30 1
-19 31 1
-19 32 7
-19 33 2
-19 34 6
-19 35 7
-19 36 6
-19 37 1
-19 38 1
-19 39 5
-19 40 6
-19 41 6
-19 42 6
-19 43 3
-19 44 4
-19 45 7
-19 46 4
-19 47 6
-19 48 4
-19 49 7
-19 50 5
-19 51 7
-19 52 5
-19 53 7
-19 54 5
-19 55 7
-19 56 1
-18 -56 2
-18 -55 2
-18 -54 4
-18 -53 2
-18 -52 4
-18 -51 2
-18 -50 5
-18 -49 4
-18 -48 7
-18 -47 6
-18 -46 1
-18 -45 1
-18 -44 5
-18 -43 3
-18 -42 6
-18 -41 6
-18 -40 6
-18 -39 6
-18 -38 4
-18 -37 7
-18 -36 6
-18 -35 2
-18 -34 5
-18 -33 6
-18 -32 7
-18 -31 7
-18 -30 4
-18 -29 6
-18 -28 5
-18 -27 2
-18 -26 7
-18 -25 1
-18 -24 1
-18 -23 5
-18 -22 4
-18 -21 7
-18 -20 4
-18 -19 1
-18 -18 6
-18 -17 7
-18 -16 5
-18 -15 6
-18 -14 7
-18 -13 3
-18 -12 7
-18 -11 7
-18 -10 7
-18 -9 3
-18 -8 7
-18 -7 3
-18 -6 3
-18 -5 1
-18 -4 1
-18 -3 7
-18 -2 7
-18 -1 7
-18 0 5
-18 1 7
-18 2 7
-18 3 7
-18 4 1
-18 5 1
-18 6 3
-18 7 3
-18 8 7
-18 9 3
-18 10 7
-18 11 7
-18 12 7
-18 13 3
-18 14 7
-18 15 6
-18 16 5
-18 17 7
-18 18 6
-18 19 1
-18 20 4
-18 21 7
-18 22 4
-18 23 5
-18 24 1
-18 25 1
-18 26 7
-18 27 2
-18 28 5
-18 29 6
-18 30 4
-18 31 7
-18 32 7
-18 33 6
-18 34 5
-18 35 2
-18 36 6
-18 37 7
-18 38 4
-18 39 6
-18 40 6
-18 41 6
-18 42 6
-18 43 3
-18 44 5
-18 45 1
-18 46 1
-18 47 6
-18 48 7
-18 49 4
-18 50 5
-18 51 2
-18 52 4
-18 53 2
-18 54 4
-18 55 2
-18 56 2
-17 -56 4
-17 -55 7
-17 -54 5
-17 -53 7
-17 -52 5
-17 -51 7
-17 -50 6
-17 -49 1
-17 -48 1
-17 -47 6
-17 -46 7
-17 -45 4
-17 -44 6
-17 -43 3
-17 -42 6
-17 -41 6
-17 -40 6
-17 -39 6
-17 -38 5
-17 -37 2
-17 -36 5
-17 -35 5
-17 -34 2
-17 -33 7
-17 -32 4
-17 -31 1
-17 -30 5
-17 -29 6
-17 -28 7
-17 -27 7
-17 -26 7
-17 -25 6
-17 -24 3
-17 -23 7
-17 -22 7
-17 -21 5
-17 -20 7
-17 -19 2
-17 -18 7
-17 -17 2
-17 -16 5
-17 -15 4
-17 -14 5
-17 -13 3
-17 -12 2
-17 -11 7
-17 -10 5
-17 -9 7
-17 -8 7
-17 -7 5
-17 -6 5
-17 -5 7
-17 -4 6
-17 -3 4
-17 -2 7
-17 -1 2
-17 0 4
-17 1 2
-17 2 7
-17 3 4
-17 4 6
-17 5 7
-17 6 5
-17 7 5
-17 8 7
-17 9 7
-17 10 5
-17 11 7
-17 12 2
-17 13 3
-17 14 5
-17 15 4
-17 16 5
-17 17 2
-17 18 7
-17 19 2
-17 20 7
-17 21 5
-17 22 7
-17 23 7
-17 24 3
-17 25 6
-17 26 7
-17 27 7
-17 28 7
-17 29 6
-17 30 5
-17 31 1
-17 32 4
-17 33 7
-17 34 2
-17 35 5
-17 36 5
-17 37 2
-17 38 5
-17 39 6
-17 40 6
-17 41 6
-17 42 6
-17 43 3
-17 44 6
-17 45 4
-17 46 7
-17 47 6
-17 48 1
-17 49 1
-17 50 6
-17 51 7
-17 52 5
-17 53 7
-17 54 5
-17 55 7
-17 56 4
-16 -57 1
-16 -56 7
-16 -55 5
-16 -54 7
-16 -53 4
-16 -52 5
-16 -51 2
-16 -50 6
-16 -49 7
-16 -48 4
-16 -47 5
-16 -46 2
-16 -45 5
-16 -44 6
-16 -43 3
-16 -42 6
-16 -41 6
-16 -40 6
-16 -39 6
-16 -38 6
-16 -37 5
-16 -36 1
-16 -35 4
-16 -34 4
-16 -33 5
-16 -32 7
-16 -31 1
-16 -30 3
-16 -29 4
-16 -28 6
-16 -27 0
-16 -26 3
-16 -25 7
-16 -24 2
-16 -23 7
-16 -22 2
-16 -21 5
-16 -20 4
-16 -19 7
-16 -18 5
-16 -17 5
-16 -16 7
-16 -15 7
-16 -14 3
-16 -13 7
-16 -12 6
-16 -11 4
-16 -10 5
-16 -9 1
-16 -8 3
-16 -7 1
-16 -6 7
-16 -5 2
-16 -4 7
-16 -3 4
-16 -2 6
-16 -1 7
-16 0 5
-16 1 7
-16 2 6
-16 3 4
-16 4 7
-16 5 2
-16 6 7
-16 7 1
-16 8 3
-16 9 1
-16 10 5
-16 11 4
-16 12 6
-16 13 7
-16 14 3
-16 15 7
-16 16 7
-16 17 5
-16 18 5
-16 19 7
-16 20 4
-16 21 5
-16 22 2
-16 23 7
-16 24 2
-16 25 7
-16 26 3
-16 27 0
-16 28 6
-16 29 4
-16 30 3
-16 31 1
-16 32 7
-16 33 5
-16 34 4
-16 35 4
-16 36 1
-16 37 5
-16 38 6
-16 39 6
-16 40 6
-16 41 6
-16 42 6
-16 43 3
-16 44 6
-16 45 5
-16 46 2
-16 47 5
-16 48 4
-16 49 7
-16 50 6
-16 51 2
-16 52 5
-16 53 4
-16 54 7
-16 55 5
-16 56 7
-16 57 1
-15 -57 2
-15 -56 2
-15 -55 4
-15 -54 1
-15 -53 1
-15 -52 6
-15 -51 7
-15 -50 6
-15 -49 2
-15 -48 4
-15 -47 2
-15 -46 5
-15 -45 6
-15 -44 5
-15 -43 1
-15 -42 3
-15 -41 3
-15 -40 3
-15 -39 3
-15 -38 3
-15 -37 3
-15 -36 1
-15 -35 7
-15 -34 2
-15 -33 7
-15 -32 5
-15 -31 5
-15 -30 6
-15 -29 7
-15 -28 1
-15 -27 6
-15 -26 4
-15 -25 4
-15 -24 7
-15 -23 4
-15 -22 3
-15 -21 3
-15 -20 1
-15 -19 5
-15 -18 6
-15 -17 4
-15 -16 7
-15 -15 3
-15 -14 6
-15 -13 3
-15 -12 7
-15 -11 4
-15 -10 6
-15 -9 4
-15 -8 7
-15 -7 4
-15 -6 6
-15 -5 3
-15 -4 4
-15 -3 6
-15 -2 2
-15 -1 3
-15 0 7
-15 1 3
-15 2 2
-15 3 6
-15 4 4
-15 5 3
-15 6 6
-15 7 4
-15 8 7
-15 9 4
-15 10 6
-15 11 4
-15 12 7
-15 13 3
-15 14 6
-15 15 3
-15 16 7
-15 17 4
-15 18 6
-15 19 5
-15 20 1
-15 21 3
-15 22 3
-15 23 4
-15 24 7
-15 25 4
-15 26 4
-15 27 6
-15 28 1
-15 29 7
-15 30 6
-15 31 5
-15 32 5
-15 33 7
-15 34 2
-15 35 7
-15 36 1
-15 37 3
-15 38 3
-15 39 3
-15 40 3
-15 41 3
-15 42 3
-15 43 1
-15 44 5
-15 45 6
-15 46 5
-15 47 2
-15 48 4
-15 49 2
-15 50 6
-15 51 7
-15 52 6
-15 53 1
-15 54 1
-15 55 4
-15 56 2
-15 57 2
-14 -57 4
-14 -56 7
-14 -55 4
-14 -54 4
-14 -53 7
-14 -52 6
-14 -51 2
-14 -50 6
-14 -49 7
-14 -48 5
-14 -47 7
-14 -46 7
-14 -45 5
-14 -44 2
-14 -43 5
-14 -42 6
-14 -41 6
-14 -40 6
-14 -39 6
-14 -38 6
-14 -37 6
-14 -36 6
-14 -35 6
-14 -34 5
-14 -33 5
-14 -32 7
-14 -31 4
-14 -30 3
-14 -29 4
-14 -28 7
-14 -27 5
-14 -26 7
-14 -25 4
-14 -24 6
-14 -23 4
-14 -22 7
-14 -21 4
-14 -20 2
-14 -19 0
-14 -18 7
-14 -17 5
-14 -16 3
-14 -15 6
-14 -14 3
-14 -13 6
-14 -12 3
-14 -11 5
-14 -10 6
-14 -9 5
-14 -8 0
-14 -7 7
-14 -6 7
-14 -5 7
-14 -4 3
-14 -3 0
-14 -2 6
-14 -1 3
-14 0 6
-14 1 3
-14 2 6
-14 3 0
-14 4 3
-14 5 7
-14 6 7
-14 7 7
-14 8 0
-14 9 5
-14 10 6
-14 11 5
-14 12 3
-14 13 6
-14 14 3
-14 15 6
-14 16 3
-14 17 5
-14 18 7
-14 19 0
-14 20 2
-14 21 4
-14 22 7
-14 23 4
-14 24 6
-14 25 4
-14 26 7
-14 27 5
-14 28 7
-14 29 4
-14 30 3
-14 31 4
-14 32 7
-14 33 5
-14 34 5
-14 35 6
-14 36 6
-14 37 6
-14 38 6
-14 39 6
-14 40 6
-14 41 6
-14 42 6
-14 43 5
-14 44 2
-14 45 5
-14 46 7
-14 47 7
-14 48 5
-14 49 7
-14 50 6
-14 51 2
-14 52 6
-14 53 7
-14 54 4
-14 55 4
-14 56 7
-14 57 4
-13 -58 1
-13 -57 7
-13 -56 4
-13 -55 3
-13 -54 5
-13 -53 2
-13 -52 6
-13 -51 7
-13 -50 6
-13 -49 2
-13 -48 4
-13 -47 2
-13 -46 7
-13 -45 2
-13 -44 5
-13 -43 6
-13 -42 6
-13 -41 6
-13 -40 6
-13 -39 5
-13 -38 4
-13 -37 4
-13 -36 6
-13 -35 0
-13 -34 3
-13 -33 7
-13 -32 5
-13 -31 7
-13 -30 4
-13 -29 3
-13 -28 6
-13 -27 5
-13 -26 2
-13 -25 5
-13 -24 6
-13 -23 5
-13 -22 2
-13 -21 5
-13 -20 4
-13 -19 6
-13 -18 3
-13 -17 3
-13 -16 7
-13 -15 3
-13 -14 6
-13 -13 3
-13 -12 7
-13 -11 4
-13 -10 4
-13 -9 5
-13 -8 3
-13 -7 4
-13 -6 5
-13 -5 2
-13 -4 5
-13 -3 7
-13 -2 4
-13 -1 3
-13 0 7
-13 1 3
-13 2 4
-13 3 7
-13 4 5
-13 5 2
-13 6 5
-13 7 4
-13 8 3
-13 9 5
-13 10 4
-13 11 4
-13 12 7
-13 13 3
-13 14 6
-13 15 3
-13 16 7
-13 17 3
-13 18 3
-13 19 6
-13 20 4
-13 21 5
-13 22 2
-13 23 5
-13 24 6
-13 25 5
-13 26 2
-13 27 5
-13 28 6
-13 29 3
-13 30 4
-13 31 7
-13 32 5
-13 33 7
-13 34 3
-13 35 0
-13 36 6
-13 37 4
-13 38 4
-13 39 5
-13 40 6
-13 41 6
-13 42 6
-13 43 6
-13 44 5
-13 45 2
-13 46 7
-13 47 2
-13 48 4
-13 49 2
-13 50 6
-13 51 7
-13 52 6
-13 53 2
-13 54 5
-13 55 3
-13 56 4
-13 57 7
-13 58 1
-12 -58 2
-12 -57 1
-12 -56 0
-12 -55 1
-12 -54 6
-12 -53 7
-12 -52 6
-12 -51 2
-12 -50 5
-12 -49 5
-12 -48 2
-12 -47 5
-12 -46 7
-12 -45 7
-12 -44 7
-12 -43 5
-12 -42 4
-12 -41 3
-12 -40 2
-12 -39 0
-12 -38 7
-12 -37 7
-12 -36 1
-12 -35 6
-12 -34 3
-12 -33 2
-12 -32 4
-12 -31 2
-12 -30 5
-12 -29 3
-12 -28 6
-12 -27 7
-12 -26 7
-12 -25 7
-12 -24 6
-12 -23 6
-12 -22 6
-12 -21 6
-12 -20 5
-12 -19 2
-12 -18 7
-12 -17 2
-12 -16 6
-12 -15 7
-12 -14 3
-12 -13 7
-12 -12 7
-12 -11 6
-12 -10 5
-12 -9 0
-12 -8 5
-12 -7 6
-12 -6 7
-12 -5 7
-12 -4 5
-12 -3 7
-12 -2 6
-12 -1 5
-12 0 3
-12 1 5
-12 2 6
-12 3 7
-12 4 5
-12 5 7
-12 6 7
-12 7 6
-12 8 5
-12 9 0
-12 10 5
-12 11 6
-12 12 7
-12 13 7
-12 14 3
-12 15 7
-12 16 6
-12 17 2
-12 18 7
-12 19 2
-12 20 5
-12 21 6
-12 22 6
-12 23 6
-12 24 6
-12 25 7
-12 26 7
-12 27 7
-12 28 6
-12 29 3
-12 30 5
-12 31 2
-12 32 4
-12 33 2
-12 34 3
-12 35 6
-12 36 1
-12 37 7
-12 38 7
-12 39 0
-12 40 2
-12 41 3
-12 42 4
-12 43 5
-12 44 7
-12 45 7
-12 46 7
-12 47 5
-12 48 2
-12 49 5
-12 50 5
-12 51 2
-12 52 6
-12 53 7
-12 54 6
-12 55 1
-12 56 0
-12 57 1
-12 58 2
-11 -58 3
-11 -57 3
-11 -56 4
-11 -55 7
-11 -54 6
-11 -53 2
-11 -52 5
-11 -51 5
-11 -50 2
-11 -49 6
-11 -48 7
-11 -47 7
-11 -46 5
-11 -45 2
-11 -44 7
-11 -43 2
-11 -42 7
-11 -41 4
-11 -40 1
-11 -39 7
-11 -38 4
-11 -37 4
-11 -36 7
-11 -35 4
-11 -34 4
-11 -33 7
-11 -32 4
-11 -31 6
-11 -30 5
-11 -29 1
-11 -28 4
-11 -27 6
-11 -26 0
-11 -25 5
-11 -24 3
-11 -23 3
-11 -22 5
-11 -21 1
-11 -20 1
-11 -19 2
-11 -18 7
-11 -17 7
-11 -16 4
-11 -15 4
-11 -14 5
-11 -13 4
-11 -12 6
-11 -11 6
-11 -10 4
-11 -9 5
-11 -8 4
-11 -7 4
-11 -6 5
-11 -5 2
-11 -4 6
-11 -3 0
-11 -2 6
-11 -1 5
-11 0 0
-11 1 5
-11 2 6
-11 3 0
-11 4 6
-11 5 2
-11 6 5
-11 7 4
-11 8 4
-11 9 5
-11 10 4
-11 11 6
-11 12 6
-11 13 4
-11 14 5
-11 15 4
-11 16 4
-11 17 7
-11 18 7
-11 19 2
-11 20 1
-11 21 1
-11 22 5
-11 23 3
-11 24 3
-11 25 5
-11 26 0
-11 27 6
-11 28 4
-11 29 1
-11 30 5
-11 31 6
-11 32 4
-11 33 7
-11 34 4
-11 35 4
-11 36 7
-11 37 4
-11 38 4
-11 39 7
-11 40 1
-11 41 4
-11 42 7
-11 43 2
-11 44 7
-11 45 2
-11 46 5
-11 47 7
-11 48 7
-11 49 6
-11 50 2
-11 51 5
-11 52 5
-11 53 2
-11 54 6
-11 55 7
-11 56 4
-11 57 3
-11 58 3
-10 -58 3
-10 -57 4
-10 -56 7
-10 -55 4
-10 -54 7
-10 -53 7
-10 -52 4
-10 -51 7
-10 -50 7
-10 -49 6
-10 -48 2
-10 -47 7
-10 -46 2
-10 -45 4
-10 -44 5
-10 -43 4
-10 -42 5
-10 -41 7
-10 -40 2
-10 -39 7
-10 -38 4
-10 -37 3
-10 -36 6
-10 -35 3
-10 -34 5
-10 -33 1
-10 -32 1
-10 -31 7
-10 -30 2
-10 -29 5
-10 -28 7
-10 -27 1
-10 -26 6
-10 -25 6
-10 -24 1
-10 -23 1
-10 -22 5
-10 -21 6
-10 -20 5
-10 -19 2
-10 -18 7
-10 -17 5
-10 -16 5
-10 -15 6
-10 -14 6
-10 -13 4
-10 -12 5
-10 -11 4
-10 -10 1
-10 -9 3
-10 -8 4
-10 -7 6
-10 -6 4
-10 -5 6
-10 -4 6
-10 -3 7
-10 -2 4
-10 -1 7
-10 0 4
-10 1 7
-10 2 4
-10 3 7
-10 4 6
-10 5 6
-10 6 4
-10 7 6
-10 8 4
-10 9 3
-10 10 1
-10 11 4
-10 12 5
-10 13 4
-10 14 6
-10 15 6
-10 16 5
-10 17 5
-10 18 7
-10 19 2
-10 20 5
-10 21 6
-10 22 5
-10 23 1
-10 24 1
-10 25 6
-10 26 6
-10 27 1
-10 28 7
-10 29 5
-10 30 2
-10 31 7
-10 32 1
-10 33 1
-10 34 5
-10 35 3
-10 36 6
-10 37 3
-10 38 4
-10 39 7
-10 40 2
-10 41 7
-10 42 5
-10 43 4
-10 44 5
-10 45 4
-10 46 2
-10 47 7
-10 48 2
-10 49 6
-10 50 7
-10 51 7
-10 52 4
-10 53 7
-10 54 7
-10 55 4
-10 56 7
-10 57 4
-10 58 3
-9 -58 3
-9 -57 5
-9 -56 1
-9 -55 1
-9 -54 7
-9 -53 1
-9 -52 1
-9 -51 7
-9 -50 2
-9 -49 5
-9 -48 6
-9 -47 6
-9 -46 5
-9 -45 2
-9 -44 7
-9 -43 2
-9 -42 7
-9 -41 5
-9 -40 6
-9 -39 1
-9 -38 6
-9 -37 4
-9 -36 6
-9 -35 3
-9 -34 6
-9 -33 4
-9 -32 7
-9 -31 7
-9 -30 5
-9 -29 4
-9 -28 4
-9 -27 7
-9 -26 4
-9 -25 7
-9 -24 7
-9 -23 6
-9 -22 2
-9 -21 7
-9 -20 5
-9 -19 6
-9 -18 3
-9 -17 7
-9 -16 1
-9 -15 4
-9 -14 5
-9 -13 5
-9 -12 0
-9 -11 5
-9 -10 3
-9 -9 2
-9 -8 6
-9 -7 6
-9 -6 2
-9 -5 5
-9 -4 0
-9 -3 7
-9 -2 7
-9 -1 6
-9 0 3
-9 1 6
-9 2 7
-9 3 7
-9 4 0
-9 5 5
-9 6 2
-9 7 6
-9 8 6
-9 9 2
-9 10 3
-9 11 5
-9 12 0
-9 13 5
-9 14 5
-9 15 4
-9 16 1
-9 17 7
-9 18 3
-9 19 6
-9 20 5
-9 21 7
-9 22 2
-9 23 6
-9 24 7
-9 25 7
-9 26 4
-9 27 7
-9 28 4
-9 29 4
-9 30 5
-9 31 7
-9 32 7
-9 33 4
-9 34 6
-9 35 3
-9 36 6
-9 37 4
-9 38 6
-9 39 1
-9 40 6
-9 41 5
-9 42 7
-9 43 2
-9 44 7
-9 45 2
-9 46 5
-9 47 6
-9 48 6
-9 49 5
-9 50 2
-9 51 7
-9 52 1
-9 53 1
-9 54 7
-9 55 1
-9 56 1
-9 57 5
-9 58 3
-8 -58 3
-8 -57 6
-8 -56 4
-8 -55 7
-8 -54 7
-8 -53 4
-8 -52 7
-8 -51 7
-8 -50 5
-8 -49 2
-8 -48 7
-8 -47 2
-8 -46 5
-8 -45 6
-8 -44 6
-8 -43 5
-8 -42 5
-8 -41 7
-8 -40 5
-8 -39 6
-8 -38 1
-8 -37 6
-8 -36 7
-8 -35 3
-8 -34 6
-8 -33 5
-8 -32 1
-8 -31 3
-8 -30 4
-8 -29 7
-8 -28 4
-8 -27 6
-8 -26 3
-8 -25 7
-8 -24 0
-8 -23 5
-8 -22 2
-8 -21 2
-8 -20 7
-8 -19 2
-8 -18 7
-8 -17 7
-8 -16 3
-8 -15 7
-8 -14 0
-8 -13 3
-8 -12 5
-8 -11 4
-8 -10 4
-8 -9 6
-8 -8 6
-8 -7 3
-8 -6 4
-8 -5 5
-8 -4 7
-8 -3 4
-8 -2 3
-8 -1 0
-8 0 7
-8 1 0
-8 2 3
-8 3 4
-8 4 7
-8 5 5
-8 6 4
-8 7 3
-8 8 6
-8 9 6
-8 10 4
-8 11 4
-8 12 5
-8 13 3
-8 14 0
-8 15 7
-8 16 3
-8 17 7
-8 18 7
-8 19 2
-8 20 7
-8 21 2
-8 22 2
-8 23 5
-8 24 0
-8 25 7
-8 26 3
-8 27 6
-8 28 4
-8 29 7
-8 30 4
-8 31 3
-8 32 1
-8 33 5
-8 34 6
-8 35 3
-8 36 7
-8 37 6
-8 38 1
-8 39 6
-8 40 5
-8 41 7
-8 42 5
-8 43 5
-8 44 6
-8 45 6
-8 46 5
-8 47 2
-8 48 7
-8 49 2
-8 50 5
-8 51 7
-8 52 7
-8 53 4
-8 54 7
-8 55 7
-8 56 4
-8 57 6
-8 58 3
-7 -58 3
-7 -57 6
-7 -56 5
-7 -55 2
-7 -54 5
-7 -53 5
-7 -52 2
-7 -51 5
-7 -50 7
-7 -49 7
-7 -48 7
-7 -47 5
-7 -46 2
-7 -45 7
-7 -44 1
-7 -43 4
-7 -42 7
-7 -41 5
-7 -40 7
-7 -39 5
-7 -38 6
-7 -37 0
-7 -36 7
-7 -35 1
-7 -34 3
-7 -33 3
-7 -32 0
-7 -31 4
-7 -30 7
-7 -29 5
-7 -28 7
-7 -27 6
-7 -26 1
-7 -25 4
-7 -24 7
-7 -23 6
-7 -22 1
-7 -21 3
-7 -20 5
-7 -19 1
-7 -18 3
-7 -17 5
-7 -16 1
-7 -15 4
-7 -14 7
-7 -13 4
-7 -12 6
-7 -11 4
-7 -10 6
-7 -9 6
-7 -8 3
-7 -7 7
-7 -6 7
-7 -5 3
-7 -4 3
-7 -3 5
-7 -2 4
-7 -1 7
-7 0 4
-7 1 7
-7 2 4
-7 3 5
-7 4 3
-7 5 3
-7 6 7
-7 7 7
-7 8 3
-7 9 6
-7 10 6
-7 11 4
-7 12 6
-7 13 4
-7 14 7
-7 15 4
-7 16 1
-7 17 5
-7 18 3
-7 19 1
-7 20 5
-7 21 3
-7 22 1
-7 23 6
-7 24 7
-7 25 4
-7 26 1
-7 27 6
-7 28 7
-7 29 5
-7 30 7
-7 31 4
-7 32 0
-7 33 3
-7 34 3
-7 35 1
-7 36 7
-7 37 0
-7 38 6
-7 39 5
-7 40 7
-7 41 5
-7 42 7
-7 43 4
-7 44 1
-7 45 7
-7 46 2
-7 47 5
-7 48 7
-7 49 7
-7 50 7
-7 51 5
-7 52 2
-7 53 5
-7 54 5
-7 55 2
-7 56 5
-7 57 6
-7 58 3
-6 -58 3
-6 -57 6
-6 -56 6
-6 -55 5
-6 -54 2
-6 -53 5
-6 -52 5
-6 -51 2
-6 -50 7
-6 -49 1
-6 -48 4
-6 -47 5
-6 -46 5
-6 -45 4
-6 -44 1
-6 -43 7
-6 -42 5
-6 -41 7
-6 -40 5
-6 -39 7
-6 -38 4
-6 -37 3
-6 -36 7
-6 -35 7
-6 -34 7
-6 -33 5
-6 -32 2
-6 -31 7
-6 -30 4
-6 -29 5
-6 -28 1
-6 -27 4
-6 -26 4
-6 -25 4
-6 -24 6
-6 -23 6
-6 -22 6
-6 -21 7
-6 -20 3
-6 -19 7
-6 -18 3
-6 -17 5
-6 -16 7
-6 -15 6
-6 -14 7
-6 -13 5
-6 -12 7
-6 -11 5
-6 -10 4
-6 -9 2
-6 -8 4
-6 -7 7
-6 -6 5
-6 -5 6
-6 -4 7
-6 -3 4
-6 -2 0
-6 -1 2
-6 0 7
-6 1 2
-6 2 0
-6 3 4
-6 4 7
-6 5 6
-6 6 5
-6 7 7
-6 8 4
-6 9 2
-6 10 4
-6 11 5
-6 12 7
-6 13 5
-6 14 7
-6 15 6
-6 16 7
-6 17 5
-6 18 3
-6 19 7
-6 20 3
-6 21 7
-6 22 6
-6 23 6
-6 24 6
-6 25 4
-6 26 4
-6 27 4
-6 28 1
-6 29 5
-6 30 4
-6 31 7
-6 32 2
-6 33 5
-6 34 7
-6 35 7
-6 36 7
-6 37 3
-6 38 4
-6 39 7
-6 40 5
-6 41 7
-6 42 5
-6 43 7
-6 44 1
-6 45 4
-6 46 5
-6 47 5
-6 48 4
-6 49 1
-6 50 7
-6 51 2
-6 52 5
-6 53 5
-6 54 2
-6 55 5
-6 56 6
-6 57 6
-6 58 3
-5 -58 3
-5 -57 6
-5 -56 6
-5 -55 6
-5 -54 5
-5 -53 2
-5 -52 5
-5 -51 5
-5 -50 4
-5 -49 1
-5 -48 7
-5 -47 1
-5 -46 4
-5 -45 5
-5 -44 5
-5 -43 5
-5 -42 7
-5 -41 5
-5 -40 7
-5 -39 4
-5 -38 4
-5 -37 7
-5 -36 6
-5 -35 2
-5 -34 7
-5 -33 2
-5 -32 6
-5 -31 2
-5 -30 0
-5 -29 3
-5 -28 1
-5 -27 6
-5 -26 0
-5 -25 5
-5 -24 6
-5 -23 6
-5 -22 7
-5 -21 3
-5 -20 7
-5 -19 6
-5 -18 1
-5 -17 7
-5 -16 2
-5 -15 3
-5 -14 7
-5 -13 2
-5 -12 7
-5 -11 2
-5 -10 6
-5 -9 5
-5 -8 5
-5 -7 3
-5 -6 6
-5 -5 3
-5 -4 7
-5 -3 2
-5 -2 2
-5 -1 5
-5 0 5
-5 1 5
-5 2 2
-5 3 2
-5 4 7
-5 5 3
-5 6 6
-5 7 3
-5 8 5
-5 9 5
-5 10 6
-5 11 2
-5 12 7
-5 13 2
-5 14 7
-5 15 3
-5 16 2
-5 17 7
-5 18 1
-5 19 6
-5 20 7
-5 21 3
-5 22 7
-5 23 6
-5 24 6
-5 25 5
-5 26 0
-5 27 6
-5 28 1
-5 29 3
-5 30 0
-5 31 2
-5 32 6
-5 33 2
-5 34 7
-5 35 2
-5 36 6
-5 37 7
-5 38 4
-5 39 4
-5 40 7
-5 41 5
-5 42 7
-5 43 5
-5 44 5
-5 45 5
-5 46 4
-5 47 1
-5 48 7
-5 49 1
-5 50 4
-5 51 5
-5 52 5
-5 53 2
-5 54 5
-5 55 6
-5 56 6
-5 57 6
-5 58 3
-4 -58 3
-4 -57 6
-4 -56 6
-4 -55 6
-4 -54 6
-4 -53 5
-4 -52 2
-4 -51 5
-4 -50 6
-4 -49 5
-4 -48 4
-4 -47 1
-4 -46 7
-4 -45 1
-4 -44 4
-4 -43 7
-4 -42 5
-4 -41 7
-4 -40 4
-4 -39 3
-4 -38 5
-4 -37 2
-4 -36 5
-4 -35 6
-4 -34 6
-4 -33 5
-4 -32 5
-4 -31 7
-4 -30 4
-4 -29 6
-4 -28 5
-4 -27 2
-4 -26 7
-4 -25 6
-4 -24 4
-4 -23 2
-4 -22 2
-4 -21 7
-4 -20 6
-4 -19 3
-4 -18 1
-4 -17 6
-4 -16 7
-4 -15 4
-4 -14 3
-4 -13 5
-4 -12 5
-4 -11 6
-4 -10 6
-4 -9 0
-4 -8 7
-4 -7 3
-4 -6 7
-4 -5 7
-4 -4 5
-4 -3 6
-4 -2 5
-4 -1 5
-4 0 0
-4 1 5
-4 2 5
-4 3 6
-4 4 5
-4 5 7
-4 6 7
-4 7 3
-4 8 7
-4 9 0
-4 10 6
-4 11 6
-4 12 5
-4 13 5
-4 14 3
-4 15 4
-4 16 7
-4 17 6
-4 18 1
-4 19 3
-4 20 6
-4 21 7
-4 22 2
-4 23 2
-4 24 4
-4 25 6
-4 26 7
-4 27 2
-4 28 5
-4 29 6
-4 30 4
-4 31 7
-4 32 5
-4 33 5
-4 34 6
-4 35 6
-4 36 5
-4 37 2
-4 38 5
-4 39 3
-4 40 4
-4 41 7
-4 42 5
-4 43 7
-4 44 4
-4 45 1
-4 46 7
-4 47 1
-4 48 4
-4 49 5
-4 50 6
-4 51 5
-4 52 2
-4 53 5
-4 54 6
-4 55 6
-4 56 6
-4 57 6
-4 58 3
-3 -58 3
-3 -57 6
-3 -56 6
-3 -55 6
-3 -54 6
-3 -53 6
-3 -52 5
-3 -51 2
-3 -50 5
-3 -49 6
-3 -48 6
-3 -47 5
-3 -46 4
-3 -45 1
-3 -44 7
-3 -43 4
-3 -42 5
-3 -41 1
-3 -40 0
-3 -39 1
-3 -38 5
-3 -37 5
-3 -36 2
-3 -35 7
-3 -34 1
-3 -33 4
-3 -32 7
-3 -31 5
-3 -30 7
-3 -29 7
-3 -28 5
-3 -27 1
-3 -26 6
-3 -25 6
-3 -24 7
-3 -23 0
-3 -22 4
-3 -21 7
-3 -20 5
-3 -19 4
-3 -18 7
-3 -17 4
-3 -16 4
-3 -15 6
-3 -14 0
-3 -13 7
-3 -12 7
-3 -11 0
-3 -10 7
-3 -9 7
-3 -8 4
-3 -7 5
-3 -6 4
-3 -5 2
-3 -4 6
-3 -3 6
-3 -2 6
-3 -1 3
-3 0 7
-3 1 3
-3 2 6
-3 3 6
-3 4 6
-3 5 2
-3 6 4
-3 7 5
-3 8 4
-3 9 7
-3 10 7
-3 11 0
-3 12 7
-3 13 7
-3 14 0
-3 15 6
-3 16 4
-3 17 4
-3 18 7
-3 19 4
-3 20 5
-3 21 7
-3 22 4
-3 23 0
-3 24 7
-3 25 6
-3 26 6
-3 27 1
-3 28 5
-3 29 7
-3 30 7
-3 31 5
-3 32 7
-3 33 4
-3 34 1
-3 35 7
-3 36 2
-3 37 5
-3 38 5
-3 39 1
-3 40 0
-3 41 1
-3 42 5
-3 43 4
-3 44 7
-3 45 1
-3 46 4
-3 47 5
-3 48 6
-3 49 6
-3 50 5
-3 51 2
-3 52 5
-3 53 6
-3 54 6
-3 55 6
-3 56 6
-3 57 6
-3 58 3
-2 -58 3
-2 -57 6
-2 -56 6
-2 -55 6
-2 -54 6
-2 -53 6
-2 -52 6
-2 -51 5
-2 -50 2
-2 -49 5
-2 -48 6
-2 -47 6
-2 -46 6
-2 -45 5
-2 -44 4
-2 -43 4
-2 -42 7
-2 -41 4
-2 -40 4
-2 -39 7
-2 -38 4
-2 -37 6
-2 -36 5
-2 -35 4
-2 -34 1
-2 -33 7
-2 -32 4
-2 -31 5
-2 -30 2
-2 -29 7
-2 -28 1
-2 -27 3
-2 -26 6
-2 -25 5
-2 -24 5
-2 -23 6
-2 -22 2
-2 -21 7
-2 -20 0
-2 -19 4
-2 -18 7
-2 -17 7
-2 -16 6
-2 -15 2
-2 -14 6
-2 -13 4
-2 -12 6
-2 -11 6
-2 -10 4
-2 -9 7
-2 -8 3
-2 -7 4
-2 -6 0
-2 -5 2
-2 -4 5
-2 -3 6
-2 -2 3
-2 -1 7
-2 0 3
-2 1 7
-2 2 3
-2 3 6
-2 4 5
-2 5 2
-2 6 0
-2 7 4
-2 8 3
-2 9 7
-2 10 4
-2 11 6
-2 12 6
-2 13 4
-2 14 6
-2 15 2
-2 16 6
-2 17 7
-2 18 7
-2 19 4
-2 20 0
-2 21 7
-2 22 2
-2 23 6
-2 24 5
-2 25 5
-2 26 6
-2 27 3
-2 28 1
-2 29 7
-2 30 2
-2 31 5
-2 32 4
-2 33 7
-2 34 1
-2 35 4
-2 36 5
-2 37 6
-2 38 4
-2 39 7
-2 40 4
-2 41 4
-2 42 7
-2 43 4
-2 44 4
-2 45 5
-2 46 6
-2 47 6
-2 48 6
-2 49 5
-2 50 2
-2 51 5
-2 52 6
-2 53 6
-2 54 6
-2 55 6
-2 56 6
-2 57 6
-2 58 3
-1 -58 3
-1 -57 6
-1 -56 6
-1 -55 6
-1 -54 6
-1 -53 6
-1 -52 6
-1 -51 6
-1 -50 5
-1 -49 1
-1 -48 3
-1 -47 3
-1 -46 3
-1 -45 3
-1 -44 4
-1 -43 6
-1 -42 1
-1 -41 7
-1 -40 7
-1 -39 2
-1 -38 1
-1 -37 5
-1 -36 6
-1 -35 6
-1 -34 5
-1 -33 4
-1 -32 3
-1 -31 6
-1 -30 5
-1 -29 4
-1 -28 1
-1 -27 7
-1 -26 6
-1 -25 1
-1 -24 5
-1 -23 1
-1 -22 3
-1 -21 6
-1 -20 7
-1 -19 2
-1 -18 7
-1 -17 2
-1 -16 7
-1 -15 3
-1 -14 3
-1 -13 3
-1 -12 5
-1 -11 5
-1 -10 7
-1 -9 6
-1 -8 0
-1 -7 7
-1 -6 2
-1 -5 5
-1 -4 5
-1 -3 3
-1 -2 7
-1 -1 5
-1 0 7
-1 1 5
-1 2 7
-1 3 3
-1 4 5
-1 5 5
-1 6 2
-1 7 7
-1 8 0
-1 9 6
-1 10 7
-1 11 5
-1 12 5
-1 13 3
-1 14 3
-1 15 3
-1 16 7
-1 17 2
-1 18 7
-1 19 2
-1 20 7
-1 21 6
-1 22 3
-1 23 1
-1 24 5
-1 25 1
-1 26 6
-1 27 7
-1 28 1
-1 29 4
-1 30 5
-1 31 6
-1 32 3
-1 33 4
-1 34 5
-1 35 6
-1 36 6
-1 37 5
-1 38 1
-1 39 2
-1 40 7
-1 41 7
-1 42 1
-1 43 6
-1 44 4
-1 45 3
-1 46 3
-1 47 3
-1 48 3
-1 49 1
-1 50 5
-1 51 6
-1 52 6
-1 53 6
-1 54 6
-1 55 6
-1 56 6
-1 57 6
-1 58 3
0 -58 3
0 -57 6
0 -56 6
0 -55 6
0 -54 6
0 -53 6
0 -52 6
0 -51 6
0 -50 6
0 -49 3
0 -48 6
0 -47 6
0 -46 6
0 -45 6
0 -44 7
0 -43 1
0 -42 5
0 -41 2
0 -40 2
0 -39 7
0 -38 7
0 -37 2
0 -36 3
0 -35 3
0 -34 3
0 -33 3
0 -32 3
0 -31 6
0 -30 6
0 -29 6
0 -28 4
0 -27 2
0 -26 3
0 -25 0
0 -24 6
0 -23 3
0 -22 7
0 -21 2
0 -20 6
0 -19 4
0 -18 5
0 -17 4
0 -16 5
0 -15 7
0 -14 6
0 -13 7
0 -12 3
0 -11 0
0 -10 4
0 -9 3
0 -8 7
0 -7 4
0 -6 7
0 -5 5
0 -4 0
0 -3 7
0 -2 3
0 -1 7
0 0 0
0 1 7
0 2 3
0 3 7
0 4 0
0 5 5
0 6 7
0 7 4
0 8 7
0 9 3
0 10 4
0 11 0
0 12 3
0 13 7
0 14 6
0 15 7
0 16 5
0 17 4
0 18 5
0 19 4
0 20 6
0 21 2
0 22 7
0 23 3
0 24 6
0 25 0
0 26 3
0 27 2
0 28 4
0 29 6
0 30 6
0 31 6
0 32 3
0 33 3
0 34 3
0 35 3
0 36 3
0 37 2
0 38 7
0 39 7
0 40 2
0 41 2
0 42 5
0 43 1
0 44 7
0 45 6
0 46 6
0 47 6
0 48 6
0 49 3
0 50 6
0 51 6
0 52 6
0 53 6
0 54 6
0 55 6
0 56 6
0 57 6
0 58 3
1 -58 3
1 -57 6
1 -56 6
1 -55 6
1 -54 6
1 -53 6
1 -52 6
1 -51 6
1 -50 5
1 -49 1
1 -48 3
1 -47 3
1 -46 3
1 -45 3
1 -44 4
1 -43 6
1 -42 1
1 -41 7
1 -40 7
1 -39 2
1 -38 1
1 -37 5
1 -36 6
1 -35 6
1 -34 5
1 -33 4
1 -32 3
1 -31 6
1 -30 5
1 -29 4
1 -28 1
1 -27 7
1 -26 6
1 -25 1
1 -24 5
1 -23 1
1 -22 3
1 -21 6
1 -20 7
1 -19 2
1 -18 7
1 -17 2
1 -16 7
1 -15 3
1 -14 3
1 -13 3
1 -12 5
1 -11 5
1 -10 7
1 -9 6
1 -8 0
1 -7 7
1 -6 2
1 -5 5
1 -4 5
1 -3 3
1 -2 7
1 -1 5
1 0 7
1 1 5
1 2 7
1 3 3
1 4 5
1 5 5
1 6 2
1 7 7
1 8 0
1 9 6
1 10 7
1 11 5
1 12 5
1 13 3
1 14 3
1 15 3
1 16 7
1 17 2
1 18 7
1 19 2
1 20 7
1 21 6
1 22 3
1 23 1
1 24 5
1 25 1
1 26 6
1 27 7
1 28 1
1 29 4
1 30 5
1 31 6
1 32 3
1 33 4
1 34 5
1 35 6
1 36 6
1 37 5
1 38 1
1 39 2
1 40 7
1 41 7
1 42 1
1 43 6
1 44 4
1 45 3
1 46 3
1 47 3
1 48 3
1 49 1
1 50 5
1 51 6
1 52 6
1 53 6
1 54 6
1 55 6
1 56 6
1 57 6
1 58 3
2 -58 3
2 -57 6
2 -56 6
2 -55 6
2 -54 6
2 -53 6
2 -52 6
2 -51 5
2 -50 2
2 -49 5
2 -48 6
2 -47 6
2 -46 6
2 -45 5
2 -44 4
2 -43 4
2 -42 7
2 -41 4
2 -40 4
2 -39 7
2 -38 4
2 -37 6
2 -36 5
2 -35 4
2 -34 1
2 -33 7
2 -32 4
2 -31 5
2 -30 2
2 -29 7
2 -28 1
2 -27 3
2 -26 6
2 -25 5
2 -24 5
2 -23 6
2 -22 2
2 -21 7
2 -20 0
2 -19 4
2 -18 7
2 -17 7
2 -16 6
2 -15 2
2 -14 6
2 -13 4
2 -12 6
2 -11 6
2 -10 4
2 -9 7
2 -8 3
2 -7 4
2 -6 0
2 -5 2
2 -4 5
2 -3 6
2 -2 3
2 -1 7
2 0 3
2 1 7
2 2 3
2 3 6
2 4 5
2 5 2
2 6 0
2 7 4
2 8 3
2 9 7
2 10 4
2 11 6
2 12 6
2 13 4
2 14 6
2 15 2
2 16 6
2 17 7
2 18 7
2 19 4
2 20 0
2 21 7
2 22 2
2 23 6
2 24 5
2 25 5
2 26 6
2 27 3
2 28 1
2 29 7
2 30 2
2 31 5
2 32 4
2 33 7
2 34 1
2 35 4
2 36 5
2 37 6
2 38 4
2 39 7
2 40 4
2 41 4
2 42 7
2 43 4
2 44 4
2 45 5
2 46 6
2 47 6
2 48 6
2 49 5
2 50 2
2 51 5
2 52 6
2 53 6
2 54 6
2 55 6
2 56 6
2 57 6
2 58 3
3 -58 3
3 -57 6
3 -56 6
3 -55 6
3 -54 6
3 -53 6
3 -52 5
3 -51 2
3 -50 5
3 -49 6
3 -48 6
3 -47 5
3 -46 4
3 -45 1
3 -44 7
3 -43 4
3 -42 5
3 -41 1
3 -40 0
3 -39 1
3 -38 5
3 -37 5
3 -36 2
3 -35 7
3 -34 1
3 -33 4
3 -32 7
3 -31 5
3 -30 7
3 -29 7
3 -28 5
3 -27 1
3 -26 6
3 -25 6
3 -24 7
3 -23 0
3 -22 4
3 -21 7
3 -20 5
3 -19 4
3 -18 7
3 -17 4
3 -16 4
3 -15 6
3 -14 0
3 -13 7
3 -12 7
3 -11 0
3 -10 7
3 -9 7
3 -8 4
3 -7 5
3 -6 4
3 -5 2
3 -4 6
3 -3 6
3 -2 6
3 -1 3
3 0 7
3 1 3
3 2 6
3 3 6
3 4 6
3 5 2
3 6 4
3 7 5
3 8 4
3 9 7
3 10 7
3 11 0
3 12 7
3 13 7
3 14 0
3 15 6
3 16 4
3 17 4
3 18 7
3 19 4
3 20 5
3 21 7
3 22 4
3 23 0
3 24 7
3 25 6
3 26 6
3 27 1
3 28 5
3 29 7
3 30 7
3 31 5
3 32 7
3 33 4
3 34 1
3 35 7
3 36 2
3 37 5
3 38 5
3 39 1
3 40 0
3 41 1
3 42 5
3 43 4
3 44 7
3 45 1
3 46 4
3 47 5
3 48 6
3 49 6
3 50 5
3 51 2
3 52 5
3 53 6
3 54 6
3 55 6
3 56 6
3 57 6
3 58 3
4 -58 3
4 -57 6
4 -56 6
4 -55 6
4 -54 6
4 -53 5
4 -52 2
4 -51 5
4 -50 6
4 -49 5
4 -48 4
4 -47 1
4 -46 7
4 -45 1
4 -44 4
4 -43 7
4 -42 5
4 -41 7
4 -40 4
4 -39 3
4 -38 5
4 -37 2
4 -36 5
4 -35 6
4 -34 6
4 -33 5
4 -32 5
4 -31 7
4 -30 4
4 -29 6
4 -28 5
4 -27 2
4 -26 7
4 -25 6
4 -24 4
4 -23 2
4 -22 2
4 -21 7
4 -20 6
4 -19 3
4 -18 1
4 -17 6
4 -16 7
4 -15 4
4 -14 3
4 -13 5
4 -12 5
4 -11 6
4 -10 6
4 -9 0
4 -8 7
4 -7 3
4 -6 7
4 -5 7
4 -4 5
4 -3 6
4 -2 5
4 -1 5
4 0 0
4 1 5
4 2 5
4 3 6
4 4 5
4 5 7
4 6 7
4 7 3
4 8 7
4 9 0
4 10 6
4 11 6
4 12 5
4 13 5
4 14 3
4 15 4
4 16 7
4 17 6
4 18 1
4 19 3
4 20 6
4 21 7
4 22 2
4 23 2
4 24 4
4 25 6
4 26 7
4 27 2
4 28 5
4 29 6
4 30 4
4 31 7
4 32 5
4 33 5
4 34 6
4 35 6
4 36 5
4 37 2
4 38 5
4 39 3
4 40 4
4 41 7
4 42 5
4 43 7
4 44 4
4 45 1
4 46 7
4 47 1
4 48 4
4 49 5
4 50 6
4 51 5
4 52 2
4 53 5
4 54 6
4 55 6
4 56 6
4 57 6
4 58 3
5 -58 3
5 -57 6
5 -56 6
5 -55 6
5 -54 5
5 -53 2
5 -52 5
5 -51 5
5 -50 4
5 -49 1
5 -48 7
5 -47 1
5 -46 4
5 -45 5
5 -44 5
5 -43 5
5 -42 7
5 -41 5
5 -40 7
5 -39 4
5 -38 4
5 -37 7
5 -36 6
5 -35 2
5 -34 7
5 -33 2
5 -32 6
5 -31 2
5 -30 0
5 -29 3
5 -28 1
5 -27 6
5 -26 0
5 -25 5
5 -24 6
5 -23 6
5 -22 7
5 -21 3
5 -20 7
5 -19 6
5 -18 1
5 -17 7
5 -16 2
5 -15 3
5 -14 7
5 -13 2
5 -12 7
5 -11 2
5 -10 6
5 -9 5
5 -8 5
5 -7 3
5 -6 6
5 -5 3
5 -4 7
5 -3 2
5 -2 2
5 -1 5
5 0 5
5 1 5
5 2 2
5 3 2
5 4 7
5 5 3
5 6 6
5 7 3
5 8 5
5 9 5
5 10 6
5 11 2
5 12 7
5 13 2
5 14 7
5 15 3
5 16 2
5 17 7
5 18 1
5 19 6
5 20 7
5 21 3
5 22 7
5 23 6
5 24 6
5 25 5
5 26 0
5 27 6
5 28 1
5 29 3
5 30 0
5 31 2
5 32 6
5 33 2
5 34 7
5 35 2
5 36 6
5 37 7
5 38 4
5 39 4
5 40 7
5 41 5
5 42 7
5 43 5
5 44 5
5 45 5
5 46 4
5 47 1
5 48 7
5 49 1
5 50 4
5 51 5
5 52 5
5 53 2
5 54 5
5 55 6
5 56 6
5 57 6
5 58 3
6 -58 3
6 -57 6
6 -56 6
6 -55 5
6 -54 2
6 -53 5
6 -52 5
6 -51 2
6 -50 7
6 -49 1
6 -48 4
6 -47 5
6 -46 5
6 -45 4
6 -44 1
6 -43 7
6 -42 5
6 -41 7
6 -40 5
6 -39 7
6 -38 4
6 -37 3
6 -36 7
6 -35 7
6 -34 7
6 -33 5
6 -32 2
6 -31 7
6 -30 4
6 -29 5
6 -28 1
6 -27 4
6 -26 4
6 -25 4
6 -24 6
6 -23 6
6 -22 6
6 -21 7
6 -20 3
6 -19 7
6 -18 3
6 -17 5
6 -16 7
6 -15 6
6 -14 7
6 -13 5
6 -12 7
6 -11 5
6 -10 4
6 -9 2
6 -8 4
6 -7 7
6 -6 5
6 -5 6
6 -4 7
6 -3 4
6 -2 0
6 -1 2
6 0 7
6 1 2
6 2 0
6 3 4
6 4 7
6 5 6
6 6 5
6 7 7
6 8 4
6 9 2
6 10 4
6 11 5
6 12 7
6 13 5
6 14 7
6 15 6
6 16 7
6 17 5
6 18 3
6 19 7
6 20 3
6 21 7
6 22 6
6 23 6
6 24 6
6 25 4
6 26 4
6 27 4
6 28 1
6 29 5
6 30 4
6 31 7
6 32 2
6 33 5
6 34 7
6 35 7
6 36 7
6 37 3
6 38 4
6 39 7
6 40 5
6 41 7
6 42 5
6 43 7
6 44 1
6 45 4
6 46 5
6 47 5
6 48 4
6 49 1
6 50 7
6 51 2
6 52 5
6 53 5
6 54 2
6 55 5
6 56 6
6 57 6
6 58 3
7 -58 3
7 -57 6
7 -56 5
7 -55 2
7 -54 5
7 -53 5
7 -52 2
7 -51 5
7 -50 7
7 -49 7
7 -48 7
7 -47 5
7 -46 2
7 -45 7
7 -44 1
7 -43 4
7 -42 7
7 -41 5
7 -40 7
7 -39 5
7 -38 6
7 -37 0
7 -36 7
7 -35 1
7 -34 3
7 -33 3
7 -32 0
7 -31 4
7 -30 7
7 -29 5
7 -28 7
7 -27 6
7 -26 1
7 -25 4
7 -24 7
7 -23 6
7 -22 1
7 -21 3
7 -20 5
7 -19 1
7 -18 3
7 -17 5
7 -16 1
7 -15 4
7 -14 7
7 -13 4
7 -12 6
7 -11 4
7 -10 6
7 -9 6
7 -8 3
7 -7 7
7 -6 7
7 -5 3
7 -4 3
7 -3 5
7 -2 4
7 -1 7
7 0 4
7 1 7
7 2 4
7 3 5
7 4 3
7 5 3
7 6 7
7 7 7
7 8 3
7 9 6
7 10 6
7 11 4
7 12 6
7 13 4
7 14 7
7 15 4
7 16 1
7 17 5
7 18 3
7 19 1
7 20 5
7 21 3
7 22 1
7 23 6
7 24 7
7 25 4
7 26 1
7 27 6
7 28 7
7 29 5
7 30 7
7 31 4
7 32 0
7 33 3
7 34 3
7 35 1
7 36 7
7 37 0
7 38 6
7 39 5
7 40 7
7 41 5
7 42 7
7 43 4
7 44 1
7 45 7
7 46 2
7 47 5
7 48 7
7 49 7
7 50 7
7 51 5
7 52 2
7 53 5
7 54 5
7 55 2
7 56 5
7 57 6
7 58 3
8 -58 3
8 -57 6
8 -56 4
8 -55 7
8 -54 7
8 -53 4
8 -52 7
8 -51 7
8 -50 5
8 -49 2
8 -48 7
8 -47 2
8 -46 5
8 -45 6
8 -44 6
8 -43 5
8 -42 5
8 -41 7
8 -40 5
8 -39 6
8 -38 1
8 -37 6
8 -36 7
8 -35 3
8 -34 6
8 -33 5
8 -32 1
8 -31 3
8 -30 4
8 -29 7
8 -28 4
8 -27 6
8 -26 3
8 -25 7
8 -24 0
8 -23 5
8 -22 2
8 -21 2
8 -20 7
8 -19 2
8 -18 7
8 -17 7
8 -16 3
8 -15 7
8 -14 0
8 -13 3
8 -12 5
8 -11 4
8 -10 4
8 -9 6
8 -8 6
8 -7 3
8 -6 4
8 -5 5
8 -4 7
8 -3 4
8 -2 3
8 -1 0
8 0 7
8 1 0
8 2 3
8 3 4
8 4 7
8 5 5
8 6 4
8 7 3
8 8 6
8 9 6
8 10 4
8 11 4
8 12 5
8 13 3
8 14 0
8 15 7
8 16 3
8 17 7
8 18 7
8 19 2
8 20 7
8 21 2
8 22 2
8 23 5
8 24 0
8 25 7
8 26 3
8 27 6
8 28 4
8 29 7
8 30 4
8 31 3
8 32 1
8 33 5
8 34 6
8 35 3
8 36 7
8 37 6
8 38 1
8 39 6
8 40 5
8 41 7
8 42 5
8 43 5
8 44 6
8 45 6
8 46 5
8 47 2
8 48 7
8 49 2
8 50 5
8 51 7
8 52 7
8 53 4
8 54 7
8 55 7
8 56 4
8 57 6
8 58 3
9 -58 3
9 -57 5
9 -56 1
9 -55 1
9 -54 7
9 -53 1
9 -52 1
9 -51 7
9 -50 2
9 -49 5
9 -48 6
9 -47 6
9 -46 5
9 -45 2
9 -44 7
9 -43 2
9 -42 7
9 -41 5
9 -40 6
9 -39 1
9 -38 6
9 -37 4
9 -36 6
9 -35 3
9 -34 6
9 -33 4
9 -32 7
9 -31 7
9 -30 5
9 -29 4
9 -28 4
9 -27 7
9 -26 4
9 -25 7
9 -24 7
9 -23 6
9 -22 2
9 -21 7
9 -20 5
9 -19 6
9 -18 3
9 -17 7
9 -16 1
9 -15 4
9 -14 5
9 -13 5
9 -12 0
9 -11 5
9 -10 3
9 -9 2
9 -8 6
9 -7 6
9 -6 2
9 -5 5
9 -4 0
9 -3 7
9 -2 7
9 -1 6
9 0 3
9 1 6
9 2 7
9 3 7
9 4 0
9 5 5
9 6 2
9 7 6
9 8 6
9 9 2
9 10 3
9 11 5
9 12 0
9 13 5
9 14 5
9 15 4
9 16 1
9 17 7
9 18 3
9 19 6
9 20 5
9 21 7
9 22 2
9 23 6
9 24 7
9 25 7
9 26 4
9 27 7
9 28 4
9 29 4
9 30 5
9 31 7
9 32 7
9 33 4
9 34 6
9 35 3
9 36 6
9 37 4
9 38 6
9 39 1
9 40 6
9 41 5
9 42 7
9 43 2
9 44 7
9 45 2
9 46 5
9 47 6
9 48 6
9 49 5
9 50 2
9 51 7
9 52 1
9 53 1
9 54 7
9 55 1
9 56 1
9 57 5
9 58 3
10 -58 3
10 -57 4
10 -56 7
10 -55 4
10 -54 7
10 -53 7
10 -52 4
10 -51 7
10 -50 7
10 -49 6
10 -48 2
10 -47 7
10 -46 2
10 -45 4
10 -44 5
10 -43 4
10 -42 5
10 -41 7
10 -40 2
10 -39 7
10 -38 4
10 -37 3
10 -36 6
10 -35 3
10 -34 5
10 -33 1
10 -32 1
10 -31 7
10 -30 2
10 -29 5
10 -28 7
10 -27 1
10 -26 6
10 -25 6
10 -24 1
10 -23 1
10 -22 5
10 -21 6
10 -20 5
10 -19 2
10 -18 7
10 -17 5
10 -16 5
10 -15 6
10 -14 6
10 -13 4
10 -12 5
10 -11 4
10 -10 1
10 -9 3
10 -8 4
10 -7 6
10 -6 4
10 -5 6
10 -4 6
10 -3 7
10 -2 4
10 -1 7
10 0 4
10 1 7
10 2 4
10 3 7
10 4 6
10 5 6
10 6 4
10 7 6
10 8 4
10 9 3
10 10 1
10 11 4
10 12 5
10 13 4
10 14 6
10 15 6
10 16 5
10 17 5
10 18 7
10 19 2
10 20 5
10 21 6
10 22 5
10 23 1
10 24 1
10 25 6
10 26 6
10 27 1
10 28 7
10 29 5
10 30 2
10 31 7
10 32 1
10 33 1
10 34 5
10 35 3
10 36 6
10 37 3
10 38 4
10 39 7
10 40 2
10 41 7
10 42 5
10 43 4
10 44 5
10 45 4
10 46 2
10 47 7
10 48 2
10 49 6
10 50 7
10 51 7
10 52 4
10 53 7
10 54 7
10 55 4
10 56 7
10 57 4
10 58 3
11 -58 3
11 -57 3
11 -56 4
11 -55 7
11 -54 6
11 -53 2
11 -52 5
11 -51 5
11 -50 2
11 -49 6
11 -48 7
11 -47 7
11 -46 5
11 -45 2
11 -44 7
11 -43 2
11 -42 7
11 -41 4
11 -40 1
11 -39 7
11 -38 4
11 -37 4
11 -36 7
11 -35 4
11 -34 4
11 -33 7
11 -32 4
11 -31 6
11 -30 5
11 -29 1
11 -28 4
11 -27 6
11 -26 0
11 -25 5
11 -24 3
11 -23 3
11 -22 5
11 -21 1
11 -20 1
11 -19 2
11 -18 7
11 -17 7
11 -16 4
11 -15 4
11 -14 5
11 -13 4
11 -12 6
11 -11 6
11 -10 4
11 -9 5
11 -8 4
11 -7 4
11 -6 5
11 -5 2
11 -4 6
11 -3 0
11 -2 6
11 -1 5
11 0 0
11 1 5
11 2 6
11 3 0
11 4 6
11 5 2
11 6 5
11 7 4
11 8 4
11 9 5
11 10 4
11 11 6
11 12 6
11 13 4
11 14 5
11 15 4
11 16 4
11 17 7
11 18 7
11 19 2
11 20 1
11 21 1
11 22 5
11 23 3
11 24 3
11 25 5
11 26 0
11 27 6
11 28 4
11 29 1
11 30 5
11 31 6
11 32 4
11 33 7
11 34 4
11 35 4
11 36 7
11 37 4
11 38 4
11 39 7
11 40 1
11 41 4
11 42 7
11 43 2
11 44 7
11 45 2
11 46 5
11 47 7
11 48 7
11 49 6
11 50 2
11 51 5
11 52 5
11 53 2
11 54 6
11 55 7
11 56 4
11 57 3
11 58 3
12 -58 2
12 -57 1
12 -56 0
12 -55 1
12 -54 6
12 -53 7
12 -52 6
12 -51 2
12 -50 5
12 -49 5
12 -48 2
12 -47 5
12 -46 7
12 -45 7
12 -44 7
12 -43 5
12 -42 4
12 -41 3
12 -40 2
12 -39 0
12 -38 7
12 -37 7
12 -36 1
12 -35 6
12 -34 3
12 -33 2
12 -32 4
12 -31 2
12 -30 5
12 -29 3
12 -28 6
12 -27 7
12 -26 7
12 -25 7
12 -24 6
12 -23 6
12 -22 6
12 -21 6
12 -20 5
12 -19 2
12 -18 7
12 -17 2
12 -16 6
12 -15 7
12 -14 3
12 -13 7
12 -12 7
12 -11 6
12 -10 5
12 -9 0
12 -8 5
12 -7 6
12 -6 7
12 -5 7
12 -4 5
12 -3 7
12 -2 6
12 -1 5
12 0 3
12 1 5
12 2 6
12 3 7
12 4 5
12 5 7
12 6 7
12 7 6
12 8 5
12 9 0
12 10 5
12 11 6
12 12 7
12 13 7
12 14 3
12 15 7
12 16 6
12 17 2
12 18 7
12 19 2
12 20 5
12 21 6
12 22 6
12 23 6
12 24 6
12 25 7
12 26 7
12 27 7
12 28 6
12 29 3
12 30 5
12 31 2
12 32 4
12 33 2
12 34 3
12 35 6
12 36 1
12 37 7
12 38 7
12 39 0
12 40 2
12 41 3
12 42 4
12 43 5
12 44 7
12 45 7
12 46 7
12 47 5
12 48 2
12 49 5
12 50 5
12 51 2
12 52 6
12 53 7
12 54 6
12 55 1
12 56 0
12 57 1
12 58 2
13 -58 1
13 -57 7
13 -56 4
13 -55 3
13 -54 5
13 -53 2
13 -52 6
13 -51 7
13 -50 6
13 -49 2
13 -48 4
13 -47 2
13 -46 7
13 -45 2
13 -44 5
13 -43 6
13 -42 6
13 -41 6
13 -40 6
13 -39 5
13 -38 4
13 -37 4
13 -36 6
13 -35 0
13 -34 3
13 -33 7
13 -32 5
13 -31 7
13 -30 4
13 -29 3
13 -28 6
13 -27 5
13 -26 2
13 -25 5
13 -24 6
13 -23 5
13 -22 2
13 -21 5
13 -20 4
13 -19 6
13 -18 3
13 -17 3
13 -16 7
13 -15 3
13 -14 6
13 -13 3
13 -12 7
13 -11 4
13 -10 4
13 -9 5
13 -8 3
13 -7 4
13 -6 5
13 -5 2
13 -4 5
13 -3 7
13 -2 4
13 -1 3
13 0 7
13 1 3
13 2 4
13 3 7
13 4 5
13 5 2
13 6 5
13 7 4
13 8 3
13 9 5
13 10 4
13 11 4
13 12 7
13 13 3
13 14 6
13 15 3
13 16 7
13 17 3
13 18 3
13 19 6
13 20 4
13 21 5
13 22 2
13 23 5
13 24 6
13 25 5
13 26 2
13 27 5
13 28 6
13 29 3
13 30 4
13 31 7
13 32 5
13 33 7
13 34 3
13 35 0
13 36 6
13 37 4
13 38 4
13 39 5
13 40 6
13 41 6
13 42 6
13 43 6
13 44 5
13 45 2
13 46 7
13 47 2
13 48 4
13 49 2
13 50 6
13 51 7
13 52 6
13 53 2
13 54 5
13 55 3
13 56 4
13 57 7
13 58 1
14 -57 4
14 -56 7
14 -55 4
14 -54 4
14 -53 7
14 -52 6
14 -51 2
14 -50 6
14 -49 7
14 -48 5
14 -47 7
14 -46 7
14 -45 5
14 -44 2
14 -43 5
14 -42 6
14 -41 6
14 -40 6
14 -39 6
14 -38 6
14 -37 6
14 -36 6
14 -35 6
14 -34 5
14 -33 5
14 -32 7
14 -31 4
14 -30 3
14 -29 4
14 -28 7
14 -27 5
14 -26 7
14 -25 4
14 -24 6
14 -23 4
14 -22 7
14 -21 4
14 -20 2
14 -19 0
14 -18 7
14 -17 5
14 -16 3
14 -15 6
14 -14 3
14 -13 6
14 -12 3
14 -11 5
14 -10 6
14 -9 5
14 -8 0
14 -7 7
14 -6 7
14 -5 7
14 -4 3
14 -3 0
14 -2 6
14 -1 3
14 0 6
14 1 3
14 2 6
14 3 0
14 4 3
14 5 7
14 6 7
14 7 7
14 8 0
14 9 5
14 10 6
14 11 5
14 12 3
14 13 6
14 14 3
14 15 6
14 16 3
14 17 5
14 18 7
14 19 0
14 20 2
14 21 4
14 22 7
14 23 4
14 24 6
14 25 4
14 26 7
14 27 5
14 28 7
14 29 4
14 30 3
14 31 4
14 32 7
14 33 5
14 34 5
14 35 6
14 36 6
14 37 6
14 38 6
14 39 6
14 40 6
14 41 6
14 42 6
14 43 5
14 44 2
14 45 5
14 46 7
14 47 7
14 48 5
14 49 7
14 50 6
14 51 2
14 52 6
14 53 7
14 54 4
14 55 4
14 56 7
14 57 4
15 -57 2
15 -56 2
15 -55 4
15 -54 1
15 -53 1
15 -52 6
15 -51 7
15 -50 6
15 -49 2
15 -48 4
15 -47 2
15 -46 5
15 -45 6
15 -44 5
15 -43 1
15 -42 3
15 -41 3
15 -40 3
15 -39 3
15 -38 3
15 -37 3
15 -36 1
15 -35 7
15 -34 2
15 -33 7
15 -32 5
15 -31 5
15 -30 6
15 -29 7
15 -28 1
15 -27 6
15 -26 4
15 -25 4
15 -24 7
15 -23 4
15 -22 3
15 -21 3
15 -20 1
15 -19 5
15 -18 6
15 -17 4
15 -16 7
15 -15 3
15 -14 6
15 -13 3
15 -12 7
15 -11 4
15 -10 6
15 -9 4
15 -8 7
15 -7 4
15 -6 6
15 -5 3
15 -4 4
15 -3 6
15 -2 2
15 -1 3
15 0 7
15 1 3
15 2 2
15 3 6
15 4 4
15 5 3
15 6 6
15 7 4
15 8 7
15 9 4
15 10 6
15 11 4
15 12 7
15 13 3
15 14 6
15 15 3
15 16 7
15 17 4
15 18 6
15 19 5
15 20 1
15 21 3
15 22 3
15 23 4
15 24 7
15 25 4
15 26 4
15 27 6
15 28 1
15 29 7
15 30 6
15 31 5
15 32 5
15 33 7
15 34 2
15 35 7
15 36 1
15 37 3
15 38 3
15 39 3
15 40 3
15 41 3
15 42 3
15 43 1
15 44 5
15 45 6
15 46 5
15 47 2
15 48 4
15 49 2
15 50 6
15 51 7
15 52 6
15 53 1
15 54 1
15 55 4
15 56 2
15 57 2
16 -57 1
16 -56 7
16 -55 5
16 -54 7
16 -53 4
16 -52 5
16 -51 2
16 -50 6
16 -49 7
16 -48 4
16 -47 5
16 -46 2
16 -45 5
16 -44 6
16 -43 3
16 -42 6
16 -41 6
16 -40 6
16 -39 6
16 -38 6
16 -37 5
16 -36 1
16 -35 4
16 -34 4
16 -33 5
16 -32 7
16 -31 1
16 -30 3
16 -29 4
16 -28 6
16 -27 0
16 -26 3
16 -25 7
16 -24 2
16 -23 7
16 -22 2
16 -21 5
16 -20 4
16 -19 7
16 -18 5
16 -17 5
16 -16 7
16 -15 7
16 -14 3
16 -13 7
16 -12 6
16 -11 4
16 -10 5
16 -9 1
16 -8 3
16 -7 1
16 -6 7
16 -5 2
16 -4 7
16 -3 4
16 -2 6
16 -1 7
16 0 5
16 1 7
16 2 6
16 3 4
16 4 7
16 5 2
16 6 7
16 7 1
16 8 3
16 9 1
16 10 5
16 11 4
16 12 6
16 13 7
16 14 3
16 15 7
16 16 7
16 17 5
16 18 5
16 19 7
16 20 4
16 21 5
16 22 2
16 23 7
16 24 2
16 25 7
16 26 3
16 27 0
16 28 6
16 29 4
16 30 3
16 31 1
16 32 7
16 33 5
16 34 4
16 35 4
16 36 1
16 37 5
16 38 6
16 39 6
16 40 6
16 41 6
16 42 6
16 43 3
16 44 6
16 45 5
16 46 2
16 47 5
16 48 4
16 49 7
16 50 6
16 51 2
16 52 5
16 53 4
16 54 7
16 55 5
16 56 7
16 57 1
17 -56 4
17 -55 7
17 -54 5
17 -53 7
17 -52 5
17 -51 7
17 -50 6
17 -49 1
17 -48 1
17 -47 6
17 -46 7
17 -45 4
17 -44 6
17 -43 3
17 -42 6
17 -41 6
17 -40 6
17 -39 6
17 -38 5
17 -37 2
17 -36 5
17 -35 5
17 -34 2
17 -33 7
17 -32 4
17 -31 1
17 -30 5
17 -29 6
17 -28 7
17 -27 7
17 -26 7
17 -25 6
17 -24 3
17 -23 7
17 -22 7
17 -21 5
17 -20 7
17 -19 2
17 -18 7
17 -17 2
17 -16 5
17 -15 4
17 -14 5
17 -13 3
17 -12 2
17 -11 7
17 -10 5
17 -9 7
17 -8 7
17 -7 5
17 -6 5
17 -5 7
17 -4 6
17 -3 4
17 -2 7
17 -1 2
17 0 4
17 1 2
17 2 7
17 3 4
17 4 6
17 5 7
17 6 5
17 7 5
17 8 7
17 9 7
17 10 5
17 11 7
17 12 2
17 13 3
17 14 5
17 15 4
17 16 5
17 17 2
17 18 7
17 19 2
17 20 7
17 21 5
17 22 7
17 23 7
17 24 3
17 25 6
17 26 7
17 27 7
17 28 7
17 29 6
17 30 5
17 31 1
17 32 4
17 33 7
17 34 2
17 35 5
17 36 5
17 37 2
17 38 5
17 39 6
17 40 6
17 41 6
17 42 6
17 43 3
17 44 6
17 45 4
17 46 7
17 47 6
17 48 1
17 49 1
17 50 6
17 51 7
17 52 5
17 53 7
17 54 5
17 55 7
17 56 4
18 -56 2
18 -55 2
18 -54 4
18 -53 2
18 -52 4
18 -51 2
18 -50 5
18 -49 4
18 -48 7
18 -47 6
18 -46 1
18 -45 1
18 -44 5
18 -43 3
18 -42 6
18 -41 6
18 -40 6
18 -39 6
18 -38 4
18 -37 7
18 -36 6
18 -35 2
18 -34 5
18 -33 6
18 -32 7
18 -31 7
18 -30 4
18 -29 6
18 -28 5
18 -27 2
18 -26 7
18 -25 1
18 -24 1
18 -23 5
18 -22 4
18 -21 7
18 -20 4
18 -19 1
18 -18 6
18 -17 7
18 -16 5
18 -15 6
18 -14 7
18 -13 3
18 -12 7
18 -11 7
18 -10 7
18 -9 3
18 -8 7
18 -7 3
18 -6 3
18 -5 1
18 -4 1
18 -3 7
18 -2 7
18 -1 7
18 0 5
18 1 7
18 2 7
18 3 7
18 4 1
18 5 1
18 6 3
18 7 3
18 8 7
18 9 3
18 10 7
18 11 7
18 12 7
18 13 3
18 14 7
18 15 6
18 16 5
18 17 7
18 18 6
18 19 1
18 20 4
18 21 7
18 22 4
18 23 5
18 24 1
18 25 1
18 26 7
18 27 2
18 28 5
18 29 6
18 30 4
18 31 7
18 32 7
18 33 6
18 34 5
18 35 2
18 36 6
18 37 7
18 38 4
18 39 6
18 40 6
18 41 6
18 42 6
18 43 3
18 44 5
18 45 1
18 46 1
18 47 6
18 48 7
18 49 4
18 50 5
18 51 2
18 52 4
18 53 2
18 54 4
18 55 2
18 56 2
19 -56 1
19 -55 7
19 -54 5
19 -53 7
19 -52 5
19 -51 7
19 -50 5
19 -49 7
19 -48 4
19 -47 6
19 -46 4
19 -45 7
19 -44 4
19 -43 3
19 -42 6
19 -41 6
19 -40 6
19 -39 5
19 -38 1
19 -37 1
19 -36 6
19 -35 7
19 -34 6
19 -33 2
19 -32 7
19 -31 1
19 -30 1
19 -29 5
19 -28 4
19 -27 7
19 -26 7
19 -25 4
19 -24 7
19 -23 4
19 -22 3
19 -21 4
19 -20 5
19 -19 5
19 -18 1
19 -17 2
19 -16 7
19 -15 5
19 -14 0
19 -13 6
19 -12 2
19 -11 2
19 -10 2
19 -9 6
19 -8 2
19 -7 1
19 -6 7
19 -5 6
19 -4 3
19 -3 4
19 -2 4
19 -1 2
19 0 4
19 1 2
19 2 4
19 3 4
19 4 3
19 5 6
19 6 7
19 7 1
19 8 2
19 9 6
19 10 2
19 11 2
19 12 2
19 13 6
19 14 0
19 15 5
19 16 7
19 17 2
19 18 1
19 19 5
19 20 5
19 21 4
19 22 3
19 23 4
19 24 7
19 25 4
19 26 7
19 27 7
19 28 4
19 29 5
19 30 1
19 31 1
19 32 7
19 33 2
19 34 6
19 35 7
19 36 6
19 37 1
19 38 1
19 39 5
19 40 6
19 41 6
19 42 6
19 43 3
19 44 4
19 45 7
19 46 4
19 47 6
19 48 4
19 49 7
19 50 5
19 51 7
19 52 5
19 53 7
19 54 5
19 55 7
19 56 1
20 -55 4
20 -54 7
20 -53 5
20 -52 7
20 -51 4
20 -50 5
20 -49 1
20 -48 1
20 -47 6
20 -46 6
20 -45 2
20 -44 1
20 -43 2
20 -42 6
20 -41 6
20 -40 6
20 -39 4
20 -38 7
20 -37 4
20 -36 5
20 -35 2
20 -34 6
20 -33 7
20 -32 7
20 -31 3
20 -30 5
20 -29 1
20 -28 0
20 -27 1
20 -26 6
20 -25 7
20 -24 4
20 -23 3
20 -22 3
20 -21 3
20 -20 1
20 -19 5
20 -18 4
20 -17 7
20 -16 4
20 -15 1
20 -14 2
20 -13 4
20 -12 5
20 -11 1
20 -10 5
20 -9 5
20 -8 7
20 -7 5
20 -6 3
20 -5 7
20 -4 6
20 -3 5
20 -2 0
20 -1 7
20 0 6
20 1 7
20 2 0
20 3 5
20 4 6
20 5 7
20 6 3
20 7 5
20 8 7
20 9 5
20 10 5
20 11 1
20 12 5
20 13 4
20 14 2
20 15 1
20 16 4
20 17 7
20 18 4
20 19 5
20 20 1
20 21 3
20 22 3
20 23 3
20 24 4
20 25 7
20 26 6
20 27 1
20 28 0
20 29 1
20 30 5
20 31 3
20 32 7
20 33 7
20 34 6
20 35 2
20 36 5
20 37 4
20 38 7
20 39 4
20 40 6
20 41 6
20 42 6
20 43 2
20 44 1
20 45 2
20 46 6
20 47 6
20 48 1
20 49 1
20 50 5
20 51 4
20 52 7
20 53 5
20 54 7
20 55 4
21 -55 2
21 -54 2
21 -53 4
21 -52 1
21 -51 1
21 -50 5
21 -49 4
21 -48 7
21 -47 6
21 -46 0
21 -45 7
21 -44 7
21 -43 0
21 -42 5
21 -41 6
21 -40 5
21 -39 1
21 -38 1
21 -37 5
21 -36 4
21 -35 7
21 -34 6
21 -33 2
21 -32 5
21 -31 3
21 -30 6
21 -29 3
21 -28 3
21 -27 3
21 -26 6
21 -25 3
21 -24 4
21 -23 5
21 -22 6
21 -21 6
21 -20 3
21 -19 4
21 -18 7
21 -17 5
21 -16 5
21 -15 3
21 -14 4
21 -13 5
21 -12 6
21 -11 1
21 -10 6
21 -9 7
21 -8 2
21 -7 3
21 -6 7
21 -5 3
21 -4 7
21 -3 7
21 -2 7
21 -1 6
21 0 2
21 1 6
21 2 7
21 3 7
21 4 7
21 5 3
21 6 7
21 7 3
21 8 2
21 9 7
21 10 6
21 11 1
21 12 6
21 13 5
21 14 4
21 15 3
21 16 5
21 17 5
21 18 7
21 19 4
21 20 3
21 21 6
21 22 6
21 23 5
21 24 4
21 25 3
21 26 6
21 27 3
21 28 3
21 29 3
21 30 6
21 31 3
21 32 5
21 33 2
21 34 6
21 35 7
21 36 4
21 37 5
21 38 1
21 39 1
21 40 5
21 41 6
21 42 5
21 43 0
21 44 7
21 45 7
21 46 0
21 47 6
21 48 7
21 49 4
21 50 5
21 51 1
21 52 1
21 53 4
21 54 2
21 55 2
22 -55 1
22 -54 7
22 -53 4
22 -52 4
22 -51 7
22 -50 5
22 -49 7
22 -48 5
22 -47 7
22 -46 3
22 -45 2
22 -44 3
22 -43 7
22 -42 4
22 -41 6
22 -40 4
22 -39 7
22 -38 4
22 -37 5
22 -36 1
22 -35 1
22 -34 6
22 -33 7
22 -32 4
22 -31 4
22 -30 7
22 -29 4
22 -28 3
22 -27 4
22 -26 7
22 -25 2
22 -24 7
22 -23 2
22 -22 5
22 -21 6
22 -20 3
22 -19 3
22 -18 4
22 -17 7
22 -16 2
22 -15 3
22 -14 7
22 -13 2
22 -12 6
22 -11 5
22 -10 5
22 -9 2
22 -8 2
22 -7 1
22 -6 6
22 -5 7
22 -4 2
22 -3 4
22 -2 2
22 -1 3
22 0 7
22 1 3
22 2 2
22 3 4
22 4 2
22 5 7
22 6 6
22 7 1
22 8 2
22 9 2
22 10 5
22 11 5
22 12 6
22 13 2
22 14 7
22 15 3
22 16 2
22 17 7
22 18 4
22 19 3
22 20 3
22 21 6
22 22 5
22 23 2
22 24 7
22 25 2
22 26 7
22 27 4
22 28 3
22 29 4
22 30 7
22 31 4
22 32 4
22 33 7
22 34 6
22 35 1
22 36 1
22 37 5
22 38 4
22 39 7
22 40 4
22 41 6
22 42 4
22 43 7
22 44 3
22 45 2
22 46 3
22 47 7
22 48 5
22 49 7
22 50 5
22 51 7
22 52 4
22 53 4
22 54 7
22 55 1
23 -54 3
23 -53 4
23 -52 7
23 -51 5
23 -50 7
23 -49 5
23 -48 6
23 -47 1
23 -46 7
23 -45 7
23 -44 0
23 -43 5
23 -42 3
23 -41 6
23 -40 3
23 -39 4
23 -38 7
23 -37 5
23 -36 7
23 -35 4
23 -34 5
23 -33 2
23 -32 3
23 -31 6
23 -30 1
23 -29 7
23 -28 6
23 -27 7
23 -26 0
23 -25 2
23 -24 4
23 -23 4
23 -22 2
23 -21 5
23 -20 3
23 -19 4
23 -18 5
23 -17 7
23 -16 7
23 -15 4
23 -14 4
23 -13 5
23 -12 6
23 -11 3
23 -10 1
23 -9 6
23 -8 5
23 -7 6
23 -6 6
23 -5 6
23 -4 2
23 -3 0
23 -2 6
23 -1 1
23 0 3
23 1 1
23 2 6
23 3 0
23 4 2
23 5 6
23 6 6
23 7 6
23 8 5
23 9 6
23 10 1
23 11 3
23 12 6
23 13 5
23 14 4
23 15 4
23 16 7
23 17 7
23 18 5
23 19 4
23 20 3
23 21 5
23 22 2
23 23 4
23 24 4
23 25 2
23 26 0
23 27 7
23 28 6
23 29 7
23 30 1
23 31 6
23 32 3
23 33 2
23 34 5
23 35 4
23 36 7
23 37 5
23 38 7
23 39 4
23 40 3
23 41 6
23 42 3
23 43 5
23 44 0
23 45 7
23 46 7
23 47 1
23 48 6
23 49 5
23 50 7
23 51 5
23 52 7
23 53 4
23 54 3
24 -54 1
24 -53 7
24 -52 5
24 -51 7
24 -50 5
24 -49 6
24 -48 1
24 -47 6
24 -46 4
24 -45 4
24 -44 7
24 -43 4
24 -42 3
24 -41 6
24 -40 3
24 -39 3
24 -38 4
24 -37 7
24 -36 5
24 -35 7
24 -34 5
24 -33 7
24 -32 3
24 -31 0
24 -30 6
24 -29 4
24 -28 3
24 -27 4
24 -26 5
24 -25 6
24 -24 6
24 -23 4
24 -22 7
24 -21 4
24 -20 4
24 -19 7
24 -18 1
24 -17 3
24 -16 2
24 -15 7
24 -14 6
24 -13 6
24 -12 6
24 -11 3
24 -10 1
24 -9 7
24 -8 0
24 -7 7
24 -6 6
24 -5 6
24 -4 4
24 -3 7
24 -2 5
24 -1 5
24 0 6
24 1 5
24 2 5
24 3 7
24 4 4
24 5 6
24 6 6
24 7 7
24 8 0
24 9 7
24 10 1
24 11 3
24 12 6
24 13 6
24 14 6
24 15 7
24 16 2
24 17 3
24 18 1
24 19 7
24 20 4
24 21 4
24 22 7
24 23 4
24 24 6
24 25 6
24 26 5
24 27 4
24 28 3
24 29 4
24 30 6
24 31 0
24 32 3
24 33 7
24 34 5
24 35 7
24 36 5
24 37 7
24 38 4
24 39 3
24 40 3
24 41 6
24 42 3
24 43 4
24 44 7
24 45 4
24 46 4
24 47 6
24 48 1
24 49 6
24 50 5
24 51 7
24 52 5
24 53 7
24 54 1
25 -53 4
25 -52 7
25 -51 5
25 -50 6
25 -49 1
25 -48 6
25 -47 4
25 -46 3
25 -45 4
25 -44 7
25 -43 4
25 -42 4
25 -41 7
25 -40 4
25 -39 3
25 -38 3
25 -37 4
25 -36 7
25 -35 5
25 -34 7
25 -33 5
25 -32 5
25 -31 6
25 -30 6
25 -29 6
25 -28 6
25 -27 6
25 -26 6
25 -25 6
25 -24 6
25 -23 2
25 -22 2
25 -21 3
25 -20 7
25 -19 4
25 -18 1
25 -17 6
25 -16 7
25 -15 4
25 -14 4
25 -13 5
25 -12 7
25 -11 5
25 -10 6
25 -9 7
25 -8 7
25 -7 4
25 -6 4
25 -5 5
25 -4 6
25 -3 6
25 -2 5
25 -1 1
25 0 0
25 1 1
25 2 5
25 3 6
25 4 6
25 5 5
25 6 4
25 7 4
25 8 7
25 9 7
25 10 6
25 11 5
25 12 7
25 13 5
25 14 4
25 15 4
25 16 7
25 17 6
25 18 1
25 19 4
25 20 7
25 21 3
25 22 2
25 23 2
25 24 6
25 25 6
25 26 6
25 27 6
25 28 6
25 29 6
25 30 6
25 31 6
25 32 5
25 33 5
25 34 7
25 35 5
25 36 7
25 37 4
25 38 3
25 39 3
25 40 4
25 41 7
25 42 4
25 43 4
25 44 7
25 45 4
25 46 3
25 47 4
25 48 6
25 49 1
25 50 6
25 51 5
25 52 7
25 53 4
26 -53 2
26 -52 2
26 -51 4
26 -50 0
26 -49 6
26 -48 4
26 -47 3
26 -46 4
26 -45 6
26 -44 1
26 -43 7
26 -42 7
26 -41 1
26 -40 7
26 -39 6
26 -38 5
26 -37 4
26 -36 4
26 -35 7
26 -34 5
26 -33 7
26 -32 2
26 -31 7
26 -30 1
26 -29 4
26 -28 5
26 -27 6
26 -26 6
26 -25 6
26 -24 5
26 -23 0
26 -22 7
26 -21 6
26 -20 6
26 -19 7
26 -18 7
26 -17 7
26 -16 3
26 -15 4
26 -14 7
26 -13 2
26 -12 7
26 -11 0
26 -10 6
26 -9 4
26 -8 3
26 -7 1
26 -6 4
26 -5 0
26 -4 7
26 -3 6
26 -2 6
26 -1 6
26 0 3
26 1 6
26 2 6
26 3 6
26 4 7
26 5 0
26 6 4
26 7 1
26 8 3
26 9 4
26 10 6
26 11 0
26 12 7
26 13 2
26 14 7
26 15 4
26 16 3
26 17 7
26 18 7
26 19 7
26 20 6
26 21 6
26 22 7
26 23 0
26 24 5
26 25 6
26 26 6
26 27 6
26 28 5
26 29 4
26 30 1
26 31 7
26 32 2
26 33 7
26 34 5
26 35 7
26 36 4
26 37 4
26 38 5
26 39 6
26 40 7
26 41 1
26 42 7
26 43 7
26 44 1
26 45 6
26 46 4
26 47 3
26 48 4
26 49 6
26 50 0
26 51 4
26 52 2
26 53 2
27 -53 1
27 -52 7
27 -51 4
27 -50 3
27 -49 3
27 -48 3
27 -47 4
27 -46 7
27 -45 2
27 -44 7
27 -43 4
27 -42 4
27 -41 7
27 -40 4
27 -39 2
27 -38 0
27 -37 7
27 -36 5
27 -35 5
27 -34 7
27 -33 5
27 -32 4
27 -31 4
27 -30 1
27 -29 7
27 -28 2
27 -27 5
27 -26 6
27 -25 6
27 -24 4
27 -23 7
27 -22 4
27 -21 3
27 -20 1
27 -19 7
27 -18 2
27 -17 7
27 -16 0
27 -15 6
27 -14 5
27 -13 5
27 -12 7
27 -11 6
27 -10 1
27 -9 7
27 -8 6
27 -7 6
27 -6 4
27 -5 6
27 -4 2
27 -3 1
27 -2 3
27 -1 7
27 0 2
27 1 7
27 2 3
27 3 1
27 4 2
27 5 6
27 6 4
27 7 6
27 8 6
27 9 7
27 10 1
27 11 6
27 12 7
27 13 5
27 14 5
27 15 6
27 16 0
27 17 7
27 18 2
27 19 7
27 20 1
27 21 3
27 22 4
27 23 7
27 24 4
27 25 6
27 26 6
27 27 5
27 28 2
27 29 7
27 30 1
27 31 4
27 32 4
27 33 5
27 34 7
27 35 5
27 36 5
27 37 7
27 38 0
27 39 2
27 40 4
27 41 7
27 42 4
27 43 4
27 44 7
27 45 2
27 46 7
27 47 4
27 48 3
27 49 3
27 50 3
27 51 4
27 52 7
27 53 1
28 -52 3
28 -51 4
28 -50 7
28 -49 1
28 -48 4
28 -47 7
28 -46 4
28 -45 1
28 -44 7
28 -43 4
28 -42 4
28 -41 7
28 -40 4
28 -39 1
28 -38 7
28 -37 3
28 -36 0
28 -35 6
28 -34 5
28 -33 7
28 -32 2
28 -31 5
28 -30 6
28 -29 6
28 -28 5
28 -27 2
28 -26 5
28 -25 6
28 -24 3
28 -23 6
28 -22 3
28 -21 3
28 -20 0
28 -19 4
28 -18 5
28 -17 7
28 -16 6
28 -15 1
28 -14 7
28 -13 6
28 -12 6
28 -11 4
28 -10 7
28 -9 4
28 -8 4
28 -7 7
28 -6 1
28 -5 1
28 -4 5
28 -3 5
28 -2 1
28 -1 1
28 0 4
28 1 1
28 2 1
28 3 5
28 4 5
28 5 1
28 6 1
28 7 7
28 8 4
28 9 4
28 10 7
28 11 4
28 12 6
28 13 6
28 14 7
28 15 1
28 16 6
28 17 7
28 18 5
28 19 4
28 20 0
28 21 3
28 22 3
28 23 6
28 24 3
28 25 6
28 26 5
28 27 2
28 28 5
28 29 6
28 30 6
28 31 5
28 32 2
28 33 7
28 34 5
28 35 6
28 36 0
28 37 3
28 38 7
28 39 1
28 40 4
28 41 7
28 42 4
28 43 4
28 44 7
28 45 1
28 46 4
28 47 7
28 48 4
28 49 1
28 50 7
28 51 4
28 52 3
29 -52 1
29 -51 7
29 -50 4
29 -49 1
29 -48 7
29 -47 4
29 -46 3
29 -45 2
29 -44 0
29 -43 7
29 -42 7
29 -41 1
29 -40 6
29 -39 2
29 -38 7
29 -37 2
29 -36 7
29 -35 2
29 -34 7
29 -33 5
29 -32 4
29 -31 2
29 -30 7
29 -29 2
29 -28 6
29 -27 7
29 -26 4
29 -25 6
29 -24 4
29 -23 7
29 -22 4
29 -21 3
29 -20 1
29 -19 5
29 -18 6
29 -17 6
29 -16 4
29 -15 7
29 -14 4
29 -13 3
29 -12 3
29 -11 1
29 -10 5
29 -9 4
29 -8 7
29 -7 5
29 -6 5
29 -5 3
29 -4 6
29 -3 7
29 -2 7
29 -1 4
29 0 6
29 1 4
29 2 7
29 3 7
29 4 6
29 5 3
29 6 5
29 7 5
29 8 7
29 9 4
29 10 5
29 11 1
29 12 3
29 13 3
29 14 4
29 15 7
29 16 4
29 17 6
29 18 6
29 19 5
29 20 1
29 21 3
29 22 4
29 23 7
29 24 4
29 25 6
29 26 4
29 27 7
29 28 6
29 29 2
29 30 7
29 31 2
29 32 4
29 33 5
29 34 7
29 35 2
29 36 7
29 37 2
29 38 7
29 39 2
29 40 6
29 41 1
29 42 7
29 43 7
29 44 0
29 45 2
29 46 3
29 47 4
29 48 7
29 49 1
29 50 4
29 51 7
29 52 1
30 -51 3
30 -50 4
30 -49 4
30 -48 4
30 -47 4
30 -46 5
30 -45 6
30 -44 5
30 -43 4
30 -42 4
30 -41 7
30 -40 2
30 -39 6
30 -38 0
30 -37 3
30 -36 7
30 -35 1
30 -34 4
30 -33 7
30 -32 2
30 -31 5
30 -30 7
30 -29 7
30 -28 6
30 -27 1
30 -26 1
30 -25 6
30 -24 6
30 -23 1
30 -22 7
30 -21 6
30 -20 5
30 -19 1
30 -18 4
30 -17 5
30 -16 3
30 -15 6
30 -14 3
30 -13 4
30 -12 5
30 -11 5
30 -10 2
30 -9 5
30 -8 4
30 -7 7
30 -6 4
30 -5 0
30 -4 4
30 -3 7
30 -2 2
30 -1 5
30 0 6
30 1 5
30 2 2
30 3 7
30 4 4
30 5 0
30 6 4
30 7 7
30 8 4
30 9 5
30 10 2
30 11 5
30 12 5
30 13 4
30 14 3
30 15 6
30 16 3
30 17 5
30 18 4
30 19 1
30 20 5
30 21 6
30 22 7
30 23 1
30 24 6
30 25 6
30 26 1
30 27 1
30 28 6
30 29 7
30 30 7
30 31 5
30 32 2
30 33 7
30 34 4
30 35 1
30 36 7
30 37 3
30 38 0
30 39 6
30 40 2
30 41 7
30 42 4
30 43 4
30 44 5
30 45 6
30 46 5
30 47 4
30 48 4
30 49 4
30 50 4
30 51 3
31 -51 1
31 -50 7
31 -49 1
31 -48 4
31 -47 7
31 -46 1
31 -45 3
31 -44 3
31 -43 3
31 -42 4
31 -41 7
31 -40 1
31 -39 4
31 -38 5
31 -37 7
31 -36 0
31 -35 2
31 -34 3
31 -33 4
31 -32 5
31 -31 6
31 -30 5
31 -29 2
31 -28 5
31 -27 4
31 -26 7
31 -25 6
31 -24 0
31 -23 6
31 -22 4
31 -21 3
31 -20 3
31 -19 1
31 -18 7
31 -17 1
31 -16 1
31 -15 5
31 -14 4
31 -13 7
31 -12 2
31 -11 6
31 -10 7
31 -9 7
31 -8 3
31 -7 4
31 -6 7
31 -5 2
31 -4 7
31 -3 5
31 -2 5
31 -1 6
31 0 6
31 1 6
31 2 5
31 3 5
31 4 7
31 5 2
31 6 7
31 7 4
31 8 3
31 9 7
31 10 7
31 11 6
31 12 2
31 13 7
31 14 4
31 15 5
31 16 1
31 17 1
31 18 7
31 19 1
31 20 3
31 21 3
31 22 4
31 23 6
31 24 0
31 25 6
31 26 7
31 27 4
31 28 5
31 29 2
31 30 5
31 31 6
31 32 5
31 33 4
31 34 3
31 35 2
31 36 0
31 37 7
31 38 5
31 39 4
31 40 1
31 41 7
31 42 4
31 43 3
31 44 3
31 45 3
31 46 1
31 47 7
31 48 4
31 49 1
31 50 7
31 51 1
32 -50 3
32 -49 1
32 -48 7
32 -47 4
32 -46 0
32 -45 4
32 -44 5
32 -43 6
32 -42 7
32 -41 0
32 -40 2
32 -39 3
32 -38 3
32 -37 4
32 -36 5
32 -35 6
32 -34 6
32 -33 6
32 -32 6
32 -31 5
32 -30 2
32 -29 4
32 -28 2
32 -27 4
32 -26 2
32 -25 5
32 -24 3
32 -23 3
32 -22 4
32 -21 5
32 -20 7
32 -19 7
32 -18 7
32 -17 4
32 -16 7
32 -15 5
32 -14 7
32 -13 5
32 -12 4
32 -11 4
32 -10 1
32 -9 7
32 -8 1
32 -7 0
32 -6 2
32 -5 6
32 -4 5
32 -3 7
32 -2 4
32 -1 3
32 0 3
32 1 3
32 2 4
32 3 7
32 4 5
32 5 6
32 6 2
32 7 0
32 8 1
32 9 7
32 10 1
32 11 4
32 12 4
32 13 5
32 14 7
32 15 5
32 16 7
32 17 4
32 18 7
32 19 7
32 20 7
32 21 5
32 22 4
32 23 3
32 24 3
32 25 5
32 26 2
32 27 4
32 28 2
32 29 4
32 30 2
32 31 5
32 32 6
32 33 6
32 34 6
32 35 6
32 36 5
32 37 4
32 38 3
32 39 3
32 40 2
32 41 0
32 42 7
32 43 6
32 44 5
32 45 4
32 46 0
32 47 4
32 48 7
32 49 1
32 50 3
33 -50 1
33 -49 4
33 -48 4
33 -47 3
33 -46 1
33 -45 7
33 -44 1
33 -43 3
33 -42 4
33 -41 5
33 -40 6
33 -39 6
33 -38 6
33 -37 6
33 -36 6
33 -35 6
33 -34 6
33 -33 6
33 -32 6
33 -31 4
33 -30 7
33 -29 5
33 -28 7
33 -27 5
33 -26 7
33 -25 5
33 -24 7
33 -23 2
33 -22 7
33 -21 2
33 -20 7
33 -19 2
33 -18 6
33 -17 7
33 -16 5
33 -15 7
33 -14 5
33 -13 7
33 -12 2
33 -11 7
33 -10 1
33 -9 4
33 -8 5
33 -7 3
33 -6 5
33 -5 2
33 -4 5
33 -3 4
33 -2 7
33 -1 4
33 0 3
33 1 4
33 2 7
33 3 4
33 4 5
33 5 2
33 6 5
33 7 3
33 8 5
33 9 4
33 10 1
33 11 7
33 12 2
33 13 7
33 14 5
33 15 7
33 16 5
33 17 7
33 18 6
33 19 2
33 20 7
33 21 2
33 22 7
33 23 2
33 24 7
33 25 5
33 26 7
33 27 5
33 28 7
33 29 5
33 30 7
33 31 4
33 32 6
33 33 6
33 34 6
33 35 6
33 36 6
33 37 6
33 38 6
33 39 6
33 40 6
33 41 5
33 42 4
33 43 3
33 44 1
33 45 7
33 46 1
33 47 3
33 48 4
33 49 4
33 50 1
34 -49 1
34 -48 5
34 -47 6
34 -46 5
34 -45 4
34 -44 1
34 -43 5
34 -42 6
34 -41 6
34 -40 6
34 -39 6
34 -38 6
34 -37 6
34 -36 6
34 -35 6
34 -34 6
34 -33 6
34 -32 6
34 -31 3
34 -30 4
34 -29 7
34 -28 5
34 -27 7
34 -26 5
34 -25 7
34 -24 5
34 -23 5
34 -22 6
34 -21 6
34 -20 6
34 -19 6
34 -18 5
34 -17 2
34 -16 4
34 -15 2
34 -14 5
34 -13 3
34 -12 3
34 -11 4
34 -10 5
34 -9 6
34 -8 6
34 -7 3
34 -6 7
34 -5 7
34 -4 6
34 -3 1
34 -2 1
34 -1 5
34 0 3
34 1 5
34 2 1
34 3 1
34 4 6
34 5 7
34 6 7
34 7 3
34 8 6
34 9 6
34 10 5
34 11 4
34 12 3
34 13 3
34 14 5
34 15 2
34 16 4
34 17 2
34 18 5
34 19 6
34 20 6
34 21 6
34 22 6
34 23 5
34 24 5
34 25 7
34 26 5
34 27 7
34 28 5
34 29 7
34 30 4
34 31 3
34 32 6
34 33 6
34 34 6
34 35 6
34 36 6
34 37 6
34 38 6
34 39 6
34 40 6
34 41 6
34 42 6
34 43 5
34 44 1
34 45 4
34 46 5
34 47 6
34 48 5
34 49 1
35 -48 1
35 -47 5
35 -46 6
35 -45 6
35 -44 5
35 -43 2
35 -42 5
35 -41 6
35 -40 6
35 -39 6
35 -38 6
35 -37 6
35 -36 6
35 -35 6
35 -34 6
35 -33 6
35 -32 6
35 -31 2
35 -30 1
35 -29 2
35 -28 6
35 -27 5
35 -26 7
35 -25 5
35 -24 7
35 -23 4
35 -22 1
35 -21 7
35 -20 2
35 -19 7
35 -18 2
35 -17 5
35 -16 4
35 -15 7
35 -14 6
35 -13 0
35 -12 6
35 -11 4
35 -10 3
35 -9 3
35 -8 3
35 -7 1
35 -6 7
35 -5 2
35 -4 6
35 -3 7
35 -2 4
35 -1 6
35 0 3
35 1 6
35 2 4
35 3 7
35 4 6
35 5 2
35 6 7
35 7 1
35 8 3
35 9 3
35 10 3
35 11 4
35 12 6
35 13 0
35 14 6
35 15 7
35 16 4
35 17 5
35 18 2
35 19 7
35 20 2
35 21 7
35 22 1
35 23 4
35 24 7
35 25 5
35 26 7
35 27 5
35 28 6
35 29 2
35 30 1
35 31 2
35 32 6
35 33 6
35 34 6
35 35 6
35 36 6
35 37 6
35 38 6
35 39 6
35 40 6
35 41 6
35 42 5
35 43 2
35 44 5
35 45 6
35 46 6
35 47 5
35 48 1
36 -47 1
36 -46 5
36 -45 6
36 -44 6
36 -43 5
36 -42 2
36 -41 5
36 -40 6
36 -39 6
36 -38 6
36 -37 6
36 -36 6
36 -35 6
36 -34 6
36 -33 6
36 -32 5
36 -31 0
36 -30 7
36 -29 7
36 -28 0
36 -27 5
36 -26 4
36 -25 7
36 -24 5
36 -23 7
36 -22 1
36 -21 4
36 -20 5
36 -19 6
36 -18 6
36 -17 5
36 -16 1
36 -15 1
36 -14 6
36 -13 6
36 -12 1
36 -11 7
36 -10 6
36 -9 6
36 -8 7
36 -7 7
36 -6 7
36 -5 6
36 -4 5
36 -3 2
36 -2 5
36 -1 6
36 0 3
36 1 6
36 2 5
36 3 2
36 4 5
36 5 6
36 6 7
36 7 7
36 8 7
36 9 6
36 10 6
36 11 7
36 12 1
36 13 6
36 14 6
36 15 1
36 16 1
36 17 5
36 18 6
36 19 6
36 20 5
36 21 4
36 22 1
36 23 7
36 24 5
36 25 7
36 26 4
36 27 5
36 28 0
36 29 7
36 30 7
36 31 0
36 32 5
36 33 6
36 34 6
36 35 6
36 36 6
36 37 6
36 38 6
36 39 6
36 40 6
36 41 5
36 42 2
36 43 5
36 44 6
36 45 6
36 46 5
36 47 1
37 -46 1
37 -45 5
37 -44 6
37 -43 6
37 -42 5
37 -41 2
37 -40 5
37 -39 6
37 -38 6
37 -37 6
37 -36 6
37 -35 6
37 -34 6
37 -33 6
37 -32 4
37 -31 7
37 -30 3
37 -29 2
37 -28 3
37 -27 7
37 -26 4
37 -25 4
37 -24 7
37 -23 5
37 -22 5
37 -21 5
37 -20 4
37 -19 1
37 -18 7
37 -17 2
37 -16 5
37 -15 3
37 -14 6
37 -13 4
37 -12 7
37 -11 4
37 -10 3
37 -9 4
37 -8 6
37 -7 0
37 -6 3
37 -5 7
37 -4 2
37 -3 5
37 -2 6
37 -1 5
37 0 2
37 1 5
37 2 6
37 3 5
37 4 2
37 5 7
37 6 3
37 7 0
37 8 6
37 9 4
37 10 3
37 11 4
37 12 7
37 13 4
37 14 6
37 15 3
37 16 5
37 17 2
37 18 7
37 19 1
37 20 4
37 21 5
37 22 5
37 23 5
37 24 7
37 25 4
37 26 4
37 27 7
37 28 3
37 29 2
37 30 3
37 31 7
37 32 4
37 33 6
37 34 6
37 35 6
37 36 6
37 37 6
37 38 6
37 39 6
37 40 5
37 41 2
37 42 5
37 43 6
37 44 6
37 45 5
37 46 1
38 -45 1
38 -44 5
38 -43 6
38 -42 6
38 -41 5
38 -40 2
38 -39 5
38 -38 6
38 -37 6
38 -36 6
38 -35 6
38 -34 6
38 -33 6
38 -32 3
38 -31 5
38 -30 0
38 -29 7
38 -28 7
38 -27 0
38 -26 5
38 -25 3
38 -24 4
38 -23 7
38 -22 4
38 -21 1
38 -20 7
38 -19 1
38 -18 4
38 -17 5
38 -16 6
38 -15 3
38 -14 6
38 -13 4
38 -12 7
38 -11 4
38 -10 4
38 -9 6
38 -8 1
38 -7 6
38 -6 4
38 -5 4
38 -4 5
38 -3 5
38 -2 4
38 -1 1
38 0 7
38 1 1
38 2 4
38 3 5
38 4 5
38 5 4
38 6 4
38 7 6
38 8 1
38 9 6
38 10 4
38 11 4
38 12 7
38 13 4
38 14 6
38 15 3
38 16 6
38 17 5
38 18 4
38 19 1
38 20 7
38 21 1
38 22 4
38 23 7
38 24 4
38 25 3
38 26 5
38 27 0
38 28 7
38 29 7
38 30 0
38 31 5
38 32 3
38 33 6
38 34 6
38 35 6
38 36 6
38 37 6
38 38 6
38 39 5
38 40 2
38 41 5
38 42 6
38 43 6
38 44 5
38 45 1
39 -44 1
39 -43 5
39 -42 6
39 -41 6
39 -40 5
39 -39 2
39 -38 5
39 -37 6
39 -36 6
39 -35 6
39 -34 6
39 -33 6
39 -32 3
39 -31 4
39 -30 6
39 -29 2
39 -28 1
39 -27 2
39 -26 6
39 -25 3
39 -24 3
39 -23 4
39 -22 7
39 -21 1
39 -20 4
39 -19 5
39 -18 6
39 -17 6
39 -16 6
39 -15 3
39 -14 6
39 -13 5
39 -12 0
39 -11 7
39 -10 7
39 -9 1
39 -8 6
39 -7 5
39 -6 7
39 -5 4
39 -4 3
39 -3 1
39 -2 7
39 -1 2
39 0 7
39 1 2
39 2 7
39 3 1
39 4 3
39 5 4
39 6 7
39 7 5
39 8 6
39 9 1
39 10 7
39 11 7
39 12 0
39 13 5
39 14 6
39 15 3
39 16 6
39 17 6
39 18 6
39 19 5
39 20 4
39 21 1
39 22 7
39 23 4
39 24 3
39 25 3
39 26 6
39 27 2
39 28 1
39 29 2
39 30 6
39 31 4
39 32 3
39 33 6
39 34 6
39 35 6
39 36 6
39 37 6
39 38 5
39 39 2
39 40 5
39 41 6
39 42 6
39 43 5
39 44 1
40 -43 1
40 -42 5
40 -41 6
40 -40 6
40 -39 5
40 -38 2
40 -37 5
40 -36 6
40 -35 6
40 -34 6
40 -33 6
40 -32 2
40 -31 1
40 -30 2
40 -29 6
40 -28 4
40 -27 4
40 -26 7
40 -25 4
40 -24 3
40 -23 3
40 -22 4
40 -21 5
40 -20 6
40 -19 6
40 -18 6
40 -17 6
40 -16 6
40 -15 3
40 -14 6
40 -13 6
40 -12 2
40 -11 1
40 -10 2
40 -9 6
40 -8 5
40 -7 7
40 -6 5
40 -5 7
40 -4 4
40 -3 0
40 -2 4
40 -1 7
40 0 2
40 1 7
40 2 4
40 3 0
40 4 4
40 5 7
40 6 5
40 7 7
40 8 5
40 9 6
40 10 2
40 11 1
40 12 2
40 13 6
40 14 6
40 15 3
40 16 6
40 17 6
40 18 6
40 19 6
40 20 6
40 21 5
40 22 4
40 23 3
40 24 3
40 25 4
40 26 7
40 27 4
40 28 4
40 29 6
40 30 2
40 31 1
40 32 2
40 33 6
40 34 6
40 35 6
40 36 6
40 37 5
40 38 2
40 39 5
40 40 6
40 41 6
40 42 5
40 43 1
41 -42 1
41 -41 5
41 -40 6
41 -39 6
41 -38 5
41 -37 2
41 -36 5
41 -35 6
41 -34 6
41 -33 5
41 -32 0
41 -31 7
41 -30 7
41 -29 1
41 -28 7
41 -27 7
41 -26 1
41 -25 7
41 -24 6
41 -23 6
41 -22 6
41 -21 6
41 -20 6
41 -19 6
41 -18 6
41 -17 6
41 -16 6
41 -15 3
41 -14 6
41 -13 6
41 -12 3
41 -11 4
41 -10 7
41 -9 5
41 -8 7
41 -7 5
41 -6 7
41 -5 5
41 -4 7
41 -3 1
41 -2 4
41 -1 7
41 0 2
41 1 7
41 2 4
41 3 1
41 4 7
41 5 5
41 6 7
41 7 5
41 8 7
41 9 5
41 10 7
41 11 4
41 12 3
41 13 6
41 14 6
41 15 3
41 16 6
41 17 6
41 18 6
41 19 6
41 20 6
41 21 6
41 22 6
41 23 6
41 24 6
41 25 7
41 26 1
41 27 7
41 28 7
41 29 1
41 30 7
41 31 7
41 32 0
41 33 5
41 34 6
41 35 6
41 36 5
41 37 2
41 38 5
41 39 6
41 40 6
41 41 5
41 42 1
42 -41 1
42 -40 5
42 -39 6
42 -38 6
42 -37 5
42 -36 2
42 -35 5
42 -34 6
42 -33 4
42 -32 7
42 -31 4
42 -30 4
42 -29 7
42 -28 4
42 -27 4
42 -26 7
42 -25 4
42 -24 3
42 -23 3
42 -22 4
42 -21 5
42 -20 6
42 -19 6
42 -18 6
42 -17 6
42 -16 6
42 -15 3
42 -14 6
42 -13 6
42 -12 4
42 -11 7
42 -10 5
42 -9 7
42 -8 5
42 -7 7
42 -6 5
42 -5 7
42 -4 5
42 -3 5
42 -2 7
42 -1 1
42 0 5
42 1 1
42 2 7
42 3 5
42 4 5
42 5 7
42 6 5
42 7 7
42 8 5
42 9 7
42 10 5
42 11 7
42 12 4
42 13 6
42 14 6
42 15 3
42 16 6
42 17 6
42 18 6
42 19 6
42 20 6
42 21 5
42 22 4
42 23 3
42 24 3
42 25 4
42 26 7
42 27 4
42 28 4
42 29 7
42 30 4
42 31 4
42 32 7
42 33 4
42 34 6
42 35 5
42 36 2
42 37 5
42 38 6
42 39 6
42 40 5
42 41 1
43 -40 1
43 -39 5
43 -38 6
43 -37 6
43 -36 5
43 -35 2
43 -34 5
43 -33 3
43 -32 6
43 -31 3
43 -30 4
43 -29 7
43 -28 4
43 -27 4
43 -26 7
43 -25 4
43 -24 4
43 -23 5
43 -22 7
43 -21 0
43 -20 2
43 -19 3
43 -18 3
43 -17 3
43 -16 3
43 -15 1
43 -14 5
43 -13 6
43 -12 5
43 -11 2
43 -10 4
43 -9 2
43 -8 5
43 -7 4
43 -6 7
43 -5 5
43 -4 7
43 -3 4
43 -2 4
43 -1 6
43 0 1
43 1 6
43 2 4
43 3 4
43 4 7
43 5 5
43 6 7
43 7 4
43 8 5
43 9 2
43 10 4
43 11 2
43 12 5
43 13 6
43 14 5
43 15 1
43 16 3
43 17 3
43 18 3
43 19 3
43 20 2
43 21 0
43 22 7
43 23 5
43 24 4
43 25 4
43 26 7
43 27 4
43 28 4
43 29 7
43 30 4
43 31 3
43 32 6
43 33 3
43 34 5
43 35 2
43 36 5
43 37 6
43 38 6
43 39 5
43 40 1
44 -39 1
44 -38 5
44 -37 6
44 -36 6
44 -35 5
44 -34 1
44 -33 1
44 -32 5
44 -31 3
44 -30 5
44 -29 0
44 -28 7
44 -27 7
44 -26 1
44 -25 7
44 -24 7
44 -23 0
44 -22 3
44 -21 7
44 -20 1
44 -19 4
44 -18 5
44 -17 6
44 -16 6
44 -15 5
44 -14 2
44 -13 5
44 -12 7
44 -11 7
44 -10 5
44 -9 7
44 -8 6
44 -7 1
44 -6 1
44 -5 5
44 -4 4
44 -3 7
44 -2 4
44 -1 4
44 0 7
44 1 4
44 2 4
44 3 7
44 4 4
44 5 5
44 6 1
44 7 1
44 8 6
44 9 7
44 10 5
44 11 7
44 12 7
44 13 5
44 14 2
44 15 5
44 16 6
44 17 6
44 18 5
44 19 4
44 20 1
44 21 7
44 22 3
44 23 0
44 24 7
44 25 7
44 26 1
44 27 7
44 28 7
44 29 0
44 30 5
44 31 3
44 32 5
44 33 1
44 34 1
44 35 5
44 36 6
44 37 6
44 38 5
44 39 1
45 -38 1
45 -37 5
45 -36 6
45 -35 6
45 -34 4
45 -33 7
45 -32 4
45 -31 3
45 -30 6
45 -29 2
45 -28 1
45 -27 2
45 -26 6
45 -25 4
45 -24 4
45 -23 7
45 -22 2
45 -21 7
45 -20 2
45 -19 7
45 -18 1
45 -17 4
45 -16 5
45 -15 6
45 -14 5
45 -13 2
45 -12 7
45 -11 2
45 -10 4
45 -9 2
45 -8 6
45 -7 7
45 -6 4
45 -5 5
45 -4 1
45 -3 1
45 -2 5
45 -1 3
45 0 6
45 1 3
45 2 5
45 3 1
45 4 1
45 5 5
45 6 4
45 7 7
45 8 6
45 9 2
45 10 4
45 11 2
45 12 7
45 13 2
45 14 5
45 15 6
45 16 5
45 17 4
45 18 1
45 19 7
45 20 2
45 21 7
45 22 2
45 23 7
45 24 4
45 25 4
45 26 6
45 27 2
45 28 1
45 29 2
45 30 6
45 31 3
45 32 4
45 33 7
45 34 4
45 35 6
45 36 6
45 37 5
45 38 1
46 -37 1
46 -36 5
46 -35 6
46 -34 5
46 -33 1
46 -32 0
46 -31 1
46 -30 5
46 -29 3
46 -28 4
46 -27 7
46 -26 4
46 -25 3
46 -24 4
46 -23 7
46 -22 3
46 -21 0
46 -20 6
46 -19 4
46 -18 1
46 -17 7
46 -16 2
46 -15 5
46 -14 7
46 -13 7
46 -12 7
46 -11 5
46 -10 2
46 -9 5
46 -8 5
46 -7 2
46 -6 5
46 -5 4
46 -4 7
46 -3 4
46 -2 6
46 -1 3
46 0 6
46 1 3
46 2 6
46 3 4
46 4 7
46 5 4
46 6 5
46 7 2
46 8 5
46 9 5
46 10 2
46 11 5
46 12 7
46 13 7
46 14 7
46 15 5
46 16 2
46 17 7
46 18 1
46 19 4
46 20 6
46 21 0
46 22 3
46 23 7
46 24 4
46 25 3
46 26 4
46 27 7
46 28 4
46 29 3
46 30 5
46 31 1
46 32 0
46 33 1
46 34 5
46 35 6
46 36 5
46 37 1
47 -36 1
47 -35 5
47 -34 6
47 -33 3
47 -32 4
47 -31 7
47 -30 4
47 -29 4
47 -28 7
47 -27 4
47 -26 3
47 -25 4
47 -24 6
47 -23 1
47 -22 7
47 -21 6
47 -20 6
47 -19 6
47 -18 6
47 -17 6
47 -16 5
47 -15 2
47 -14 7
47 -13 2
47 -12 5
47 -11 7
47 -10 7
47 -9 6
47 -8 2
47 -7 5
47 -6 5
47 -5 1
47 -4 1
47 -3 5
47 -2 6
47 -1 3
47 0 6
47 1 3
47 2 6
47 3 5
47 4 1
47 5 1
47 6 5
47 7 5
47 8 2
47 9 6
47 10 7
47 11 7
47 12 5
47 13 2
47 14 7
47 15 2
47 16 5
47 17 6
47 18 6
47 19 6
47 20 6
47 21 6
47 22 7
47 23 1
47 24 6
47 25 4
47 26 3
47 27 4
47 28 7
47 29 4
47 30 4
47 31 7
47 32 4
47 33 3
47 34 6
47 35 5
47 36 1
48 -35 1
48 -34 5
48 -33 4
48 -32 7
48 -31 4
48 -30 4
48 -29 7
48 -28 4
48 -27 3
48 -26 4
48 -25 6
48 -24 1
48 -23 6
48 -22 5
48 -21 7
48 -20 1
48 -19 4
48 -18 7
48 -17 1
48 -16 4
48 -15 4
48 -14 5
48 -13 4
48 -12 2
48 -11 7
48 -10 2
48 -9 6
48 -8 7
48 -7 7
48 -6 4
48 -5 7
48 -4 4
48 -3 6
48 -2 6
48 -1 3
48 0 6
48 1 3
48 2 6
48 3 6
48 4 4
48 5 7
48 6 4
48 7 7
48 8 7
48 9 6
48 10 2
48 11 7
48 12 2
48 13 4
48 14 5
48 15 4
48 16 4
48 17 1
48 18 7
48 19 4
48 20 1
48 21 7
48 22 5
48 23 6
48 24 1
48 25 6
48 26 4
48 27 3
48 28 4
48 29 7
48 30 4
48 31 4
48 32 7
48 33 4
48 34 5
48 35 1
49 -34 1
49 -33 4
49 -32 1
49 -31 1
49 -30 4
49 -29 1
49 -28 1
49 -27 3
49 -26 6
49 -25 1
49 -24 6
49 -23 5
49 -22 7
49 -21 4
49 -20 1
49 -19 7
49 -18 4
49 -17 1
49 -16 7
49 -15 2
49 -14 7
49 -13 2
49 -12 5
49 -11 6
49 -10 6
49 -9 5
49 -8 2
49 -7 7
49 -6 1
49 -5 1
49 -4 5
49 -3 6
49 -2 5
49 -1 1
49 0 3
49 1 1
49 2 5
49 3 6
49 4 5
49 5 1
49 6 1
49 7 7
49 8 2
49 9 5
49 10 6
49 11 6
49 12 5
49 13 2
49 14 7
49 15 2
49 16 7
49 17 1
49 18 4
49 19 7
49 20 1
49 21 4
49 22 7
49 23 5
49 24 6
49 25 1
49 26 6
49 27 3
49 28 1
49 29 1
49 30 4
49 31 1
49 32 1
49 33 4
49 34 1
50 -33 1
50 -32 3
50 -31 7
50 -30 4
50 -29 4
50 -28 7
50 -27 3
50 -26 0
50 -25 6
50 -24 5
50 -23 7
50 -22 5
50 -21 5
50 -20 5
50 -19 5
50 -18 5
50 -17 6
50 -16 6
50 -15 6
50 -14 6
50 -13 6
50 -12 5
50 -11 2
50 -10 7
50 -9 2
50 -8 5
50 -7 7
50 -6 7
50 -5 4
50 -4 6
50 -3 5
50 -2 2
50 -1 5
50 0 6
50 1 5
50 2 2
50 3 5
50 4 6
50 5 4
50 6 7
50 7 7
50 8 5
50 9 2
50 10 7
50 11 2
50 12 5
50 13 6
50 14 6
50 15 6
50 16 6
50 17 6
50 18 5
50 19 5
50 20 5
50 21 5
50 22 5
50 23 7
50 24 5
50 25 6
50 26 0
50 27 3
50 28 7
50 29 4
50 30 4
50 31 7
50 32 3
50 33 1
51 -31 1
51 -30 3
51 -29 7
51 -28 4
51 -27 4
51 -26 4
51 -25 5
51 -24 7
51 -23 5
51 -22 7
51 -21 1
51 -20 4
51 -19 7
51 -18 2
51 -17 7
51 -16 2
51 -15 7
51 -14 2
51 -13 7
51 -12 2
51 -11 5
51 -10 7
51 -9 7
51 -8 7
51 -7 5
51 -6 2
51 -5 5
51 -4 5
51 -3 2
51 -2 5
51 -1 6
51 0 6
51 1 6
51 2 5
51 3 2
51 4 5
51 5 5
51 6 2
51 7 5
51 8 7
51 9 7
51 10 7
51 11 5
51 12 2
51 13 7
51 14 2
51 15 7
51 16 2
51 17 7
51 18 2
51 19 7
51 20 4
51 21 1
51 22 7
51 23 5
51 24 7
51 25 5
51 26 4
51 27 4
51 28 4
51 29 7
51 30 3
51 31 1
52 -29 1
52 -28 3
52 -27 7
52 -26 2
52 -25 7
52 -24 5
52 -23 7
52 -22 4
52 -21 1
52 -20 7
52 -19 5
52 -18 4
52 -17 5
52 -16 5
52 -15 6
52 -14 6
52 -13 6
52 -12 6
52 -11 5
52 -10 4
52 -9 1
52 -8 7
52 -7 2
52 -6 5
52 -5 5
52 -4 2
52 -3 5
52 -2 6
52 -1 6
52 0 6
52 1 6
52 2 6
52 3 5
52 4 2
52 5 5
52 6 5
52 7 2
52 8 7
52 9 1
52 10 4
52 11 5
52 12 6
52 13 6
52 14 6
52 15 6
52 16 5
52 17 5
52 18 4
52 19 5
52 20 7
52 21 1
52 22 4
52 23 7
52 24 5
52 25 7
52 26 2
52 27 7
52 28 3
52 29 1
53 -27 1
53 -26 2
53 -25 4
53 -24 7
53 -23 4
53 -22 4
53 -21 4
53 -20 5
53 -19 7
53 -18 2
53 -17 7
53 -16 4
53 -15 1
53 -14 7
53 -13 2
53 -12 7
53 -11 2
53 -10 7
53 -9 1
53 -8 4
53 -7 5
53 -6 5
53 -5 2
53 -4 5
53 -3 6
53 -2 6
53 -1 6
53 0 6
53 1 6
53 2 6
53 3 6
53 4 5
53 5 2
53 6 5
53 7 5
53 8 4
53 9 1
53 10 7
53 11 2
53 12 7
53 13 2
53 14 7
53 15 1
53 16 4
53 17 7
53 18 2
53 19 7
53 20 5
53 21 4
53 22 4
53 23 4
53 24 7
53 25 4
53 26 2
53 27 1
54 -24 1
54 -23 3
54 -22 7
54 -21 2
54 -20 7
54 -19 5
54 -18 4
54 -17 5
54 -16 7
54 -15 1
54 -14 4
54 -13 5
54 -12 6
54 -11 6
54 -10 7
54 -9 7
54 -8 7
54 -7 5
54 -6 2
54 -5 5
54 -4 6
54 -3 6
54 -2 6
54 -1 6
54 0 6
54 1 6
54 2 6
54 3 6
54 4 6
54 5 5
54 6 2
54 7 5
54 8 7
54 9 7
54 10 7
54 11 6
54 12 6
54 13 5
54 14 4
54 15 1
54 16 7
54 17 5
54 18 4
54 19 5
54 20 7
54 21 2
54 22 7
54 23 3
54 24 1
55 -22 1
55 -21 2
55 -20 4
55 -19 7
55 -18 2
55 -17 7
55 -16 5
55 -15 4
55 -14 4
55 -13 3
55 -12 1
55 -11 7
55 -10 4
55 -9 1
55 -8 7
55 -7 2
55 -6 5
55 -5 6
55 -4 6
55 -3 6
55 -2 6
55 -1 6
55 0 6
55 1 6
55 2 6
55 3 6
55 4 6
55 5 6
55 6 5
55 7 2
55 8 7
55 9 1
55 10 4
55 11 7
55 12 1
55 13 3
55 14 4
55 15 4
55 16 5
55 17 7
55 18 2
55 19 7
55 20 4
55 21 2
55 22 1
56 -19 1
56 -18 2
56 -17 4
56 -16 7
56 -15 2
56 -14 7
56 -13 4
56 -12 0
56 -11 4
56 -10 7
56 -9 1
56 -8 4
56 -7 5
56 -6 6
56 -5 6
56 -4 6
56 -3 6
56 -2 6
56 -1 6
56 0 6
56 1 6
56 2 6
56 3 6
56 4 6
56 5 6
56 6 6
56 7 5
56 8 4
56 9 1
56 10 7
56 11 4
56 12 0
56 13 4
56 14 7
56 15 2
56 16 7
56 17 4
56 18 2
56 19 1
57 -16 1
57 -15 2
57 -14 4
57 -13 7
57 -12 1
57 -11 3
57 -10 4
57 -9 5
57 -8 6
57 -7 6
57 -6 6
57 -5 6
57 -4 6
57 -3 6
57 -2 6
57 -1 6
57 0 6
57 1 6
57 2 6
57 3 6
57 4 6
57 5 6
57 6 6
57 7 6
57 8 6
57 9 5
57 10 4
57 11 3
57 12 1
57 13 7
57 14 4
57 15 2
57 16 1
58 -13 1
58 -12 2
58 -11 3
58 -10 3
58 -9 3
58 -8 3
58 -7 3
58 -6 3
58 -5 3
58 -4 3
58 -3 3
58 -2 3
58 -1 3
58 0 3
58 1 3
58 2 3
58 3 3
58 4 3
58 5 3
58 6 3
58 7 3
58 8 3
58 9 3
58 10 3
58 11 3
58 12 2
58 13 1
