2
7
18
34
56
85
124
175
236
308
392
489
600
726
874
1039
1222
1424
1646
1889
2154
2442
2754
3096
3464
3862
4288
4743
5228
5744
6294
6877
7494
8146
8840
9571
10340
11148
11996
12885
13816
14790
15808
16871
17980
19136
20340
21600
22910
24271
25684
27150
28670
30245
31876
33564
35310
37115
38980
40906
42894
44945
47074
49268
51528
53855
56250
58714
61248
63853
66530
69280
72104
75003
77978
81030
84160
87369
90658
94040
97504
101051
104682
108398
112200
116089
120066
124132
128288
132535
136874
141306
145832
150453
155170
159984
164896
169907
175028
180250
185574
191001
196532
202168
207910
213759
219716
225782
231958
238245
244644
251156
257782
264523
271380
278354
285446
292657
299988
307451
315036
322744
330576
338538
346626
354841
363186
371660
380264
388999
397866
406866
416000
425269
434674
444216
453896
463715
473674
483774
494016
504401
514942
525628
536460
547439
558566
569842
581268
592845
604574
616456
628492
640683
653030
665534
678196
691017
703998
717140
730444
743911
757542
771338
785300
799429
813726
828205
842854
857674
872666
887831
903170
918684
934374
950241
966286
982510
998914
1015499
1032266
1049216
1066350
1083669
1101174
1118866
1136746
1154815
1173074
1191524
1210166
1229001
1248030
1267254
1286688
1306319
1326148
1346176
1366404
1386833
1407464
1428298
1449336
1470579
1492028
1513684
1535548
1557621
1579904
1602398
1625104
1648023
1671156
1694504
1718074
1741861
1765866
1790090
1814534
1839199
1864086
1889196
1914530
1940104
1965904
1991931
2018186
2044670
2071384
2098329
2125506
2152916
2180560
2208439
2236554
2264906
2293496
2322325
2351394
2380704
2410256
2440051
2470093
2500380
2530913
2561693
2592721
2623998
2655525
2687303
2719333
2751616
2784153
2816945
2850015
2883342
2916927
2950771
2984875
3019240
3053867
3088757
3123911
3159330
3195015
3230967
3267187
3303676
3340435
3377465
3414767
3452342
3490191
3528315
3566715
3605392
3644347
3683581
3723095
3762890
3802967
3843327
3883971
3924900
3966115
4007617
4049407
4091503
4133889
4176566
4219535
4262797
4306353
4350204
4394351
4438795
4483537
4528578
4573919
4619561
4665505
4711752
4758303
4805159
4852321
4899790
4947567
4995653
5044049
5092756
5141775
5191107
5240753
5290714
5340991
5391585
5442497
5493728
5545279
5597151
5649345
5701862
5754721
5807905
5861415
5915252
5969417
6023911
6078735
6133890
6189377
6245197
6301351
6357840
6414665
6471827
6529327
6587166
6645345
6703865
6762727
6821939
6881495
6941396
7001643
7062237
7123179
7184470
7246111
7308103
7370447
7433144
7496195
7559601
7623363
7687482
7751959
7816795
7881991
7947567
8013505
8079806
8146471
8213501
8280897
8348660
8416791
8485291
8554161
8623402
8693015
8763001
8833361
8904096
8975207
9046695
9118561
9190806
9263431
9336437
9409825
9483596
9557751
9632291
9707217
9782530
9858231
9934321
10010801
10087672
10164935
10242591
10320641
10399086
10477927
10557165
10636801
10716836
10797291
10878147
10959405
11041066
11123131
11205601
11288477
11371760
11455451
11539551
11624061
11708982
11794315
11880061
11966221
12052796
12139787
12227195
12315021
12403266
12491931
12581017
12670525
12760456
12850811
12941591
13032797
13124430
13216491
13308981
13401901
13495252
13589035
13683251
13777901
13872986
13968507
14064465
14160861
14257696
14354971
14452708
14550887
14649509
14748575
14848086
14948043
15048447
15149299
15250600
15352351
15454553
15557207
15660314
15763875
15867891
15972363
16077292
16182679
16288525
16394831
16501598
16608827
16716519
16824675
16933296
17042383
17151937
17261959
17372450
17483411
17594843
17706747
17819124
17931975
18045301
18159103
18273382
18388139
18503375
18619091
18735288
18851967
18969129
19086797
19204950
19323589
19442715
19562329
19682432
19803025
19924109
20045685
20167754
20290317
20413375
20536929
20660980
20785529
20910577
21036125
