-500 0 500
-500 1 500
-383 -96 385
-5 4 4
-12345678 -12345678 -12345678
-12345678 -12345678 -12345678
-235 -55 236
-169 44 168
-500 2 500
-216 -52 217
-171 130 141
-212 -197 258
-11 7 10
-12345678 -12345678 -12345678
-12345678 -12345678 -12345678
-265 -262 332
-322 -108 326
-391 -390 492
-218 75 215
-95 47 91
-387 -122 391
-401 -287 445
-12345678 -12345678 -12345678
-12345678 -12345678 -12345678
-10 8 8
-1 -1 3
-469 87 468
-500 3 500
-59 31 56
-233 -69 235
-12345678 -12345678 -12345678
-12345678 -12345678 -12345678
-12345678 -12345678 -12345678
-12345678 -12345678 -12345678
-121 -112 147
-13 -8 14
-269 -87 272
-444 -84 445
-27 16 25
-12345678 -12345678 -12345678
-12345678 -12345678 -12345678
-12345678 -12345678 -12345678
-12345678 -12345678 -12345678
-52 20 51
-7 -5 8
-3 2 4
-29 19 26
-141 49 139
-470 -110 472
-12345678 -12345678 -12345678
-12345678 -12345678 -12345678
-12345678 -12345678 -12345678
-12345678 -12345678 -12345678
-240 80 237
-483 -162 489
-368 74 367
-338 88 336
-383 76 382
-12345678 -12345678 -12345678
-12345678 -12345678 -12345678
-4 -1 5
-4 0 5
-441 159 434
-161 102 146
-500 4 500
-111 85 91
1 1 4
-12345678 -12345678 -12345678
-12345678 -12345678 -12345678
-403 134 398
-64 23 63
-412 136 407
-432 -104 434
-335 -146 344
-12345678 -12345678 -12345678
-12345678 -12345678 -12345678
-12345678 -12345678 -12345678
-12345678 -12345678 -12345678
-55 26 53
-66 -49 74
-342 260 282
-351 -310 418
-11 -11 14
-333 -278 388
-12345678 -12345678 -12345678
-12345678 -12345678 -12345678
-12345678 -12345678 -12345678
-12345678 -12345678 -12345678
-135 -130 167
-7 6 6
-456 199 443
-381 192 364
-218 -101 225
-248 -98 253
-12345678 -12345678 -12345678
-12345678 -12345678 -12345678
-22 14 20
-295 101 291
-141 39 140
-453 -146 458
-161 -139 190
-272 -251 330
-239 118 229
-12345678 -12345678 -12345678
-12345678 -12345678 -12345678
-7 -4 8
-303 65 302
-48 -28 51
-12345678 -12345678 -12345678
-107 -88 124
-12345678 -12345678 -12345678
-12345678 -12345678 -12345678
-12345678 -12345678 -12345678
-12345678 -12345678 -12345678
-12345678 -12345678 -12345678
-12 8 11
-2 -1 5
-2 0 5
-484 217 469
-14 -8 15
-92 46 88
-12345678 -12345678 -12345678
-12345678 -12345678 -12345678
-37 -16 38
-1 0 5
-500 5 500
-12 -7 13
-381 291 313
-371 -150 379
1 4 4
-12345678 -12345678 -12345678
-12345678 -12345678 -12345678
-1 2 5
-399 167 389
-117 -93 134
-28 -17 30
-222 -206 270
-30 -23 34
-86 -77 103
-12345678 -12345678 -12345678
-12345678 -12345678 -12345678
-139 104 116
-7 -3 8
-12345678 -12345678 -12345678
-452 -85 453
-8 -7 10
-327 -263 376
-56 -50 67
-12345678 -12345678 -12345678
-12345678 -12345678 -12345678
-367 260 317
-463 215 447
-190 94 182
-407 -306 458
-141 70 135
-341 178 324
-12345678 -12345678 -12345678
-12345678 -12345678 -12345678
-12345678 -12345678 -12345678
-238 -121 248
-274 -214 312
-303 134 294
-174 -129 195
-76 -68 91
-66 -59 79
-12345678 -12345678 -12345678
-12345678 -12345678 -12345678
-12345678 -12345678 -12345678
-259 116 251
-283 -195 311
-257 179 224
-87 67 71
-12345678 -12345678 -12345678
-12345678 -12345678 -12345678
-335 -170 349
-12345678 -12345678 -12345678
-12345678 -12345678 -12345678
-7 2 8
-13 -10 15
-415 227 391
-12345678 -12345678 -12345678
-120 -83 132
-90 -29 91
-413 -161 421
-12345678 -12345678 -12345678
-12345678 -12345678 -12345678
-4 5 5
-58 27 56
-74 -55 83
-315 96 312
-437 83 436
-377 -215 399
-20 16 16
-12345678 -12345678 -12345678
-12345678 -12345678 -12345678
-12345678 -12345678 -12345678
-34 -15 35
-355 104 352
-195 148 161
-178 130 151
-345 -71 346
65 65 65
