1 1
2 3
3 2
4 7
5 2
6 6
7 2
8 15
9 3
10 6
11 2
12 14
13 2
14 6
15 4
16 31
17 2
18 9
19 2
20 14
21 4
22 6
23 2
24 30
25 3
26 6
27 4
28 14
29 2
30 12
31 2
32 63
33 4
34 6
35 4
36 21
37 2
38 6
39 4
40 30
41 2
42 12
43 2
44 14
45 6
46 6
47 2
48 62
49 3
50 9
51 4
52 14
53 2
54 12
55 4
56 30
57 4
58 6
59 2
60 28
61 2
62 6
63 6
64 127
65 4
66 12
67 2
68 14
69 4
70 12
71 2
72 45
73 2
74 6
75 6
76 14
77 4
78 12
79 2
80 62
81 5
82 6
83 2
84 28
85 4
86 6
87 4
88 30
89 2
90 18
91 4
92 14
93 4
94 6
95 4
96 126
97 2
98 9
99 6
100 21
101 2
102 12
103 2
104 30
105 8
106 6
107 2
108 28
109 2
110 12
111 4
112 62
113 2
114 12
115 4
116 14
117 6
118 6
119 4
120 60
121 3
122 6
123 4
124 14
125 4
126 18
127 2
128 255
129 4
130 12
131 2
132 28
133 4
134 6
135 8
136 30
137 2
138 12
139 2
140 28
141 4
142 6
143 4
144 93
145 4
146 6
147 6
148 14
149 2
150 18
151 2
152 30
153 6
154 12
155 4
156 28
157 2
158 6
159 4
160 126
161 4
162 15
163 2
164 14
165 8
166 6
167 2
168 60
169 3
170 12
171 6
172 14
173 2
174 12
175 6
176 62
177 4
178 6
179 2
180 42
181 2
182 12
183 4
184 30
185 4
186 12
187 4
188 14
189 8
190 12
191 2
192 254
193 2
194 6
195 8
196 21
197 2
198 18
199 2
200 45
201 4
202 6
203 4
204 28
205 4
206 6
207 6
208 62
209 4
210 24
211 2
212 14
213 4
214 6
215 4
216 60
217 4
218 6
219 4
220 28
221 4
222 12
223 2
224 126
225 9
226 6
227 2
228 28
229 2
230 12
231 8
232 30
233 2
234 18
235 4
236 14
237 4
238 12
239 2
240 124
241 2
242 9
243 6
244 14
245 6
246 12
247 4
248 30
249 4
250 12
251 2
252 42
253 4
254 6
255 8
256 511
257 2
258 12
259 4
260 28
261 6
262 6
263 2
264 60
265 4
266 12
267 4
268 14
269 2
270 24
271 2
272 62
273 8
274 6
275 6
276 28
277 2
278 6
279 6
280 60
281 2
282 12
283 2
284 14
285 8
286 12
287 4
288 189
289 3
290 12
291 4
292 14
293 2
294 18
295 4
296 30
297 8
298 6
299 4
300 42
301 4
302 6
303 4
304 62
305 4
306 18
307 2
308 28
309 4
310 12
311 2
312 60
313 2
314 6
315 12
316 14
317 2
318 12
319 4
320 254
321 4
322 12
323 4
324 35
325 6
326 6
327 4
328 30
329 4
330 24
331 2
332 14
333 6
334 6
335 4
336 124
337 2
338 9
339 4
340 28
341 4
342 18
343 4
344 30
345 8
346 6
347 2
348 28
349 2
350 18
351 8
352 126
353 2
354 12
355 4
356 14
357 8
358 6
359 2
360 90
361 3
362 6
363 6
364 28
365 4
366 12
367 2
368 62
369 6
370 12
371 4
372 28
373 2
374 12
375 8
376 30
377 4
378 24
379 2
380 28
381 4
382 6
383 2
384 510
385 8
386 6
387 6
388 14
389 2
390 24
391 4
392 45
393 4
394 6
395 4
396 42
397 2
398 6
399 8
400 93
401 2
402 12
403 4
404 14
405 10
406 12
407 4
408 60
409 2
410 12
411 4
412 14
413 4
414 18
415 4
416 126
417 4
418 12
419 2
420 56
421 2
422 6
423 6
424 30
425 6
426 12
427 4
428 14
429 8
430 12
431 2
432 124
433 2
434 12
435 8
436 14
437 4
438 12
439 2
440 60
441 9
442 12
443 2
444 28
445 4
446 6
447 4
448 254
449 2
450 27
451 4
452 14
453 4
454 6
455 8
456 60
457 2
458 6
459 8
460 28
461 2
462 24
463 2
464 62
465 8
466 6
467 2
468 42
469 4
470 12
471 4
472 30
473 4
474 12
475 6
476 28
477 6
478 6
479 2
480 252
481 4
482 6
483 8
484 21
485 4
486 18
487 2
488 30
489 4
490 18
491 2
492 28
493 4
494 12
495 12
496 62
497 4
498 12
499 2
500 28
501 4
502 6
503 2
504 90
505 4
506 12
507 6
508 14
509 2
510 24
511 4
512 1023
513 8
514 6
515 4
516 28
517 4
518 12
519 4
520 60
521 2
522 18
523 2
524 14
525 12
526 6
527 4
528 124
529 3
530 12
531 6
532 28
533 4
534 12
535 4
536 30
537 4
538 6
539 6
540 56
541 2
542 6
543 4
544 126
545 4
546 24
547 2
548 14
549 6
550 18
551 4
552 60
553 4
554 6
555 8
556 14
557 2
558 18
559 4
560 124
561 8
562 6
563 2
564 28
565 4
566 6
567 10
568 30
569 2
570 24
571 2
572 28
573 4
574 12
575 6
576 381
577 2
578 9
579 4
580 28
581 4
582 12
583 4
584 30
585 12
586 6
587 2
588 42
589 4
590 12
591 4
592 62
593 2
594 24
595 8
596 14
597 4
598 12
599 2
600 90
601 2
602 12
603 6
604 14
605 6
606 12
607 2
608 126
609 8
610 12
611 4
612 42
613 2
614 6
615 8
616 60
617 2
618 12
619 2
620 28
621 8
622 6
623 4
624 124
625 5
626 6
627 8
628 14
629 4
630 36
631 2
632 30
633 4
634 6
635 4
636 28
637 6
638 12
639 6
640 510
641 2
642 12
643 2
644 28
645 8
646 12
647 2
648 75
649 4
650 18
651 8
652 14
653 2
654 12
655 4
656 62
657 6
658 12
659 2
660 56
661 2
662 6
663 8
664 30
665 8
666 18
667 4
668 14
669 4
670 12
671 4
672 252
673 2
674 6
675 12
676 21
677 2
678 12
679 4
680 60
681 4
682 12
683 2
684 42
685 4
686 12
687 4
688 62
689 4
690 24
691 2
692 14
693 12
694 6
695 4
696 60
697 4
698 6
699 4
700 42
701 2
702 24
703 4
704 254
705 8
706 6
707 4
708 28
709 2
710 12
711 6
712 30
713 4
714 24
715 8
716 14
717 4
718 6
719 2
720 186
721 4
722 9
723 4
724 14
725 6
726 18
727 2
728 60
729 7
730 12
731 4
732 28
733 2
734 6
735 12
736 126
737 4
738 18
739 2
740 28
741 8
742 12
743 2
744 60
745 4
746 6
747 6
748 28
749 4
750 24
751 2
752 62
753 4
754 12
755 4
756 56
757 2
758 6
759 8
760 60
761 2
762 12
763 4
764 14
765 12
766 6
767 4
768 1022
769 2
770 24
771 4
772 14
773 2
774 18
775 6
776 30
777 8
778 6
779 4
780 56
781 4
782 12
783 8
784 93
785 4
786 12
787 2
788 14
789 4
790 12
791 4
792 90
793 4
794 6
795 8
796 14
797 2
798 24
799 4
800 189
801 6
802 6
803 4
804 28
805 8
806 12
807 4
808 30
809 2
810 30
811 2
812 28
813 4
814 12
815 4
816 124
817 4
818 6
819 12
820 28
821 2
822 12
823 2
824 30
825 12
826 12
827 2
828 42
829 2
830 12
831 4
832 254
833 6
834 12
835 4
836 28
837 8
838 6
839 2
840 120
841 3
842 6
843 4
844 14
845 6
846 18
847 6
848 62
849 4
850 18
851 4
852 28
853 2
854 12
855 12
856 30
857 2
858 24
859 2
860 28
861 8
862 6
863 2
864 252
865 4
866 6
867 6
868 28
869 4
870 24
871 4
872 30
873 6
874 12
875 8
876 28
877 2
878 6
879 4
880 124
881 2
882 27
883 2
884 28
885 8
886 6
887 2
888 60
889 4
890 12
891 10
892 14
893 4
894 12
895 4
896 510
897 8
898 6
899 4
900 63
901 4
902 12
903 8
904 30
905 4
906 12
907 2
908 14
909 6
910 24
911 2
912 124
913 4
914 6
915 8
916 14
917 4
918 24
919 2
920 60
921 4
922 6
923 4
924 56
925 6
926 6
927 6
928 126
929 2
930 24
931 6
932 14
933 4
934 6
935 8
936 90
937 2
938 12
939 4
940 28
941 2
942 12
943 4
944 62
945 16
946 12
947 2
948 28
949 4
950 18
951 4
952 60
953 2
954 18
955 4
956 14
957 8
958 6
959 4
960 508
961 3
962 12
963 6
964 14
965 4
966 24
967 2
968 45
969 8
970 12
971 2
972 42
973 4
974 6
975 12
976 62
977 2
978 12
979 4
980 42
981 6
982 6
983 2
984 60
985 4
986 12
987 8
988 28
989 4
990 36
991 2
992 126
993 4
994 12
995 4
996 28
997 2
998 6
999 8
1000 60
