2151471250
2151329577
2151187889
2151046195
2150904492
2150762765
2150621001
2150479225
2150337440
2150195641
2150053818
2149911961
2149770054
2149628116
2149486146
2149344120
2149202070
2149060004
2148917911
2148775804
2148633674
2148491508
2148349317
2148207109
2148064874
2147922609
2147780330
2147638045
2147495751
2147353435
2147211084
2147068707
2146926307
2146783884
2146641437
2146498971
2146356476
2146213962
2146071435
2145928899
2145786346
2145643732
2145501082
2145358424
2145215736
2145073031
2144930287
2144787536
2144644728
2144501908
2144359072
2144216218
2144073355
2143930482
2143787606
2143644708
2143501783
2143358836
2143215872
2143072875
2142929861
2142786831
2142643779
2142500702
2142357608
2142214481
2142071331
2141928118
2141784886
2141641645
2141498390
2141355120
2141211818
2141068499
2140925158
2140781814
2140638452
2140495079
2140351689
2140208273
2140064839
2139921391
2139777933
2139634459
2139490968
2139347448
2139203884
2139060300
2138916703
2138773068
2138629413
2138485702
2138341977
2138198234
2138054451
2137910590
2137766670
2137622736
2137478773
2137334786
2137190776
2137046738
2136902669
2136758571
2136614445
2136470315
2136326160
2136181976
2136037775
2135893526
2135749248
2135604951
2135460642
2135316314
2135171953
2135027583
2134883191
2134738756
2134594306
2134449842
2134305359
2134160863
2134016360
2133871837
2133727267
2133582655
2133437976
2133293283
2133148572
2133003844
2132859090
2132714295
2132569454
2132424597
2132279727
2132134821
2131989896
2131844951
2131699992
2131555020
2131410031
2131265027
2131120007
2130974961
2130829900
2130684824
2130539732
2130394582
2130249409
2130104223
2129959015
2129813770
2129668518
2129523241
2129377917
2129232561
2129087179
2128941789
2128796386
2128650957
2128505492
2128359984
2128214465
2128068934
2127923388
2127777827
2127632245
2127486635
2127340993
2127195327
2127049656
2126903963
2126758243
2126612498
2126466737
2126320971
2126175191
2126029386
2125883558
2125737714
2125591857
2125445966
2125300054
2125154136
2125008209
2124862255
2124716289
2124570309
2124424312
2124278297
2124132261
2123986181
2123840070
2123693906
2123547717
2123401512
2123255286
2123109040
2122962786
2122816516
2122670227
2122523932
2122377603
2122231254
2122084886
2121938470
2121792004
2121645513
2121498998
2121352457
2121205875
2121059251
2120912575
2120765830
2120619051
2120472247
2120325428
2120178585
2120031726
2119884829
2119737890
2119590929
2119443959
2119296936
2119149887
2119002811
2118855728
2118708631
2118561509
2118414359
2118267169
2118119955
2117972714
2117825443
2117678126
2117530767
2117383389
2117235984
2117088489
2116940969
2116793437
2116645895
2116498340
2116350763
2116203171
2116055563
2115907933
2115760262
2115612540
2115464796
2115317030
2115169246
2115021427
2114873589
2114725710
2114577808
2114429888
2114281963
2114134030
2113986085
2113838124
2113690150
2113542131
2113394093
2113246044
2113097963
2112949856
2112801734
2112653600
2112505449
2112357291
2112209124
2112060948
2111912752
2111764539
2111616306
2111468055
2111319801
2111171529
2111023246
2110874928
2110726578
2110578188
2110429757
2110281291
2110132805
2109984309
2109835799
2109687277
2109538736
2109390182
2109241619
2109093024
2108944384
2108795720
2108647024
2108498316
2108349575
2108200797
2108052004
2107903183
2107754318
2107605420
2107456498
2107307564
2107158603
2107009616
2106860599
2106711562
2106562497
2106413416
2106264311
2106115178
2105966022
2105816855
2105667682
2105518495
2105369285
2105220039
2105070772
2104921462
2104772123
2104622746
2104473344
2104323908
2104174442
2104024934
2103875396
2103725836
2103576251
2103426632
2103277001
2103127320
2102977613
2102827894
2102678159
2102528411
2102378653
2102228884
2102079103
2101929290
2101779466
2101629638
2101479803
2101329957
2101180090
2101030188
2100880212
2100730185
2100580124
2100430037
2100279926
2100129776
2099979583
2099829374
2099679144
2099528901
2099378636
2099228344
2099078031
2098927700
2098777350
2098626987
2098476590
2098326177
2098175727
2098025258
2097874770
2097724262
2097573726
2097423167
2097272571
2097121915
2096971243
2096820538
2096669813
2096519075
2096368322
2096217564
2096066779
2095915976
2095765155
2095614307
2095463423
2095312531
2095161631
2095010699
2094859745
2094708779
2094557797
2094406786
2094255723
2094104628
2093953485
2093802310
2093651124
2093499925
2093348719
2093197506
2093046271
2092895019
2092743738
2092592423
2092441038
2092289642
2092138228
2091986797
2091835335
2091683842
2091532302
2091380745
2091229164
2091077566
2090925931
2090774268
2090622590
2090470892
2090319164
2090167410
2090015636
2089863848
2089712035
2089560208
2089408366
2089256462
2089104532
2088952561
2088800531
2088648479
2088496392
2088344293
2088192172
2088040038
2087887888
2087735715
2087583525
2087431320
2087279079
2087126830
2086974556
2086822271
2086669925
2086517542
2086365122
2086212633
2086060116
2085907580
2085755017
2085602442
2085449848
2085297225
2085144584
2084991898
2084839129
2084686305
2084533443
2084380561
2084227672
2084074771
2083921860
2083768912
2083615923
2083462922
2083309910
2083156883
2083003824
2082850750
2082697668
2082544556
2082391425
2082238283
2082085119
2081931929
2081778730
2081625501
2081472256
2081318997
2081165715
2081012395
2080859061
2080705703
2080552331
2080398930
2080245503
2080092049
2079938587
2079785079
2079631534
2079477953
2079324295
2079170623
2079016945
2078863260
2078709521
2078555750
2078401939
2078248109
2078094264
2077940403
2077786526
2077632631
2077478728
2077324806
2077170859
2077016898
2076862913
2076708889
2076554830
2076400755
2076246614
2076092437
2075938234
2075783998
2075629738
2075475446
2075321126
2075166773
2075012379
2074857957
2074703528
2074549081
2074394613
2074240131
2074085639
2073931122
2073776569
2073621976
2073467368
2073312713
2073158011
2073003272
2072848524
2072693733
2072538911
2072384072
2072229209
2072074310
2071919374
2071764421
2071609435
2071454385
2071299312
2071144229
2070989126
2070834005
2070678855
2070523685
2070368479
2070213261
2070058025
2069902774
2069747484
2069592162
2069436774
2069281363
2069125924
2068970469
2068814998
2068659505
2068503976
2068348399
2068192789
2068037151
2067881507
2067725851
2067570170
2067414458
2067258733
2067102979
2066947207
2066791403
2066635585
2066479739
2066323856
2066167915
2066011933
2065855931
2065699895
2065543798
2065387679
2065231533
2065075341
2064919109
2064762844
2064606549
2064450232
2064293883
2064137490
2063981064
2063824617
2063668118
2063511595
2063355043
2063198469
2063041855
2062885222
2062728568
2062571893
2062415166
2062258417
2062101649
2061944868
2061788048
2061631204
2061474340
2061317452
2061160519
2061003523
2060846499
2060689451
2060532378
2060375288
2060218190
2060061081
2059903949
2059746784
2059589606
2059432407
2059275148
2059117854
2058960556
2058803236
2058645881
2058488512
2058331128
2058173705
2058016242
2057858765
2057701241
2057543666
2057386042
2057228397
2057070739
2056913073
2056755391
2056597681
2056439959
2056282224
2056124453
2055966635
2055808765
2055650860
2055492915
2055334938
2055176930
2055018886
2054860765
2054702613
2054544409
2054386189
2054227928
2054069634
2053911285
2053752922
2053594537
2053436098
2053277636
2053119144
2052960634
2052802109
2052643569
2052485011
2052326399
2052167731
2052009039
2051850308
2051691559
2051532800
2051374023
2051215213
2051056359
2050897472
2050738555
2050579619
2050420669
2050261697
2050102705
2049943678
2049784618
2049625531
2049466425
2049307268
2049148071
2048988845
2048829597
2048670330
2048511042
2048351738
2048192408
2048033011
2047873569
2047714084
2047554574
2047395053
2047235455
2047075835
2046916201
2046756547
2046596875
2046437176
2046277458
2046117707
2045957938
2045798156
2045638364
2045478552
2045318728
2045158884
2044999005
2044839092
2044679148
2044519169
2044359175
2044199161
2044039121
2043879045
2043718959
2043558857
2043398748
2043238630
2043078483
2042918303
2042758044
2042597738
2042437423
2042277081
2042116713
2041956294
2041795846
2041635376
2041474887
2041314368
2041153818
2040993248
2040832623
2040671951
2040511250
2040350518
2040189725
2040028910
2039868063
2039707182
2039546276
2039385324
2039224285
2039063224
2038902140
2038741034
2038579877
2038418656
2038257402
2038096114
2037934806
2037773475
2037612120
2037450748
2037289346
2037127923
2036966469
2036804969
2036643429
2036481866
2036320279
2036158657
2035997009
2035835343
2035673658
2035511950
2035350212
2035188447
2035026657
2034864857
2034703044
2034541203
2034379291
2034217340
2034055342
2033893330
2033731295
2033569231
2033407133
2033245008
2033082853
2032920668
2032758447
2032596169
2032433877
2032271550
2032109193
2031946816
2031784382
2031621911
2031459407
2031296847
2031134258
2030971648
2030809013
2030646343
2030483637
2030320912
2030158168
2029995380
2029832551
2029669703
2029506835
2029343937
2029181014
2029018014
2028854987
2028691941
2028528879
2028365795
2028202683
2028039541
2027876379
2027713202
2027550008
2027386800
2027223568
2027060320
2026897039
2026733693
2026570300
2026406876
2026243422
2026079947
2025916448
2025752930
2025589400
2025425849
2025262274
2025098656
2024935022
2024771347
2024607641
2024443932
2024280208
2024116452
2023952616
2023788762
2023624890
2023460989
2023297072
2023133150
2022969207
2022805229
2022641204
2022477151
2022313085
2022149001
2021984892
2021820769
2021656617
2021492429
2021328147
2021163822
2020999457
2020835064
2020670653
2020506206
2020341712
2020177189
2020012629
2019848039
2019683393
2019518720
2019354029
2019189320
2019024589
2018859834
2018695027
2018530170
2018365283
2018200379
2018035456
2017870482
2017705449
2017540377
2017375256
2017210074
2017044848
2016879609
2016714340
2016549056
2016383747
2016218409
2016053038
2015887611
2015722169
2015556712
2015391236
2015225747
2015060237
2014894677
2014729104
2014563521
2014397906
2014232213
2014066453
2013900640
2013734759
2013568842
2013402898
2013236891
2013070849
2012904772
2012738662
2012572532
2012406375
2012240191
2012073995
2011907761
2011741494
2011575198
2011408869
2011242514
2011076135
2010909736
2010743317
2010576874
2010410375
2010243858
2010077296
2009910687
2009744064
2009577418
2009410749
2009244070
2009077352
2008910559
2008743715
2008576860
2008409983
2008243058
2008076100
2007909104
2007742081
2007574999
2007407829
2007240610
2007073373
2006906109
2006738832
2006571546
2006404240
2006236917
2006069540
2005902141
2005734693
2005567170
2005399619
2005232022
2005064398
2004896733
2004729036
2004561315
2004393570
2004225799
2004058001
2003890160
2003722265
2003554311
2003386339
2003218345
2003050317
2002882277
2002714202
2002546087
2002377903
2002209670
2002041416
2001873105
2001704743
2001536320
2001367850
2001199350
2001030822
2000862232
2000693616
2000524952
2000356232
2000187461
2000018667
1999849837
1999680993
1999512122
1999343192
1999174180
1999005121
1998836022
1998666899
1998497756
1998328600
1998159383
1997990095
1997820755
1997651373
1997481905
1997312388
1997142842
1996973271
1996803675
1996634071
1996464442
1996294757
1996125029
1995955271
1995785487
1995615651
1995445800
1995275937
1995106057
1994936168
1994766269
1994596353
1994426410
1994256438
1994086427
1993916378
1993746283
1993576174
1993406043
1993235857
1993065622
1992895348
1992725022
1992554678
1992384250
1992213741
1992043212
1991872638
1991702037
1991531398
1991360742
1991190070
1991019383
1990848683
1990677972
1990507245
1990336497
1990165731
1989994903
1989824033
1989653145
1989482203
1989311217
1989140196
1988969088
1988797936
1988626758
1988455573
1988284373
1988113109
1987941817
1987770500
1987599165
1987427806
1987256429
1987085015
1986913536
1986741991
1986570405
1986398781
1986227143
1986055440
1985883713
1985711958
1985540178
1985368362
1985196510
1985024614
1984852703
1984680756
1984508783
1984336791
1984164780
1983992745
1983820690
1983648618
1983476527
1983304411
1983132265
1982960090
1982787845
1982615575
1982443285
1982270988
1982098670
1981926308
1981753876
1981581414
1981408917
1981236382
1981063806
1980891196
1980718535
1980545794
1980372936
1980200049
1980027108
1979854102
1979681054
1979507988
1979334876
1979161741
1978988565
1978815371
1978642145
1978468894
1978295616
1978122265
1977948842
1977775390
1977601901
1977428355
1977254784
1977081161
1976907510
1976733840
1976560154
1976386437
1976212671
1976038871
1975865031
1975691144
1975517231
1975343306
1975169354
1974995367
1974821344
1974647304
1974473217
1974299109
1974124978
1973950834
1973776672
1973602473
1973428243
1973253980
1973079706
1972905377
1972731029
1972556659
1972382261
1972207803
1972033313
1971858799
1971684264
1971509718
1971335137
1971160538
1970985899
1970811249
1970636577
1970461856
1970287102
1970112304
1969937446
1969762530
1969587550
1969412516
1969237441
1969062318
1968887157
1968711957
1968536725
1968361477
1968186212
1968010931
1967835572
1967660145
1967484708
1967309238
1967133733
1966958212
1966782632
1966607024
1966431370
1966255671
1966079945
1965904194
1965728422
1965552630
1965376810
1965200961
1965025065
1964849105
1964673116
1964497103
1964321028
1964144859
1963968645
1963792406
1963616146
1963439850
1963263519
1963087176
1962910817
1962734443
1962558044
1962381554
1962205052
1962028545
1961851956
1961675310
1961498641
1961321948
1961145231
1960968495
1960791729
1960614941
1960438122
1960261285
1960084411
1959907493
1959730552
1959553587
1959376602
1959199578
1959022508
1958845372
1958668204
1958491009
1958313779
1958136504
1957959183
1957781813
1957604422
1957426978
1957249454
1957071892
1956894296
1956716650
1956538982
1956361287
1956183567
1956005805
1955827995
1955650138
1955472231
1955294247
1955116239
1954938205
1954760160
1954582100
1954404009
1954225879
1954047736
1953869582
1953691411
1953513190
1953334872
1953156525
1952978157
1952799763
1952621341
1952442887
1952264358
1952085784
1951907183
1951728514
1951549806
1951371053
1951192254
1951013382
1950834488
1950655545
1950476539
1950297498
1950118431
1949939328
1949760162
1949580969
1949401763
1949222510
1949043222
1948863901
1948684566
1948505196
1948325784
1948146346
1947966871
1947787341
1947607771
1947428179
1947248575
1947068941
1946889273
1946709525
1946529743
1946349943
1946170109
1945990256
1945810362
1945630411
1945450425
1945270385
1945090286
1944910173
1944730027
1944549847
1944369635
1944189391
1944009127
1943828796
1943648418
1943468007
1943287552
1943107064
1942926556
1942746016
1942565429
1942384802
1942204161
1942023506
1941842841
1941662134
1941481392
1941300612
1941119788
1940938927
1940758029
1940577105
1940396169
1940215218
1940034213
1939853152
1939672069
1939490962
1939309817
1939128633
1938947410
1938766141
1938584838
1938403507
1938222153
1938040775
1937859371
1937677934
1937496456
1937314899
1937133302
1936951649
1936769968
1936588245
1936406471
1936224641
1936042739
1935860807
1935678845
1935496858
1935314843
1935132762
1934950650
1934768523
1934586384
1934404222
1934222033
1934039815
1933857555
1933675260
1933492939
1933310572
1933128139
1932945653
1932763113
1932580505
1932397867
1932215202
1932032481
1931849717
1931666923
1931484108
1931301238
1931118324
1930935363
1930752363
1930569309
1930386234
1930203148
1930020029
1929836845
1929653630
1929470362
1929287038
1929103670
1928920233
1928736710
1928553117
1928369490
1928185832
1928002129
1927818357
1927634550
1927450713
1927266859
1927082963
1926899022
1926715064
1926531081
1926347079
1926163015
1925978903
1925794750
1925610566
1925426356
1925242100
1925057812
1924873432
1924689017
1924504575
1924320110
1924135611
1923951083
1923766531
1923581956
1923397364
1923212732
1923028043
1922843297
1922658507
1922473710
1922288895
1922104005
1921919076
1921734098
1921549097
1921364051
1921178962
1920993840
1920808681
1920623469
1920438229
1920252973
1920067669
1919882323
1919696949
1919511545
1919326116
1919140646
1918955153
1918769634
1918584087
1918398488
1918212841
1918027156
1917841402
1917655562
1917469668
1917283748
1917097780
1916911752
1916725680
1916539540
1916353383
1916167178
1915980930
1915794654
1915608328
1915421984
1915235622
1915049231
1914862821
1914676367
1914489888
1914303394
1914116801
1913930115
1913743399
1913556644
1913369864
1913183053
1912996221
1912809366
1912622479
1912435538
1912248578
1912061584
1911874526
1911687422
1911500204
1911312941
1911125668
1910938338
1910750946
1910563520
1910375994
1910188446
1910000885
1909813318
1909625735
1909438119
1909250432
1909062713
1908874941
1908687104
1908499212
1908311286
1908123348
1907935380
1907747353
1907559295
1907371212
1907183084
1906994918
1906806733
1906618535
1906430291
1906241998
1906053679
1905865319
1905676917
1905488476
1905300011
1905111493
1904922953
1904734366
1904545752
1904357093
1904168392
1903979665
1903790920
1903602147
1903413321
1903224455
1903035549
1902846600
1902657630
1902468632
1902279599
1902090526
1901901393
1901712206
1901523000
1901333756
1901144466
1900955100
1900765711
1900576309
1900386882
1900197387
1900007833
1899818215
1899628562
1899438900
1899249225
1899059527
1898869795
1898680029
1898490219
1898300385
1898110514
1897920619
1897730709
1897540776
1897350812
1897160819
1896970800
1896780726
1896590631
1896400498
1896210316
1896020087
1895829807
1895639422
1895448939
1895258397
1895067793
1894877146
1894686473
1894495763
1894305022
1894114188
1893923308
1893732396
1893541469
1893350533
1893159589
1892968633
1892777604
1892586504
1892395339
1892204113
1892012802
1891821441
1891630032
1891438580
1891247068
1891055506
1890863904
1890672268
1890480591
1890288866
1890097117
1889905316
1889713486
1889521608
1889329704
1889137772
1888945815
1888753831
1888561804
1888369748
1888177628
1887985486
1887793294
1887601063
1887408814
1887216551
1887024247
1886831890
1886639480
1886447022
1886254489
1886061907
1885869276
1885676591
1885483860
1885291100
1885098287
1884905442
1884712573
1884519671
1884326719
1884133698
1883940652
1883747579
1883554480
1883361275
1883168042
1882974781
1882781486
1882588085
1882394642
1882201154
1882007632
1881814057
1881620455
1881426821
1881233170
1881039470
1880845683
1880651853
1880458012
1880264152
1880070244
1879876265
1879682223
1879488107
1879293929
1879099642
1878905318
1878710971
1878516597
1878322136
1878127623
1877933087
1877738524
1877543917
1877349255
1877154514
1876959695
1876764839
1876569964
1876375034
1876180069
1875985068
1875790038
1875594983
1875399876
1875204736
1875009553
1874814335
1874619062
1874423713
1874228306
1874032852
1873837366
1873641854
1873446307
1873250710
1873055093
1872859433
1872663737
1872468000
1872272213
1872076332
1871880393
1871684381
1871488324
1871292232
1871096058
1870899837
1870703525
1870507171
1870310775
1870114315
1869917806
1869721256
1869524643
1869327988
1869131265
1868934504
1868737729
1868540931
1868344113
1868147258
1867950352
1867753396
1867556430
1867359444
1867162423
1866965369
1866768294
1866571176
1866374042
1866176880
1865979650
1865782343
1865584998
1865387620
1865190201
1864992769
1864795303
1864597788
1864400231
1864202654
1864005046
1863807391
1863609715
1863411996
1863214236
1863016400
1862818527
1862620623
1862422663
1862224677
1862026660
1861828600
1861630492
1861432293
1861234018
1861035660
1860837241
1860638780
1860440311
1860241809
1860043283
1859844678
1859646044
1859447376
1859248643
1859049874
1858851061
1858652207
1858453307
1858254349
1858055350
1857856287
1857657205
1857458081
1857258934
1857059741
1856860507
1856661222
1856461901
1856262511
1856063043
1855863400
1855663696
1855463951
1855264150
1855064306
1854864432
1854664523
1854464599
1854264637
1854064615
1853864545
1853664425
1853464232
1853263986
1853063660
1852863291
1852662878
1852462441
1852261928
1852061275
1851860569
1851659826
1851459048
1851258216
1851057347
1850856444
1850655478
1850454459
1850253404
1850052319
1849851197
1849649999
1849448748
1849247443
1849046104
1848844742
1848643344
1848441885
1848240362
1848038777
1847837152
1847635476
1847433758
1847231977
1847030145
1846828259
1846626262
1846424158
1846222009
1846019806
1845817544
1845615269
1845412982
1845210673
1845008339
1844805978
1844603547
1844401079
1844198543
1843995954
1843793296
1843590579
1843387811
1843185005
1842982162
1842779251
1842576298
1842373252
1842170186
1841967065
1841763910
1841560726
1841357524
1841154304
1840951056
1840747761
1840544362
1840340921
1840137416
1839933825
1839730141
1839526441
1839322710
1839118941
1838915131
1838711308
1838507443
1838303502
1838099538
1837895560
1837691557
1837487472
1837283360
1837079223
1836875039
1836670789
1836466439
1836262034
1836057553
1835853040
1835648508
1835443956
1835239396
1835034815
1834830173
1834625488
1834420725
1834215911
1834011054
1833806109
1833601091
1833395989
1833190791
1832985551
1832780255
1832574919
1832369531
1832164122
1831958669
1831753187
1831547665
1831342108
1831136506
1830930855
1830725147
1830519401
1830313532
1830107604
1829901652
1829695672
1829489651
1829283587
1829077431
1828871249
1828665031
1828458734
1828252404
1828046053
1827839674
1827633243
1827426767
1827220235
1827013587
1826806894
1826600156
1826393308
1826186383
1825979418
1825772425
1825565418
1825358353
1825151245
1824944070
1824736784
1824529464
1824322060
1824114597
1823907085
1823699508
1823491810
1823284021
1823076163
1822868270
1822660324
1822452347
1822244314
1822036234
1821828127
1821620007
1821411876
1821203718
1820995498
1820787226
1820578927
1820370569
1820162192
1819953782
1819745323
1819536842
1819328334
1819119770
1818911150
1818702445
1818493648
1818284797
1818075822
1817866762
1817657588
1817448289
1817238917
1817029468
1816819958
1816610388
1816400748
1816191056
1815981309
1815771504
1815561654
1815351749
1815141792
1814931768
1814721698
1814511584
1814301429
1814091218
1813880962
1813670677
1813460331
1813249937
1813039505
1812829000
1812618388
1812407742
1812197079
1811986395
1811775644
1811564750
1811353791
1811142797
1810931748
1810720611
1810509421
1810298192
1810086936
1809875652
1809664338
1809452959
1809241542
1809030010
1808818463
1808606848
1808395157
1808183422
1807971622
1807759789
1807547922
1807336014
1807124054
1806912024
1806699920
1806487785
1806275619
1806063423
1805851195
1805638921
1805426525
1805214050
1805001538
1804788953
1804576305
1804363559
1804150760
1803937877
1803724935
1803511928
1803298867
1803085726
1802872533
1802659310
1802446034
1802232689
1802019262
1801805799
1801592265
1801378666
1801165030
1800951310
1800737482
1800523554
1800309545
1800095500
1799881434
1799667349
1799453202
1799238987
1799024721
1798810433
1798596111
1798381736
1798167288
1797952762
1797738197
1797523533
1797308799
1797094053
1796879267
1796664330
1796449319
1796234246
1796019115
1795803911
1795588590
1795373213
1795157796
1794942353
1794726879
1794511334
1794295729
1794080080
1793864383
1793648583
1793432712
1793216809
1793000833
1792784826
1792568783
1792352724
1792136636
1791920483
1791704266
1791487958
1791271580
1791055104
1790838598
1790622015
1790405397
1790188705
1789971925
1789755079
1789538182
1789321208
1789104189
1788887115
1788669983
1788452790
1788235549
1788018241
1787800828
1787583324
1787365780
1787148162
1786930508
1786712824
1786495084
1786277316
1786059483
1785841570
1785623597
1785405582
1785187506
1784969380
1784751154
1784532907
1784314639
1784096323
1783877945
1783659516
1783440996
1783222396
1783003715
1782784994
1782566212
1782347332
1782128384
1781909387
1781690361
1781471294
1781252163
1781032960
1780813699
1780594360
1780374953
1780155470
1779935911
1779716249
1779496538
1779276783
1779056993
1778837130
1778617179
1778397151
1778177002
1777956781
1777736511
1777516177
1777295790
1777075354
1776854888
1776634366
1776413768
1776193123
1775972449
1775751738
1775531001
1775310248
1775089471
1774868644
1774647787
1774426900
1774205959
1773984946
1773763875
1773542746
1773321542
1773100298
1772878977
1772657620
1772436217
1772214776
1771993273
1771771745
1771550138
1771328471
1771106732
1770884946
1770663142
1770441283
1770219332
1769997257
1769775134
1769552935
1769330708
1769108443
1768886130
1768663793
1768441413
1768218975
1767996502
1767773953
1767551320
1767328630
1767105857
1766883038
1766660157
1766437242
1766214246
1765991178
1765768073
1765544924
1765321716
1765098463
1764875192
1764651894
1764428568
1764205188
1763981751
1763758275
1763534761
1763311217
1763087631
1762863991
1762640293
1762416542
1762192691
1761968798
1761744864
1761520853
1761296798
1761072636
1760848398
1760624111
1760399778
1760175416
1759950977
1759726435
1759501822
1759277177
1759052467
1758827718
1758602946
1758378154
1758153301
1757928352
1757703277
1757478150
1757252982
1757027797
1756802557
1756577248
1756351895
1756126438
1755900926
1755675358
1755449721
1755224035
1754998315
1754772520
1754546663
1754320744
1754094776
1753868747
1753642687
1753416599
1753190448
1752964216
1752737944
1752511546
1752285031
1752058462
1751831847
1751605177
1751378479
1751151737
1750924963
1750698126
1750471253
1750244348
1750017409
1749790413
1749563403
1749336338
1749109249
1748882113
1748654945
1748427720
1748200430
1747973086
1747745642
1747518123
1747290567
1747062895
1746835175
1746607375
1746379526
1746151649
1745923710
1745695702
1745467647
1745239503
1745011303
1744783038
1744554659
1744326214
1744097653
1743869032
1743640348
1743411633
1743182829
1742953940
1742724970
1742495895
1742266761
1742037589
1741808329
1741579014
1741349622
1741120183
1740890696
1740661168
1740431570
1740201845
1739972048
1739742190
1739512296
1739282331
1739052332
1738822290
1738592122
1738361852
1738131519
1737901105
1737670642
1737440096
1737209401
1736978606
1736747739
1736516827
1736285840
1736054721
1735823540
1735592315
1735360951
1735129513
1734898002
1734666397
1734434648
1734202827
1733970948
1733739032
1733507066
1733275054
1733043003
1732810914
1732578749
1732346562
1732114350
1731882073
1731649740
1731417318
1731184801
1730952253
1730719682
1730487070
1730254388
1730021631
1729788808
1729555947
1729323061
1729090092
1728856920
1728623693
1728390414
1728157118
1727923748
1727690300
1727456743
1727223102
1726989436
1726755707
1726521924
1726288089
1726054143
1725820099
1725586005
1725351846
1725117626
1724883325
1724648945
1724414498
1724179934
1723945270
1723710515
1723475718
1723240869
1723005967
1722771018
1722535969
1722300819
1722065569
1721830238
1721594871
1721359455
1721123993
1720888502
1720652967
1720417374
1720181695
1719945977
1719710201
1719474366
1719238426
1719002415
1718766344
1718530237
1718294065
1718057777
1717821374
1717584926
1717348400
1717111818
1716875110
1716638273
1716401371
1716164411
1715927356
1715690224
1715452986
1715215691
1714978328
1714740914
1714503460
1714265922
1714028285
1713790596
1713552835
1713314990
1713077025
1712839032
1712600932
1712362764
1712124503
1711886201
1711647835
1711409396
1711170924
1710932440
1710693931
1710455372
1710216732
1709978041
1709739304
1709500534
1709261657
1709022708
1708783639
1708544502
1708305333
1708066086
1707826767
1707587387
1707347937
1707108418
1706868821
1706629157
1706389456
1706149708
1705909888
1705670014
1705430060
1705190040
1704949980
1704709831
1704469648
1704229360
1703988992
1703748608
1703508177
1703267676
1703027056
1702786371
1702545563
1702304690
1702063770
1701822778
1701581692
1701340541
1701099344
1700858079
1700616747
1700375340
1700133840
1699892274
1699650569
1699408794
1699166956
1698925042
1698683070
1698441029
1698198931
1697956800
1697714623
1697472398
1697230130
1696987793
1696745398
1696502922
1696260342
1696017673
1695774953
1695532185
1695289345
1695046454
1694803533
1694560592
1694317631
1694074644
1693831554
1693588416
1693345238
1693102009
1692858702
1692615336
1692371879
1692128348
1691884783
1691641153
1691397470
1691153748
1690909987
1690666179
1690422307
1690178364
1689934345
1689690266
1689446117
1689201882
1688957585
1688713246
1688468867
1688224451
1687979943
1687735396
1687490796
1687246128
1687001423
1686756644
1686511785
1686266810
1686021779
1685776699
1685531517
1685286293
1685041033
1684795705
1684550263
1684304743
1684059190
1683813522
1683567744
1683321892
1683075979
1682830004
1682583971
1682337871
1682091701
1681845443
1681599106
1681352697
1681106246
1680859735
1680613098
1680366380
1680119587
1679872756
1679625881
1679378939
1679131920
1678884866
1678637696
1678390432
1678143104
1677895672
1677648048
1677400360
1677152610
1676904792
1676656851
1676408810
1676160719
1675912590
1675664417
1675416217
1675167985
1674919686
1674671350
1674422935
1674174469
1673925950
1673677295
1673428579
1673179719
1672930728
1672681665
1672432468
1672183161
1671933765
1671684290
1671434752
1671185067
1670935325
1670685524
1670435664
1670185708
1669935698
1669685632
1669435457
1669185208
1668934893
1668684531
1668434128
1668183689
1667933140
1667682492
1667431760
1667180994
1666930151
1666679105
1666427997
1666176847
1665925593
1665674234
1665422794
1665171261
1664919675
1664667987
1664416232
1664164382
1663912495
1663660556
1663408585
1663156556
1662904427
1662652221
1662399940
1662147506
1661894993
1661642423
1661389783
1661137074
1660884323
1660631531
1660378709
1660125860
1659872891
1659619797
1659366597
1659113307
1658859880
1658606347
1658352732
1658099087
1657845406
1657591607
1657337718
1657083734
1656829684
1656575573
1656321333
1656066989
1655812557
1655558084
1655303573
1655048900
1654794116
1654539184
1654284164
1654029098
1653773950
1653518704
1653263386
1653007999
1652752487
1652496887
1652241183
1651985399
1651729462
1651473501
1651217488
1650961380
1650705169
1650448933
1650192656
1649936320
1649679927
1649423405
1649166857
1648910260
1648653454
1648396550
1648139606
1647882614
1647625568
1647368423
1647111227
1646853904
1646596508
1646338978
1646081385
1645823625
1645565777
1645307867
1645049864
1644791803
1644533668
1644275423
1644017103
1643758699
1643500241
1643241650
1642983000
1642724242
1642465412
1642206524
1641947550
1641688514
1641429361
1641170095
1640910779
1640651387
1640391880
1640132274
1639872598
1639612896
1639353127
1639093264
1638833276
1638573184
1638313025
1638052769
1637792450
1637531997
1637271465
1637010880
1636750216
1636489521
1636228785
1635967858
1635706871
1635445820
1635184613
1634923310
1634661921
1634400428
1634138860
1633877257
1633615597
1633353891
1633092112
1632830237
1632568197
1632306034
1632043758
1631781367
1631518831
1631256184
1630993436
1630730582
1630467664
1630204644
1629941528
1629678347
1629415083
1629151765
1628888418
1628624999
1628361528
1628097931
1627834193
1627570279
1627306231
1627042105
1626777935
1626513715
1626249418
1625985071
1625720673
1625456211
1625191634
1624926961
1624662188
1624397381
1624132552
1623867633
1623602630
1623337542
1623072423
1622807256
1622541983
1622276547
1622010955
1621745217
1621479397
1621213465
1620947460
1620681353
1620415115
1620148690
1619882158
1619615549
1619348871
1619082100
1618815207
1618548211
1618281064
1618013777
1617746389
1617478913
1617211366
1616943632
1616675819
1616407932
1616139999
1615872014
1615603889
1615335698
1615067364
1614798797
1614530115
1614261372
1613992574
1613723675
1613454725
1613185707
1612916519
1612647156
1612377721
1612108188
1611838531
1611568835
1611299008
1611028979
1610758772
1610488510
1610218193
1609947768
1609677232
1609406641
1609136004
1608865247
1608594372
1608323372
1608052281
1607781075
1607509780
1607238366
1606966907
1606695331
1606423550
1606151699
1605879756
1605607709
1605335597
1605063420
1604791158
1604518807
1604246366
1603973747
1603701012
1603428222
1603155342
1602882358
1602609286
1602336092
1602062802
1601789422
1601515873
1601242207
1600968419
1600694530
1600420483
1600146328
1599872054
1599597732
1599323332
1599048860
1598774330
1598499724
1598224930
1597950039
1597675064
1597400045
1597124852
1596849459
1596573892
1596298120
1596022275
1595746374
1595470368
1595194188
1594917890
1594641546
1594365024
1594088368
1593811550
1593534630
1593257623
1592980391
1592703073
1592425673
1592148209
1591870673
1591593073
1591315446
1591037690
1590759810
1590481851
1590203799
1589925639
1589647354
1589368964
1589090531
1588812010
1588533397
1588254655
1587975799
1587696848
1587417824
1587138748
1586859590
1586580341
1586300990
1586021505
1585741906
1585462153
1585182284
1584902301
1584622275
1584342149
1584061902
1583781537
1583501028
1583220371
1582939498
1582658503
1582377435
1582096273
1581815016
1581533675
1581252219
1580970656
1580688881
1580407040
1580125130
1579843180
1579561166
1579279092
1578996797
1578714389
1578431909
1578149327
1577866587
1577583668
1577300673
1577017630
1576734504
1576451293
1576167995
1575884602
1575601150
1575317565
1575033861
1574750055
1574466158
1574182142
1573898043
1573613795
1573329364
1573044808
1572760174
1572475394
1572190443
1571905344
1571620013
1571334617
1571049179
1570763702
1570478176
1570192523
1569906788
1569620862
1569334823
1569048721
1568762563
1568476283
1568189919
1567903474
1567616920
1567330191
1567043375
1566756413
1566469325
1566182174
1565894951
1565607612
1565320147
1565032609
1564744864
1564457016
1564169075
1563880963
1563592785
1563304530
1563016209
1562727821
1562439237
1562150554
1561861757
1561572847
1561283812
1560994670
1560705395
1560415971
1560126432
1559836814
1559547105
1559257299
1558967377
1558677354
1558387191
1558096925
1557806589
1557516157
1557225629
1556934929
1556644125
1556353126
1556062038
1555770867
1555479598
1555188236
1554896794
1554605290
1554313578
1554021672
1553729665
1553437412
1553145110
1552852704
1552560175
1552267418
1551974538
1551681467
1551388245
1551094937
1550801532
1550507943
1550214220
1549920392
1549626451
1549332452
1549038373
1548744177
1548449923
1548155577
1547860916
1547566077
1547271112
1546976008
1546680727
1546385360
1546089888
1545794351
1545498730
1545203028
1544907242
1544611243
1544315110
1544018924
1543722660
1543426286
1543129732
1542833051
1542536129
1542239066
1541941872
1541644548
1541347073
1541049519
1540751875
1540454072
1540156057
1539857922
1539559696
1539261380
1538962980
1538664375
1538365640
1538066674
1537767581
1537468173
1537168695
1536869116
1536569434
1536269646
1535969748
1535669738
1535369553
1535069234
1534768815
1534468314
1534167735
1533867064
1533566227
1533265162
1532963964
1532662647
1532361189
1532059618
1531757958
1531456147
1531154193
1530852031
1530549782
1530247227
1529944528
1529641746
1529338794
1529035652
1528732426
1528429113
1528125702
1527822190
1527518580
1527214854
1526910928
1526606878
1526302754
1525998430
1525694007
1525389454
1525084749
1524779843
1524474792
1524169608
1523864302
1523558967
1523253555
1522948015
1522642339
1522336593
1522030760
1521724846
1521418847
1521112673
1520806422
1520500100
1520193723
1519887269
1519580695
1519273977
1518967138
1518660123
1518352979
1518045660
1517738167
1517430564
1517122849
1516814935
1516506947
1516198850
1515890654
1515582328
1515273823
1514965220
1514656457
1514347461
1514038330
1513729080
1513419661
1513110005
1512800188
1512490231
1512180244
1511870169
1511559900
1511249448
1510938837
1510628051
1510317141
1510006168
1509695015
1509383789
1509072468
1508761027
1508449460
1508137794
1507825921
1507513914
1507201733
1506889400
1506577010
1506264472
1505951731
1505638842
1505325804
1505012709
1504699544
1504386243
1504072882
1503759438
1503445853
1503132190
1502818386
1502504415
1502190314
1501876009
1501561569
1501246971
1500932311
1500617582
1500302804
1499987946
1499672945
1499357793
1499042489
1498727115
1498411702
1498096192
1497780557
1497464799
1497148913
1496832956
1496516869
1496200681
1495884305
1495567754
1495250942
1494933979
1494616940
1494299814
1493982588
1493665149
1493347628
1493030061
1492712422
1492394648
1492076746
1491758706
1491440569
1491122300
1490803933
1490485508
1490166928
1489848233
1489529492
1489210678
1488891674
1488572585
1488253399
1487934130
1487614671
1487295105
1486975433
1486655634
1486335714
1486015589
1485695301
1485374922
1485054412
1484733731
1484412917
1484091960
1483770893
1483449704
1483128427
1482807049
1482485570
1482164015
1481842396
1481520691
1481198899
1480877027
1480554801
1480232393
1479909912
1479587339
1479264709
1478941957
1478619082
1478296072
1477972881
1477649572
1477326088
1477002472
1476678708
1476354841
1476030882
1475706829
1475382595
1475058194
1474733670
1474409097
1474084393
1473759587
1473434728
1473109688
1472784465
1472459190
1472133810
1471808250
1471482498
1471156588
1470830462
1470504167
1470177787
1469851356
1469524817
1469198111
1468871217
1468544200
1468217097
1467889826
1467562471
1467234926
1466907204
1466579349
1466251372
1465923184
1465594769
1465266227
1464937500
1464608495
1464279410
1463950249
1463620971
1463291515
1462961945
1462632216
1462302232
1461972039
1461641704
1461311212
1460980560
1460649828
1460318907
1459987807
1459656587
1459325255
1458993822
1458662104
1458330248
1457998240
1457666038
1457333704
1457001255
1456668675
1456335970
1456003161
1455670254
1455337079
1455003750
1454670345
1454336764
1454003003
1453669134
1453335164
1453001057
1452666829
1452332462
1451997925
1451663254
1451328418
1450993478
1450658411
1450323233
1449987909
1449652471
1449316912
1448981097
1448645142
1448309041
1447972869
1447636560
1447300110
1446963530
1446626810
1446289925
1445952934
1445615796
1445278421
1444940935
1444603262
1444265169
1443926840
1443588402
1443249856
1442911143
1442572141
1442232957
1441893598
1441553997
1441214131
1440874092
1440533967
1440193730
1439853351
1439512850
1439172197
1438831298
1438490159
1438148859
1437807383
1437465820
1437124088
1436782243
1436440292
1436098061
1435755545
1435412876
1435069958
1434726900
1434383651
1434040279
1433696760
1433353077
1433009217
1432665226
1432321090
1431976821
1431632342
1431287760
1430943035
1430598119
1430252978
1429907603
1429562032
1429216397
1428870533
1428524359
1428178017
1427831522
1427484909
1427138124
1426791214
1426444122
1426096807
1425749398
1425401739
1425053940
1424705958
1424357744
1424009400
1423660973
1423312403
1422963598
1422614606
1422265377
1421915993
1421566412
1421216710
1420866788
1420516789
1420166716
1419816472
1419466128
1419115724
1418765163
1418414442
1418063540
1417712515
1417361307
1417009935
1416658470
1416306913
1415955172
1415603264
1415251139
1414898761
1414546124
1414193217
1413840254
1413487143
1413133847
1412780410
1412426767
1412072774
1411718365
1411363820
1411009149
1410654256
1410299136
1409943937
1409588604
1409233084
1408877451
1408521733
1408165861
1407809841
1407453655
1407097269
1406740641
1406383830
1406026828
1405669550
1405312116
1404954533
1404596756
1404238802
1403880660
1403522318
1403163881
1402805338
1402446721
1402087948
1401728976
1401369822
1401010542
1400651071
1400291390
1399931589
1399571627
1399211412
1398851012
1398490401
1398129638
1397768796
1397407860
1397046674
1396685367
1396323943
1395962325
1395600495
1395238466
1394876277
1394513839
1394151196
1393788204
1393425069
1393061667
1392698085
1392334444
1391970711
1391606697
1391242515
1390878234
1390513790
1390149019
1389784112
1389419048
1389053717
1388688224
1388322430
1387956203
1387589784
1387223156
1386856434
1386489438
1386122117
1385754563
1385386711
1385018578
1384650149
1384281383
1383912464
1383543294
1383173982
1382804524
1382434868
1382065039
1381695069
1381324983
1380954669
1380584184
1380213599
1379842875
1379472016
1379101008
1378729579
1378358000
1377986227
1377614286
1377242069
1376869723
1376497060
1376123850
1375750444
1375376831
1375003049
1374629145
1374254989
1373880663
1373506235
1373131527
1372756626
1372381378
1372005943
1371630213
1371254320
1370878292
1370502167
1370125849
1369749411
1369372853
1368996166
1368619075
1368241670
1367864074
1367486314
1367108357
1366730190
1366351719
1365972707
1365593334
1365213638
1364833578
1364453138
1364072342
1363691339
1363310205
1362928873
1362547390
1362165753
1361783981
1361402069
1361019812
1360637348
1360254705
1359871912
1359488892
1359105477
1358721830
1358337949
1357953859
1357569627
1357185226
1356800643
1356415696
1356030368
1355644863
1355258689
1354872169
1354485316
1354097940
1353710197
1353322186
1352933845
1352545278
1352156539
1351767647
1351378640
1350989469
1350600049
1350210452
1349820599
1349430514
1349040250
1348649665
1348258769
1347867719
1347476507
1347085170
1346693618
1346301940
1345910102
1345517974
1345125549
1344732882
1344339926
1343946618
1343552872
1343158748
1342764347
1342369704
1341974883
1341579887
1341184719
1340789394
1340393974
1339998294
1339602377
1339206074
1338809594
1338412888
1338015747
1337618182
1337220494
1336822602
1336424595
1336026392
1335627860
1335228926
1334829754
1334430322
1334030627
1333630745
1333230670
1332830354
1332429799
1332029022
1331627986
1331226793
1330825245
1330423363
1330021221
1329618818
1329215900
1328812464
1328408787
1328004938
1327600840
1327196500
1326791867
1326386983
1325981668
1325576039
1325170080
1324763951
1324357502
1323950735
1323543663
1323136453
1322728982
1322321098
1321913068
1321504780
1321096337
1320687584
1320278533
1319869189
1319459533
1319049717
1318639746
1318229412
1317818779
1317407950
1316996842
1316585586
1316174222
1315762739
1315351015
1314938934
1314526669
1314113988
1313700936
1313287450
1312873522
1312459358
1312045042
1311630544
1311215760
1310800809
1310385565
1309969966
1309554060
1309137540
1308720720
1308303633
1307886050
1307468188
1307049986
1306631420
1306212663
1305793740
1305374417
1304954802
1304534943
1304114697
1303694184
1303273409
1302852495
1302431425
1302010080
1301588544
1301166728
1300744416
1300321826
1299899016
1299476041
1299052703
1298629016
1298204926
1297780620
1297355820
1296930801
1296505431
1296079778
1295653875
1295227660
1294801229
1294374559
1293947647
1293520341
1293092788
1292665016
1292236851
1291808240
1291379361
1290950034
1290520405
1290090548
1289660231
1289229514
1288798426
1288366732
1287934689
1287502373
1287069827
1286637110
1286204152
1285771008
1285337346
1284903383
1284469091
1284034535
1283599781
1283164821
1282729566
1282293915
1281858005
1281421795
1280985233
1280548477
1280111413
1279673994
1279236207
1278798062
1278359541
1277920696
1277481658
1277042388
1276602964
1276163351
1275723613
1275283451
1274842881
1274401898
1273960698
1273519211
1273077255
1272635036
1272192464
1271749571
1271306245
1270862679
1270418728
1269974452
1269529641
1269084610
1268639379
1268193869
1267748018
1267301726
1266855109
1266408170
1265960824
1265513164
1265065152
1264616876
1264168290
1263719416
1263270380
1262821178
1262371521
1261921231
1261470645
1261019701
1260568291
1260116522
1259664419
1259211857
1258758894
1258305594
1257852023
1257398041
1256943874
1256489284
1256034225
1255578659
1255122789
1254666669
1254210304
1253753779
1253296923
1252839556
1252381811
1251923682
1251465163
1251006234
1250546919
1250087158
1249626987
1249166513
1248705674
1248244466
1247782967
1247321053
1246858761
1246396169
1245933146
1245469662
1245005897
1244541593
1244076941
1243611584
1243145807
1242679656
1242213365
1241746873
1241279808
1240812329
1240344701
1239876760
1239408440
1238939953
1238471111
1238001986
1237532531
1237062575
1236592246
1236121587
1235650508
1235179235
1234707744
1234235941
1233763749
1233291344
1232818607
1232345544
1231872038
1231397901
1230923453
1230448660
1229973600
1229498329
1229022868
1228547181
1228071118
1227594647
1227117757
1226640560
1226163069
1225685215
1225206996
1224728435
1224249645
1223770293
1223290464
1222810422
1222329976
1221849262
1221368107
1220886418
1220404446
1219922097
1219439174
1218955883
1218472045
1217987750
1217502926
1217017692
1216532027
1216046028
1215559701
1215073215
1214586196
1214098653
1213610412
1213121516
1212632211
1212142585
1211652669
1211162326
1210671447
1210180163
1209688460
1209196380
1208704076
1208211564
1207718406
1207224632
1206730272
1206235459
1205740333
1205244861
1204748918
1204252398
1203755500
1203258211
1202760487
1202262463
1201763897
1201264768
1200765315
1200265699
1199765643
1199265267
1198764666
1198263537
1197762046
1197260284
1196758183
1196255522
1195752550
1195249015
1194744814
1194240352
1193735525
1193229933
1192723589
1192216553
1191709275
1191201464
1190693265
1190184784
1189675919
1189166392
1188656379
1188145688
1187634361
1187122251
1186609691
1186096810
1185583668
1185070085
1184555850
1184041205
1183526097
1183010280
1182493641
1181976200
1181458129
1180939580
1180420428
1179900934
1179381088
1178860823
1178339964
1177818387
1177296327
1176773793
1176250750
1175727153
1175203092
1174678541
1174153030
1173626759
1173100101
1172572951
1172045491
1171517616
1170989233
1170460407
1169931159
1169401038
1168870212
1168338960
1167807261
1167274726
1166741765
1166208111
1165673645
1165138682
1164603311
1164067429
1163530698
1162993584
1162455962
1161918003
1161379735
1160841015
1160301606
1159761717
1159221483
1158680834
1158139795
1157598265
1157055970
1156513015
1155969639
1155425898
1154881729
1154336642
1153790663
1153244310
1152697475
1152150186
1151602229
1151053783
1150504743
1149955077
1149404990
1148854266
1148302948
1147751155
1147198796
1146646115
1146093070
1145539574
1144985767
1144431636
1143876822
1143321526
1142765692
1142209348
1141652469
1141094880
1140536521
1139977715
1139418492
1138858666
1138298231
1137737236
1137175524
1136613184
1136050237
1135486477
1134922028
1134356955
1133791422
1133225364
1132658958
1132091892
1131524354
1130956169
1130387174
1129817558
1129247183
1128676331
1128105150
1127533544
1126961331
1126388714
1125815297
1125241123
1124666103
1124090189
1123513604
1122936502
1122358940
1121780552
1121201709
1120622391
1120042638
1119462422
1118881284
1118299510
1117716843
1117133625
1116549941
1115965716
1115380825
1114795441
1114209493
1113623033
1113036052
1112448318
1111859642
1111270165
1110679965
1110088423
1109495712
1108901881
1108307632
1107713023
1107117812
1106521929
1105925187
1105327869
1104729931
1104131470
1103532564
1102932986
1102332709
1101731705
1101130015
1100527800
1099925126
1099321880
1098718012
1098112989
1097506832
1096899852
1096291988
1095683388
1095074078
1094464284
1093853854
1093242399
1092630219
1092017533
1091404264
1090790299
1090175481
1089559670
1088942867
1088324948
1087706237
1087086635
1086466132
1085845038
1085223197
1084600327
1083976687
1083352181
1082726911
1082100738
1081473755
1080845735
1080216980
1079587605
1078957663
1078326828
1077695091
1077062217
1076428239
1075793542
1075158045
1074521798
1073884883
1073247055
1072608596
1071969279
1071329581
1070689349
1070048137
1069405933
1068762848
1068118587
1067473301
1066827045
1066179827
1065531351
1064881700
1064230959
1063578953
1062926058
1062272248
1061617618
1060962116
1060305523
1059648216
1058990034
1058331291
1057671749
1057011510
1056350140
1055688104
1055024766
1054360312
1053694990
1053028989
1052362252
1051694264
1051025214
1050355252
1049684161
1049012246
1048339645
1047666094
1046991827
1046316807
1045640948
1044964101
1044286346
1043607825
1042928606
1042248964
1041568711
1040887782
1040205997
1039523416
1038840018
1038155575
1037469996
1036783254
1036095506
1035406700
1034716927
1034026382
1033334423
1032641287
1031947385
1031252820
1030557094
1029859984
1029161901
1028462693
1027762595
1027061763
1026359642
1025656047
1024951380
1024244986
1023536995
1022827645
1022117292
1021405869
1020693485
1019980218
1019265526
1018549579
1017832611
1017114842
1016396071
1015676452
1014955869
1014233797
1013510411
1012786001
1012060762
1011334786
1010608194
1009881065
1009153007
1008423724
1007693698
1006962169
1006229606
1005496090
1004761171
1004024752
1003286893
1002547918
1001808350
1001067292
1000324820
999581572
998837639
998092674
997346485
996599234
995850374
995099601
994347908
993594815
992840041
992083891
991326837
990568665
989809331
989048507
988286156
987522977
986758542
985992290
985224372
984454590
983682779
982909966
982136229
981361058
980584703
979806656
979027217
978246342
977464110
976680034
975894496
975107906
974319795
973530463
972739869
971947966
971155049
970360800
969564818
968767250
967968045
967167387
966365375
965561953
964755734
963948596
963140615
962331907
961522295
960711207
959899051
959085577
958270855
957453960
956635357
955814832
954992932
954169699
953344821
952517987
951689273
950858811
950026752
949193758
948358634
947521401
946682965
945843091
945001763
944158447
943312874
942466345
941618387
940767925
939916018
939061431
938204486
937345352
936483364
935619893
934754413
933887205
933017906
932146692
931273354
930397612
929519962
928641098
927760543
926878291
925994112
925107145
924217918
923327012
922434987
921541439
920646332
919749126
918849475
917947745
917044972
916140535
915234201
914325969
913416303
912504543
911590345
910673383
909752516
908828845
907903113
906974700
906044183
905110563
904174651
903236366
902295665
901352566
900408164
899462289
898514101
897562771
896608150
895650977
894690748
893728220
892762718
891794287
890823137
889849701
888873214
887893465
886910892
885925638
884937210
883946014
882951894
881955259
880956701
879955210
878950479
877942692
876932585
875919536
874903693
873885493
872865053
871841412
870814007
869783376
868749318
867711763
866671883
865629391
864582901
863533111
862480117
861423611
860362994
859298364
858231047
857161146
856086451
855008998
853927771
852843084
851753393
850661028
849565872
848466652
847364295
846257379
845145370
844029854
842911276
841788939
840663713
839535865
838405060
837270795
836133101
834990766
833843627
832692603
831537809
830377625
829210905
828040135
826866376
825690001
824509948
823324502
822135587
820942650
819745651
818543116
817335781
816122703
814905942
813684873
812459676
811229413
809995323
808757193
807511894
806261361
805005809
803744455
802479141
801209245
799932655
798651153
797363405
796070379
794769339
793461637
792149332
790832641
789509736
788181239
786846464
785505629
784158316
782804119
781444207
780078789
778706427
777326576
775941411
774548774
773149287
771742906
770329039
768908997
767484151
766053916
764617824
763175921
761725396
760267121
758802211
757329447
755848108
754357923
752860164
751353506
749838546
748315550
746782604
745240699
743688459
742126828
740556858
738976829
737385264
735781588
734165945
732538216
730899964
729248162
727585250
725914551
724232488
722537797
720832865
719115399
717383240
715640442
713883357
712112843
710328145
708527299
706710014
704881256
703035393
701174409
699297426
697408357
695508177
693593766
691660197
689707028
687735248
685738466
683722002
681684377
679629572
677556389
675468327
673358687
671223553
669068344
666883689
664668398
662424972
660148745
657842010
655502673
653140800
650752610
648328223
645862182
643355018
640806590
638215510
635582866
632904371
630186599
627427001
624609734
621737155
618811108
615822178
612761000
609638665
606445262
603173657
599811047
596355499
592777284
589096429
585315100
581423797
577424552
573308464
569050178
564617066
559975717
555043924
549735352
544048974
537876545
531077195
523391520
514623518
504111416
489140791
