1 2 3
4 8 12
5 10 15
6 11 13
7 9 14
16 32 48
17 34 51
18 35 49
19 33 50
20 40 60
21 42 63
22 43 61
23 41 62
24 44 52
25 46 55
26 47 53
27 45 54
28 36 56
29 38 59
30 39 57
31 37 58
64 128 192
65 130 195
66 131 193
67 129 194
68 136 204
69 138 207
70 139 205
71 137 206
72 140 196
73 142 199
74 143 197
75 141 198
76 132 200
77 134 203
78 135 201
79 133 202
80 160 240
81 162 243
82 163 241
83 161 242
84 168 252
85 170 255
86 171 253
87 169 254
88 172 244
89 174 247
90 175 245
91 173 246
92 164 248
93 166 251
94 167 249
95 165 250
96 176 208
97 178 211
98 179 209
99 177 210
100 184 220
101 186 223
102 187 221
103 185 222
104 188 212
105 190 215
106 191 213
107 189 214
108 180 216
109 182 219
110 183 217
111 181 218
112 144 224
113 146 227
114 147 225
115 145 226
116 152 236
117 154 239
118 155 237
119 153 238
120 156 228
121 158 231
122 159 229
123 157 230
124 148 232
125 150 235
126 151 233
127 149 234
256 512 768
257 514 771
258 515 769
259 513 770
260 520 780
261 522 783
262 523 781
263 521 782
264 524 772
265 526 775
266 527 773
267 525 774
268 516 776
269 518 779
270 519 777
271 517 778
272 544 816
273 546 819
274 547 817
275 545 818
276 552 828
277 554 831
278 555 829
279 553 830
280 556 820
281 558 823
282 559 821
283 557 822
284 548 824
285 550 827
286 551 825
287 549 826
288 560 784
289 562 787
290 563 785
291 561 786
292 568 796
293 570 799
294 571 797
295 569 798
296 572 788
297 574 791
298 575 789
299 573 790
300 564 792
301 566 795
302 567 793
303 565 794
304 528 800
305 530 803
306 531 801
307 529 802
308 536 812
309 538 815
310 539 813
311 537 814
312 540 804
313 542 807
314 543 805
315 541 806
316 532 808
317 534 811
318 535 809
319 533 810
320 640 960
321 642 963
322 643 961
323 641 962
324 648 972
325 650 975
326 651 973
327 649 974
328 652 964
329 654 967
330 655 965
331 653 966
332 644 968
333 646 971
334 647 969
335 645 970
336 672 1008
337 674 1011
338 675 1009
339 673 1010
340 680 1020
341 682 1023
342 683 1021
343 681 1022
344 684 1012
345 686 1015
346 687 1013
347 685 1014
348 676 1016
349 678 1019
350 679 1017
351 677 1018
352 688 976
353 690 979
354 691 977
355 689 978
356 696 988
357 698 991
358 699 989
359 697 990
360 700 980
361 702 983
362 703 981
363 701 982
364 692 984
365 694 987
366 695 985
367 693 986
368 656 992
369 658 995
370 659 993
371 657 994
372 664 1004
373 666 1007
374 667 1005
375 665 1006
376 668 996
377 670 999
378 671 997
379 669 998
380 660 1000
381 662 1003
382 663 1001
383 661 1002
384 704 832
385 706 835
386 707 833
387 705 834
388 712 844
389 714 847
390 715 845
391 713 846
392 716 836
393 718 839
394 719 837
395 717 838
396 708 840
397 710 843
398 711 841
399 709 842
400 736 880
401 738 883
402 739 881
403 737 882
404 744 892
405 746 895
406 747 893
407 745 894
408 748 884
409 750 887
410 751 885
411 749 886
412 740 888
413 742 891
414 743 889
415 741 890
416 752 848
417 754 851
418 755 849
419 753 850
420 760 860
421 762 863
422 763 861
423 761 862
424 764 852
425 766 855
426 767 853
427 765 854
428 756 856
429 758 859
430 759 857
431 757 858
432 720 864
433 722 867
434 723 865
435 721 866
436 728 876
437 730 879
438 731 877
439 729 878
440 732 868
441 734 871
442 735 869
443 733 870
444 724 872
445 726 875
446 727 873
447 725 874
448 576 896
449 578 899
450 579 897
451 577 898
452 584 908
453 586 911
454 587 909
455 585 910
456 588 900
457 590 903
458 591 901
459 589 902
460 580 904
461 582 907
462 583 905
463 581 906
464 608 944
465 610 947
466 611 945
467 609 946
468 616 956
469 618 959
470 619 957
471 617 958
472 620 948
473 622 951
474 623 949
475 621 950
476 612 952
477 614 955
478 615 953
479 613 954
480 624 912
481 626 915
482 627 913
483 625 914
484 632 924
485 634 927
486 635 925
487 633 926
488 636 916
489 638 919
490 639 917
491 637 918
492 628 920
493 630 923
494 631 921
495 629 922
496 592 928
497 594 931
498 595 929
499 593 930
500 600 940
501 602 943
502 603 941
503 601 942
504 604 932
505 606 935
506 607 933
507 605 934
508 596 936
509 598 939
510 599 937
511 597 938
1024 2048 3072
1025 2050 3075
1026 2051 3073
1027 2049 3074
1028 2056 3084
1029 2058 3087
1030 2059 3085
1031 2057 3086
1032 2060 3076
1033 2062 3079
1034 2063 3077
1035 2061 3078
1036 2052 3080
1037 2054 3083
1038 2055 3081
1039 2053 3082
1040 2080 3120
1041 2082 3123
1042 2083 3121
1043 2081 3122
1044 2088 3132
1045 2090 3135
1046 2091 3133
1047 2089 3134
1048 2092 3124
1049 2094 3127
1050 2095 3125
1051 2093 3126
1052 2084 3128
1053 2086 3131
1054 2087 3129
1055 2085 3130
1056 2096 3088
1057 2098 3091
1058 2099 3089
1059 2097 3090
1060 2104 3100
1061 2106 3103
1062 2107 3101
1063 2105 3102
1064 2108 3092
1065 2110 3095
1066 2111 3093
1067 2109 3094
1068 2100 3096
1069 2102 3099
1070 2103 3097
1071 2101 3098
1072 2064 3104
1073 2066 3107
1074 2067 3105
1075 2065 3106
1076 2072 3116
1077 2074 3119
1078 2075 3117
1079 2073 3118
1080 2076 3108
1081 2078 3111
1082 2079 3109
1083 2077 3110
1084 2068 3112
1085 2070 3115
1086 2071 3113
1087 2069 3114
1088 2176 3264
1089 2178 3267
1090 2179 3265
1091 2177 3266
1092 2184 3276
1093 2186 3279
1094 2187 3277
1095 2185 3278
1096 2188 3268
1097 2190 3271
1098 2191 3269
1099 2189 3270
1100 2180 3272
1101 2182 3275
1102 2183 3273
1103 2181 3274
1104 2208 3312
1105 2210 3315
1106 2211 3313
1107 2209 3314
1108 2216 3324
1109 2218 3327
1110 2219 3325
1111 2217 3326
1112 2220 3316
1113 2222 3319
1114 2223 3317
1115 2221 3318
1116 2212 3320
1117 2214 3323
1118 2215 3321
1119 2213 3322
1120 2224 3280
1121 2226 3283
1122 2227 3281
1123 2225 3282
1124 2232 3292
1125 2234 3295
1126 2235 3293
1127 2233 3294
1128 2236 3284
1129 2238 3287
1130 2239 3285
1131 2237 3286
1132 2228 3288
1133 2230 3291
1134 2231 3289
1135 2229 3290
1136 2192 3296
1137 2194 3299
1138 2195 3297
1139 2193 3298
1140 2200 3308
1141 2202 3311
1142 2203 3309
1143 2201 3310
1144 2204 3300
1145 2206 3303
1146 2207 3301
1147 2205 3302
1148 2196 3304
1149 2198 3307
1150 2199 3305
1151 2197 3306
1152 2240 3136
1153 2242 3139
1154 2243 3137
1155 2241 3138
1156 2248 3148
1157 2250 3151
1158 2251 3149
1159 2249 3150
1160 2252 3140
1161 2254 3143
1162 2255 3141
1163 2253 3142
1164 2244 3144
1165 2246 3147
1166 2247 3145
1167 2245 3146
1168 2272 3184
1169 2274 3187
1170 2275 3185
1171 2273 3186
1172 2280 3196
1173 2282 3199
1174 2283 3197
1175 2281 3198
1176 2284 3188
1177 2286 3191
1178 2287 3189
1179 2285 3190
1180 2276 3192
1181 2278 3195
1182 2279 3193
1183 2277 3194
1184 2288 3152
1185 2290 3155
1186 2291 3153
1187 2289 3154
1188 2296 3164
1189 2298 3167
1190 2299 3165
1191 2297 3166
1192 2300 3156
1193 2302 3159
1194 2303 3157
1195 2301 3158
1196 2292 3160
1197 2294 3163
1198 2295 3161
1199 2293 3162
1200 2256 3168
1201 2258 3171
1202 2259 3169
1203 2257 3170
1204 2264 3180
1205 2266 3183
1206 2267 3181
1207 2265 3182
1208 2268 3172
1209 2270 3175
1210 2271 3173
1211 2269 3174
1212 2260 3176
1213 2262 3179
1214 2263 3177
1215 2261 3178
1216 2112 3200
1217 2114 3203
1218 2115 3201
1219 2113 3202
1220 2120 3212
1221 2122 3215
1222 2123 3213
1223 2121 3214
1224 2124 3204
1225 2126 3207
1226 2127 3205
1227 2125 3206
1228 2116 3208
1229 2118 3211
1230 2119 3209
1231 2117 3210
1232 2144 3248
1233 2146 3251
1234 2147 3249
1235 2145 3250
1236 2152 3260
1237 2154 3263
1238 2155 3261
1239 2153 3262
1240 2156 3252
1241 2158 3255
1242 2159 3253
1243 2157 3254
1244 2148 3256
1245 2150 3259
1246 2151 3257
1247 2149 3258
1248 2160 3216
1249 2162 3219
1250 2163 3217
1251 2161 3218
1252 2168 3228
1253 2170 3231
1254 2171 3229
1255 2169 3230
1256 2172 3220
1257 2174 3223
1258 2175 3221
1259 2173 3222
1260 2164 3224
1261 2166 3227
1262 2167 3225
1263 2165 3226
1264 2128 3232
1265 2130 3235
1266 2131 3233
1267 2129 3234
1268 2136 3244
1269 2138 3247
1270 2139 3245
1271 2137 3246
1272 2140 3236
1273 2142 3239
1274 2143 3237
1275 2141 3238
1276 2132 3240
1277 2134 3243
1278 2135 3241
1279 2133 3242
1280 2560 3840
1281 2562 3843
1282 2563 3841
1283 2561 3842
1284 2568 3852
1285 2570 3855
1286 2571 3853
1287 2569 3854
1288 2572 3844
1289 2574 3847
1290 2575 3845
1291 2573 3846
1292 2564 3848
1293 2566 3851
1294 2567 3849
1295 2565 3850
1296 2592 3888
1297 2594 3891
1298 2595 3889
1299 2593 3890
1300 2600 3900
1301 2602 3903
1302 2603 3901
1303 2601 3902
1304 2604 3892
1305 2606 3895
1306 2607 3893
1307 2605 3894
1308 2596 3896
1309 2598 3899
1310 2599 3897
1311 2597 3898
1312 2608 3856
1313 2610 3859
1314 2611 3857
1315 2609 3858
1316 2616 3868
1317 2618 3871
1318 2619 3869
1319 2617 3870
1320 2620 3860
1321 2622 3863
1322 2623 3861
1323 2621 3862
1324 2612 3864
1325 2614 3867
1326 2615 3865
1327 2613 3866
1328 2576 3872
1329 2578 3875
1330 2579 3873
1331 2577 3874
1332 2584 3884
1333 2586 3887
1334 2587 3885
1335 2585 3886
1336 2588 3876
1337 2590 3879
1338 2591 3877
1339 2589 3878
1340 2580 3880
1341 2582 3883
1342 2583 3881
1343 2581 3882
1344 2688 4032
1345 2690 4035
1346 2691 4033
1347 2689 4034
1348 2696 4044
1349 2698 4047
1350 2699 4045
1351 2697 4046
1352 2700 4036
1353 2702 4039
1354 2703 4037
1355 2701 4038
1356 2692 4040
1357 2694 4043
1358 2695 4041
1359 2693 4042
1360 2720 4080
1361 2722 4083
1362 2723 4081
1363 2721 4082
1364 2728 4092
1365 2730 4095
1366 2731 4093
1367 2729 4094
1368 2732 4084
1369 2734 4087
1370 2735 4085
1371 2733 4086
1372 2724 4088
1373 2726 4091
1374 2727 4089
1375 2725 4090
1376 2736 4048
1377 2738 4051
1378 2739 4049
1379 2737 4050
1380 2744 4060
1381 2746 4063
1382 2747 4061
1383 2745 4062
1384 2748 4052
1385 2750 4055
1386 2751 4053
1387 2749 4054
1388 2740 4056
1389 2742 4059
1390 2743 4057
1391 2741 4058
1392 2704 4064
1393 2706 4067
1394 2707 4065
1395 2705 4066
1396 2712 4076
1397 2714 4079
1398 2715 4077
1399 2713 4078
1400 2716 4068
1401 2718 4071
1402 2719 4069
1403 2717 4070
1404 2708 4072
1405 2710 4075
1406 2711 4073
1407 2709 4074
1408 2752 3904
1409 2754 3907
1410 2755 3905
1411 2753 3906
1412 2760 3916
1413 2762 3919
1414 2763 3917
1415 2761 3918
1416 2764 3908
1417 2766 3911
1418 2767 3909
1419 2765 3910
1420 2756 3912
1421 2758 3915
1422 2759 3913
1423 2757 3914
1424 2784 3952
1425 2786 3955
1426 2787 3953
1427 2785 3954
1428 2792 3964
1429 2794 3967
1430 2795 3965
1431 2793 3966
1432 2796 3956
1433 2798 3959
1434 2799 3957
1435 2797 3958
1436 2788 3960
1437 2790 3963
1438 2791 3961
1439 2789 3962
1440 2800 3920
1441 2802 3923
1442 2803 3921
1443 2801 3922
1444 2808 3932
1445 2810 3935
1446 2811 3933
1447 2809 3934
1448 2812 3924
1449 2814 3927
1450 2815 3925
1451 2813 3926
1452 2804 3928
1453 2806 3931
1454 2807 3929
1455 2805 3930
1456 2768 3936
1457 2770 3939
1458 2771 3937
1459 2769 3938
1460 2776 3948
1461 2778 3951
1462 2779 3949
1463 2777 3950
1464 2780 3940
1465 2782 3943
1466 2783 3941
1467 2781 3942
1468 2772 3944
1469 2774 3947
1470 2775 3945
1471 2773 3946
1472 2624 3968
1473 2626 3971
1474 2627 3969
1475 2625 3970
1476 2632 3980
1477 2634 3983
1478 2635 3981
1479 2633 3982
1480 2636 3972
1481 2638 3975
1482 2639 3973
1483 2637 3974
1484 2628 3976
1485 2630 3979
1486 2631 3977
1487 2629 3978
1488 2656 4016
1489 2658 4019
1490 2659 4017
1491 2657 4018
1492 2664 4028
1493 2666 4031
1494 2667 4029
1495 2665 4030
1496 2668 4020
1497 2670 4023
1498 2671 4021
1499 2669 4022
1500 2660 4024
1501 2662 4027
1502 2663 4025
1503 2661 4026
1504 2672 3984
1505 2674 3987
1506 2675 3985
1507 2673 3986
1508 2680 3996
1509 2682 3999
1510 2683 3997
1511 2681 3998
1512 2684 3988
1513 2686 3991
1514 2687 3989
1515 2685 3990
1516 2676 3992
1517 2678 3995
1518 2679 3993
1519 2677 3994
1520 2640 4000
1521 2642 4003
1522 2643 4001
1523 2641 4002
1524 2648 4012
1525 2650 4015
1526 2651 4013
1527 2649 4014
1528 2652 4004
1529 2654 4007
1530 2655 4005
1531 2653 4006
1532 2644 4008
1533 2646 4011
1534 2647 4009
1535 2645 4010
1536 2816 3328
1537 2818 3331
1538 2819 3329
1539 2817 3330
1540 2824 3340
1541 2826 3343
1542 2827 3341
1543 2825 3342
1544 2828 3332
1545 2830 3335
1546 2831 3333
1547 2829 3334
1548 2820 3336
1549 2822 3339
1550 2823 3337
1551 2821 3338
1552 2848 3376
1553 2850 3379
1554 2851 3377
1555 2849 3378
1556 2856 3388
1557 2858 3391
1558 2859 3389
1559 2857 3390
1560 2860 3380
1561 2862 3383
1562 2863 3381
1563 2861 3382
1564 2852 3384
1565 2854 3387
1566 2855 3385
1567 2853 3386
1568 2864 3344
1569 2866 3347
1570 2867 3345
1571 2865 3346
1572 2872 3356
1573 2874 3359
1574 2875 3357
1575 2873 3358
1576 2876 3348
1577 2878 3351
1578 2879 3349
1579 2877 3350
1580 2868 3352
1581 2870 3355
1582 2871 3353
1583 2869 3354
1584 2832 3360
1585 2834 3363
1586 2835 3361
1587 2833 3362
1588 2840 3372
1589 2842 3375
1590 2843 3373
1591 2841 3374
1592 2844 3364
1593 2846 3367
1594 2847 3365
1595 2845 3366
1596 2836 3368
1597 2838 3371
1598 2839 3369
1599 2837 3370
1600 2944 3520
1601 2946 3523
1602 2947 3521
1603 2945 3522
1604 2952 3532
1605 2954 3535
1606 2955 3533
1607 2953 3534
1608 2956 3524
1609 2958 3527
1610 2959 3525
1611 2957 3526
1612 2948 3528
1613 2950 3531
1614 2951 3529
1615 2949 3530
1616 2976 3568
1617 2978 3571
1618 2979 3569
1619 2977 3570
1620 2984 3580
1621 2986 3583
1622 2987 3581
1623 2985 3582
1624 2988 3572
1625 2990 3575
1626 2991 3573
1627 2989 3574
1628 2980 3576
1629 2982 3579
1630 2983 3577
1631 2981 3578
1632 2992 3536
1633 2994 3539
1634 2995 3537
1635 2993 3538
1636 3000 3548
1637 3002 3551
1638 3003 3549
1639 3001 3550
1640 3004 3540
1641 3006 3543
1642 3007 3541
1643 3005 3542
1644 2996 3544
1645 2998 3547
1646 2999 3545
1647 2997 3546
1648 2960 3552
1649 2962 3555
1650 2963 3553
1651 2961 3554
1652 2968 3564
1653 2970 3567
1654 2971 3565
1655 2969 3566
1656 2972 3556
1657 2974 3559
1658 2975 3557
1659 2973 3558
1660 2964 3560
1661 2966 3563
1662 2967 3561
1663 2965 3562
1664 3008 3392
1665 3010 3395
1666 3011 3393
1667 3009 3394
1668 3016 3404
1669 3018 3407
1670 3019 3405
1671 3017 3406
1672 3020 3396
1673 3022 3399
1674 3023 3397
1675 3021 3398
1676 3012 3400
1677 3014 3403
1678 3015 3401
1679 3013 3402
1680 3040 3440
1681 3042 3443
1682 3043 3441
1683 3041 3442
1684 3048 3452
1685 3050 3455
1686 3051 3453
1687 3049 3454
1688 3052 3444
1689 3054 3447
1690 3055 3445
1691 3053 3446
1692 3044 3448
1693 3046 3451
1694 3047 3449
1695 3045 3450
1696 3056 3408
1697 3058 3411
1698 3059 3409
1699 3057 3410
1700 3064 3420
1701 3066 3423
1702 3067 3421
1703 3065 3422
1704 3068 3412
1705 3070 3415
1706 3071 3413
1707 3069 3414
1708 3060 3416
1709 3062 3419
1710 3063 3417
1711 3061 3418
1712 3024 3424
1713 3026 3427
1714 3027 3425
1715 3025 3426
1716 3032 3436
1717 3034 3439
1718 3035 3437
1719 3033 3438
1720 3036 3428
1721 3038 3431
1722 3039 3429
1723 3037 3430
1724 3028 3432
1725 3030 3435
1726 3031 3433
1727 3029 3434
1728 2880 3456
1729 2882 3459
1730 2883 3457
1731 2881 3458
1732 2888 3468
1733 2890 3471
1734 2891 3469
1735 2889 3470
1736 2892 3460
1737 2894 3463
1738 2895 3461
1739 2893 3462
1740 2884 3464
1741 2886 3467
1742 2887 3465
1743 2885 3466
1744 2912 3504
1745 2914 3507
1746 2915 3505
1747 2913 3506
1748 2920 3516
1749 2922 3519
1750 2923 3517
1751 2921 3518
1752 2924 3508
1753 2926 3511
1754 2927 3509
1755 2925 3510
1756 2916 3512
1757 2918 3515
1758 2919 3513
1759 2917 3514
1760 2928 3472
1761 2930 3475
1762 2931 3473
1763 2929 3474
1764 2936 3484
1765 2938 3487
1766 2939 3485
1767 2937 3486
1768 2940 3476
1769 2942 3479
1770 2943 3477
1771 2941 3478
1772 2932 3480
1773 2934 3483
1774 2935 3481
1775 2933 3482
1776 2896 3488
1777 2898 3491
1778 2899 3489
1779 2897 3490
1780 2904 3500
1781 2906 3503
1782 2907 3501
1783 2905 3502
1784 2908 3492
1785 2910 3495
1786 2911 3493
1787 2909 3494
1788 2900 3496
1789 2902 3499
1790 2903 3497
1791 2901 3498
1792 2304 3584
1793 2306 3587
1794 2307 3585
1795 2305 3586
1796 2312 3596
1797 2314 3599
1798 2315 3597
1799 2313 3598
1800 2316 3588
1801 2318 3591
1802 2319 3589
1803 2317 3590
1804 2308 3592
1805 2310 3595
1806 2311 3593
1807 2309 3594
1808 2336 3632
1809 2338 3635
1810 2339 3633
1811 2337 3634
1812 2344 3644
1813 2346 3647
1814 2347 3645
1815 2345 3646
1816 2348 3636
1817 2350 3639
1818 2351 3637
1819 2349 3638
1820 2340 3640
1821 2342 3643
1822 2343 3641
1823 2341 3642
1824 2352 3600
1825 2354 3603
1826 2355 3601
1827 2353 3602
1828 2360 3612
1829 2362 3615
1830 2363 3613
1831 2361 3614
1832 2364 3604
1833 2366 3607
1834 2367 3605
1835 2365 3606
1836 2356 3608
1837 2358 3611
1838 2359 3609
1839 2357 3610
1840 2320 3616
1841 2322 3619
1842 2323 3617
1843 2321 3618
1844 2328 3628
1845 2330 3631
1846 2331 3629
1847 2329 3630
1848 2332 3620
1849 2334 3623
1850 2335 3621
1851 2333 3622
1852 2324 3624
1853 2326 3627
1854 2327 3625
1855 2325 3626
1856 2432 3776
1857 2434 3779
1858 2435 3777
1859 2433 3778
1860 2440 3788
1861 2442 3791
1862 2443 3789
1863 2441 3790
1864 2444 3780
1865 2446 3783
1866 2447 3781
1867 2445 3782
1868 2436 3784
1869 2438 3787
1870 2439 3785
1871 2437 3786
1872 2464 3824
1873 2466 3827
1874 2467 3825
1875 2465 3826
1876 2472 3836
1877 2474 3839
1878 2475 3837
1879 2473 3838
1880 2476 3828
1881 2478 3831
1882 2479 3829
1883 2477 3830
1884 2468 3832
1885 2470 3835
1886 2471 3833
1887 2469 3834
1888 2480 3792
1889 2482 3795
1890 2483 3793
1891 2481 3794
1892 2488 3804
1893 2490 3807
1894 2491 3805
1895 2489 3806
1896 2492 3796
1897 2494 3799
1898 2495 3797
1899 2493 3798
1900 2484 3800
1901 2486 3803
1902 2487 3801
1903 2485 3802
1904 2448 3808
1905 2450 3811
1906 2451 3809
1907 2449 3810
1908 2456 3820
1909 2458 3823
1910 2459 3821
1911 2457 3822
1912 2460 3812
1913 2462 3815
1914 2463 3813
1915 2461 3814
1916 2452 3816
1917 2454 3819
1918 2455 3817
1919 2453 3818
1920 2496 3648
1921 2498 3651
1922 2499 3649
1923 2497 3650
1924 2504 3660
1925 2506 3663
1926 2507 3661
1927 2505 3662
1928 2508 3652
1929 2510 3655
1930 2511 3653
1931 2509 3654
1932 2500 3656
1933 2502 3659
1934 2503 3657
1935 2501 3658
1936 2528 3696
1937 2530 3699
1938 2531 3697
1939 2529 3698
1940 2536 3708
1941 2538 3711
1942 2539 3709
1943 2537 3710
1944 2540 3700
1945 2542 3703
1946 2543 3701
1947 2541 3702
1948 2532 3704
1949 2534 3707
1950 2535 3705
1951 2533 3706
1952 2544 3664
1953 2546 3667
1954 2547 3665
1955 2545 3666
1956 2552 3676
1957 2554 3679
1958 2555 3677
1959 2553 3678
1960 2556 3668
1961 2558 3671
1962 2559 3669
1963 2557 3670
1964 2548 3672
1965 2550 3675
1966 2551 3673
1967 2549 3674
1968 2512 3680
1969 2514 3683
1970 2515 3681
1971 2513 3682
1972 2520 3692
1973 2522 3695
1974 2523 3693
1975 2521 3694
1976 2524 3684
1977 2526 3687
1978 2527 3685
1979 2525 3686
1980 2516 3688
1981 2518 3691
1982 2519 3689
1983 2517 3690
1984 2368 3712
1985 2370 3715
1986 2371 3713
1987 2369 3714
1988 2376 3724
1989 2378 3727
1990 2379 3725
1991 2377 3726
1992 2380 3716
1993 2382 3719
1994 2383 3717
1995 2381 3718
1996 2372 3720
1997 2374 3723
1998 2375 3721
1999 2373 3722
2000 2400 3760
2001 2402 3763
2002 2403 3761
2003 2401 3762
2004 2408 3772
2005 2410 3775
2006 2411 3773
2007 2409 3774
2008 2412 3764
2009 2414 3767
2010 2415 3765
2011 2413 3766
2012 2404 3768
2013 2406 3771
2014 2407 3769
2015 2405 3770
2016 2416 3728
2017 2418 3731
2018 2419 3729
2019 2417 3730
2020 2424 3740
2021 2426 3743
2022 2427 3741
2023 2425 3742
2024 2428 3732
2025 2430 3735
2026 2431 3733
2027 2429 3734
2028 2420 3736
2029 2422 3739
2030 2423 3737
2031 2421 3738
2032 2384 3744
2033 2386 3747
2034 2387 3745
2035 2385 3746
2036 2392 3756
2037 2394 3759
2038 2395 3757
2039 2393 3758
2040 2396 3748
2041 2398 3751
2042 2399 3749
2043 2397 3750
2044 2388 3752
2045 2390 3755
2046 2391 3753
2047 2389 3754
4096 8192 12288
4097 8194 12291
4098 8195 12289
4099 8193 12290
4100 8200 12300
4101 8202 12303
4102 8203 12301
4103 8201 12302
4104 8204 12292
4105 8206 12295
4106 8207 12293
4107 8205 12294
4108 8196 12296
4109 8198 12299
4110 8199 12297
4111 8197 12298
4112 8224 12336
4113 8226 12339
4114 8227 12337
4115 8225 12338
4116 8232 12348
4117 8234 12351
4118 8235 12349
4119 8233 12350
4120 8236 12340
4121 8238 12343
4122 8239 12341
4123 8237 12342
4124 8228 12344
4125 8230 12347
4126 8231 12345
4127 8229 12346
4128 8240 12304
4129 8242 12307
4130 8243 12305
4131 8241 12306
4132 8248 12316
4133 8250 12319
4134 8251 12317
4135 8249 12318
4136 8252 12308
4137 8254 12311
4138 8255 12309
4139 8253 12310
4140 8244 12312
4141 8246 12315
4142 8247 12313
4143 8245 12314
4144 8208 12320
4145 8210 12323
4146 8211 12321
4147 8209 12322
4148 8216 12332
4149 8218 12335
4150 8219 12333
4151 8217 12334
4152 8220 12324
4153 8222 12327
4154 8223 12325
4155 8221 12326
4156 8212 12328
4157 8214 12331
4158 8215 12329
4159 8213 12330
4160 8320 12480
4161 8322 12483
4162 8323 12481
4163 8321 12482
4164 8328 12492
4165 8330 12495
4166 8331 12493
4167 8329 12494
4168 8332 12484
4169 8334 12487
4170 8335 12485
4171 8333 12486
4172 8324 12488
4173 8326 12491
4174 8327 12489
4175 8325 12490
4176 8352 12528
4177 8354 12531
4178 8355 12529
4179 8353 12530
4180 8360 12540
4181 8362 12543
4182 8363 12541
4183 8361 12542
4184 8364 12532
4185 8366 12535
4186 8367 12533
4187 8365 12534
4188 8356 12536
4189 8358 12539
4190 8359 12537
4191 8357 12538
4192 8368 12496
4193 8370 12499
4194 8371 12497
4195 8369 12498
4196 8376 12508
4197 8378 12511
4198 8379 12509
4199 8377 12510
4200 8380 12500
4201 8382 12503
4202 8383 12501
4203 8381 12502
4204 8372 12504
4205 8374 12507
4206 8375 12505
4207 8373 12506
4208 8336 12512
4209 8338 12515
4210 8339 12513
4211 8337 12514
4212 8344 12524
4213 8346 12527
4214 8347 12525
4215 8345 12526
4216 8348 12516
4217 8350 12519
4218 8351 12517
4219 8349 12518
4220 8340 12520
4221 8342 12523
4222 8343 12521
4223 8341 12522
4224 8384 12352
4225 8386 12355
4226 8387 12353
4227 8385 12354
4228 8392 12364
4229 8394 12367
4230 8395 12365
4231 8393 12366
4232 8396 12356
4233 8398 12359
4234 8399 12357
4235 8397 12358
4236 8388 12360
4237 8390 12363
4238 8391 12361
4239 8389 12362
4240 8416 12400
4241 8418 12403
4242 8419 12401
4243 8417 12402
4244 8424 12412
4245 8426 12415
4246 8427 12413
4247 8425 12414
4248 8428 12404
4249 8430 12407
4250 8431 12405
4251 8429 12406
4252 8420 12408
4253 8422 12411
4254 8423 12409
4255 8421 12410
4256 8432 12368
4257 8434 12371
4258 8435 12369
4259 8433 12370
4260 8440 12380
4261 8442 12383
4262 8443 12381
4263 8441 12382
4264 8444 12372
4265 8446 12375
4266 8447 12373
4267 8445 12374
4268 8436 12376
4269 8438 12379
4270 8439 12377
4271 8437 12378
4272 8400 12384
4273 8402 12387
4274 8403 12385
4275 8401 12386
4276 8408 12396
4277 8410 12399
4278 8411 12397
4279 8409 12398
4280 8412 12388
4281 8414 12391
4282 8415 12389
4283 8413 12390
4284 8404 12392
4285 8406 12395
4286 8407 12393
4287 8405 12394
4288 8256 12416
4289 8258 12419
4290 8259 12417
4291 8257 12418
4292 8264 12428
4293 8266 12431
4294 8267 12429
4295 8265 12430
4296 8268 12420
4297 8270 12423
4298 8271 12421
4299 8269 12422
4300 8260 12424
4301 8262 12427
4302 8263 12425
4303 8261 12426
4304 8288 12464
4305 8290 12467
4306 8291 12465
4307 8289 12466
4308 8296 12476
4309 8298 12479
4310 8299 12477
4311 8297 12478
4312 8300 12468
4313 8302 12471
4314 8303 12469
4315 8301 12470
4316 8292 12472
4317 8294 12475
4318 8295 12473
4319 8293 12474
4320 8304 12432
4321 8306 12435
4322 8307 12433
4323 8305 12434
4324 8312 12444
4325 8314 12447
4326 8315 12445
4327 8313 12446
4328 8316 12436
4329 8318 12439
4330 8319 12437
4331 8317 12438
4332 8308 12440
4333 8310 12443
4334 8311 12441
4335 8309 12442
4336 8272 12448
4337 8274 12451
4338 8275 12449
4339 8273 12450
4340 8280 12460
4341 8282 12463
4342 8283 12461
4343 8281 12462
4344 8284 12452
4345 8286 12455
4346 8287 12453
4347 8285 12454
4348 8276 12456
4349 8278 12459
4350 8279 12457
4351 8277 12458
4352 8704 13056
4353 8706 13059
4354 8707 13057
4355 8705 13058
4356 8712 13068
4357 8714 13071
4358 8715 13069
4359 8713 13070
4360 8716 13060
4361 8718 13063
4362 8719 13061
4363 8717 13062
4364 8708 13064
4365 8710 13067
4366 8711 13065
4367 8709 13066
4368 8736 13104
4369 8738 13107
4370 8739 13105
4371 8737 13106
4372 8744 13116
4373 8746 13119
4374 8747 13117
4375 8745 13118
4376 8748 13108
4377 8750 13111
4378 8751 13109
4379 8749 13110
4380 8740 13112
4381 8742 13115
4382 8743 13113
4383 8741 13114
4384 8752 13072
4385 8754 13075
4386 8755 13073
4387 8753 13074
4388 8760 13084
4389 8762 13087
4390 8763 13085
4391 8761 13086
4392 8764 13076
4393 8766 13079
4394 8767 13077
4395 8765 13078
4396 8756 13080
4397 8758 13083
4398 8759 13081
4399 8757 13082
4400 8720 13088
4401 8722 13091
4402 8723 13089
4403 8721 13090
4404 8728 13100
4405 8730 13103
4406 8731 13101
4407 8729 13102
4408 8732 13092
4409 8734 13095
4410 8735 13093
4411 8733 13094
4412 8724 13096
4413 8726 13099
4414 8727 13097
4415 8725 13098
4416 8832 13248
4417 8834 13251
4418 8835 13249
4419 8833 13250
4420 8840 13260
4421 8842 13263
4422 8843 13261
4423 8841 13262
4424 8844 13252
4425 8846 13255
4426 8847 13253
4427 8845 13254
4428 8836 13256
4429 8838 13259
4430 8839 13257
4431 8837 13258
4432 8864 13296
4433 8866 13299
4434 8867 13297
4435 8865 13298
4436 8872 13308
4437 8874 13311
4438 8875 13309
4439 8873 13310
4440 8876 13300
4441 8878 13303
4442 8879 13301
4443 8877 13302
4444 8868 13304
4445 8870 13307
4446 8871 13305
4447 8869 13306
4448 8880 13264
4449 8882 13267
4450 8883 13265
4451 8881 13266
4452 8888 13276
4453 8890 13279
4454 8891 13277
4455 8889 13278
4456 8892 13268
4457 8894 13271
4458 8895 13269
4459 8893 13270
4460 8884 13272
4461 8886 13275
4462 8887 13273
4463 8885 13274
4464 8848 13280
4465 8850 13283
4466 8851 13281
4467 8849 13282
4468 8856 13292
4469 8858 13295
4470 8859 13293
4471 8857 13294
4472 8860 13284
4473 8862 13287
4474 8863 13285
4475 8861 13286
4476 8852 13288
4477 8854 13291
4478 8855 13289
4479 8853 13290
4480 8896 13120
4481 8898 13123
4482 8899 13121
4483 8897 13122
4484 8904 13132
4485 8906 13135
4486 8907 13133
4487 8905 13134
4488 8908 13124
4489 8910 13127
4490 8911 13125
4491 8909 13126
4492 8900 13128
4493 8902 13131
4494 8903 13129
4495 8901 13130
4496 8928 13168
4497 8930 13171
4498 8931 13169
4499 8929 13170
4500 8936 13180
4501 8938 13183
4502 8939 13181
4503 8937 13182
4504 8940 13172
4505 8942 13175
4506 8943 13173
4507 8941 13174
4508 8932 13176
4509 8934 13179
4510 8935 13177
4511 8933 13178
4512 8944 13136
4513 8946 13139
4514 8947 13137
4515 8945 13138
4516 8952 13148
4517 8954 13151
4518 8955 13149
4519 8953 13150
4520 8956 13140
4521 8958 13143
4522 8959 13141
4523 8957 13142
4524 8948 13144
4525 8950 13147
4526 8951 13145
4527 8949 13146
4528 8912 13152
4529 8914 13155
4530 8915 13153
4531 8913 13154
4532 8920 13164
4533 8922 13167
4534 8923 13165
4535 8921 13166
4536 8924 13156
4537 8926 13159
4538 8927 13157
4539 8925 13158
4540 8916 13160
4541 8918 13163
4542 8919 13161
4543 8917 13162
4544 8768 13184
4545 8770 13187
4546 8771 13185
4547 8769 13186
4548 8776 13196
4549 8778 13199
4550 8779 13197
4551 8777 13198
4552 8780 13188
4553 8782 13191
4554 8783 13189
4555 8781 13190
4556 8772 13192
4557 8774 13195
4558 8775 13193
4559 8773 13194
4560 8800 13232
4561 8802 13235
4562 8803 13233
4563 8801 13234
4564 8808 13244
4565 8810 13247
4566 8811 13245
4567 8809 13246
4568 8812 13236
4569 8814 13239
4570 8815 13237
4571 8813 13238
4572 8804 13240
4573 8806 13243
4574 8807 13241
4575 8805 13242
4576 8816 13200
4577 8818 13203
4578 8819 13201
4579 8817 13202
4580 8824 13212
4581 8826 13215
4582 8827 13213
4583 8825 13214
4584 8828 13204
4585 8830 13207
4586 8831 13205
4587 8829 13206
4588 8820 13208
4589 8822 13211
4590 8823 13209
4591 8821 13210
4592 8784 13216
4593 8786 13219
4594 8787 13217
4595 8785 13218
4596 8792 13228
4597 8794 13231
4598 8795 13229
4599 8793 13230
4600 8796 13220
4601 8798 13223
4602 8799 13221
4603 8797 13222
4604 8788 13224
4605 8790 13227
4606 8791 13225
4607 8789 13226
4608 8960 12544
4609 8962 12547
4610 8963 12545
4611 8961 12546
4612 8968 12556
4613 8970 12559
4614 8971 12557
4615 8969 12558
4616 8972 12548
4617 8974 12551
4618 8975 12549
4619 8973 12550
4620 8964 12552
4621 8966 12555
4622 8967 12553
4623 8965 12554
4624 8992 12592
4625 8994 12595
4626 8995 12593
4627 8993 12594
4628 9000 12604
4629 9002 12607
4630 9003 12605
4631 9001 12606
4632 9004 12596
4633 9006 12599
4634 9007 12597
4635 9005 12598
4636 8996 12600
4637 8998 12603
4638 8999 12601
4639 8997 12602
4640 9008 12560
4641 9010 12563
4642 9011 12561
4643 9009 12562
4644 9016 12572
4645 9018 12575
4646 9019 12573
4647 9017 12574
4648 9020 12564
4649 9022 12567
4650 9023 12565
4651 9021 12566
4652 9012 12568
4653 9014 12571
4654 9015 12569
4655 9013 12570
4656 8976 12576
4657 8978 12579
4658 8979 12577
4659 8977 12578
4660 8984 12588
4661 8986 12591
4662 8987 12589
4663 8985 12590
4664 8988 12580
4665 8990 12583
4666 8991 12581
4667 8989 12582
4668 8980 12584
4669 8982 12587
4670 8983 12585
4671 8981 12586
4672 9088 12736
4673 9090 12739
4674 9091 12737
4675 9089 12738
4676 9096 12748
4677 9098 12751
4678 9099 12749
4679 9097 12750
4680 9100 12740
4681 9102 12743
4682 9103 12741
4683 9101 12742
4684 9092 12744
4685 9094 12747
4686 9095 12745
4687 9093 12746
4688 9120 12784
4689 9122 12787
4690 9123 12785
4691 9121 12786
4692 9128 12796
4693 9130 12799
4694 9131 12797
4695 9129 12798
4696 9132 12788
4697 9134 12791
4698 9135 12789
4699 9133 12790
4700 9124 12792
4701 9126 12795
4702 9127 12793
4703 9125 12794
4704 9136 12752
4705 9138 12755
4706 9139 12753
4707 9137 12754
4708 9144 12764
4709 9146 12767
4710 9147 12765
4711 9145 12766
4712 9148 12756
4713 9150 12759
4714 9151 12757
4715 9149 12758
4716 9140 12760
4717 9142 12763
4718 9143 12761
4719 9141 12762
4720 9104 12768
4721 9106 12771
4722 9107 12769
4723 9105 12770
4724 9112 12780
4725 9114 12783
4726 9115 12781
4727 9113 12782
4728 9116 12772
4729 9118 12775
4730 9119 12773
